-- Found ament_cmake: 1.3.11 (/opt/ros/humble/share/ament_cmake/cmake)
-- Found rclcpp: 16.0.11 (/opt/ros/humble/share/rclcpp/cmake)
-- Found rosidl_generator_c: 3.1.6 (/opt/ros/humble/share/rosidl_generator_c/cmake)
-- Found rosidl_adapter: 3.1.6 (/opt/ros/humble/share/rosidl_adapter/cmake)
-- Found rosidl_generator_cpp: 3.1.6 (/opt/ros/humble/share/rosidl_generator_cpp/cmake)
-- Using all available rosidl_typesupport_c: rosidl_typesupport_fastrtps_c;rosidl_typesupport_introspection_c
-- Using all available rosidl_typesupport_cpp: rosidl_typesupport_fastrtps_cpp;rosidl_typesupport_introspection_cpp
-- Found rmw_implementation_cmake: 6.1.2 (/opt/ros/humble/share/rmw_implementation_cmake/cmake)
-- Found rmw_fastrtps_cpp: 6.2.7 (/opt/ros/humble/share/rmw_fastrtps_cpp/cmake)
-- Using RMW implementation 'rmw_fastrtps_cpp' as default
-- Found tf2: 0.25.9 (/opt/ros/humble/share/tf2/cmake)
-- Found tf2_ros: 0.25.9 (/opt/ros/humble/share/tf2_ros/cmake)
-- Found nav_msgs: 4.2.4 (/opt/ros/humble/share/nav_msgs/cmake)
-- Found visualization_msgs: 4.2.4 (/opt/ros/humble/share/visualization_msgs/cmake)
-- Found base_msgs: 0.0.0 (/home/abc/planning_with_ros2/install/base_msgs/share/base_msgs/cmake)
-- Found ament_lint_auto: 0.12.11 (/opt/ros/humble/share/ament_lint_auto/cmake)
-- Added test 'cppcheck' to perform static code analysis on C / C++ code
-- Configured cppcheck include dirs: /home/abc/planning_with_ros2/src/planning/src/common/config_reader;/home/abc/planning_with_ros2/src/planning/src/common/math;/home/abc/planning_with_ros2/src/planning/src/decision_center;/home/abc/planning_with_ros2/src/planning/src/pnc_map_creator;/home/abc/planning_with_ros2/src/planning/src/pnc_map_creator/pnc_map_straight;/home/abc/planning_with_ros2/src/planning/src/pnc_map_creator/pnc_map_sturn;/home/abc/planning_with_ros2/src/planning/src/global_planner;/home/abc/planning_with_ros2/src/planning/src/global_planner/global_planner_normal;/home/abc/planning_with_ros2/src/planning/src/local_planner;/home/abc/planning_with_ros2/src/planning/src/local_planner/local_path;/home/abc/planning_with_ros2/src/planning/src/local_planner/local_speeds;/home/abc/planning_with_ros2/src/planning/src/reference_line;/home/abc/planning_with_ros2/src/planning/src/vehicle_info;/home/abc/planning_with_ros2/src/planning/src/vehicle_info/main_car;/home/abc/planning_with_ros2/src/planning/src/vehicle_info/obs_car;/home/abc/planning_with_ros2/src/planning/src/planning_process;/home/abc/planning_with_ros2/src/planning/src/move_cmd
-- Configured cppcheck exclude dirs and/or files: 
-- Added test 'flake8' to check Python code syntax and style conventions
-- Added test 'lint_cmake' to check CMake code style
-- Added test 'pep257' to check Python code against some of the docstring style conventions in PEP 257
-- Added test 'uncrustify' to check C / C++ code style
-- Configured uncrustify additional arguments: 
-- Added test 'xmllint' to check XML markup files
-- Configuring done (1.0s)
-- Generating done (0.1s)
-- Build files have been written to: /home/abc/planning_with_ros2/build/planning
[  5%] Built target config_reader
[ 14%] Built target mathlibs
[ 20%] Built target global_planner
[ 28%] Built target pnc_map_creator
[ 31%] [32mBuilding CXX object src/vehicle_info/CMakeFiles/vehicle_info.dir/main_car/main_car_info.cpp.o[0m
[ 34%] [32mBuilding CXX object src/vehicle_info/CMakeFiles/vehicle_info.dir/obs_car/obs_car_info.cpp.o[0m
[ 42%] Built target reference_line
[ 48%] Built target global_path_server
[ 54%] Built target pnc_map_server
[ 57%] [32m[1mLinking CXX shared library libvehicle_info.so[0m
[ 57%] Built target vehicle_info
[ 60%] [32mBuilding CXX object src/decision_center/CMakeFiles/decision_center.dir/decision_center.cpp.o[0m
[ 65%] [32mBuilding CXX object src/move_cmd/CMakeFiles/obs_move_cmd.dir/obs_move_cmd.cpp.o[0m
[ 65%] [32mBuilding CXX object src/move_cmd/CMakeFiles/car_move_cmd.dir/car_move_cmd.cpp.o[0m
[ 68%] [32m[1mLinking CXX shared library libdecision_center.so[0m
[ 71%] [32m[1mLinking CXX executable obs_move_cmd[0m
[ 71%] Built target decision_center
[ 74%] [32mBuilding CXX object src/local_planner/CMakeFiles/local_planner.dir/local_path/local_path_planner.cpp.o[0m
[ 77%] [32mBuilding CXX object src/local_planner/CMakeFiles/local_planner.dir/local_speeds/local_speeds_planner.cpp.o[0m
[ 80%] [32m[1mLinking CXX executable car_move_cmd[0m
[ 80%] Built target obs_move_cmd
[ 80%] Built target car_move_cmd
[ 82%] [32m[1mLinking CXX shared library liblocal_planner.so[0m
[ 91%] Built target local_planner
[ 94%] [32mBuilding CXX object src/planning_process/CMakeFiles/planning_process.dir/planning_process_main.cpp.o[0m
[ 97%] [32mBuilding CXX object src/planning_process/CMakeFiles/planning_process.dir/planning_process.cpp.o[0m
[100%] [32m[1mLinking CXX executable planning_process[0m
[100%] Built target planning_process
-- Install configuration: ""
-- Up-to-date: /home/abc/planning_with_ros2/install/planning/lib/libconfig_reader.so
-- Up-to-date: /home/abc/planning_with_ros2/install/planning/lib/libmathlibs.so
-- Installing: /home/abc/planning_with_ros2/install/planning/lib/libdecision_center.so
-- Set non-toolchain portion of runtime path of "/home/abc/planning_with_ros2/install/planning/lib/libdecision_center.so" to ""
-- Up-to-date: /home/abc/planning_with_ros2/install/planning/lib/libpnc_map_creator.so
-- Up-to-date: /home/abc/planning_with_ros2/install/planning/lib/planning/pnc_map_server
-- Up-to-date: /home/abc/planning_with_ros2/install/planning/lib/libglobal_planner.so
-- Up-to-date: /home/abc/planning_with_ros2/install/planning/lib/planning/global_path_server
-- Installing: /home/abc/planning_with_ros2/install/planning/lib/liblocal_planner.so
-- Set non-toolchain portion of runtime path of "/home/abc/planning_with_ros2/install/planning/lib/liblocal_planner.so" to ""
-- Up-to-date: /home/abc/planning_with_ros2/install/planning/lib/libreference_line.so
-- Installing: /home/abc/planning_with_ros2/install/planning/lib/libvehicle_info.so
-- Set non-toolchain portion of runtime path of "/home/abc/planning_with_ros2/install/planning/lib/libvehicle_info.so" to ""
-- Installing: /home/abc/planning_with_ros2/install/planning/lib/planning/planning_process
-- Set non-toolchain portion of runtime path of "/home/abc/planning_with_ros2/install/planning/lib/planning/planning_process" to ""
-- Installing: /home/abc/planning_with_ros2/install/planning/lib/planning/car_move_cmd
-- Set non-toolchain portion of runtime path of "/home/abc/planning_with_ros2/install/planning/lib/planning/car_move_cmd" to ""
-- Installing: /home/abc/planning_with_ros2/install/planning/lib/planning/obs_move_cmd
-- Set non-toolchain portion of runtime path of "/home/abc/planning_with_ros2/install/planning/lib/planning/obs_move_cmd" to ""
-- Up-to-date: /home/abc/planning_with_ros2/install/planning/share/planning/config
-- Up-to-date: /home/abc/planning_with_ros2/install/planning/share/planning/config/planning_static_obs_config.yaml
-- Up-to-date: /home/abc/planning_with_ros2/install/planning/share/planning/launch
-- Up-to-date: /home/abc/planning_with_ros2/install/planning/share/planning/launch/planning_launch.py
-- Up-to-date: /home/abc/planning_with_ros2/install/planning/share/planning/urdf
-- Up-to-date: /home/abc/planning_with_ros2/install/planning/share/planning/urdf/main_car
-- Up-to-date: /home/abc/planning_with_ros2/install/planning/share/planning/urdf/main_car/car_camera.xacro
-- Up-to-date: /home/abc/planning_with_ros2/install/planning/share/planning/urdf/main_car/car_base.xacro
-- Up-to-date: /home/abc/planning_with_ros2/install/planning/share/planning/urdf/main_car/car_radar.xacro
-- Up-to-date: /home/abc/planning_with_ros2/install/planning/share/planning/urdf/main_car/car.xacro
-- Up-to-date: /home/abc/planning_with_ros2/install/planning/share/planning/urdf/main_car/car_wheels.xacro
-- Up-to-date: /home/abc/planning_with_ros2/install/planning/share/planning/urdf/obs_car
-- Up-to-date: /home/abc/planning_with_ros2/install/planning/share/planning/rviz
-- Up-to-date: /home/abc/planning_with_ros2/install/planning/share/planning/rviz/planning.rviz
-- Up-to-date: /home/abc/planning_with_ros2/install/planning/share/ament_index/resource_index/package_run_dependencies/planning
-- Up-to-date: /home/abc/planning_with_ros2/install/planning/share/ament_index/resource_index/parent_prefix_path/planning
-- Up-to-date: /home/abc/planning_with_ros2/install/planning/share/planning/environment/ament_prefix_path.sh
-- Installing: /home/abc/planning_with_ros2/install/planning/share/planning/environment/ament_prefix_path.dsv
-- Up-to-date: /home/abc/planning_with_ros2/install/planning/share/planning/environment/path.sh
-- Installing: /home/abc/planning_with_ros2/install/planning/share/planning/environment/path.dsv
-- Up-to-date: /home/abc/planning_with_ros2/install/planning/share/planning/local_setup.bash
-- Up-to-date: /home/abc/planning_with_ros2/install/planning/share/planning/local_setup.sh
-- Up-to-date: /home/abc/planning_with_ros2/install/planning/share/planning/local_setup.zsh
-- Installing: /home/abc/planning_with_ros2/install/planning/share/planning/local_setup.dsv
-- Installing: /home/abc/planning_with_ros2/install/planning/share/planning/package.dsv
-- Up-to-date: /home/abc/planning_with_ros2/install/planning/share/ament_index/resource_index/packages/planning
-- Up-to-date: /home/abc/planning_with_ros2/install/planning/share/planning/cmake/planningConfig.cmake
-- Up-to-date: /home/abc/planning_with_ros2/install/planning/share/planning/cmake/planningConfig-version.cmake
-- Up-to-date: /home/abc/planning_with_ros2/install/planning/share/planning/package.xml
