[0.321s] Invoking command in '/home/abc/planning_with_ros2/build/planning': CMAKE_PREFIX_PATH=/home/abc/planning_with_ros2/install/base_msgs:/home/abc/planning_with_ros2/install/planning:/home/abc/planning_with_ros2/install/data_plot:/opt/ros/humble LD_LIBRARY_PATH=/home/abc/planning_with_ros2/install/base_msgs/lib:/home/abc/planning_with_ros2/install/planning/lib:/home/abc/planning_with_ros2/install/planning/lib:/home/abc/planning_with_ros2/install/planning/lib:/usr/lib/x86_64-linux-gnu/gazebo-11/plugins:/opt/ros/humble/opt/rviz_ogre_vendor/lib:/opt/ros/humble/lib/x86_64-linux-gnu:/opt/ros/humble/lib /usr/local/bin/cmake --build /home/abc/planning_with_ros2/build/planning -- -j12 -l12
[0.347s] [  5%] Built target config_reader
[0.350s] [ 11%] Built target global_planner
[0.352s] [ 20%] Built target pnc_map_creator
[0.352s] [ 28%] Built target mathlibs
[0.368s] [ 34%] Built target pnc_map_server
[0.368s] [ 40%] Built target global_path_server
[0.373s] [ 48%] Built target vehicle_info
[0.374s] [ 57%] Built target reference_line
[0.387s] [ 68%] Built target obs_move_cmd
[0.387s] [ 71%] Built target decision_center
[0.387s] [ 74%] Built target car_move_cmd
[0.407s] [ 91%] Built target local_planner
[0.425s] [ 94%] [32mBuilding CXX object src/planning_process/CMakeFiles/planning_process.dir/planning_process.cpp.o[0m
[4.471s] /home/abc/planning_with_ros2/src/planning/src/planning_process/planning_process.cpp: In instantiation of ‘[01m[Kbool Planning::PlanningProcess::connet_server(const T&) [with T = std::shared_ptr<rclcpp::Client<base_msgs::srv::PNCMapService> >][m[K’:
[4.471s] [01m[K/home/abc/planning_with_ros2/src/planning/src/planning_process/planning_process.cpp:31:27:[m[K   required from here
[4.471s] [01m[K/home/abc/planning_with_ros2/src/planning/src/planning_process/planning_process.cpp:77:26:[m[K [01;35m[Kwarning: [m[Kthe address of ‘[01m[Kbool rclcpp::ok(rclcpp::Context::SharedPtr)[m[K’ will never be NULL [[01;35m[K]8;;https://gcc.gnu.org/onlinedocs/gcc/Warning-Options.html#index-Waddress-Waddress]8;;[m[K]
[4.471s]    77 |             if (![01;35m[Krclcpp::ok[m[K)
[4.472s]       |                  [01;35m[K~~~~~~~~^~[m[K
[4.472s] /home/abc/planning_with_ros2/src/planning/src/planning_process/planning_process.cpp: In instantiation of ‘[01m[Kbool Planning::PlanningProcess::connet_server(const T&) [with T = std::shared_ptr<rclcpp::Client<base_msgs::srv::GlobalPathService> >][m[K’:
[4.472s] [01m[K/home/abc/planning_with_ros2/src/planning/src/planning_process/planning_process.cpp:43:27:[m[K   required from here
[4.472s] [01m[K/home/abc/planning_with_ros2/src/planning/src/planning_process/planning_process.cpp:77:26:[m[K [01;35m[Kwarning: [m[Kthe address of ‘[01m[Kbool rclcpp::ok(rclcpp::Context::SharedPtr)[m[K’ will never be NULL [[01;35m[K]8;;https://gcc.gnu.org/onlinedocs/gcc/Warning-Options.html#index-Waddress-Waddress]8;;[m[K]
[5.908s] [ 97%] [32m[1mLinking CXX executable planning_process[0m
[6.111s] [100%] Built target planning_process
[6.115s] Invoked command in '/home/abc/planning_with_ros2/build/planning' returned '0': CMAKE_PREFIX_PATH=/home/abc/planning_with_ros2/install/base_msgs:/home/abc/planning_with_ros2/install/planning:/home/abc/planning_with_ros2/install/data_plot:/opt/ros/humble LD_LIBRARY_PATH=/home/abc/planning_with_ros2/install/base_msgs/lib:/home/abc/planning_with_ros2/install/planning/lib:/home/abc/planning_with_ros2/install/planning/lib:/home/abc/planning_with_ros2/install/planning/lib:/usr/lib/x86_64-linux-gnu/gazebo-11/plugins:/opt/ros/humble/opt/rviz_ogre_vendor/lib:/opt/ros/humble/lib/x86_64-linux-gnu:/opt/ros/humble/lib /usr/local/bin/cmake --build /home/abc/planning_with_ros2/build/planning -- -j12 -l12
[6.117s] Invoking command in '/home/abc/planning_with_ros2/build/planning': CMAKE_PREFIX_PATH=/home/abc/planning_with_ros2/install/base_msgs:/home/abc/planning_with_ros2/install/planning:/home/abc/planning_with_ros2/install/data_plot:/opt/ros/humble LD_LIBRARY_PATH=/home/abc/planning_with_ros2/install/base_msgs/lib:/home/abc/planning_with_ros2/install/planning/lib:/home/abc/planning_with_ros2/install/planning/lib:/home/abc/planning_with_ros2/install/planning/lib:/usr/lib/x86_64-linux-gnu/gazebo-11/plugins:/opt/ros/humble/opt/rviz_ogre_vendor/lib:/opt/ros/humble/lib/x86_64-linux-gnu:/opt/ros/humble/lib /usr/local/bin/cmake --install /home/abc/planning_with_ros2/build/planning
[6.119s] -- Install configuration: ""
[6.119s] -- Up-to-date: /home/abc/planning_with_ros2/install/planning/lib/libconfig_reader.so
[6.120s] -- Up-to-date: /home/abc/planning_with_ros2/install/planning/lib/libmathlibs.so
[6.120s] -- Up-to-date: /home/abc/planning_with_ros2/install/planning/lib/libdecision_center.so
[6.121s] -- Up-to-date: /home/abc/planning_with_ros2/install/planning/lib/libpnc_map_creator.so
[6.121s] -- Up-to-date: /home/abc/planning_with_ros2/install/planning/lib/planning/pnc_map_server
[6.121s] -- Up-to-date: /home/abc/planning_with_ros2/install/planning/lib/libglobal_planner.so
[6.121s] -- Up-to-date: /home/abc/planning_with_ros2/install/planning/lib/planning/global_path_server
[6.122s] -- Up-to-date: /home/abc/planning_with_ros2/install/planning/lib/liblocal_planner.so
[6.122s] -- Up-to-date: /home/abc/planning_with_ros2/install/planning/lib/libreference_line.so
[6.123s] -- Up-to-date: /home/abc/planning_with_ros2/install/planning/lib/libvehicle_info.so
[6.123s] -- Installing: /home/abc/planning_with_ros2/install/planning/lib/planning/planning_process
[6.124s] -- Set non-toolchain portion of runtime path of "/home/abc/planning_with_ros2/install/planning/lib/planning/planning_process" to ""
[6.125s] -- Up-to-date: /home/abc/planning_with_ros2/install/planning/lib/planning/car_move_cmd
[6.125s] -- Up-to-date: /home/abc/planning_with_ros2/install/planning/lib/planning/obs_move_cmd
[6.125s] -- Up-to-date: /home/abc/planning_with_ros2/install/planning/share/planning/config
[6.125s] -- Up-to-date: /home/abc/planning_with_ros2/install/planning/share/planning/config/planning_static_obs_config.yaml
[6.125s] -- Up-to-date: /home/abc/planning_with_ros2/install/planning/share/planning/launch
[6.125s] -- Up-to-date: /home/abc/planning_with_ros2/install/planning/share/planning/launch/planning_launch.py
[6.125s] -- Up-to-date: /home/abc/planning_with_ros2/install/planning/share/planning/urdf
[6.126s] -- Up-to-date: /home/abc/planning_with_ros2/install/planning/share/planning/urdf/main_car
[6.126s] -- Up-to-date: /home/abc/planning_with_ros2/install/planning/share/planning/urdf/main_car/car_camera.xacro
[6.126s] -- Up-to-date: /home/abc/planning_with_ros2/install/planning/share/planning/urdf/main_car/car_base.xacro
[6.126s] -- Up-to-date: /home/abc/planning_with_ros2/install/planning/share/planning/urdf/main_car/car_radar.xacro
[6.126s] -- Up-to-date: /home/abc/planning_with_ros2/install/planning/share/planning/urdf/main_car/car.xacro
[6.126s] -- Up-to-date: /home/abc/planning_with_ros2/install/planning/share/planning/urdf/main_car/car_wheels.xacro
[6.126s] -- Up-to-date: /home/abc/planning_with_ros2/install/planning/share/planning/urdf/obs_car
[6.126s] -- Up-to-date: /home/abc/planning_with_ros2/install/planning/share/planning/rviz
[6.126s] -- Up-to-date: /home/abc/planning_with_ros2/install/planning/share/planning/rviz/planning.rviz
[6.126s] -- Up-to-date: /home/abc/planning_with_ros2/install/planning/share/ament_index/resource_index/package_run_dependencies/planning
[6.126s] -- Up-to-date: /home/abc/planning_with_ros2/install/planning/share/ament_index/resource_index/parent_prefix_path/planning
[6.126s] -- Up-to-date: /home/abc/planning_with_ros2/install/planning/share/planning/environment/ament_prefix_path.sh
[6.126s] -- Up-to-date: /home/abc/planning_with_ros2/install/planning/share/planning/environment/ament_prefix_path.dsv
[6.127s] -- Up-to-date: /home/abc/planning_with_ros2/install/planning/share/planning/environment/path.sh
[6.127s] -- Up-to-date: /home/abc/planning_with_ros2/install/planning/share/planning/environment/path.dsv
[6.127s] -- Up-to-date: /home/abc/planning_with_ros2/install/planning/share/planning/local_setup.bash
[6.127s] -- Up-to-date: /home/abc/planning_with_ros2/install/planning/share/planning/local_setup.sh
[6.127s] -- Up-to-date: /home/abc/planning_with_ros2/install/planning/share/planning/local_setup.zsh
[6.127s] -- Up-to-date: /home/abc/planning_with_ros2/install/planning/share/planning/local_setup.dsv
[6.127s] -- Installing: /home/abc/planning_with_ros2/install/planning/share/planning/package.dsv
[6.127s] -- Up-to-date: /home/abc/planning_with_ros2/install/planning/share/ament_index/resource_index/packages/planning
[6.128s] -- Up-to-date: /home/abc/planning_with_ros2/install/planning/share/planning/cmake/planningConfig.cmake
[6.128s] -- Up-to-date: /home/abc/planning_with_ros2/install/planning/share/planning/cmake/planningConfig-version.cmake
[6.128s] -- Up-to-date: /home/abc/planning_with_ros2/install/planning/share/planning/package.xml
[6.129s] Invoked command in '/home/abc/planning_with_ros2/build/planning' returned '0': CMAKE_PREFIX_PATH=/home/abc/planning_with_ros2/install/base_msgs:/home/abc/planning_with_ros2/install/planning:/home/abc/planning_with_ros2/install/data_plot:/opt/ros/humble LD_LIBRARY_PATH=/home/abc/planning_with_ros2/install/base_msgs/lib:/home/abc/planning_with_ros2/install/planning/lib:/home/abc/planning_with_ros2/install/planning/lib:/home/abc/planning_with_ros2/install/planning/lib:/usr/lib/x86_64-linux-gnu/gazebo-11/plugins:/opt/ros/humble/opt/rviz_ogre_vendor/lib:/opt/ros/humble/lib/x86_64-linux-gnu:/opt/ros/humble/lib /usr/local/bin/cmake --install /home/abc/planning_with_ros2/build/planning
