[0.313s] Invoking command in '/home/abc/planning_with_ros2/build/planning': CMAKE_PREFIX_PATH=/home/abc/planning_with_ros2/install/base_msgs:/home/abc/planning_with_ros2/install/planning:/home/abc/planning_with_ros2/install/data_plot:/opt/ros/humble LD_LIBRARY_PATH=/home/abc/planning_with_ros2/install/base_msgs/lib:/home/abc/planning_with_ros2/install/planning/lib:/home/abc/planning_with_ros2/install/planning/lib:/home/abc/planning_with_ros2/install/planning/lib:/usr/lib/x86_64-linux-gnu/gazebo-11/plugins:/opt/ros/humble/opt/rviz_ogre_vendor/lib:/opt/ros/humble/lib/x86_64-linux-gnu:/opt/ros/humble/lib /usr/local/bin/cmake --build /home/abc/planning_with_ros2/build/planning -- -j12 -l12
[0.339s] [  5%] Built target config_reader
[0.342s] [ 10%] Built target newton_test
[0.342s] [ 12%] [32mBuilding CXX object src/common/CMakeFiles/mathlibs.dir/math/curve.cpp.o[0m
[0.343s] [ 17%] Built target osqp_test
[0.353s] [ 23%] Built target global_planner
[0.354s] [ 30%] Built target pnc_map_creator
[0.368s] [ 41%] Built target global_path_server
[0.368s] [ 41%] Built target pnc_map_server
[3.502s] [ 43%] [32m[1mLinking CXX shared library libmathlibs.so[0m
[3.624s] [ 46%] Built target mathlibs
[3.642s] [ 48%] [32mBuilding CXX object src/reference_line/CMakeFiles/reference_line.dir/reference_line_creator.cpp.o[0m
[3.646s] [ 51%] [32mBuilding CXX object src/vehicle_info/CMakeFiles/vehicle_info.dir/main_car/main_car_info.cpp.o[0m
[3.646s] [ 53%] [32mBuilding CXX object src/vehicle_info/CMakeFiles/vehicle_info.dir/obs_car/obs_car_info.cpp.o[0m
[7.436s] [ 56%] [32m[1mLinking CXX shared library libvehicle_info.so[0m
[7.589s] [ 56%] Built target vehicle_info
[7.606s] [ 58%] [32mBuilding CXX object src/decision_center/CMakeFiles/decision_center.dir/decision_center.cpp.o[0m
[7.607s] [ 61%] [32mBuilding CXX object src/move_cmd/CMakeFiles/car_move_cmd.dir/car_move_cmd.cpp.o[0m
[7.610s] [ 64%] [32mBuilding CXX object src/move_cmd/CMakeFiles/obs_move_cmd.dir/obs_move_cmd.cpp.o[0m
[8.534s] [ 66%] [32m[1mLinking CXX shared library libreference_line.so[0m
[8.738s] [ 69%] Built target reference_line
[11.439s] [ 71%] [32m[1mLinking CXX shared library libdecision_center.so[0m
[11.564s] [ 71%] Built target decision_center
[11.587s] [ 74%] [32mBuilding CXX object src/local_planner/CMakeFiles/local_planner.dir/local_path/local_path_planner.cpp.o[0m
[11.588s] [ 76%] [32mBuilding CXX object src/local_planner/CMakeFiles/local_planner.dir/local_speeds/local_speeds_planner.cpp.o[0m
[11.619s] [ 79%] [32m[1mLinking CXX executable car_move_cmd[0m
[11.775s] [ 79%] Built target car_move_cmd
[11.906s] [ 82%] [32m[1mLinking CXX executable obs_move_cmd[0m
[12.061s] [ 82%] Built target obs_move_cmd
[15.853s] [ 84%] [32m[1mLinking CXX shared library liblocal_planner.so[0m
[15.990s] [ 92%] Built target local_planner
[16.009s] [ 94%] [32mBuilding CXX object src/planning_process/CMakeFiles/planning_process.dir/planning_process_main.cpp.o[0m
[16.010s] [ 97%] [32mBuilding CXX object src/planning_process/CMakeFiles/planning_process.dir/planning_process.cpp.o[0m
[29.656s] [100%] [32m[1mLinking CXX executable planning_process[0m
[30.349s] [100%] Built target planning_process
[30.353s] Invoked command in '/home/abc/planning_with_ros2/build/planning' returned '0': CMAKE_PREFIX_PATH=/home/abc/planning_with_ros2/install/base_msgs:/home/abc/planning_with_ros2/install/planning:/home/abc/planning_with_ros2/install/data_plot:/opt/ros/humble LD_LIBRARY_PATH=/home/abc/planning_with_ros2/install/base_msgs/lib:/home/abc/planning_with_ros2/install/planning/lib:/home/abc/planning_with_ros2/install/planning/lib:/home/abc/planning_with_ros2/install/planning/lib:/usr/lib/x86_64-linux-gnu/gazebo-11/plugins:/opt/ros/humble/opt/rviz_ogre_vendor/lib:/opt/ros/humble/lib/x86_64-linux-gnu:/opt/ros/humble/lib /usr/local/bin/cmake --build /home/abc/planning_with_ros2/build/planning -- -j12 -l12
[30.355s] Invoking command in '/home/abc/planning_with_ros2/build/planning': CMAKE_PREFIX_PATH=/home/abc/planning_with_ros2/install/base_msgs:/home/abc/planning_with_ros2/install/planning:/home/abc/planning_with_ros2/install/data_plot:/opt/ros/humble LD_LIBRARY_PATH=/home/abc/planning_with_ros2/install/base_msgs/lib:/home/abc/planning_with_ros2/install/planning/lib:/home/abc/planning_with_ros2/install/planning/lib:/home/abc/planning_with_ros2/install/planning/lib:/usr/lib/x86_64-linux-gnu/gazebo-11/plugins:/opt/ros/humble/opt/rviz_ogre_vendor/lib:/opt/ros/humble/lib/x86_64-linux-gnu:/opt/ros/humble/lib /usr/local/bin/cmake --install /home/abc/planning_with_ros2/build/planning
[30.357s] -- Install configuration: ""
[30.357s] -- Up-to-date: /home/abc/planning_with_ros2/install/planning/lib/libconfig_reader.so
[30.357s] -- Installing: /home/abc/planning_with_ros2/install/planning/lib/libmathlibs.so
[30.358s] -- Set non-toolchain portion of runtime path of "/home/abc/planning_with_ros2/install/planning/lib/libmathlibs.so" to ""
[30.358s] -- Installing: /home/abc/planning_with_ros2/install/planning/lib/libdecision_center.so
[30.359s] -- Set non-toolchain portion of runtime path of "/home/abc/planning_with_ros2/install/planning/lib/libdecision_center.so" to ""
[30.359s] -- Up-to-date: /home/abc/planning_with_ros2/install/planning/lib/libpnc_map_creator.so
[30.359s] -- Up-to-date: /home/abc/planning_with_ros2/install/planning/lib/planning/pnc_map_server
[30.360s] -- Up-to-date: /home/abc/planning_with_ros2/install/planning/lib/libglobal_planner.so
[30.360s] -- Up-to-date: /home/abc/planning_with_ros2/install/planning/lib/planning/global_path_server
[30.360s] -- Installing: /home/abc/planning_with_ros2/install/planning/lib/liblocal_planner.so
[30.361s] -- Set non-toolchain portion of runtime path of "/home/abc/planning_with_ros2/install/planning/lib/liblocal_planner.so" to ""
[30.361s] -- Installing: /home/abc/planning_with_ros2/install/planning/lib/libreference_line.so
[30.362s] -- Set non-toolchain portion of runtime path of "/home/abc/planning_with_ros2/install/planning/lib/libreference_line.so" to ""
[30.362s] -- Up-to-date: /home/abc/planning_with_ros2/install/planning/lib/planning/osqp_test
[30.363s] -- Up-to-date: /home/abc/planning_with_ros2/install/planning/lib/planning/newton_test
[30.363s] -- Installing: /home/abc/planning_with_ros2/install/planning/lib/libvehicle_info.so
[30.364s] -- Set non-toolchain portion of runtime path of "/home/abc/planning_with_ros2/install/planning/lib/libvehicle_info.so" to ""
[30.364s] -- Installing: /home/abc/planning_with_ros2/install/planning/lib/planning/planning_process
[30.369s] -- Set non-toolchain portion of runtime path of "/home/abc/planning_with_ros2/install/planning/lib/planning/planning_process" to ""
[30.369s] -- Installing: /home/abc/planning_with_ros2/install/planning/lib/planning/car_move_cmd
[30.369s] -- Set non-toolchain portion of runtime path of "/home/abc/planning_with_ros2/install/planning/lib/planning/car_move_cmd" to ""
[30.370s] -- Installing: /home/abc/planning_with_ros2/install/planning/lib/planning/obs_move_cmd
[30.370s] -- Set non-toolchain portion of runtime path of "/home/abc/planning_with_ros2/install/planning/lib/planning/obs_move_cmd" to ""
[30.370s] -- Up-to-date: /home/abc/planning_with_ros2/install/planning/share/planning/config
[30.370s] -- Up-to-date: /home/abc/planning_with_ros2/install/planning/share/planning/config/planning_static_obs_config.yaml
[30.370s] -- Up-to-date: /home/abc/planning_with_ros2/install/planning/share/planning/launch
[30.370s] -- Up-to-date: /home/abc/planning_with_ros2/install/planning/share/planning/launch/planning_launch.py
[30.370s] -- Up-to-date: /home/abc/planning_with_ros2/install/planning/share/planning/urdf
[30.370s] -- Up-to-date: /home/abc/planning_with_ros2/install/planning/share/planning/urdf/main_car
[30.371s] -- Up-to-date: /home/abc/planning_with_ros2/install/planning/share/planning/urdf/main_car/car_camera.xacro
[30.371s] -- Up-to-date: /home/abc/planning_with_ros2/install/planning/share/planning/urdf/main_car/car_base.xacro
[30.371s] -- Up-to-date: /home/abc/planning_with_ros2/install/planning/share/planning/urdf/main_car/car_radar.xacro
[30.371s] -- Up-to-date: /home/abc/planning_with_ros2/install/planning/share/planning/urdf/main_car/car.xacro
[30.371s] -- Up-to-date: /home/abc/planning_with_ros2/install/planning/share/planning/urdf/main_car/car_wheels.xacro
[30.371s] -- Up-to-date: /home/abc/planning_with_ros2/install/planning/share/planning/urdf/obs_car
[30.371s] -- Up-to-date: /home/abc/planning_with_ros2/install/planning/share/planning/urdf/obs_car/obs_car.xacro
[30.371s] -- Up-to-date: /home/abc/planning_with_ros2/install/planning/share/planning/rviz
[30.371s] -- Up-to-date: /home/abc/planning_with_ros2/install/planning/share/planning/rviz/planning.rviz
[30.371s] -- Up-to-date: /home/abc/planning_with_ros2/install/planning/share/ament_index/resource_index/package_run_dependencies/planning
[30.371s] -- Up-to-date: /home/abc/planning_with_ros2/install/planning/share/ament_index/resource_index/parent_prefix_path/planning
[30.371s] -- Up-to-date: /home/abc/planning_with_ros2/install/planning/share/planning/environment/ament_prefix_path.sh
[30.371s] -- Up-to-date: /home/abc/planning_with_ros2/install/planning/share/planning/environment/ament_prefix_path.dsv
[30.371s] -- Up-to-date: /home/abc/planning_with_ros2/install/planning/share/planning/environment/path.sh
[30.372s] -- Up-to-date: /home/abc/planning_with_ros2/install/planning/share/planning/environment/path.dsv
[30.372s] -- Up-to-date: /home/abc/planning_with_ros2/install/planning/share/planning/local_setup.bash
[30.372s] -- Up-to-date: /home/abc/planning_with_ros2/install/planning/share/planning/local_setup.sh
[30.372s] -- Up-to-date: /home/abc/planning_with_ros2/install/planning/share/planning/local_setup.zsh
[30.372s] -- Up-to-date: /home/abc/planning_with_ros2/install/planning/share/planning/local_setup.dsv
[30.372s] -- Installing: /home/abc/planning_with_ros2/install/planning/share/planning/package.dsv
[30.372s] -- Up-to-date: /home/abc/planning_with_ros2/install/planning/share/ament_index/resource_index/packages/planning
[30.372s] -- Up-to-date: /home/abc/planning_with_ros2/install/planning/share/planning/cmake/planningConfig.cmake
[30.372s] -- Up-to-date: /home/abc/planning_with_ros2/install/planning/share/planning/cmake/planningConfig-version.cmake
[30.373s] -- Up-to-date: /home/abc/planning_with_ros2/install/planning/share/planning/package.xml
[30.374s] Invoked command in '/home/abc/planning_with_ros2/build/planning' returned '0': CMAKE_PREFIX_PATH=/home/abc/planning_with_ros2/install/base_msgs:/home/abc/planning_with_ros2/install/planning:/home/abc/planning_with_ros2/install/data_plot:/opt/ros/humble LD_LIBRARY_PATH=/home/abc/planning_with_ros2/install/base_msgs/lib:/home/abc/planning_with_ros2/install/planning/lib:/home/abc/planning_with_ros2/install/planning/lib:/home/abc/planning_with_ros2/install/planning/lib:/usr/lib/x86_64-linux-gnu/gazebo-11/plugins:/opt/ros/humble/opt/rviz_ogre_vendor/lib:/opt/ros/humble/lib/x86_64-linux-gnu:/opt/ros/humble/lib /usr/local/bin/cmake --install /home/abc/planning_with_ros2/build/planning
