[  5%] Built target config_reader
[ 11%] Built target global_planner
[ 20%] Built target pnc_map_creator
[ 28%] Built target mathlibs
[ 31%] [32mBuilding CXX object src/global_planner/CMakeFiles/global_path_server.dir/global_path_server.cpp.o[0m
[ 34%] [32mBuilding CXX object src/pnc_map_creator/CMakeFiles/pnc_map_server.dir/pnc_map_server.cpp.o[0m
[ 42%] Built target vehicle_info
[ 51%] Built target reference_line
[ 57%] Built target decision_center
[ 62%] Built target car_move_cmd
[ 68%] Built target obs_move_cmd
[ 85%] Built target local_planner
[ 94%] Built target planning_process
[01m[K/home/abc/planning_with_ros2/src/planning/src/global_planner/global_path_server.cpp:[m[K In member function ‘[01m[Kvisualization_msgs::msg::Marker Planning::GlobalPathServer::path2marker(const Path&)[m[K’:
[01m[K/home/abc/planning_with_ros2/src/planning/src/global_planner/global_path_server.cpp:48:54:[m[K [01;35m[Kwarning: [m[Kunused parameter ‘[01m[Kpath[m[K’ [[01;35m[K]8;;https://gcc.gnu.org/onlinedocs/gcc/Warning-Options.html#index-Wunused-parameter-Wunused-parameter]8;;[m[K]
   48 |     Marker GlobalPathServer::path2marker([01;35m[Kconst Path &path[m[K)
      |                                          [01;35m[K~~~~~~~~~~~~^~~~[m[K
[ 97%] [32m[1mLinking CXX executable global_path_server[0m
[100%] [32m[1mLinking CXX executable pnc_map_server[0m
[100%] Built target global_path_server
[100%] Built target pnc_map_server
-- Install configuration: ""
-- Up-to-date: /home/abc/planning_with_ros2/install/planning/lib/libconfig_reader.so
-- Up-to-date: /home/abc/planning_with_ros2/install/planning/lib/libmathlibs.so
-- Up-to-date: /home/abc/planning_with_ros2/install/planning/lib/libdecision_center.so
-- Up-to-date: /home/abc/planning_with_ros2/install/planning/lib/libpnc_map_creator.so
-- Installing: /home/abc/planning_with_ros2/install/planning/lib/planning/pnc_map_server
-- Set non-toolchain portion of runtime path of "/home/abc/planning_with_ros2/install/planning/lib/planning/pnc_map_server" to ""
-- Up-to-date: /home/abc/planning_with_ros2/install/planning/lib/libglobal_planner.so
-- Installing: /home/abc/planning_with_ros2/install/planning/lib/planning/global_path_server
-- Set non-toolchain portion of runtime path of "/home/abc/planning_with_ros2/install/planning/lib/planning/global_path_server" to ""
-- Up-to-date: /home/abc/planning_with_ros2/install/planning/lib/liblocal_planner.so
-- Up-to-date: /home/abc/planning_with_ros2/install/planning/lib/libreference_line.so
-- Up-to-date: /home/abc/planning_with_ros2/install/planning/lib/libvehicle_info.so
-- Up-to-date: /home/abc/planning_with_ros2/install/planning/lib/planning/planning_process
-- Up-to-date: /home/abc/planning_with_ros2/install/planning/lib/planning/car_move_cmd
-- Up-to-date: /home/abc/planning_with_ros2/install/planning/lib/planning/obs_move_cmd
-- Up-to-date: /home/abc/planning_with_ros2/install/planning/share/planning/config
-- Up-to-date: /home/abc/planning_with_ros2/install/planning/share/planning/config/planning_static_obs_config.yaml
-- Up-to-date: /home/abc/planning_with_ros2/install/planning/share/planning/launch
-- Up-to-date: /home/abc/planning_with_ros2/install/planning/share/planning/launch/planning_launch.py
-- Up-to-date: /home/abc/planning_with_ros2/install/planning/share/planning/urdf
-- Up-to-date: /home/abc/planning_with_ros2/install/planning/share/planning/urdf/main_car
-- Up-to-date: /home/abc/planning_with_ros2/install/planning/share/planning/urdf/main_car/car_camera.xacro
-- Up-to-date: /home/abc/planning_with_ros2/install/planning/share/planning/urdf/main_car/car_base.xacro
-- Up-to-date: /home/abc/planning_with_ros2/install/planning/share/planning/urdf/main_car/car_radar.xacro
-- Up-to-date: /home/abc/planning_with_ros2/install/planning/share/planning/urdf/main_car/car.xacro
-- Up-to-date: /home/abc/planning_with_ros2/install/planning/share/planning/urdf/main_car/car_wheels.xacro
-- Up-to-date: /home/abc/planning_with_ros2/install/planning/share/planning/urdf/obs_car
-- Up-to-date: /home/abc/planning_with_ros2/install/planning/share/planning/rviz
-- Up-to-date: /home/abc/planning_with_ros2/install/planning/share/planning/rviz/planning.rviz
-- Up-to-date: /home/abc/planning_with_ros2/install/planning/share/ament_index/resource_index/package_run_dependencies/planning
-- Up-to-date: /home/abc/planning_with_ros2/install/planning/share/ament_index/resource_index/parent_prefix_path/planning
-- Up-to-date: /home/abc/planning_with_ros2/install/planning/share/planning/environment/ament_prefix_path.sh
-- Up-to-date: /home/abc/planning_with_ros2/install/planning/share/planning/environment/ament_prefix_path.dsv
-- Up-to-date: /home/abc/planning_with_ros2/install/planning/share/planning/environment/path.sh
-- Up-to-date: /home/abc/planning_with_ros2/install/planning/share/planning/environment/path.dsv
-- Up-to-date: /home/abc/planning_with_ros2/install/planning/share/planning/local_setup.bash
-- Up-to-date: /home/abc/planning_with_ros2/install/planning/share/planning/local_setup.sh
-- Up-to-date: /home/abc/planning_with_ros2/install/planning/share/planning/local_setup.zsh
-- Up-to-date: /home/abc/planning_with_ros2/install/planning/share/planning/local_setup.dsv
-- Installing: /home/abc/planning_with_ros2/install/planning/share/planning/package.dsv
-- Up-to-date: /home/abc/planning_with_ros2/install/planning/share/ament_index/resource_index/packages/planning
-- Up-to-date: /home/abc/planning_with_ros2/install/planning/share/planning/cmake/planningConfig.cmake
-- Up-to-date: /home/abc/planning_with_ros2/install/planning/share/planning/cmake/planningConfig-version.cmake
-- Up-to-date: /home/abc/planning_with_ros2/install/planning/share/planning/package.xml
