[  5%] Built target config_reader
[  8%] [32mBuilding CXX object src/global_planner/CMakeFiles/global_planner.dir/global_planner_normal/global_planner_normal.cpp.o[0m
[ 17%] Built target mathlibs
[ 25%] Built target pnc_map_creator
[ 34%] Built target vehicle_info
[ 42%] Built target reference_line
[ 48%] Built target pnc_map_server
[ 54%] Built target obs_move_cmd
[ 60%] Built target decision_center
[ 65%] Built target car_move_cmd
[ 82%] Built target local_planner
[ 91%] Built target planning_process
[ 94%] [32m[1mLinking CXX shared library libglobal_planner.so[0m
[ 94%] Built target global_planner
[ 97%] [32m[1mLinking CXX executable global_path_server[0m
/usr/bin/ld: CMakeFiles/global_path_server.dir/global_path_server.cpp.o: in function `void __gnu_cxx::new_allocator<Planning::GlobalPlannerNormal>::construct<Planning::GlobalPlannerNormal>(Planning::GlobalPlannerNormal*)':
global_path_server.cpp:(.text._ZN9__gnu_cxx13new_allocatorIN8Planning19GlobalPlannerNormalEE9constructIS2_JEEEvPT_DpOT0_[_ZN9__gnu_cxx13new_allocatorIN8Planning19GlobalPlannerNormalEE9constructIS2_JEEEvPT_DpOT0_]+0x31): undefined reference to `Planning::GlobalPlannerNormal::GlobalPlannerNormal()'
collect2: error: ld returned 1 exit status
gmake[2]: *** [src/global_planner/CMakeFiles/global_path_server.dir/build.make:205: src/global_planner/global_path_server] Error 1
gmake[1]: *** [CMakeFiles/Makefile2:564: src/global_planner/CMakeFiles/global_path_server.dir/all] Error 2
gmake: *** [Makefile:146: all] Error 2
