[0.332s] Invoking command in '/home/abc/planning_with_ros2/build/planning': CMAKE_PREFIX_PATH=/home/abc/planning_with_ros2/install/base_msgs:/home/abc/planning_with_ros2/install/planning:/home/abc/planning_with_ros2/install/data_plot:/opt/ros/humble LD_LIBRARY_PATH=/home/abc/planning_with_ros2/install/base_msgs/lib:/home/abc/planning_with_ros2/install/planning/lib:/home/abc/planning_with_ros2/install/planning/lib:/home/abc/planning_with_ros2/install/planning/lib:/usr/lib/x86_64-linux-gnu/gazebo-11/plugins:/opt/ros/humble/opt/rviz_ogre_vendor/lib:/opt/ros/humble/lib/x86_64-linux-gnu:/opt/ros/humble/lib /usr/local/bin/cmake --build /home/abc/planning_with_ros2/build/planning -- -j12 -l12
[0.362s] [  5%] Built target config_reader
[0.367s] [ 10%] Built target osqp_test
[0.367s] [ 18%] Built target mathlibs
[0.378s] [ 24%] Built target global_planner
[0.378s] [ 32%] Built target pnc_map_creator
[0.385s] [ 40%] Built target vehicle_info
[0.394s] [ 45%] Built target global_path_server
[0.397s] [ 51%] Built target pnc_map_server
[0.401s] [ 54%] [32mBuilding CXX object src/reference_line/CMakeFiles/reference_line.dir/reference_line_creator.cpp.o[0m
[0.402s] [ 59%] Built target car_move_cmd
[0.402s] [ 62%] [32mBuilding CXX object src/reference_line/CMakeFiles/reference_line.dir/reference_line_smoother.cpp.o[0m
[0.402s] [ 67%] Built target obs_move_cmd
[0.404s] [ 72%] Built target decision_center
[0.427s] [ 89%] Built target local_planner
[5.945s] [ 91%] [32m[1mLinking CXX shared library libreference_line.so[0m
[6.118s] [ 91%] Built target reference_line
[6.148s] [ 94%] [32m[1mLinking CXX executable planning_process[0m
[7.105s] [100%] Built target planning_process
[7.110s] Invoked command in '/home/abc/planning_with_ros2/build/planning' returned '0': CMAKE_PREFIX_PATH=/home/abc/planning_with_ros2/install/base_msgs:/home/abc/planning_with_ros2/install/planning:/home/abc/planning_with_ros2/install/data_plot:/opt/ros/humble LD_LIBRARY_PATH=/home/abc/planning_with_ros2/install/base_msgs/lib:/home/abc/planning_with_ros2/install/planning/lib:/home/abc/planning_with_ros2/install/planning/lib:/home/abc/planning_with_ros2/install/planning/lib:/usr/lib/x86_64-linux-gnu/gazebo-11/plugins:/opt/ros/humble/opt/rviz_ogre_vendor/lib:/opt/ros/humble/lib/x86_64-linux-gnu:/opt/ros/humble/lib /usr/local/bin/cmake --build /home/abc/planning_with_ros2/build/planning -- -j12 -l12
[7.112s] Invoking command in '/home/abc/planning_with_ros2/build/planning': CMAKE_PREFIX_PATH=/home/abc/planning_with_ros2/install/base_msgs:/home/abc/planning_with_ros2/install/planning:/home/abc/planning_with_ros2/install/data_plot:/opt/ros/humble LD_LIBRARY_PATH=/home/abc/planning_with_ros2/install/base_msgs/lib:/home/abc/planning_with_ros2/install/planning/lib:/home/abc/planning_with_ros2/install/planning/lib:/home/abc/planning_with_ros2/install/planning/lib:/usr/lib/x86_64-linux-gnu/gazebo-11/plugins:/opt/ros/humble/opt/rviz_ogre_vendor/lib:/opt/ros/humble/lib/x86_64-linux-gnu:/opt/ros/humble/lib /usr/local/bin/cmake --install /home/abc/planning_with_ros2/build/planning
[7.114s] -- Install configuration: ""
[7.114s] -- Up-to-date: /home/abc/planning_with_ros2/install/planning/lib/libconfig_reader.so
[7.114s] -- Up-to-date: /home/abc/planning_with_ros2/install/planning/lib/libmathlibs.so
[7.115s] -- Up-to-date: /home/abc/planning_with_ros2/install/planning/lib/libdecision_center.so
[7.115s] -- Up-to-date: /home/abc/planning_with_ros2/install/planning/lib/libpnc_map_creator.so
[7.115s] -- Up-to-date: /home/abc/planning_with_ros2/install/planning/lib/planning/pnc_map_server
[7.116s] -- Up-to-date: /home/abc/planning_with_ros2/install/planning/lib/libglobal_planner.so
[7.116s] -- Up-to-date: /home/abc/planning_with_ros2/install/planning/lib/planning/global_path_server
[7.116s] -- Up-to-date: /home/abc/planning_with_ros2/install/planning/lib/liblocal_planner.so
[7.117s] -- Installing: /home/abc/planning_with_ros2/install/planning/lib/libreference_line.so
[7.118s] -- Set non-toolchain portion of runtime path of "/home/abc/planning_with_ros2/install/planning/lib/libreference_line.so" to ""
[7.119s] -- Up-to-date: /home/abc/planning_with_ros2/install/planning/lib/planning/osqp_test
[7.119s] -- Up-to-date: /home/abc/planning_with_ros2/install/planning/lib/libvehicle_info.so
[7.120s] -- Installing: /home/abc/planning_with_ros2/install/planning/lib/planning/planning_process
[7.125s] -- Set non-toolchain portion of runtime path of "/home/abc/planning_with_ros2/install/planning/lib/planning/planning_process" to ""
[7.125s] -- Up-to-date: /home/abc/planning_with_ros2/install/planning/lib/planning/car_move_cmd
[7.126s] -- Up-to-date: /home/abc/planning_with_ros2/install/planning/lib/planning/obs_move_cmd
[7.126s] -- Up-to-date: /home/abc/planning_with_ros2/install/planning/share/planning/config
[7.126s] -- Up-to-date: /home/abc/planning_with_ros2/install/planning/share/planning/config/planning_static_obs_config.yaml
[7.126s] -- Up-to-date: /home/abc/planning_with_ros2/install/planning/share/planning/launch
[7.127s] -- Up-to-date: /home/abc/planning_with_ros2/install/planning/share/planning/launch/planning_launch.py
[7.127s] -- Up-to-date: /home/abc/planning_with_ros2/install/planning/share/planning/urdf
[7.127s] -- Up-to-date: /home/abc/planning_with_ros2/install/planning/share/planning/urdf/main_car
[7.127s] -- Up-to-date: /home/abc/planning_with_ros2/install/planning/share/planning/urdf/main_car/car_camera.xacro
[7.127s] -- Up-to-date: /home/abc/planning_with_ros2/install/planning/share/planning/urdf/main_car/car_base.xacro
[7.127s] -- Up-to-date: /home/abc/planning_with_ros2/install/planning/share/planning/urdf/main_car/car_radar.xacro
[7.127s] -- Up-to-date: /home/abc/planning_with_ros2/install/planning/share/planning/urdf/main_car/car.xacro
[7.128s] -- Up-to-date: /home/abc/planning_with_ros2/install/planning/share/planning/urdf/main_car/car_wheels.xacro
[7.128s] -- Up-to-date: /home/abc/planning_with_ros2/install/planning/share/planning/urdf/obs_car
[7.128s] -- Up-to-date: /home/abc/planning_with_ros2/install/planning/share/planning/rviz
[7.128s] -- Up-to-date: /home/abc/planning_with_ros2/install/planning/share/planning/rviz/planning.rviz
[7.128s] -- Up-to-date: /home/abc/planning_with_ros2/install/planning/share/ament_index/resource_index/package_run_dependencies/planning
[7.128s] -- Up-to-date: /home/abc/planning_with_ros2/install/planning/share/ament_index/resource_index/parent_prefix_path/planning
[7.128s] -- Up-to-date: /home/abc/planning_with_ros2/install/planning/share/planning/environment/ament_prefix_path.sh
[7.128s] -- Up-to-date: /home/abc/planning_with_ros2/install/planning/share/planning/environment/ament_prefix_path.dsv
[7.129s] -- Up-to-date: /home/abc/planning_with_ros2/install/planning/share/planning/environment/path.sh
[7.129s] -- Up-to-date: /home/abc/planning_with_ros2/install/planning/share/planning/environment/path.dsv
[7.129s] -- Up-to-date: /home/abc/planning_with_ros2/install/planning/share/planning/local_setup.bash
[7.129s] -- Up-to-date: /home/abc/planning_with_ros2/install/planning/share/planning/local_setup.sh
[7.129s] -- Up-to-date: /home/abc/planning_with_ros2/install/planning/share/planning/local_setup.zsh
[7.129s] -- Up-to-date: /home/abc/planning_with_ros2/install/planning/share/planning/local_setup.dsv
[7.129s] -- Installing: /home/abc/planning_with_ros2/install/planning/share/planning/package.dsv
[7.129s] -- Up-to-date: /home/abc/planning_with_ros2/install/planning/share/ament_index/resource_index/packages/planning
[7.129s] -- Up-to-date: /home/abc/planning_with_ros2/install/planning/share/planning/cmake/planningConfig.cmake
[7.129s] -- Up-to-date: /home/abc/planning_with_ros2/install/planning/share/planning/cmake/planningConfig-version.cmake
[7.129s] -- Up-to-date: /home/abc/planning_with_ros2/install/planning/share/planning/package.xml
[7.131s] Invoked command in '/home/abc/planning_with_ros2/build/planning' returned '0': CMAKE_PREFIX_PATH=/home/abc/planning_with_ros2/install/base_msgs:/home/abc/planning_with_ros2/install/planning:/home/abc/planning_with_ros2/install/data_plot:/opt/ros/humble LD_LIBRARY_PATH=/home/abc/planning_with_ros2/install/base_msgs/lib:/home/abc/planning_with_ros2/install/planning/lib:/home/abc/planning_with_ros2/install/planning/lib:/home/abc/planning_with_ros2/install/planning/lib:/usr/lib/x86_64-linux-gnu/gazebo-11/plugins:/opt/ros/humble/opt/rviz_ogre_vendor/lib:/opt/ros/humble/lib/x86_64-linux-gnu:/opt/ros/humble/lib /usr/local/bin/cmake --install /home/abc/planning_with_ros2/build/planning
