[0.652s] Invoking command in '/home/abc/planning_with_ros2/src/data_plot': PYTHONPATH=/home/abc/planning_with_ros2/build/data_plot/prefix_override:/usr/lib/python3/dist-packages/colcon_core/task/python/colcon_distutils_commands:/home/abc/planning_with_ros2/install/data_plot/lib/python3.10/site-packages:${PYTHONPATH} /usr/bin/python3 -W ignore:setup.py install is deprecated -W ignore:easy_install command is deprecated setup.py egg_info --egg-base ../../build/data_plot build --build-base /home/abc/planning_with_ros2/build/data_plot/build install --record /home/abc/planning_with_ros2/build/data_plot/install.log --single-version-externally-managed install_data
[0.870s] running egg_info
[0.870s] creating ../../build/data_plot/data_plot.egg-info
[0.870s] writing ../../build/data_plot/data_plot.egg-info/PKG-INFO
[0.871s] writing dependency_links to ../../build/data_plot/data_plot.egg-info/dependency_links.txt
[0.871s] writing entry points to ../../build/data_plot/data_plot.egg-info/entry_points.txt
[0.871s] writing requirements to ../../build/data_plot/data_plot.egg-info/requires.txt
[0.871s] writing top-level names to ../../build/data_plot/data_plot.egg-info/top_level.txt
[0.871s] writing manifest file '../../build/data_plot/data_plot.egg-info/SOURCES.txt'
[0.872s] reading manifest file '../../build/data_plot/data_plot.egg-info/SOURCES.txt'
[0.873s] writing manifest file '../../build/data_plot/data_plot.egg-info/SOURCES.txt'
[0.873s] running build
[0.873s] running build_py
[0.873s] creating /home/abc/planning_with_ros2/build/data_plot/build
[0.873s] creating /home/abc/planning_with_ros2/build/data_plot/build/lib
[0.873s] creating /home/abc/planning_with_ros2/build/data_plot/build/lib/data_plot
[0.873s] copying data_plot/__init__.py -> /home/abc/planning_with_ros2/build/data_plot/build/lib/data_plot
[0.873s] copying data_plot/data_plot.py -> /home/abc/planning_with_ros2/build/data_plot/build/lib/data_plot
[0.873s] running install
[0.874s] running install_lib
[0.874s] creating /home/abc/planning_with_ros2/install/data_plot/lib/python3.10/site-packages/data_plot
[0.874s] copying /home/abc/planning_with_ros2/build/data_plot/build/lib/data_plot/__init__.py -> /home/abc/planning_with_ros2/install/data_plot/lib/python3.10/site-packages/data_plot
[0.874s] copying /home/abc/planning_with_ros2/build/data_plot/build/lib/data_plot/data_plot.py -> /home/abc/planning_with_ros2/install/data_plot/lib/python3.10/site-packages/data_plot
[0.875s] byte-compiling /home/abc/planning_with_ros2/install/data_plot/lib/python3.10/site-packages/data_plot/__init__.py to __init__.cpython-310.pyc
[0.875s] byte-compiling /home/abc/planning_with_ros2/install/data_plot/lib/python3.10/site-packages/data_plot/data_plot.py to data_plot.cpython-310.pyc
[0.875s] running install_data
[0.875s] creating /home/abc/planning_with_ros2/install/data_plot/share/ament_index
[0.875s] creating /home/abc/planning_with_ros2/install/data_plot/share/ament_index/resource_index
[0.875s] creating /home/abc/planning_with_ros2/install/data_plot/share/ament_index/resource_index/packages
[0.875s] copying resource/data_plot -> /home/abc/planning_with_ros2/install/data_plot/share/ament_index/resource_index/packages
[0.875s] copying package.xml -> /home/abc/planning_with_ros2/install/data_plot/share/data_plot
[0.876s] running install_egg_info
[0.877s] Copying ../../build/data_plot/data_plot.egg-info to /home/abc/planning_with_ros2/install/data_plot/lib/python3.10/site-packages/data_plot-0.0.0-py3.10.egg-info
[0.877s] running install_scripts
[0.895s] Installing data_plot script to /home/abc/planning_with_ros2/install/data_plot/lib/data_plot
[0.896s] writing list of installed files to '/home/abc/planning_with_ros2/build/data_plot/install.log'
[0.914s] Invoked command in '/home/abc/planning_with_ros2/src/data_plot' returned '0': PYTHONPATH=/home/abc/planning_with_ros2/build/data_plot/prefix_override:/usr/lib/python3/dist-packages/colcon_core/task/python/colcon_distutils_commands:/home/abc/planning_with_ros2/install/data_plot/lib/python3.10/site-packages:${PYTHONPATH} /usr/bin/python3 -W ignore:setup.py install is deprecated -W ignore:easy_install command is deprecated setup.py egg_info --egg-base ../../build/data_plot build --build-base /home/abc/planning_with_ros2/build/data_plot/build install --record /home/abc/planning_with_ros2/build/data_plot/install.log --single-version-externally-managed install_data
