[0.302s] Invoking command in '/home/abc/planning_with_ros2/build/planning': CMAKE_PREFIX_PATH=/home/abc/planning_with_ros2/install/base_msgs:/home/abc/planning_with_ros2/install/planning:/home/abc/planning_with_ros2/install/data_plot:/opt/ros/humble LD_LIBRARY_PATH=/home/abc/planning_with_ros2/install/base_msgs/lib:/home/abc/planning_with_ros2/install/planning/lib:/home/abc/planning_with_ros2/install/planning/lib:/home/abc/planning_with_ros2/install/planning/lib:/usr/lib/x86_64-linux-gnu/gazebo-11/plugins:/opt/ros/humble/opt/rviz_ogre_vendor/lib:/opt/ros/humble/lib/x86_64-linux-gnu:/opt/ros/humble/lib /usr/local/bin/cmake --build /home/abc/planning_with_ros2/build/planning -- -j12 -l12
[0.328s] [  5%] Built target config_reader
[0.331s] [ 14%] Built target mathlibs
[0.335s] [ 17%] [32mBuilding CXX object src/global_planner/CMakeFiles/global_planner.dir/global_planner_normal/global_planner_normal.cpp.o[0m
[0.344s] [ 25%] Built target pnc_map_creator
[0.346s] [ 34%] Built target vehicle_info
[0.349s] [ 42%] Built target reference_line
[0.359s] [ 48%] Built target decision_center
[0.360s] [ 54%] Built target pnc_map_server
[0.363s] [ 60%] Built target obs_move_cmd
[0.364s] [ 65%] Built target car_move_cmd
[0.380s] [ 82%] Built target local_planner
[0.399s] [ 91%] Built target planning_process
[3.139s] [01m[K/home/abc/planning_with_ros2/src/planning/src/global_planner/global_planner_normal/global_planner_normal.cpp:[m[K In member function ‘[01m[Kvirtual nav_msgs::msg::Path Planning::GlobalPlannerNormal::search_global_path(const PNCMap&)[m[K’:
[3.139s] [01m[K/home/abc/planning_with_ros2/src/planning/src/global_planner/global_planner_normal/global_planner_normal.cpp:39:5:[m[K [01;35m[Kwarning: [m[Kno return statement in function returning non-void [[01;35m[K]8;;https://gcc.gnu.org/onlinedocs/gcc/Warning-Options.html#index-Wreturn-type-Wreturn-type]8;;[m[K]
[3.139s]    39 |     [01;35m[K}[m[K
[3.139s]       |     [01;35m[K^[m[K
[3.139s] [01m[K/home/abc/planning_with_ros2/src/planning/src/global_planner/global_planner_normal/global_planner_normal.cpp:14:64:[m[K [01;35m[Kwarning: [m[Kunused parameter ‘[01m[Kpnc_map[m[K’ [[01;35m[K]8;;https://gcc.gnu.org/onlinedocs/gcc/Warning-Options.html#index-Wunused-parameter-Wunused-parameter]8;;[m[K]
[3.139s]    14 |     Path GlobalPlannerNormal::search_global_path([01;35m[Kconst PNCMap &pnc_map[m[K)
[3.139s]       |                                                  [01;35m[K~~~~~~~~~~~~~~^~~~~~~[m[K
[3.782s] [ 94%] [32m[1mLinking CXX shared library libglobal_planner.so[0m
[3.893s] [ 94%] Built target global_planner
[3.907s] [ 97%] [32m[1mLinking CXX executable global_path_server[0m
[4.170s] [100%] Built target global_path_server
[4.175s] Invoked command in '/home/abc/planning_with_ros2/build/planning' returned '0': CMAKE_PREFIX_PATH=/home/abc/planning_with_ros2/install/base_msgs:/home/abc/planning_with_ros2/install/planning:/home/abc/planning_with_ros2/install/data_plot:/opt/ros/humble LD_LIBRARY_PATH=/home/abc/planning_with_ros2/install/base_msgs/lib:/home/abc/planning_with_ros2/install/planning/lib:/home/abc/planning_with_ros2/install/planning/lib:/home/abc/planning_with_ros2/install/planning/lib:/usr/lib/x86_64-linux-gnu/gazebo-11/plugins:/opt/ros/humble/opt/rviz_ogre_vendor/lib:/opt/ros/humble/lib/x86_64-linux-gnu:/opt/ros/humble/lib /usr/local/bin/cmake --build /home/abc/planning_with_ros2/build/planning -- -j12 -l12
[4.176s] Invoking command in '/home/abc/planning_with_ros2/build/planning': CMAKE_PREFIX_PATH=/home/abc/planning_with_ros2/install/base_msgs:/home/abc/planning_with_ros2/install/planning:/home/abc/planning_with_ros2/install/data_plot:/opt/ros/humble LD_LIBRARY_PATH=/home/abc/planning_with_ros2/install/base_msgs/lib:/home/abc/planning_with_ros2/install/planning/lib:/home/abc/planning_with_ros2/install/planning/lib:/home/abc/planning_with_ros2/install/planning/lib:/usr/lib/x86_64-linux-gnu/gazebo-11/plugins:/opt/ros/humble/opt/rviz_ogre_vendor/lib:/opt/ros/humble/lib/x86_64-linux-gnu:/opt/ros/humble/lib /usr/local/bin/cmake --install /home/abc/planning_with_ros2/build/planning
[4.178s] -- Install configuration: ""
[4.178s] -- Up-to-date: /home/abc/planning_with_ros2/install/planning/lib/libconfig_reader.so
[4.179s] -- Up-to-date: /home/abc/planning_with_ros2/install/planning/lib/libmathlibs.so
[4.179s] -- Up-to-date: /home/abc/planning_with_ros2/install/planning/lib/libdecision_center.so
[4.179s] -- Up-to-date: /home/abc/planning_with_ros2/install/planning/lib/libpnc_map_creator.so
[4.180s] -- Up-to-date: /home/abc/planning_with_ros2/install/planning/lib/planning/pnc_map_server
[4.180s] -- Installing: /home/abc/planning_with_ros2/install/planning/lib/libglobal_planner.so
[4.181s] -- Set non-toolchain portion of runtime path of "/home/abc/planning_with_ros2/install/planning/lib/libglobal_planner.so" to ""
[4.181s] -- Installing: /home/abc/planning_with_ros2/install/planning/lib/planning/global_path_server
[4.182s] -- Set non-toolchain portion of runtime path of "/home/abc/planning_with_ros2/install/planning/lib/planning/global_path_server" to ""
[4.183s] -- Up-to-date: /home/abc/planning_with_ros2/install/planning/lib/liblocal_planner.so
[4.183s] -- Up-to-date: /home/abc/planning_with_ros2/install/planning/lib/libreference_line.so
[4.184s] -- Up-to-date: /home/abc/planning_with_ros2/install/planning/lib/libvehicle_info.so
[4.184s] -- Up-to-date: /home/abc/planning_with_ros2/install/planning/lib/planning/planning_process
[4.184s] -- Up-to-date: /home/abc/planning_with_ros2/install/planning/lib/planning/car_move_cmd
[4.185s] -- Up-to-date: /home/abc/planning_with_ros2/install/planning/lib/planning/obs_move_cmd
[4.185s] -- Up-to-date: /home/abc/planning_with_ros2/install/planning/share/planning/config
[4.185s] -- Up-to-date: /home/abc/planning_with_ros2/install/planning/share/planning/config/planning_static_obs_config.yaml
[4.185s] -- Up-to-date: /home/abc/planning_with_ros2/install/planning/share/planning/launch
[4.185s] -- Up-to-date: /home/abc/planning_with_ros2/install/planning/share/planning/launch/planning_launch.py
[4.186s] -- Up-to-date: /home/abc/planning_with_ros2/install/planning/share/planning/urdf
[4.186s] -- Up-to-date: /home/abc/planning_with_ros2/install/planning/share/planning/urdf/main_car
[4.186s] -- Up-to-date: /home/abc/planning_with_ros2/install/planning/share/planning/urdf/main_car/car_camera.xacro
[4.186s] -- Up-to-date: /home/abc/planning_with_ros2/install/planning/share/planning/urdf/main_car/car_base.xacro
[4.186s] -- Up-to-date: /home/abc/planning_with_ros2/install/planning/share/planning/urdf/main_car/car_radar.xacro
[4.186s] -- Up-to-date: /home/abc/planning_with_ros2/install/planning/share/planning/urdf/main_car/car.xacro
[4.186s] -- Up-to-date: /home/abc/planning_with_ros2/install/planning/share/planning/urdf/main_car/car_wheels.xacro
[4.186s] -- Up-to-date: /home/abc/planning_with_ros2/install/planning/share/planning/urdf/obs_car
[4.186s] -- Up-to-date: /home/abc/planning_with_ros2/install/planning/share/planning/rviz
[4.186s] -- Up-to-date: /home/abc/planning_with_ros2/install/planning/share/planning/rviz/planning.rviz
[4.186s] -- Up-to-date: /home/abc/planning_with_ros2/install/planning/share/ament_index/resource_index/package_run_dependencies/planning
[4.187s] -- Up-to-date: /home/abc/planning_with_ros2/install/planning/share/ament_index/resource_index/parent_prefix_path/planning
[4.187s] -- Up-to-date: /home/abc/planning_with_ros2/install/planning/share/planning/environment/ament_prefix_path.sh
[4.187s] -- Installing: /home/abc/planning_with_ros2/install/planning/share/planning/environment/ament_prefix_path.dsv
[4.187s] -- Up-to-date: /home/abc/planning_with_ros2/install/planning/share/planning/environment/path.sh
[4.187s] -- Installing: /home/abc/planning_with_ros2/install/planning/share/planning/environment/path.dsv
[4.187s] -- Up-to-date: /home/abc/planning_with_ros2/install/planning/share/planning/local_setup.bash
[4.187s] -- Up-to-date: /home/abc/planning_with_ros2/install/planning/share/planning/local_setup.sh
[4.187s] -- Up-to-date: /home/abc/planning_with_ros2/install/planning/share/planning/local_setup.zsh
[4.187s] -- Installing: /home/abc/planning_with_ros2/install/planning/share/planning/local_setup.dsv
[4.187s] -- Installing: /home/abc/planning_with_ros2/install/planning/share/planning/package.dsv
[4.187s] -- Up-to-date: /home/abc/planning_with_ros2/install/planning/share/ament_index/resource_index/packages/planning
[4.187s] -- Up-to-date: /home/abc/planning_with_ros2/install/planning/share/planning/cmake/planningConfig.cmake
[4.187s] -- Up-to-date: /home/abc/planning_with_ros2/install/planning/share/planning/cmake/planningConfig-version.cmake
[4.187s] -- Up-to-date: /home/abc/planning_with_ros2/install/planning/share/planning/package.xml
[4.189s] Invoked command in '/home/abc/planning_with_ros2/build/planning' returned '0': CMAKE_PREFIX_PATH=/home/abc/planning_with_ros2/install/base_msgs:/home/abc/planning_with_ros2/install/planning:/home/abc/planning_with_ros2/install/data_plot:/opt/ros/humble LD_LIBRARY_PATH=/home/abc/planning_with_ros2/install/base_msgs/lib:/home/abc/planning_with_ros2/install/planning/lib:/home/abc/planning_with_ros2/install/planning/lib:/home/abc/planning_with_ros2/install/planning/lib:/usr/lib/x86_64-linux-gnu/gazebo-11/plugins:/opt/ros/humble/opt/rviz_ogre_vendor/lib:/opt/ros/humble/lib/x86_64-linux-gnu:/opt/ros/humble/lib /usr/local/bin/cmake --install /home/abc/planning_with_ros2/build/planning
