[0.257s] Invoking command in '/home/abc/planning_with_ros2/build/planning': CMAKE_PREFIX_PATH=/home/abc/planning_with_ros2/install/base_msgs:/home/abc/planning_with_ros2/install/planning:/home/abc/planning_with_ros2/install/data_plot:/opt/ros/humble LD_LIBRARY_PATH=/home/abc/planning_with_ros2/install/base_msgs/lib:/home/abc/planning_with_ros2/install/planning/lib:/home/abc/planning_with_ros2/install/planning/lib:/home/abc/planning_with_ros2/install/planning/lib:/usr/lib/x86_64-linux-gnu/gazebo-11/plugins:/opt/ros/humble/opt/rviz_ogre_vendor/lib:/opt/ros/humble/lib/x86_64-linux-gnu:/opt/ros/humble/lib /usr/local/bin/cmake --build /home/abc/planning_with_ros2/build/planning -- -j12 -l12
[0.286s] [  5%] Built target config_reader
[0.287s] [ 11%] Built target global_planner
[0.288s] [ 20%] Built target pnc_map_creator
[0.289s] [ 28%] Built target mathlibs
[0.301s] [ 37%] Built target global_path_server
[0.301s] [ 40%] Built target pnc_map_server
[0.302s] [ 48%] Built target vehicle_info
[0.305s] [ 57%] Built target reference_line
[0.317s] [ 68%] Built target decision_center
[0.317s] [ 74%] Built target obs_move_cmd
[0.317s] [ 74%] Built target car_move_cmd
[0.336s] [ 91%] Built target local_planner
[0.354s] [ 94%] [32mBuilding CXX object src/planning_process/CMakeFiles/planning_process.dir/planning_process.cpp.o[0m
[3.864s] /home/abc/planning_with_ros2/src/planning/src/planning_process/planning_process.cpp: In instantiation of ‘[01m[Kbool Planning::PlanningProcess::connet_server(const T&) [with T = std::shared_ptr<rclcpp::Client<base_msgs::srv::PNCMapService> >][m[K’:
[3.864s] [01m[K/home/abc/planning_with_ros2/src/planning/src/planning_process/planning_process.cpp:31:27:[m[K   required from here
[3.864s] [01m[K/home/abc/planning_with_ros2/src/planning/src/planning_process/planning_process.cpp:58:50:[m[K [01;35m[Kwarning: [m[Kunused parameter ‘[01m[Kclient[m[K’ [[01;35m[K]8;;https://gcc.gnu.org/onlinedocs/gcc/Warning-Options.html#index-Wunused-parameter-Wunused-parameter]8;;[m[K]
[3.864s]    58 |     bool PlanningProcess::connet_server([01;35m[Kconst T &client[m[K)
[3.864s]       |                                         [01;35m[K~~~~~~~~~^~~~~~[m[K
[3.864s] /home/abc/planning_with_ros2/src/planning/src/planning_process/planning_process.cpp: In instantiation of ‘[01m[Kbool Planning::PlanningProcess::connet_server(const T&) [with T = std::shared_ptr<rclcpp::Client<base_msgs::srv::GlobalPathService> >][m[K’:
[3.864s] [01m[K/home/abc/planning_with_ros2/src/planning/src/planning_process/planning_process.cpp:43:27:[m[K   required from here
[3.864s] [01m[K/home/abc/planning_with_ros2/src/planning/src/planning_process/planning_process.cpp:58:50:[m[K [01;35m[Kwarning: [m[Kunused parameter ‘[01m[Kclient[m[K’ [[01;35m[K]8;;https://gcc.gnu.org/onlinedocs/gcc/Warning-Options.html#index-Wunused-parameter-Wunused-parameter]8;;[m[K]
[5.369s] [ 97%] [32m[1mLinking CXX executable planning_process[0m
[5.604s] [100%] Built target planning_process
[5.608s] Invoked command in '/home/abc/planning_with_ros2/build/planning' returned '0': CMAKE_PREFIX_PATH=/home/abc/planning_with_ros2/install/base_msgs:/home/abc/planning_with_ros2/install/planning:/home/abc/planning_with_ros2/install/data_plot:/opt/ros/humble LD_LIBRARY_PATH=/home/abc/planning_with_ros2/install/base_msgs/lib:/home/abc/planning_with_ros2/install/planning/lib:/home/abc/planning_with_ros2/install/planning/lib:/home/abc/planning_with_ros2/install/planning/lib:/usr/lib/x86_64-linux-gnu/gazebo-11/plugins:/opt/ros/humble/opt/rviz_ogre_vendor/lib:/opt/ros/humble/lib/x86_64-linux-gnu:/opt/ros/humble/lib /usr/local/bin/cmake --build /home/abc/planning_with_ros2/build/planning -- -j12 -l12
[5.609s] Invoking command in '/home/abc/planning_with_ros2/build/planning': CMAKE_PREFIX_PATH=/home/abc/planning_with_ros2/install/base_msgs:/home/abc/planning_with_ros2/install/planning:/home/abc/planning_with_ros2/install/data_plot:/opt/ros/humble LD_LIBRARY_PATH=/home/abc/planning_with_ros2/install/base_msgs/lib:/home/abc/planning_with_ros2/install/planning/lib:/home/abc/planning_with_ros2/install/planning/lib:/home/abc/planning_with_ros2/install/planning/lib:/usr/lib/x86_64-linux-gnu/gazebo-11/plugins:/opt/ros/humble/opt/rviz_ogre_vendor/lib:/opt/ros/humble/lib/x86_64-linux-gnu:/opt/ros/humble/lib /usr/local/bin/cmake --install /home/abc/planning_with_ros2/build/planning
[5.611s] -- Install configuration: ""
[5.612s] -- Up-to-date: /home/abc/planning_with_ros2/install/planning/lib/libconfig_reader.so
[5.613s] -- Up-to-date: /home/abc/planning_with_ros2/install/planning/lib/libmathlibs.so
[5.613s] -- Up-to-date: /home/abc/planning_with_ros2/install/planning/lib/libdecision_center.so
[5.614s] -- Up-to-date: /home/abc/planning_with_ros2/install/planning/lib/libpnc_map_creator.so
[5.615s] -- Up-to-date: /home/abc/planning_with_ros2/install/planning/lib/planning/pnc_map_server
[5.616s] -- Up-to-date: /home/abc/planning_with_ros2/install/planning/lib/libglobal_planner.so
[5.617s] -- Up-to-date: /home/abc/planning_with_ros2/install/planning/lib/planning/global_path_server
[5.618s] -- Up-to-date: /home/abc/planning_with_ros2/install/planning/lib/liblocal_planner.so
[5.619s] -- Up-to-date: /home/abc/planning_with_ros2/install/planning/lib/libreference_line.so
[5.619s] -- Up-to-date: /home/abc/planning_with_ros2/install/planning/lib/libvehicle_info.so
[5.620s] -- Installing: /home/abc/planning_with_ros2/install/planning/lib/planning/planning_process
[5.621s] -- Set non-toolchain portion of runtime path of "/home/abc/planning_with_ros2/install/planning/lib/planning/planning_process" to ""
[5.622s] -- Up-to-date: /home/abc/planning_with_ros2/install/planning/lib/planning/car_move_cmd
[5.623s] -- Up-to-date: /home/abc/planning_with_ros2/install/planning/lib/planning/obs_move_cmd
[5.623s] -- Up-to-date: /home/abc/planning_with_ros2/install/planning/share/planning/config
[5.623s] -- Up-to-date: /home/abc/planning_with_ros2/install/planning/share/planning/config/planning_static_obs_config.yaml
[5.623s] -- Up-to-date: /home/abc/planning_with_ros2/install/planning/share/planning/launch
[5.623s] -- Up-to-date: /home/abc/planning_with_ros2/install/planning/share/planning/launch/planning_launch.py
[5.623s] -- Up-to-date: /home/abc/planning_with_ros2/install/planning/share/planning/urdf
[5.623s] -- Up-to-date: /home/abc/planning_with_ros2/install/planning/share/planning/urdf/main_car
[5.624s] -- Up-to-date: /home/abc/planning_with_ros2/install/planning/share/planning/urdf/main_car/car_camera.xacro
[5.624s] -- Up-to-date: /home/abc/planning_with_ros2/install/planning/share/planning/urdf/main_car/car_base.xacro
[5.624s] -- Up-to-date: /home/abc/planning_with_ros2/install/planning/share/planning/urdf/main_car/car_radar.xacro
[5.624s] -- Up-to-date: /home/abc/planning_with_ros2/install/planning/share/planning/urdf/main_car/car.xacro
[5.624s] -- Up-to-date: /home/abc/planning_with_ros2/install/planning/share/planning/urdf/main_car/car_wheels.xacro
[5.624s] -- Up-to-date: /home/abc/planning_with_ros2/install/planning/share/planning/urdf/obs_car
[5.624s] -- Up-to-date: /home/abc/planning_with_ros2/install/planning/share/planning/rviz
[5.624s] -- Up-to-date: /home/abc/planning_with_ros2/install/planning/share/planning/rviz/planning.rviz
[5.624s] -- Up-to-date: /home/abc/planning_with_ros2/install/planning/share/ament_index/resource_index/package_run_dependencies/planning
[5.624s] -- Up-to-date: /home/abc/planning_with_ros2/install/planning/share/ament_index/resource_index/parent_prefix_path/planning
[5.624s] -- Up-to-date: /home/abc/planning_with_ros2/install/planning/share/planning/environment/ament_prefix_path.sh
[5.624s] -- Up-to-date: /home/abc/planning_with_ros2/install/planning/share/planning/environment/ament_prefix_path.dsv
[5.624s] -- Up-to-date: /home/abc/planning_with_ros2/install/planning/share/planning/environment/path.sh
[5.624s] -- Up-to-date: /home/abc/planning_with_ros2/install/planning/share/planning/environment/path.dsv
[5.625s] -- Up-to-date: /home/abc/planning_with_ros2/install/planning/share/planning/local_setup.bash
[5.625s] -- Up-to-date: /home/abc/planning_with_ros2/install/planning/share/planning/local_setup.sh
[5.625s] -- Up-to-date: /home/abc/planning_with_ros2/install/planning/share/planning/local_setup.zsh
[5.625s] -- Up-to-date: /home/abc/planning_with_ros2/install/planning/share/planning/local_setup.dsv
[5.625s] -- Installing: /home/abc/planning_with_ros2/install/planning/share/planning/package.dsv
[5.625s] -- Up-to-date: /home/abc/planning_with_ros2/install/planning/share/ament_index/resource_index/packages/planning
[5.625s] -- Up-to-date: /home/abc/planning_with_ros2/install/planning/share/planning/cmake/planningConfig.cmake
[5.625s] -- Up-to-date: /home/abc/planning_with_ros2/install/planning/share/planning/cmake/planningConfig-version.cmake
[5.625s] -- Up-to-date: /home/abc/planning_with_ros2/install/planning/share/planning/package.xml
[5.626s] Invoked command in '/home/abc/planning_with_ros2/build/planning' returned '0': CMAKE_PREFIX_PATH=/home/abc/planning_with_ros2/install/base_msgs:/home/abc/planning_with_ros2/install/planning:/home/abc/planning_with_ros2/install/data_plot:/opt/ros/humble LD_LIBRARY_PATH=/home/abc/planning_with_ros2/install/base_msgs/lib:/home/abc/planning_with_ros2/install/planning/lib:/home/abc/planning_with_ros2/install/planning/lib:/home/abc/planning_with_ros2/install/planning/lib:/usr/lib/x86_64-linux-gnu/gazebo-11/plugins:/opt/ros/humble/opt/rviz_ogre_vendor/lib:/opt/ros/humble/lib/x86_64-linux-gnu:/opt/ros/humble/lib /usr/local/bin/cmake --install /home/abc/planning_with_ros2/build/planning
