[  5%] Built target config_reader
[ 12%] Built target osqp_test
[ 15%] Built target newton_test
[ 23%] Built target mathlibs
[ 28%] Built target global_planner
[ 35%] Built target pnc_map_creator
[ 43%] Built target vehicle_info
[ 51%] Built target reference_line
[ 56%] Built target global_path_server
[ 61%] Built target pnc_map_server
[ 64%] [32mBuilding CXX object src/move_cmd/CMakeFiles/obs_move_cmd.dir/obs_move_cmd.cpp.o[0m
[ 69%] Built target decision_center
[ 74%] Built target car_move_cmd
[ 76%] [32mBuilding CXX object src/local_planner/CMakeFiles/local_planner.dir/local_path/local_path_planner.cpp.o[0m
[ 79%] [32mBuilding CXX object src/local_planner/CMakeFiles/local_planner.dir/local_trajectory_combiner.cpp.o[0m
[ 84%] [32mBuilding CXX object src/local_planner/CMakeFiles/local_planner.dir/local_path/local_path_smoother.cpp.o[0m
[ 84%] [32mBuilding CXX object src/local_planner/CMakeFiles/local_planner.dir/local_speeds/local_speeds_planner.cpp.o[0m
[ 87%] [32mBuilding CXX object src/local_planner/CMakeFiles/local_planner.dir/local_speeds/local_speeds_smoother.cpp.o[0m
[ 89%] [32m[1mLinking CXX shared library liblocal_planner.so[0m
[ 89%] Built target local_planner
[ 92%] [32mBuilding CXX object src/planning_process/CMakeFiles/planning_process.dir/planning_process_main.cpp.o[0m
[ 94%] [32mBuilding CXX object src/planning_process/CMakeFiles/planning_process.dir/planning_process.cpp.o[0m
[ 97%] [32m[1mLinking CXX executable obs_move_cmd[0m
[ 97%] Built target obs_move_cmd
[100%] [32m[1mLinking CXX executable planning_process[0m
[100%] Built target planning_process
-- Install configuration: ""
-- Installing: /home/abc/planning_with_ros2/install/planning/lib/libconfig_reader.so
-- Set non-toolchain portion of runtime path of "/home/abc/planning_with_ros2/install/planning/lib/libconfig_reader.so" to ""
-- Installing: /home/abc/planning_with_ros2/install/planning/lib/libmathlibs.so
-- Set non-toolchain portion of runtime path of "/home/abc/planning_with_ros2/install/planning/lib/libmathlibs.so" to ""
-- Installing: /home/abc/planning_with_ros2/install/planning/lib/libdecision_center.so
-- Set non-toolchain portion of runtime path of "/home/abc/planning_with_ros2/install/planning/lib/libdecision_center.so" to ""
-- Installing: /home/abc/planning_with_ros2/install/planning/lib/libpnc_map_creator.so
-- Set non-toolchain portion of runtime path of "/home/abc/planning_with_ros2/install/planning/lib/libpnc_map_creator.so" to ""
-- Installing: /home/abc/planning_with_ros2/install/planning/lib/planning/pnc_map_server
-- Set non-toolchain portion of runtime path of "/home/abc/planning_with_ros2/install/planning/lib/planning/pnc_map_server" to ""
-- Installing: /home/abc/planning_with_ros2/install/planning/lib/libglobal_planner.so
-- Set non-toolchain portion of runtime path of "/home/abc/planning_with_ros2/install/planning/lib/libglobal_planner.so" to ""
-- Installing: /home/abc/planning_with_ros2/install/planning/lib/planning/global_path_server
-- Set non-toolchain portion of runtime path of "/home/abc/planning_with_ros2/install/planning/lib/planning/global_path_server" to ""
-- Installing: /home/abc/planning_with_ros2/install/planning/lib/liblocal_planner.so
-- Set non-toolchain portion of runtime path of "/home/abc/planning_with_ros2/install/planning/lib/liblocal_planner.so" to ""
-- Installing: /home/abc/planning_with_ros2/install/planning/lib/libreference_line.so
-- Set non-toolchain portion of runtime path of "/home/abc/planning_with_ros2/install/planning/lib/libreference_line.so" to ""
-- Installing: /home/abc/planning_with_ros2/install/planning/lib/planning/osqp_test
-- Set non-toolchain portion of runtime path of "/home/abc/planning_with_ros2/install/planning/lib/planning/osqp_test" to ""
-- Installing: /home/abc/planning_with_ros2/install/planning/lib/planning/newton_test
-- Set non-toolchain portion of runtime path of "/home/abc/planning_with_ros2/install/planning/lib/planning/newton_test" to ""
-- Installing: /home/abc/planning_with_ros2/install/planning/lib/libvehicle_info.so
-- Set non-toolchain portion of runtime path of "/home/abc/planning_with_ros2/install/planning/lib/libvehicle_info.so" to ""
-- Installing: /home/abc/planning_with_ros2/install/planning/lib/planning/planning_process
-- Set non-toolchain portion of runtime path of "/home/abc/planning_with_ros2/install/planning/lib/planning/planning_process" to ""
-- Installing: /home/abc/planning_with_ros2/install/planning/lib/planning/car_move_cmd
-- Set non-toolchain portion of runtime path of "/home/abc/planning_with_ros2/install/planning/lib/planning/car_move_cmd" to ""
-- Installing: /home/abc/planning_with_ros2/install/planning/lib/planning/obs_move_cmd
-- Set non-toolchain portion of runtime path of "/home/abc/planning_with_ros2/install/planning/lib/planning/obs_move_cmd" to ""
-- Installing: /home/abc/planning_with_ros2/install/planning/share/planning/config
-- Installing: /home/abc/planning_with_ros2/install/planning/share/planning/config/planning_static_obs_config.yaml
-- Installing: /home/abc/planning_with_ros2/install/planning/share/planning/config/planning_dynamic_obs_config.yaml
-- Installing: /home/abc/planning_with_ros2/install/planning/share/planning/launch
-- Installing: /home/abc/planning_with_ros2/install/planning/share/planning/launch/planning_launch.py
-- Installing: /home/abc/planning_with_ros2/install/planning/share/planning/launch/move_cmd_launch.py
-- Installing: /home/abc/planning_with_ros2/install/planning/share/planning/urdf
-- Installing: /home/abc/planning_with_ros2/install/planning/share/planning/urdf/main_car
-- Installing: /home/abc/planning_with_ros2/install/planning/share/planning/urdf/main_car/car_camera.xacro
-- Installing: /home/abc/planning_with_ros2/install/planning/share/planning/urdf/main_car/car_base.xacro
-- Installing: /home/abc/planning_with_ros2/install/planning/share/planning/urdf/main_car/car_radar.xacro
-- Installing: /home/abc/planning_with_ros2/install/planning/share/planning/urdf/main_car/car.xacro
-- Installing: /home/abc/planning_with_ros2/install/planning/share/planning/urdf/main_car/car_wheels.xacro
-- Installing: /home/abc/planning_with_ros2/install/planning/share/planning/urdf/obs_car
-- Installing: /home/abc/planning_with_ros2/install/planning/share/planning/urdf/obs_car/obs_car.xacro
-- Installing: /home/abc/planning_with_ros2/install/planning/share/planning/rviz
-- Installing: /home/abc/planning_with_ros2/install/planning/share/planning/rviz/planning.rviz
-- Installing: /home/abc/planning_with_ros2/install/planning/share/ament_index/resource_index/package_run_dependencies/planning
-- Installing: /home/abc/planning_with_ros2/install/planning/share/ament_index/resource_index/parent_prefix_path/planning
-- Installing: /home/abc/planning_with_ros2/install/planning/share/planning/environment/ament_prefix_path.sh
-- Installing: /home/abc/planning_with_ros2/install/planning/share/planning/environment/ament_prefix_path.dsv
-- Installing: /home/abc/planning_with_ros2/install/planning/share/planning/environment/path.sh
-- Installing: /home/abc/planning_with_ros2/install/planning/share/planning/environment/path.dsv
-- Installing: /home/abc/planning_with_ros2/install/planning/share/planning/local_setup.bash
-- Installing: /home/abc/planning_with_ros2/install/planning/share/planning/local_setup.sh
-- Installing: /home/abc/planning_with_ros2/install/planning/share/planning/local_setup.zsh
-- Installing: /home/abc/planning_with_ros2/install/planning/share/planning/local_setup.dsv
-- Installing: /home/abc/planning_with_ros2/install/planning/share/planning/package.dsv
-- Installing: /home/abc/planning_with_ros2/install/planning/share/ament_index/resource_index/packages/planning
-- Installing: /home/abc/planning_with_ros2/install/planning/share/planning/cmake/planningConfig.cmake
-- Installing: /home/abc/planning_with_ros2/install/planning/share/planning/cmake/planningConfig-version.cmake
-- Installing: /home/abc/planning_with_ros2/install/planning/share/planning/package.xml
