[0.257s] Invoking command in '/home/abc/planning_with_ros2/build/planning': CMAKE_PREFIX_PATH=/home/abc/planning_with_ros2/install/base_msgs:/home/abc/planning_with_ros2/install/planning:/home/abc/perception_with_ros2/install/perception:/home/abc/perception_with_ros2/install/base_msgs_per:/home/abc/planning_with_ros2/install/data_plot:/home/abc/perception_with_ros2/install/data_plot_per:/opt/ros/humble LD_LIBRARY_PATH=/home/abc/planning_with_ros2/install/base_msgs/lib:/usr/local/cuda-11.8/lib64:/home/abc/planning_with_ros2/install/planning/lib:/usr/local/cuda-11.8/lib64:/home/abc/planning_with_ros2/install/planning/lib:/home/abc/planning_with_ros2/install/planning/lib:/home/abc/perception_with_ros2/install/perception/lib:/home/abc/perception_with_ros2/install/base_msgs_per/lib:/usr/lib/x86_64-linux-gnu/gazebo-11/plugins:/opt/ros/humble/opt/rviz_ogre_vendor/lib:/opt/ros/humble/lib/x86_64-linux-gnu:/opt/ros/humble/lib:/home/abc/TensorRT-8.6/lib:/home/abc/TensorRT-8.6/lib /usr/local/bin/cmake --build /home/abc/planning_with_ros2/build/planning -- -j12 -l12
[0.280s] [  5%] Built target config_reader
[0.283s] [ 12%] Built target osqp_test
[0.284s] [ 15%] Built target newton_test
[0.287s] [ 23%] Built target mathlibs
[0.294s] [ 28%] Built target global_planner
[0.297s] [ 35%] Built target pnc_map_creator
[0.305s] [ 43%] Built target vehicle_info
[0.308s] [ 51%] Built target reference_line
[0.309s] [ 56%] Built target global_path_server
[0.313s] [ 61%] Built target pnc_map_server
[0.314s] [ 64%] [32mBuilding CXX object src/move_cmd/CMakeFiles/obs_move_cmd.dir/obs_move_cmd.cpp.o[0m
[0.320s] [ 69%] Built target decision_center
[0.321s] [ 74%] Built target car_move_cmd
[0.327s] [ 76%] [32mBuilding CXX object src/local_planner/CMakeFiles/local_planner.dir/local_path/local_path_planner.cpp.o[0m
[0.327s] [ 79%] [32mBuilding CXX object src/local_planner/CMakeFiles/local_planner.dir/local_trajectory_combiner.cpp.o[0m
[0.327s] [ 84%] [32mBuilding CXX object src/local_planner/CMakeFiles/local_planner.dir/local_path/local_path_smoother.cpp.o[0m
[0.328s] [ 84%] [32mBuilding CXX object src/local_planner/CMakeFiles/local_planner.dir/local_speeds/local_speeds_planner.cpp.o[0m
[0.328s] [ 87%] [32mBuilding CXX object src/local_planner/CMakeFiles/local_planner.dir/local_speeds/local_speeds_smoother.cpp.o[0m
[5.054s] [ 89%] [32m[1mLinking CXX shared library liblocal_planner.so[0m
[5.252s] [ 89%] Built target local_planner
[5.259s] [ 92%] [32mBuilding CXX object src/planning_process/CMakeFiles/planning_process.dir/planning_process_main.cpp.o[0m
[5.259s] [ 94%] [32mBuilding CXX object src/planning_process/CMakeFiles/planning_process.dir/planning_process.cpp.o[0m
[5.674s] [ 97%] [32m[1mLinking CXX executable obs_move_cmd[0m
[5.892s] [ 97%] Built target obs_move_cmd
[19.610s] [100%] [32m[1mLinking CXX executable planning_process[0m
[20.222s] [100%] Built target planning_process
[20.226s] Invoked command in '/home/abc/planning_with_ros2/build/planning' returned '0': CMAKE_PREFIX_PATH=/home/abc/planning_with_ros2/install/base_msgs:/home/abc/planning_with_ros2/install/planning:/home/abc/perception_with_ros2/install/perception:/home/abc/perception_with_ros2/install/base_msgs_per:/home/abc/planning_with_ros2/install/data_plot:/home/abc/perception_with_ros2/install/data_plot_per:/opt/ros/humble LD_LIBRARY_PATH=/home/abc/planning_with_ros2/install/base_msgs/lib:/usr/local/cuda-11.8/lib64:/home/abc/planning_with_ros2/install/planning/lib:/usr/local/cuda-11.8/lib64:/home/abc/planning_with_ros2/install/planning/lib:/home/abc/planning_with_ros2/install/planning/lib:/home/abc/perception_with_ros2/install/perception/lib:/home/abc/perception_with_ros2/install/base_msgs_per/lib:/usr/lib/x86_64-linux-gnu/gazebo-11/plugins:/opt/ros/humble/opt/rviz_ogre_vendor/lib:/opt/ros/humble/lib/x86_64-linux-gnu:/opt/ros/humble/lib:/home/abc/TensorRT-8.6/lib:/home/abc/TensorRT-8.6/lib /usr/local/bin/cmake --build /home/abc/planning_with_ros2/build/planning -- -j12 -l12
[20.228s] Invoking command in '/home/abc/planning_with_ros2/build/planning': CMAKE_PREFIX_PATH=/home/abc/planning_with_ros2/install/base_msgs:/home/abc/planning_with_ros2/install/planning:/home/abc/perception_with_ros2/install/perception:/home/abc/perception_with_ros2/install/base_msgs_per:/home/abc/planning_with_ros2/install/data_plot:/home/abc/perception_with_ros2/install/data_plot_per:/opt/ros/humble LD_LIBRARY_PATH=/home/abc/planning_with_ros2/install/base_msgs/lib:/usr/local/cuda-11.8/lib64:/home/abc/planning_with_ros2/install/planning/lib:/usr/local/cuda-11.8/lib64:/home/abc/planning_with_ros2/install/planning/lib:/home/abc/planning_with_ros2/install/planning/lib:/home/abc/perception_with_ros2/install/perception/lib:/home/abc/perception_with_ros2/install/base_msgs_per/lib:/usr/lib/x86_64-linux-gnu/gazebo-11/plugins:/opt/ros/humble/opt/rviz_ogre_vendor/lib:/opt/ros/humble/lib/x86_64-linux-gnu:/opt/ros/humble/lib:/home/abc/TensorRT-8.6/lib:/home/abc/TensorRT-8.6/lib /usr/local/bin/cmake --install /home/abc/planning_with_ros2/build/planning
[20.229s] -- Install configuration: ""
[20.229s] -- Installing: /home/abc/planning_with_ros2/install/planning/lib/libconfig_reader.so
[20.230s] -- Set non-toolchain portion of runtime path of "/home/abc/planning_with_ros2/install/planning/lib/libconfig_reader.so" to ""
[20.230s] -- Installing: /home/abc/planning_with_ros2/install/planning/lib/libmathlibs.so
[20.234s] -- Set non-toolchain portion of runtime path of "/home/abc/planning_with_ros2/install/planning/lib/libmathlibs.so" to ""
[20.234s] -- Installing: /home/abc/planning_with_ros2/install/planning/lib/libdecision_center.so
[20.234s] -- Set non-toolchain portion of runtime path of "/home/abc/planning_with_ros2/install/planning/lib/libdecision_center.so" to ""
[20.235s] -- Installing: /home/abc/planning_with_ros2/install/planning/lib/libpnc_map_creator.so
[20.235s] -- Set non-toolchain portion of runtime path of "/home/abc/planning_with_ros2/install/planning/lib/libpnc_map_creator.so" to ""
[20.235s] -- Installing: /home/abc/planning_with_ros2/install/planning/lib/planning/pnc_map_server
[20.237s] -- Set non-toolchain portion of runtime path of "/home/abc/planning_with_ros2/install/planning/lib/planning/pnc_map_server" to ""
[20.237s] -- Installing: /home/abc/planning_with_ros2/install/planning/lib/libglobal_planner.so
[20.237s] -- Set non-toolchain portion of runtime path of "/home/abc/planning_with_ros2/install/planning/lib/libglobal_planner.so" to ""
[20.237s] -- Installing: /home/abc/planning_with_ros2/install/planning/lib/planning/global_path_server
[20.239s] -- Set non-toolchain portion of runtime path of "/home/abc/planning_with_ros2/install/planning/lib/planning/global_path_server" to ""
[20.239s] -- Installing: /home/abc/planning_with_ros2/install/planning/lib/liblocal_planner.so
[20.239s] -- Set non-toolchain portion of runtime path of "/home/abc/planning_with_ros2/install/planning/lib/liblocal_planner.so" to ""
[20.240s] -- Installing: /home/abc/planning_with_ros2/install/planning/lib/libreference_line.so
[20.240s] -- Set non-toolchain portion of runtime path of "/home/abc/planning_with_ros2/install/planning/lib/libreference_line.so" to ""
[20.241s] -- Installing: /home/abc/planning_with_ros2/install/planning/lib/planning/osqp_test
[20.241s] -- Set non-toolchain portion of runtime path of "/home/abc/planning_with_ros2/install/planning/lib/planning/osqp_test" to ""
[20.241s] -- Installing: /home/abc/planning_with_ros2/install/planning/lib/planning/newton_test
[20.241s] -- Set non-toolchain portion of runtime path of "/home/abc/planning_with_ros2/install/planning/lib/planning/newton_test" to ""
[20.242s] -- Installing: /home/abc/planning_with_ros2/install/planning/lib/libvehicle_info.so
[20.242s] -- Set non-toolchain portion of runtime path of "/home/abc/planning_with_ros2/install/planning/lib/libvehicle_info.so" to ""
[20.242s] -- Installing: /home/abc/planning_with_ros2/install/planning/lib/planning/planning_process
[20.246s] -- Set non-toolchain portion of runtime path of "/home/abc/planning_with_ros2/install/planning/lib/planning/planning_process" to ""
[20.246s] -- Installing: /home/abc/planning_with_ros2/install/planning/lib/planning/car_move_cmd
[20.249s] -- Set non-toolchain portion of runtime path of "/home/abc/planning_with_ros2/install/planning/lib/planning/car_move_cmd" to ""
[20.249s] -- Installing: /home/abc/planning_with_ros2/install/planning/lib/planning/obs_move_cmd
[20.250s] -- Set non-toolchain portion of runtime path of "/home/abc/planning_with_ros2/install/planning/lib/planning/obs_move_cmd" to ""
[20.250s] -- Installing: /home/abc/planning_with_ros2/install/planning/share/planning/config
[20.250s] -- Installing: /home/abc/planning_with_ros2/install/planning/share/planning/config/planning_static_obs_config.yaml
[20.250s] -- Installing: /home/abc/planning_with_ros2/install/planning/share/planning/config/planning_dynamic_obs_config.yaml
[20.250s] -- Installing: /home/abc/planning_with_ros2/install/planning/share/planning/launch
[20.250s] -- Installing: /home/abc/planning_with_ros2/install/planning/share/planning/launch/planning_launch.py
[20.251s] -- Installing: /home/abc/planning_with_ros2/install/planning/share/planning/launch/move_cmd_launch.py
[20.251s] -- Installing: /home/abc/planning_with_ros2/install/planning/share/planning/urdf
[20.251s] -- Installing: /home/abc/planning_with_ros2/install/planning/share/planning/urdf/main_car
[20.251s] -- Installing: /home/abc/planning_with_ros2/install/planning/share/planning/urdf/main_car/car_camera.xacro
[20.251s] -- Installing: /home/abc/planning_with_ros2/install/planning/share/planning/urdf/main_car/car_base.xacro
[20.251s] -- Installing: /home/abc/planning_with_ros2/install/planning/share/planning/urdf/main_car/car_radar.xacro
[20.251s] -- Installing: /home/abc/planning_with_ros2/install/planning/share/planning/urdf/main_car/car.xacro
[20.251s] -- Installing: /home/abc/planning_with_ros2/install/planning/share/planning/urdf/main_car/car_wheels.xacro
[20.251s] -- Installing: /home/abc/planning_with_ros2/install/planning/share/planning/urdf/obs_car
[20.251s] -- Installing: /home/abc/planning_with_ros2/install/planning/share/planning/urdf/obs_car/obs_car.xacro
[20.251s] -- Installing: /home/abc/planning_with_ros2/install/planning/share/planning/rviz
[20.251s] -- Installing: /home/abc/planning_with_ros2/install/planning/share/planning/rviz/planning.rviz
[20.251s] -- Installing: /home/abc/planning_with_ros2/install/planning/share/ament_index/resource_index/package_run_dependencies/planning
[20.251s] -- Installing: /home/abc/planning_with_ros2/install/planning/share/ament_index/resource_index/parent_prefix_path/planning
[20.252s] -- Installing: /home/abc/planning_with_ros2/install/planning/share/planning/environment/ament_prefix_path.sh
[20.252s] -- Installing: /home/abc/planning_with_ros2/install/planning/share/planning/environment/ament_prefix_path.dsv
[20.252s] -- Installing: /home/abc/planning_with_ros2/install/planning/share/planning/environment/path.sh
[20.252s] -- Installing: /home/abc/planning_with_ros2/install/planning/share/planning/environment/path.dsv
[20.252s] -- Installing: /home/abc/planning_with_ros2/install/planning/share/planning/local_setup.bash
[20.252s] -- Installing: /home/abc/planning_with_ros2/install/planning/share/planning/local_setup.sh
[20.252s] -- Installing: /home/abc/planning_with_ros2/install/planning/share/planning/local_setup.zsh
[20.252s] -- Installing: /home/abc/planning_with_ros2/install/planning/share/planning/local_setup.dsv
[20.252s] -- Installing: /home/abc/planning_with_ros2/install/planning/share/planning/package.dsv
[20.252s] -- Installing: /home/abc/planning_with_ros2/install/planning/share/ament_index/resource_index/packages/planning
[20.253s] -- Installing: /home/abc/planning_with_ros2/install/planning/share/planning/cmake/planningConfig.cmake
[20.253s] -- Installing: /home/abc/planning_with_ros2/install/planning/share/planning/cmake/planningConfig-version.cmake
[20.253s] -- Installing: /home/abc/planning_with_ros2/install/planning/share/planning/package.xml
[20.254s] Invoked command in '/home/abc/planning_with_ros2/build/planning' returned '0': CMAKE_PREFIX_PATH=/home/abc/planning_with_ros2/install/base_msgs:/home/abc/planning_with_ros2/install/planning:/home/abc/perception_with_ros2/install/perception:/home/abc/perception_with_ros2/install/base_msgs_per:/home/abc/planning_with_ros2/install/data_plot:/home/abc/perception_with_ros2/install/data_plot_per:/opt/ros/humble LD_LIBRARY_PATH=/home/abc/planning_with_ros2/install/base_msgs/lib:/usr/local/cuda-11.8/lib64:/home/abc/planning_with_ros2/install/planning/lib:/usr/local/cuda-11.8/lib64:/home/abc/planning_with_ros2/install/planning/lib:/home/abc/planning_with_ros2/install/planning/lib:/home/abc/perception_with_ros2/install/perception/lib:/home/abc/perception_with_ros2/install/base_msgs_per/lib:/usr/lib/x86_64-linux-gnu/gazebo-11/plugins:/opt/ros/humble/opt/rviz_ogre_vendor/lib:/opt/ros/humble/lib/x86_64-linux-gnu:/opt/ros/humble/lib:/home/abc/TensorRT-8.6/lib:/home/abc/TensorRT-8.6/lib /usr/local/bin/cmake --install /home/abc/planning_with_ros2/build/planning
