[0.016s] Invoking command in '/home/abc/planning_with_ros2/build/base_msgs': CMAKE_PREFIX_PATH=/opt/ros/humble /usr/local/bin/cmake /home/abc/planning_with_ros2/src/base_msgs -DCMAKE_INSTALL_PREFIX=/home/abc/planning_with_ros2/install/base_msgs
[0.248s] -- The C compiler identification is GNU 11.4.0
[0.248s] -- The CXX compiler identification is GNU 11.4.0
[0.248s] -- Detecting C compiler ABI info
[0.248s] [0mCMake Deprecation Warning at CMakeLists.txt:1 (cmake_minimum_required):
[0.248s]   Compatibility with CMake < 3.10 will be removed from a future version of
[0.248s]   CMake.
[0.248s] 
[0.249s]   Update the VERSION argument <min> value.  Or, use the <min>...<max> syntax
[0.249s]   to tell CMake that the project requires at least <min> but has been updated
[0.249s]   to work with policies introduced by <max> or earlier.
[0.249s] 
[0.249s] [0m
[0.255s] -- Detecting C compiler ABI info - done
[0.272s] -- Check for working C compiler: /usr/bin/cc - skipped
[0.273s] -- Detecting C compile features
[0.273s] -- Detecting C compile features - done
[0.284s] -- Detecting CXX compiler ABI info
[0.341s] -- Detecting CXX compiler ABI info - done
[0.359s] -- Check for working CXX compiler: /usr/bin/c++ - skipped
[0.359s] -- Detecting CXX compile features
[0.360s] -- Detecting CXX compile features - done
[0.368s] -- Found ament_cmake: 1.3.11 (/opt/ros/humble/share/ament_cmake/cmake)
[0.487s] -- Found Python3: /usr/bin/python3 (found version "3.10.12") found components: Interpreter
[0.576s] -- Found ament_lint_auto: 0.12.11 (/opt/ros/humble/share/ament_lint_auto/cmake)
[0.652s] -- Added test 'lint_cmake' to check CMake code style
[0.653s] -- Added test 'xmllint' to check XML markup files
[0.655s] -- Configuring done (0.6s)
[0.658s] -- Generating done (0.0s)
[0.659s] -- Build files have been written to: /home/abc/planning_with_ros2/build/base_msgs
[0.663s] Invoked command in '/home/abc/planning_with_ros2/build/base_msgs' returned '0': CMAKE_PREFIX_PATH=/opt/ros/humble /usr/local/bin/cmake /home/abc/planning_with_ros2/src/base_msgs -DCMAKE_INSTALL_PREFIX=/home/abc/planning_with_ros2/install/base_msgs
[0.664s] Invoking command in '/home/abc/planning_with_ros2/build/base_msgs': CMAKE_PREFIX_PATH=/opt/ros/humble /usr/local/bin/cmake --build /home/abc/planning_with_ros2/build/base_msgs -- -j12 -l12
[0.674s] Invoked command in '/home/abc/planning_with_ros2/build/base_msgs' returned '0': CMAKE_PREFIX_PATH=/opt/ros/humble /usr/local/bin/cmake --build /home/abc/planning_with_ros2/build/base_msgs -- -j12 -l12
[0.677s] Invoking command in '/home/abc/planning_with_ros2/build/base_msgs': CMAKE_PREFIX_PATH=/opt/ros/humble /usr/local/bin/cmake --install /home/abc/planning_with_ros2/build/base_msgs
[0.679s] -- Install configuration: ""
[0.679s] -- Installing: /home/abc/planning_with_ros2/install/base_msgs/share/ament_index/resource_index/package_run_dependencies/base_msgs
[0.679s] -- Installing: /home/abc/planning_with_ros2/install/base_msgs/share/ament_index/resource_index/parent_prefix_path/base_msgs
[0.679s] -- Installing: /home/abc/planning_with_ros2/install/base_msgs/share/base_msgs/environment/ament_prefix_path.sh
[0.679s] -- Installing: /home/abc/planning_with_ros2/install/base_msgs/share/base_msgs/environment/ament_prefix_path.dsv
[0.679s] -- Installing: /home/abc/planning_with_ros2/install/base_msgs/share/base_msgs/environment/path.sh
[0.679s] -- Installing: /home/abc/planning_with_ros2/install/base_msgs/share/base_msgs/environment/path.dsv
[0.679s] -- Installing: /home/abc/planning_with_ros2/install/base_msgs/share/base_msgs/local_setup.bash
[0.680s] -- Installing: /home/abc/planning_with_ros2/install/base_msgs/share/base_msgs/local_setup.sh
[0.680s] -- Installing: /home/abc/planning_with_ros2/install/base_msgs/share/base_msgs/local_setup.zsh
[0.680s] -- Installing: /home/abc/planning_with_ros2/install/base_msgs/share/base_msgs/local_setup.dsv
[0.680s] -- Installing: /home/abc/planning_with_ros2/install/base_msgs/share/base_msgs/package.dsv
[0.680s] -- Installing: /home/abc/planning_with_ros2/install/base_msgs/share/ament_index/resource_index/packages/base_msgs
[0.680s] -- Installing: /home/abc/planning_with_ros2/install/base_msgs/share/base_msgs/cmake/base_msgsConfig.cmake
[0.680s] -- Installing: /home/abc/planning_with_ros2/install/base_msgs/share/base_msgs/cmake/base_msgsConfig-version.cmake
[0.680s] -- Installing: /home/abc/planning_with_ros2/install/base_msgs/share/base_msgs/package.xml
[0.681s] Invoked command in '/home/abc/planning_with_ros2/build/base_msgs' returned '0': CMAKE_PREFIX_PATH=/opt/ros/humble /usr/local/bin/cmake --install /home/abc/planning_with_ros2/build/base_msgs
