[0.284s] Invoking command in '/home/abc/planning_with_ros2/build/planning': CMAKE_PREFIX_PATH=/home/abc/planning_with_ros2/install/base_msgs:/home/abc/planning_with_ros2/install/planning:/home/abc/planning_with_ros2/install/data_plot:/opt/ros/humble LD_LIBRARY_PATH=/home/abc/planning_with_ros2/install/base_msgs/lib:/home/abc/planning_with_ros2/install/planning/lib:/home/abc/planning_with_ros2/install/planning/lib:/home/abc/planning_with_ros2/install/planning/lib:/usr/lib/x86_64-linux-gnu/gazebo-11/plugins:/opt/ros/humble/opt/rviz_ogre_vendor/lib:/opt/ros/humble/lib/x86_64-linux-gnu:/opt/ros/humble/lib /usr/local/bin/cmake --build /home/abc/planning_with_ros2/build/planning -- -j12 -l12
[0.310s] [  5%] Built target global_planner
[0.316s] [ 11%] Built target config_reader
[0.318s] [ 20%] Built target pnc_map_creator
[0.319s] [ 28%] Built target mathlibs
[0.331s] [ 34%] Built target global_path_server
[0.332s] [ 42%] Built target vehicle_info
[0.335s] [ 51%] Built target reference_line
[0.339s] [ 54%] [32m[1mLinking CXX executable pnc_map_server[0m
[0.346s] [ 60%] Built target decision_center
[0.350s] [ 71%] Built target car_move_cmd
[0.350s] [ 71%] Built target obs_move_cmd
[0.366s] [ 88%] Built target local_planner
[0.384s] [ 97%] Built target planning_process
[0.599s] /usr/bin/ld: libpnc_map_creator.so: undefined reference to `Planning::ConfigReader::ConfigReader()'
[0.600s] /usr/bin/ld: libpnc_map_creator.so: undefined reference to `Planning::ConfigReader::read_pnc_map_config()'
[0.611s] collect2: error: ld returned 1 exit status
[0.612s] gmake[2]: *** [src/pnc_map_creator/CMakeFiles/pnc_map_server.dir/build.make:205: src/pnc_map_creator/pnc_map_server] Error 1
[0.612s] gmake[1]: *** [CMakeFiles/Makefile2:499: src/pnc_map_creator/CMakeFiles/pnc_map_server.dir/all] Error 2
[0.612s] gmake: *** [Makefile:146: all] Error 2
[0.614s] Invoked command in '/home/abc/planning_with_ros2/build/planning' returned '2': CMAKE_PREFIX_PATH=/home/abc/planning_with_ros2/install/base_msgs:/home/abc/planning_with_ros2/install/planning:/home/abc/planning_with_ros2/install/data_plot:/opt/ros/humble LD_LIBRARY_PATH=/home/abc/planning_with_ros2/install/base_msgs/lib:/home/abc/planning_with_ros2/install/planning/lib:/home/abc/planning_with_ros2/install/planning/lib:/home/abc/planning_with_ros2/install/planning/lib:/usr/lib/x86_64-linux-gnu/gazebo-11/plugins:/opt/ros/humble/opt/rviz_ogre_vendor/lib:/opt/ros/humble/lib/x86_64-linux-gnu:/opt/ros/humble/lib /usr/local/bin/cmake --build /home/abc/planning_with_ros2/build/planning -- -j12 -l12
