[0.647s] Invoking command in '/home/abc/planning_with_ros2/src/data_plot': CMAKE_PREFIX_PATH=/home/abc/planning_with_ros2/install/base_msgs:/home/abc/planning_with_ros2/install/planning LD_LIBRARY_PATH=/home/abc/planning_with_ros2/install/base_msgs/lib:/home/abc/planning_with_ros2/install/planning/lib:/home/abc/planning_with_ros2/install/planning/lib:/home/abc/planning_with_ros2/install/planning/lib:/home/abc/planning_with_ros2/install/planning/lib:/usr/lib/x86_64-linux-gnu/gazebo-11/plugins:/opt/ros/humble/opt/rviz_ogre_vendor/lib:/opt/ros/humble/lib/x86_64-linux-gnu:/opt/ros/humble/lib PYTHONPATH=/home/abc/planning_with_ros2/build/data_plot/prefix_override:/usr/lib/python3/dist-packages/colcon_core/task/python/colcon_distutils_commands:/home/abc/planning_with_ros2/install/data_plot/lib/python3.10/site-packages:${PYTHONPATH} /usr/bin/python3 -W ignore:setup.py install is deprecated -W ignore:easy_install command is deprecated setup.py egg_info --egg-base ../../build/data_plot build --build-base /home/abc/planning_with_ros2/build/data_plot/build install --record /home/abc/planning_with_ros2/build/data_plot/install.log --single-version-externally-managed install_data
[0.919s] running egg_info
[0.919s] creating ../../build/data_plot/data_plot.egg-info
[0.920s] writing ../../build/data_plot/data_plot.egg-info/PKG-INFO
[0.920s] writing dependency_links to ../../build/data_plot/data_plot.egg-info/dependency_links.txt
[0.920s] writing entry points to ../../build/data_plot/data_plot.egg-info/entry_points.txt
[0.920s] writing requirements to ../../build/data_plot/data_plot.egg-info/requires.txt
[0.920s] writing top-level names to ../../build/data_plot/data_plot.egg-info/top_level.txt
[0.920s] writing manifest file '../../build/data_plot/data_plot.egg-info/SOURCES.txt'
[0.922s] reading manifest file '../../build/data_plot/data_plot.egg-info/SOURCES.txt'
[0.923s] writing manifest file '../../build/data_plot/data_plot.egg-info/SOURCES.txt'
[0.923s] running build
[0.923s] running build_py
[0.923s] creating /home/abc/planning_with_ros2/build/data_plot/build
[0.923s] creating /home/abc/planning_with_ros2/build/data_plot/build/lib
[0.923s] creating /home/abc/planning_with_ros2/build/data_plot/build/lib/data_plot
[0.923s] copying data_plot/__init__.py -> /home/abc/planning_with_ros2/build/data_plot/build/lib/data_plot
[0.924s] copying data_plot/data_plot.py -> /home/abc/planning_with_ros2/build/data_plot/build/lib/data_plot
[0.924s] running install
[0.924s] running install_lib
[0.926s] creating /home/abc/planning_with_ros2/install/data_plot/lib/python3.10/site-packages/data_plot
[0.926s] copying /home/abc/planning_with_ros2/build/data_plot/build/lib/data_plot/__init__.py -> /home/abc/planning_with_ros2/install/data_plot/lib/python3.10/site-packages/data_plot
[0.926s] copying /home/abc/planning_with_ros2/build/data_plot/build/lib/data_plot/data_plot.py -> /home/abc/planning_with_ros2/install/data_plot/lib/python3.10/site-packages/data_plot
[0.926s] byte-compiling /home/abc/planning_with_ros2/install/data_plot/lib/python3.10/site-packages/data_plot/__init__.py to __init__.cpython-310.pyc
[0.926s] byte-compiling /home/abc/planning_with_ros2/install/data_plot/lib/python3.10/site-packages/data_plot/data_plot.py to data_plot.cpython-310.pyc
[0.927s] running install_data
[0.927s] creating /home/abc/planning_with_ros2/install/data_plot/share/ament_index
[0.927s] creating /home/abc/planning_with_ros2/install/data_plot/share/ament_index/resource_index
[0.927s] creating /home/abc/planning_with_ros2/install/data_plot/share/ament_index/resource_index/packages
[0.927s] copying resource/data_plot -> /home/abc/planning_with_ros2/install/data_plot/share/ament_index/resource_index/packages
[0.927s] copying package.xml -> /home/abc/planning_with_ros2/install/data_plot/share/data_plot
[0.927s] running install_egg_info
[0.929s] Copying ../../build/data_plot/data_plot.egg-info to /home/abc/planning_with_ros2/install/data_plot/lib/python3.10/site-packages/data_plot-0.0.0-py3.10.egg-info
[0.930s] running install_scripts
[0.954s] Installing data_plot script to /home/abc/planning_with_ros2/install/data_plot/lib/data_plot
[0.954s] writing list of installed files to '/home/abc/planning_with_ros2/build/data_plot/install.log'
[0.987s] Invoked command in '/home/abc/planning_with_ros2/src/data_plot' returned '0': CMAKE_PREFIX_PATH=/home/abc/planning_with_ros2/install/base_msgs:/home/abc/planning_with_ros2/install/planning LD_LIBRARY_PATH=/home/abc/planning_with_ros2/install/base_msgs/lib:/home/abc/planning_with_ros2/install/planning/lib:/home/abc/planning_with_ros2/install/planning/lib:/home/abc/planning_with_ros2/install/planning/lib:/home/abc/planning_with_ros2/install/planning/lib:/usr/lib/x86_64-linux-gnu/gazebo-11/plugins:/opt/ros/humble/opt/rviz_ogre_vendor/lib:/opt/ros/humble/lib/x86_64-linux-gnu:/opt/ros/humble/lib PYTHONPATH=/home/abc/planning_with_ros2/build/data_plot/prefix_override:/usr/lib/python3/dist-packages/colcon_core/task/python/colcon_distutils_commands:/home/abc/planning_with_ros2/install/data_plot/lib/python3.10/site-packages:${PYTHONPATH} /usr/bin/python3 -W ignore:setup.py install is deprecated -W ignore:easy_install command is deprecated setup.py egg_info --egg-base ../../build/data_plot build --build-base /home/abc/planning_with_ros2/build/data_plot/build install --record /home/abc/planning_with_ros2/build/data_plot/install.log --single-version-externally-managed install_data
