[  5%] Built target global_planner
[ 11%] Built target config_reader
[ 20%] Built target mathlibs
[ 28%] Built target pnc_map_creator
[ 34%] Built target global_path_server
[ 42%] Built target vehicle_info
[ 48%] Built target pnc_map_server
[ 54%] Built target car_move_cmd
[ 60%] Built target obs_move_cmd
[ 65%] Built target decision_center
[ 74%] Built target reference_line
[ 91%] Built target local_planner
[100%] Built target planning_node
-- Install configuration: ""
-- Up-to-date: /home/abc/planning_with_ros2/install/planning/lib/libconfig_reader.so
-- Up-to-date: /home/abc/planning_with_ros2/install/planning/lib/libmathlibs.so
-- Up-to-date: /home/abc/planning_with_ros2/install/planning/lib/libdecision_center.so
-- Up-to-date: /home/abc/planning_with_ros2/install/planning/lib/libpnc_map_creator.so
-- Up-to-date: /home/abc/planning_with_ros2/install/planning/lib/planning/pnc_map_server
-- Up-to-date: /home/abc/planning_with_ros2/install/planning/lib/libglobal_planner.so
-- Up-to-date: /home/abc/planning_with_ros2/install/planning/lib/planning/global_path_server
-- Up-to-date: /home/abc/planning_with_ros2/install/planning/lib/liblocal_planner.so
-- Up-to-date: /home/abc/planning_with_ros2/install/planning/lib/libreference_line.so
-- Up-to-date: /home/abc/planning_with_ros2/install/planning/lib/libvehicle_info.so
-- Up-to-date: /home/abc/planning_with_ros2/install/planning/lib/planning/planning_node
-- Up-to-date: /home/abc/planning_with_ros2/install/planning/lib/planning/car_move_cmd
-- Up-to-date: /home/abc/planning_with_ros2/install/planning/lib/planning/obs_move_cmd
-- Up-to-date: /home/abc/planning_with_ros2/install/planning/share/planning/config
-- Up-to-date: /home/abc/planning_with_ros2/install/planning/share/planning/launch
-- Up-to-date: /home/abc/planning_with_ros2/install/planning/share/planning/urdf
-- Up-to-date: /home/abc/planning_with_ros2/install/planning/share/planning/urdf/main_car
-- Up-to-date: /home/abc/planning_with_ros2/install/planning/share/planning/urdf/obs_car
-- Up-to-date: /home/abc/planning_with_ros2/install/planning/share/planning/rviz
-- Up-to-date: /home/abc/planning_with_ros2/install/planning/share/ament_index/resource_index/package_run_dependencies/planning
-- Up-to-date: /home/abc/planning_with_ros2/install/planning/share/ament_index/resource_index/parent_prefix_path/planning
-- Up-to-date: /home/abc/planning_with_ros2/install/planning/share/planning/environment/ament_prefix_path.sh
-- Up-to-date: /home/abc/planning_with_ros2/install/planning/share/planning/environment/ament_prefix_path.dsv
-- Up-to-date: /home/abc/planning_with_ros2/install/planning/share/planning/environment/path.sh
-- Up-to-date: /home/abc/planning_with_ros2/install/planning/share/planning/environment/path.dsv
-- Up-to-date: /home/abc/planning_with_ros2/install/planning/share/planning/local_setup.bash
-- Up-to-date: /home/abc/planning_with_ros2/install/planning/share/planning/local_setup.sh
-- Up-to-date: /home/abc/planning_with_ros2/install/planning/share/planning/local_setup.zsh
-- Up-to-date: /home/abc/planning_with_ros2/install/planning/share/planning/local_setup.dsv
-- Installing: /home/abc/planning_with_ros2/install/planning/share/planning/package.dsv
-- Up-to-date: /home/abc/planning_with_ros2/install/planning/share/ament_index/resource_index/packages/planning
-- Up-to-date: /home/abc/planning_with_ros2/install/planning/share/planning/cmake/planningConfig.cmake
-- Up-to-date: /home/abc/planning_with_ros2/install/planning/share/planning/cmake/planningConfig-version.cmake
-- Up-to-date: /home/abc/planning_with_ros2/install/planning/share/planning/package.xml
