[0.241s] Invoking command in '/home/abc/planning_with_ros2/build/planning': CMAKE_PREFIX_PATH=/home/abc/planning_with_ros2/install/base_msgs:/home/abc/planning_with_ros2/install/planning:/home/abc/planning_with_ros2/install/data_plot:/opt/ros/humble /usr/local/bin/cmake --build /home/abc/planning_with_ros2/build/planning -- -j12 -l12
[0.261s] [  5%] Built target config_reader
[0.261s] [ 11%] Built target global_planner
[0.262s] [ 20%] Built target pnc_map_creator
[0.264s] [ 28%] Built target mathlibs
[0.273s] [ 34%] Built target pnc_map_server
[0.273s] [ 40%] Built target global_path_server
[0.277s] [ 42%] [32mBuilding CXX object src/vehicle_info/CMakeFiles/vehicle_info.dir/main_car/main_car_info.cpp.o[0m
[0.277s] [ 45%] [32mBuilding CXX object src/vehicle_info/CMakeFiles/vehicle_info.dir/obs_car/obs_car_info.cpp.o[0m
[0.280s] [ 54%] Built target reference_line
[3.119s] [ 57%] [32m[1mLinking CXX shared library libvehicle_info.so[0m
[3.225s] [ 57%] Built target vehicle_info
[3.237s] [ 62%] [32mBuilding CXX object src/decision_center/CMakeFiles/decision_center.dir/decision_center.cpp.o[0m
[3.237s] [ 62%] [32mBuilding CXX object src/move_cmd/CMakeFiles/car_move_cmd.dir/car_move_cmd.cpp.o[0m
[3.237s] [ 65%] [32mBuilding CXX object src/move_cmd/CMakeFiles/obs_move_cmd.dir/obs_move_cmd.cpp.o[0m
[6.127s] [ 68%] [32m[1mLinking CXX shared library libdecision_center.so[0m
[6.203s] [ 71%] [32m[1mLinking CXX executable car_move_cmd[0m
[6.221s] [ 71%] Built target decision_center
[6.238s] [ 74%] [32mBuilding CXX object src/local_planner/CMakeFiles/local_planner.dir/local_path/local_path_planner.cpp.o[0m
[6.238s] [ 77%] [32mBuilding CXX object src/local_planner/CMakeFiles/local_planner.dir/local_speeds/local_speeds_planner.cpp.o[0m
[6.271s] [ 80%] [32m[1mLinking CXX executable obs_move_cmd[0m
[6.309s] [ 80%] Built target car_move_cmd
[6.371s] [ 80%] Built target obs_move_cmd
[9.577s] [ 82%] [32m[1mLinking CXX shared library liblocal_planner.so[0m
[9.663s] [ 91%] Built target local_planner
[9.678s] [ 94%] [32mBuilding CXX object src/planning_process/CMakeFiles/planning_node.dir/planning_node.cpp.o[0m
[9.678s] [ 97%] [32mBuilding CXX object src/planning_process/CMakeFiles/planning_node.dir/planning_process.cpp.o[0m
[13.343s] [100%] [32m[1mLinking CXX executable planning_node[0m
[13.448s] [100%] Built target planning_node
[13.452s] Invoked command in '/home/abc/planning_with_ros2/build/planning' returned '0': CMAKE_PREFIX_PATH=/home/abc/planning_with_ros2/install/base_msgs:/home/abc/planning_with_ros2/install/planning:/home/abc/planning_with_ros2/install/data_plot:/opt/ros/humble /usr/local/bin/cmake --build /home/abc/planning_with_ros2/build/planning -- -j12 -l12
[13.453s] Invoking command in '/home/abc/planning_with_ros2/build/planning': CMAKE_PREFIX_PATH=/home/abc/planning_with_ros2/install/base_msgs:/home/abc/planning_with_ros2/install/planning:/home/abc/planning_with_ros2/install/data_plot:/opt/ros/humble /usr/local/bin/cmake --install /home/abc/planning_with_ros2/build/planning
[13.454s] -- Install configuration: ""
[13.455s] -- Up-to-date: /home/abc/planning_with_ros2/install/planning/lib/libconfig_reader.so
[13.455s] -- Up-to-date: /home/abc/planning_with_ros2/install/planning/lib/libmathlibs.so
[13.455s] -- Installing: /home/abc/planning_with_ros2/install/planning/lib/libdecision_center.so
[13.456s] -- Set non-toolchain portion of runtime path of "/home/abc/planning_with_ros2/install/planning/lib/libdecision_center.so" to ""
[13.456s] -- Up-to-date: /home/abc/planning_with_ros2/install/planning/lib/libpnc_map_creator.so
[13.456s] -- Up-to-date: /home/abc/planning_with_ros2/install/planning/lib/planning/pnc_map_server
[13.457s] -- Up-to-date: /home/abc/planning_with_ros2/install/planning/lib/libglobal_planner.so
[13.457s] -- Up-to-date: /home/abc/planning_with_ros2/install/planning/lib/planning/global_path_server
[13.457s] -- Installing: /home/abc/planning_with_ros2/install/planning/lib/liblocal_planner.so
[13.457s] -- Set non-toolchain portion of runtime path of "/home/abc/planning_with_ros2/install/planning/lib/liblocal_planner.so" to ""
[13.458s] -- Up-to-date: /home/abc/planning_with_ros2/install/planning/lib/libreference_line.so
[13.458s] -- Installing: /home/abc/planning_with_ros2/install/planning/lib/libvehicle_info.so
[13.458s] -- Set non-toolchain portion of runtime path of "/home/abc/planning_with_ros2/install/planning/lib/libvehicle_info.so" to ""
[13.459s] -- Installing: /home/abc/planning_with_ros2/install/planning/lib/planning/planning_node
[13.459s] -- Set non-toolchain portion of runtime path of "/home/abc/planning_with_ros2/install/planning/lib/planning/planning_node" to ""
[13.459s] -- Installing: /home/abc/planning_with_ros2/install/planning/lib/planning/car_move_cmd
[13.460s] -- Set non-toolchain portion of runtime path of "/home/abc/planning_with_ros2/install/planning/lib/planning/car_move_cmd" to ""
[13.460s] -- Installing: /home/abc/planning_with_ros2/install/planning/lib/planning/obs_move_cmd
[13.460s] -- Set non-toolchain portion of runtime path of "/home/abc/planning_with_ros2/install/planning/lib/planning/obs_move_cmd" to ""
[13.460s] -- Up-to-date: /home/abc/planning_with_ros2/install/planning/share/planning/config
[13.460s] -- Up-to-date: /home/abc/planning_with_ros2/install/planning/share/planning/launch
[13.460s] -- Up-to-date: /home/abc/planning_with_ros2/install/planning/share/planning/urdf
[13.461s] -- Up-to-date: /home/abc/planning_with_ros2/install/planning/share/planning/urdf/main_car
[13.461s] -- Up-to-date: /home/abc/planning_with_ros2/install/planning/share/planning/urdf/obs_car
[13.461s] -- Up-to-date: /home/abc/planning_with_ros2/install/planning/share/planning/rviz
[13.461s] -- Up-to-date: /home/abc/planning_with_ros2/install/planning/share/ament_index/resource_index/package_run_dependencies/planning
[13.461s] -- Up-to-date: /home/abc/planning_with_ros2/install/planning/share/ament_index/resource_index/parent_prefix_path/planning
[13.461s] -- Up-to-date: /home/abc/planning_with_ros2/install/planning/share/planning/environment/ament_prefix_path.sh
[13.461s] -- Up-to-date: /home/abc/planning_with_ros2/install/planning/share/planning/environment/ament_prefix_path.dsv
[13.461s] -- Up-to-date: /home/abc/planning_with_ros2/install/planning/share/planning/environment/path.sh
[13.461s] -- Up-to-date: /home/abc/planning_with_ros2/install/planning/share/planning/environment/path.dsv
[13.461s] -- Up-to-date: /home/abc/planning_with_ros2/install/planning/share/planning/local_setup.bash
[13.461s] -- Up-to-date: /home/abc/planning_with_ros2/install/planning/share/planning/local_setup.sh
[13.461s] -- Up-to-date: /home/abc/planning_with_ros2/install/planning/share/planning/local_setup.zsh
[13.461s] -- Up-to-date: /home/abc/planning_with_ros2/install/planning/share/planning/local_setup.dsv
[13.461s] -- Installing: /home/abc/planning_with_ros2/install/planning/share/planning/package.dsv
[13.462s] -- Up-to-date: /home/abc/planning_with_ros2/install/planning/share/ament_index/resource_index/packages/planning
[13.462s] -- Up-to-date: /home/abc/planning_with_ros2/install/planning/share/planning/cmake/planningConfig.cmake
[13.462s] -- Up-to-date: /home/abc/planning_with_ros2/install/planning/share/planning/cmake/planningConfig-version.cmake
[13.462s] -- Up-to-date: /home/abc/planning_with_ros2/install/planning/share/planning/package.xml
[13.463s] Invoked command in '/home/abc/planning_with_ros2/build/planning' returned '0': CMAKE_PREFIX_PATH=/home/abc/planning_with_ros2/install/base_msgs:/home/abc/planning_with_ros2/install/planning:/home/abc/planning_with_ros2/install/data_plot:/opt/ros/humble /usr/local/bin/cmake --install /home/abc/planning_with_ros2/build/planning
