[0.248s] Invoking command in '/home/abc/planning_with_ros2/build/planning': CMAKE_PREFIX_PATH=/home/abc/planning_with_ros2/install/base_msgs:/home/abc/planning_with_ros2/install/planning:/home/abc/planning_with_ros2/install/data_plot:/opt/ros/humble LD_LIBRARY_PATH=/home/abc/planning_with_ros2/install/base_msgs/lib:/home/abc/planning_with_ros2/install/planning/lib:/home/abc/planning_with_ros2/install/planning/lib:/home/abc/planning_with_ros2/install/planning/lib:/usr/lib/x86_64-linux-gnu/gazebo-11/plugins:/opt/ros/humble/opt/rviz_ogre_vendor/lib:/opt/ros/humble/lib/x86_64-linux-gnu:/opt/ros/humble/lib /usr/local/bin/cmake --build /home/abc/planning_with_ros2/build/planning -- -j12 -l12
[0.270s] [  5%] Built target config_reader
[0.272s] [ 10%] Built target osqp_test
[0.272s] [ 15%] Built target newton_test
[0.273s] [ 23%] Built target mathlibs
[0.282s] [ 28%] Built target global_planner
[0.283s] [ 35%] Built target pnc_map_creator
[0.286s] [ 43%] Built target vehicle_info
[0.288s] [ 51%] Built target reference_line
[0.294s] [ 56%] Built target pnc_map_server
[0.295s] [ 61%] Built target global_path_server
[0.298s] [ 71%] Built target car_move_cmd
[0.299s] [ 71%] Built target decision_center
[0.300s] [ 76%] Built target obs_move_cmd
[0.316s] [ 92%] Built target local_planner
[0.332s] [100%] Built target planning_process
[0.335s] Invoked command in '/home/abc/planning_with_ros2/build/planning' returned '0': CMAKE_PREFIX_PATH=/home/abc/planning_with_ros2/install/base_msgs:/home/abc/planning_with_ros2/install/planning:/home/abc/planning_with_ros2/install/data_plot:/opt/ros/humble LD_LIBRARY_PATH=/home/abc/planning_with_ros2/install/base_msgs/lib:/home/abc/planning_with_ros2/install/planning/lib:/home/abc/planning_with_ros2/install/planning/lib:/home/abc/planning_with_ros2/install/planning/lib:/usr/lib/x86_64-linux-gnu/gazebo-11/plugins:/opt/ros/humble/opt/rviz_ogre_vendor/lib:/opt/ros/humble/lib/x86_64-linux-gnu:/opt/ros/humble/lib /usr/local/bin/cmake --build /home/abc/planning_with_ros2/build/planning -- -j12 -l12
[0.337s] Invoking command in '/home/abc/planning_with_ros2/build/planning': CMAKE_PREFIX_PATH=/home/abc/planning_with_ros2/install/base_msgs:/home/abc/planning_with_ros2/install/planning:/home/abc/planning_with_ros2/install/data_plot:/opt/ros/humble LD_LIBRARY_PATH=/home/abc/planning_with_ros2/install/base_msgs/lib:/home/abc/planning_with_ros2/install/planning/lib:/home/abc/planning_with_ros2/install/planning/lib:/home/abc/planning_with_ros2/install/planning/lib:/usr/lib/x86_64-linux-gnu/gazebo-11/plugins:/opt/ros/humble/opt/rviz_ogre_vendor/lib:/opt/ros/humble/lib/x86_64-linux-gnu:/opt/ros/humble/lib /usr/local/bin/cmake --install /home/abc/planning_with_ros2/build/planning
[0.338s] -- Install configuration: ""
[0.338s] -- Up-to-date: /home/abc/planning_with_ros2/install/planning/lib/libconfig_reader.so
[0.338s] -- Up-to-date: /home/abc/planning_with_ros2/install/planning/lib/libmathlibs.so
[0.339s] -- Up-to-date: /home/abc/planning_with_ros2/install/planning/lib/libdecision_center.so
[0.339s] -- Up-to-date: /home/abc/planning_with_ros2/install/planning/lib/libpnc_map_creator.so
[0.339s] -- Up-to-date: /home/abc/planning_with_ros2/install/planning/lib/planning/pnc_map_server
[0.340s] -- Up-to-date: /home/abc/planning_with_ros2/install/planning/lib/libglobal_planner.so
[0.340s] -- Up-to-date: /home/abc/planning_with_ros2/install/planning/lib/planning/global_path_server
[0.340s] -- Up-to-date: /home/abc/planning_with_ros2/install/planning/lib/liblocal_planner.so
[0.341s] -- Up-to-date: /home/abc/planning_with_ros2/install/planning/lib/libreference_line.so
[0.341s] -- Up-to-date: /home/abc/planning_with_ros2/install/planning/lib/planning/osqp_test
[0.341s] -- Up-to-date: /home/abc/planning_with_ros2/install/planning/lib/planning/newton_test
[0.342s] -- Up-to-date: /home/abc/planning_with_ros2/install/planning/lib/libvehicle_info.so
[0.342s] -- Up-to-date: /home/abc/planning_with_ros2/install/planning/lib/planning/planning_process
[0.343s] -- Up-to-date: /home/abc/planning_with_ros2/install/planning/lib/planning/car_move_cmd
[0.343s] -- Up-to-date: /home/abc/planning_with_ros2/install/planning/lib/planning/obs_move_cmd
[0.343s] -- Up-to-date: /home/abc/planning_with_ros2/install/planning/share/planning/config
[0.343s] -- Installing: /home/abc/planning_with_ros2/install/planning/share/planning/config/planning_static_obs_config.yaml
[0.343s] -- Up-to-date: /home/abc/planning_with_ros2/install/planning/share/planning/launch
[0.344s] -- Up-to-date: /home/abc/planning_with_ros2/install/planning/share/planning/launch/planning_launch.py
[0.344s] -- Up-to-date: /home/abc/planning_with_ros2/install/planning/share/planning/urdf
[0.344s] -- Up-to-date: /home/abc/planning_with_ros2/install/planning/share/planning/urdf/main_car
[0.344s] -- Up-to-date: /home/abc/planning_with_ros2/install/planning/share/planning/urdf/main_car/car_camera.xacro
[0.344s] -- Up-to-date: /home/abc/planning_with_ros2/install/planning/share/planning/urdf/main_car/car_base.xacro
[0.344s] -- Up-to-date: /home/abc/planning_with_ros2/install/planning/share/planning/urdf/main_car/car_radar.xacro
[0.344s] -- Up-to-date: /home/abc/planning_with_ros2/install/planning/share/planning/urdf/main_car/car.xacro
[0.344s] -- Up-to-date: /home/abc/planning_with_ros2/install/planning/share/planning/urdf/main_car/car_wheels.xacro
[0.345s] -- Up-to-date: /home/abc/planning_with_ros2/install/planning/share/planning/urdf/obs_car
[0.345s] -- Up-to-date: /home/abc/planning_with_ros2/install/planning/share/planning/urdf/obs_car/obs_car.xacro
[0.345s] -- Up-to-date: /home/abc/planning_with_ros2/install/planning/share/planning/rviz
[0.345s] -- Up-to-date: /home/abc/planning_with_ros2/install/planning/share/planning/rviz/planning.rviz
[0.345s] -- Up-to-date: /home/abc/planning_with_ros2/install/planning/share/ament_index/resource_index/package_run_dependencies/planning
[0.345s] -- Up-to-date: /home/abc/planning_with_ros2/install/planning/share/ament_index/resource_index/parent_prefix_path/planning
[0.346s] -- Up-to-date: /home/abc/planning_with_ros2/install/planning/share/planning/environment/ament_prefix_path.sh
[0.347s] -- Up-to-date: /home/abc/planning_with_ros2/install/planning/share/planning/environment/ament_prefix_path.dsv
[0.347s] -- Up-to-date: /home/abc/planning_with_ros2/install/planning/share/planning/environment/path.sh
[0.347s] -- Up-to-date: /home/abc/planning_with_ros2/install/planning/share/planning/environment/path.dsv
[0.347s] -- Up-to-date: /home/abc/planning_with_ros2/install/planning/share/planning/local_setup.bash
[0.347s] -- Up-to-date: /home/abc/planning_with_ros2/install/planning/share/planning/local_setup.sh
[0.348s] -- Up-to-date: /home/abc/planning_with_ros2/install/planning/share/planning/local_setup.zsh
[0.348s] -- Up-to-date: /home/abc/planning_with_ros2/install/planning/share/planning/local_setup.dsv
[0.349s] -- Installing: /home/abc/planning_with_ros2/install/planning/share/planning/package.dsv
[0.349s] -- Up-to-date: /home/abc/planning_with_ros2/install/planning/share/ament_index/resource_index/packages/planning
[0.349s] -- Up-to-date: /home/abc/planning_with_ros2/install/planning/share/planning/cmake/planningConfig.cmake
[0.350s] -- Up-to-date: /home/abc/planning_with_ros2/install/planning/share/planning/cmake/planningConfig-version.cmake
[0.350s] -- Up-to-date: /home/abc/planning_with_ros2/install/planning/share/planning/package.xml
[0.350s] Invoked command in '/home/abc/planning_with_ros2/build/planning' returned '0': CMAKE_PREFIX_PATH=/home/abc/planning_with_ros2/install/base_msgs:/home/abc/planning_with_ros2/install/planning:/home/abc/planning_with_ros2/install/data_plot:/opt/ros/humble LD_LIBRARY_PATH=/home/abc/planning_with_ros2/install/base_msgs/lib:/home/abc/planning_with_ros2/install/planning/lib:/home/abc/planning_with_ros2/install/planning/lib:/home/abc/planning_with_ros2/install/planning/lib:/usr/lib/x86_64-linux-gnu/gazebo-11/plugins:/opt/ros/humble/opt/rviz_ogre_vendor/lib:/opt/ros/humble/lib/x86_64-linux-gnu:/opt/ros/humble/lib /usr/local/bin/cmake --install /home/abc/planning_with_ros2/build/planning
