[0.289s] Invoking command in '/home/abc/planning_with_ros2/build/planning': CMAKE_PREFIX_PATH=/home/abc/planning_with_ros2/install/base_msgs:/home/abc/planning_with_ros2/install/planning:/home/abc/planning_with_ros2/install/data_plot:/opt/ros/humble LD_LIBRARY_PATH=/home/abc/planning_with_ros2/install/base_msgs/lib:/home/abc/planning_with_ros2/install/planning/lib:/home/abc/planning_with_ros2/install/planning/lib:/home/abc/planning_with_ros2/install/planning/lib:/usr/lib/x86_64-linux-gnu/gazebo-11/plugins:/opt/ros/humble/opt/rviz_ogre_vendor/lib:/opt/ros/humble/lib/x86_64-linux-gnu:/opt/ros/humble/lib /usr/local/bin/cmake --build /home/abc/planning_with_ros2/build/planning -- -j12 -l12
[0.313s] [  5%] Built target config_reader
[0.318s] [ 14%] Built target mathlibs
[0.327s] [ 20%] Built target global_planner
[0.328s] [ 28%] Built target pnc_map_creator
[0.336s] [ 37%] Built target reference_line
[0.341s] [ 45%] Built target global_path_server
[0.341s] [ 45%] [32mBuilding CXX object src/vehicle_info/CMakeFiles/vehicle_info.dir/main_car/main_car_info.cpp.o[0m
[0.342s] [ 51%] Built target pnc_map_server
[0.342s] [ 54%] [32mBuilding CXX object src/vehicle_info/CMakeFiles/vehicle_info.dir/obs_car/obs_car_info.cpp.o[0m
[3.952s] [ 57%] [32m[1mLinking CXX shared library libvehicle_info.so[0m
[4.083s] [ 57%] Built target vehicle_info
[4.103s] [ 65%] [32mBuilding CXX object src/move_cmd/CMakeFiles/car_move_cmd.dir/car_move_cmd.cpp.o[0m
[4.104s] [ 65%] [32mBuilding CXX object src/move_cmd/CMakeFiles/obs_move_cmd.dir/obs_move_cmd.cpp.o[0m
[4.104s] [ 65%] [32mBuilding CXX object src/decision_center/CMakeFiles/decision_center.dir/decision_center.cpp.o[0m
[7.808s] [ 68%] [32m[1mLinking CXX shared library libdecision_center.so[0m
[7.926s] [ 71%] [32m[1mLinking CXX executable obs_move_cmd[0m
[7.936s] [ 71%] Built target decision_center
[7.970s] [ 74%] [32m[1mLinking CXX executable car_move_cmd[0m
[7.972s] [ 77%] [32mBuilding CXX object src/local_planner/CMakeFiles/local_planner.dir/local_path/local_path_planner.cpp.o[0m
[7.973s] [ 80%] [32mBuilding CXX object src/local_planner/CMakeFiles/local_planner.dir/local_speeds/local_speeds_planner.cpp.o[0m
[8.083s] [ 80%] Built target obs_move_cmd
[8.120s] [ 80%] Built target car_move_cmd
[10.037s] gmake[2]: *** [src/local_planner/CMakeFiles/local_planner.dir/build.make:121: src/local_planner/CMakeFiles/local_planner.dir/local_speeds/local_speeds_planner.cpp.o] Interrupt
[10.037s] gmake[2]: *** [src/local_planner/CMakeFiles/local_planner.dir/build.make:93: src/local_planner/CMakeFiles/local_planner.dir/local_path/local_path_planner.cpp.o] Interrupt
[10.037s] gmake[1]: *** [CMakeFiles/Makefile2:599: src/local_planner/CMakeFiles/local_planner.dir/all] Interrupt
[10.037s] gmake: *** [Makefile:146: all] Interrupt
[10.054s] Invoked command in '/home/abc/planning_with_ros2/build/planning' returned '-2': CMAKE_PREFIX_PATH=/home/abc/planning_with_ros2/install/base_msgs:/home/abc/planning_with_ros2/install/planning:/home/abc/planning_with_ros2/install/data_plot:/opt/ros/humble LD_LIBRARY_PATH=/home/abc/planning_with_ros2/install/base_msgs/lib:/home/abc/planning_with_ros2/install/planning/lib:/home/abc/planning_with_ros2/install/planning/lib:/home/abc/planning_with_ros2/install/planning/lib:/usr/lib/x86_64-linux-gnu/gazebo-11/plugins:/opt/ros/humble/opt/rviz_ogre_vendor/lib:/opt/ros/humble/lib/x86_64-linux-gnu:/opt/ros/humble/lib /usr/local/bin/cmake --build /home/abc/planning_with_ros2/build/planning -- -j12 -l12
