[0.287s] Invoking command in '/home/abc/planning_with_ros2/build/planning': CMAKE_PREFIX_PATH=/home/abc/planning_with_ros2/install/base_msgs:/home/abc/planning_with_ros2/install/planning:/home/abc/planning_with_ros2/install/data_plot:/opt/ros/humble LD_LIBRARY_PATH=/home/abc/planning_with_ros2/install/base_msgs/lib:/home/abc/planning_with_ros2/install/planning/lib:/home/abc/planning_with_ros2/install/planning/lib:/home/abc/planning_with_ros2/install/planning/lib:/usr/lib/x86_64-linux-gnu/gazebo-11/plugins:/opt/ros/humble/opt/rviz_ogre_vendor/lib:/opt/ros/humble/lib/x86_64-linux-gnu:/opt/ros/humble/lib /usr/local/bin/cmake --build /home/abc/planning_with_ros2/build/planning -- -j12 -l12
[0.312s] [  5%] Built target config_reader
[0.315s] [ 10%] Built target newton_test
[0.317s] [ 15%] Built target osqp_test
[0.317s] [ 23%] Built target mathlibs
[0.326s] [ 28%] Built target global_planner
[0.327s] [ 35%] Built target pnc_map_creator
[0.333s] [ 43%] Built target vehicle_info
[0.336s] [ 51%] Built target reference_line
[0.341s] [ 56%] Built target pnc_map_server
[0.342s] [ 61%] Built target global_path_server
[0.348s] [ 66%] Built target decision_center
[0.349s] [ 71%] Built target obs_move_cmd
[0.350s] [ 74%] [32mBuilding CXX object src/move_cmd/CMakeFiles/car_move_cmd.dir/car_move_cmd.cpp.o[0m
[0.380s] [ 89%] Built target local_planner
[0.412s] [ 97%] Built target planning_process
[3.262s] [01m[K/home/abc/planning_with_ros2/src/planning/src/move_cmd/car_move_cmd.cpp:[m[K In member function ‘[01m[Kvoid Planning::CarMoveCmd::car_broadcast_tf(base_msgs::msg::LocalTrajectory_<std::allocator<void> >::SharedPtr)[m[K’:
[3.262s] [01m[K/home/abc/planning_with_ros2/src/planning/src/move_cmd/car_move_cmd.cpp:26:72:[m[K [01;35m[Kwarning: [m[Kunused parameter ‘[01m[Ktrajectory[m[K’ [[01;35m[K]8;;https://gcc.gnu.org/onlinedocs/gcc/Warning-Options.html#index-Wunused-parameter-Wunused-parameter]8;;[m[K]
[3.263s]    26 |     void CarMoveCmd::car_broadcast_tf([01;35m[Kconst LocalTrajectory::SharedPtr trajectory[m[K)
[3.263s]       |                                       [01;35m[K~~~~~~~~~~~~~~~~~~~~~~~~~~~~~~~~~^~~~~~~~~~[m[K
[9.816s] [100%] [32m[1mLinking CXX executable car_move_cmd[0m
[10.327s] [100%] Built target car_move_cmd
[10.332s] Invoked command in '/home/abc/planning_with_ros2/build/planning' returned '0': CMAKE_PREFIX_PATH=/home/abc/planning_with_ros2/install/base_msgs:/home/abc/planning_with_ros2/install/planning:/home/abc/planning_with_ros2/install/data_plot:/opt/ros/humble LD_LIBRARY_PATH=/home/abc/planning_with_ros2/install/base_msgs/lib:/home/abc/planning_with_ros2/install/planning/lib:/home/abc/planning_with_ros2/install/planning/lib:/home/abc/planning_with_ros2/install/planning/lib:/usr/lib/x86_64-linux-gnu/gazebo-11/plugins:/opt/ros/humble/opt/rviz_ogre_vendor/lib:/opt/ros/humble/lib/x86_64-linux-gnu:/opt/ros/humble/lib /usr/local/bin/cmake --build /home/abc/planning_with_ros2/build/planning -- -j12 -l12
[10.333s] Invoking command in '/home/abc/planning_with_ros2/build/planning': CMAKE_PREFIX_PATH=/home/abc/planning_with_ros2/install/base_msgs:/home/abc/planning_with_ros2/install/planning:/home/abc/planning_with_ros2/install/data_plot:/opt/ros/humble LD_LIBRARY_PATH=/home/abc/planning_with_ros2/install/base_msgs/lib:/home/abc/planning_with_ros2/install/planning/lib:/home/abc/planning_with_ros2/install/planning/lib:/home/abc/planning_with_ros2/install/planning/lib:/usr/lib/x86_64-linux-gnu/gazebo-11/plugins:/opt/ros/humble/opt/rviz_ogre_vendor/lib:/opt/ros/humble/lib/x86_64-linux-gnu:/opt/ros/humble/lib /usr/local/bin/cmake --install /home/abc/planning_with_ros2/build/planning
[10.335s] -- Install configuration: ""
[10.335s] -- Up-to-date: /home/abc/planning_with_ros2/install/planning/lib/libconfig_reader.so
[10.336s] -- Up-to-date: /home/abc/planning_with_ros2/install/planning/lib/libmathlibs.so
[10.336s] -- Up-to-date: /home/abc/planning_with_ros2/install/planning/lib/libdecision_center.so
[10.337s] -- Up-to-date: /home/abc/planning_with_ros2/install/planning/lib/libpnc_map_creator.so
[10.338s] -- Up-to-date: /home/abc/planning_with_ros2/install/planning/lib/planning/pnc_map_server
[10.338s] -- Up-to-date: /home/abc/planning_with_ros2/install/planning/lib/libglobal_planner.so
[10.339s] -- Up-to-date: /home/abc/planning_with_ros2/install/planning/lib/planning/global_path_server
[10.339s] -- Up-to-date: /home/abc/planning_with_ros2/install/planning/lib/liblocal_planner.so
[10.340s] -- Up-to-date: /home/abc/planning_with_ros2/install/planning/lib/libreference_line.so
[10.341s] -- Up-to-date: /home/abc/planning_with_ros2/install/planning/lib/planning/osqp_test
[10.341s] -- Up-to-date: /home/abc/planning_with_ros2/install/planning/lib/planning/newton_test
[10.342s] -- Up-to-date: /home/abc/planning_with_ros2/install/planning/lib/libvehicle_info.so
[10.342s] -- Up-to-date: /home/abc/planning_with_ros2/install/planning/lib/planning/planning_process
[10.343s] -- Installing: /home/abc/planning_with_ros2/install/planning/lib/planning/car_move_cmd
[10.348s] -- Set non-toolchain portion of runtime path of "/home/abc/planning_with_ros2/install/planning/lib/planning/car_move_cmd" to ""
[10.348s] -- Up-to-date: /home/abc/planning_with_ros2/install/planning/lib/planning/obs_move_cmd
[10.348s] -- Up-to-date: /home/abc/planning_with_ros2/install/planning/share/planning/config
[10.348s] -- Up-to-date: /home/abc/planning_with_ros2/install/planning/share/planning/config/planning_static_obs_config.yaml
[10.349s] -- Up-to-date: /home/abc/planning_with_ros2/install/planning/share/planning/launch
[10.349s] -- Up-to-date: /home/abc/planning_with_ros2/install/planning/share/planning/launch/planning_launch.py
[10.349s] -- Up-to-date: /home/abc/planning_with_ros2/install/planning/share/planning/urdf
[10.349s] -- Up-to-date: /home/abc/planning_with_ros2/install/planning/share/planning/urdf/main_car
[10.349s] -- Up-to-date: /home/abc/planning_with_ros2/install/planning/share/planning/urdf/main_car/car_camera.xacro
[10.349s] -- Up-to-date: /home/abc/planning_with_ros2/install/planning/share/planning/urdf/main_car/car_base.xacro
[10.349s] -- Up-to-date: /home/abc/planning_with_ros2/install/planning/share/planning/urdf/main_car/car_radar.xacro
[10.349s] -- Up-to-date: /home/abc/planning_with_ros2/install/planning/share/planning/urdf/main_car/car.xacro
[10.349s] -- Up-to-date: /home/abc/planning_with_ros2/install/planning/share/planning/urdf/main_car/car_wheels.xacro
[10.349s] -- Up-to-date: /home/abc/planning_with_ros2/install/planning/share/planning/urdf/obs_car
[10.349s] -- Up-to-date: /home/abc/planning_with_ros2/install/planning/share/planning/urdf/obs_car/obs_car.xacro
[10.350s] -- Up-to-date: /home/abc/planning_with_ros2/install/planning/share/planning/rviz
[10.350s] -- Up-to-date: /home/abc/planning_with_ros2/install/planning/share/planning/rviz/planning.rviz
[10.350s] -- Up-to-date: /home/abc/planning_with_ros2/install/planning/share/ament_index/resource_index/package_run_dependencies/planning
[10.350s] -- Up-to-date: /home/abc/planning_with_ros2/install/planning/share/ament_index/resource_index/parent_prefix_path/planning
[10.350s] -- Up-to-date: /home/abc/planning_with_ros2/install/planning/share/planning/environment/ament_prefix_path.sh
[10.350s] -- Up-to-date: /home/abc/planning_with_ros2/install/planning/share/planning/environment/ament_prefix_path.dsv
[10.350s] -- Up-to-date: /home/abc/planning_with_ros2/install/planning/share/planning/environment/path.sh
[10.350s] -- Up-to-date: /home/abc/planning_with_ros2/install/planning/share/planning/environment/path.dsv
[10.350s] -- Up-to-date: /home/abc/planning_with_ros2/install/planning/share/planning/local_setup.bash
[10.350s] -- Up-to-date: /home/abc/planning_with_ros2/install/planning/share/planning/local_setup.sh
[10.350s] -- Up-to-date: /home/abc/planning_with_ros2/install/planning/share/planning/local_setup.zsh
[10.350s] -- Up-to-date: /home/abc/planning_with_ros2/install/planning/share/planning/local_setup.dsv
[10.350s] -- Installing: /home/abc/planning_with_ros2/install/planning/share/planning/package.dsv
[10.350s] -- Up-to-date: /home/abc/planning_with_ros2/install/planning/share/ament_index/resource_index/packages/planning
[10.350s] -- Up-to-date: /home/abc/planning_with_ros2/install/planning/share/planning/cmake/planningConfig.cmake
[10.351s] -- Up-to-date: /home/abc/planning_with_ros2/install/planning/share/planning/cmake/planningConfig-version.cmake
[10.351s] -- Up-to-date: /home/abc/planning_with_ros2/install/planning/share/planning/package.xml
[10.352s] Invoked command in '/home/abc/planning_with_ros2/build/planning' returned '0': CMAKE_PREFIX_PATH=/home/abc/planning_with_ros2/install/base_msgs:/home/abc/planning_with_ros2/install/planning:/home/abc/planning_with_ros2/install/data_plot:/opt/ros/humble LD_LIBRARY_PATH=/home/abc/planning_with_ros2/install/base_msgs/lib:/home/abc/planning_with_ros2/install/planning/lib:/home/abc/planning_with_ros2/install/planning/lib:/home/abc/planning_with_ros2/install/planning/lib:/usr/lib/x86_64-linux-gnu/gazebo-11/plugins:/opt/ros/humble/opt/rviz_ogre_vendor/lib:/opt/ros/humble/lib/x86_64-linux-gnu:/opt/ros/humble/lib /usr/local/bin/cmake --install /home/abc/planning_with_ros2/build/planning
