[0.010s] Invoking command in '/home/abc/planning_with_ros2/build/base_msgs': CMAKE_PREFIX_PATH=${CMAKE_PREFIX_PATH}:/home/abc/planning_with_ros2/install/data_plot:/home/abc/perception_with_ros2/install/data_plot_per:/opt/ros/humble /usr/local/bin/cmake /home/abc/planning_with_ros2/src/base_msgs -DCMAKE_INSTALL_PREFIX=/home/abc/planning_with_ros2/install/base_msgs
[0.050s] -- The C compiler identification is GNU 11.4.0
[0.100s] -- The CXX compiler identification is GNU 11.4.0
[0.107s] -- Detecting C compiler ABI info
[0.157s] -- Detecting C compiler ABI info - done
[0.178s] -- Check for working C compiler: /usr/bin/cc - skipped
[0.179s] -- Detecting C compile features
[0.179s] -- Detecting C compile features - done
[0.189s] -- Detecting CXX compiler ABI info
[0.252s] -- Detecting CXX compiler ABI info - done
[0.273s] -- Check for working CXX compiler: /usr/bin/c++ - skipped
[0.274s] -- Detecting CXX compile features
[0.274s] -- Detecting CXX compile features - done
[0.281s] -- Found ament_cmake: 1.3.12 (/opt/ros/humble/share/ament_cmake/cmake)
[0.408s] -- Found Python3: /usr/bin/python3 (found version "3.10.12") found components: Interpreter
[0.494s] -- Found rosidl_default_generators: 1.2.0 (/opt/ros/humble/share/rosidl_default_generators/cmake)
[0.498s] -- Using all available rosidl_typesupport_c: rosidl_typesupport_fastrtps_c;rosidl_typesupport_introspection_c
[0.505s] -- Found rosidl_adapter: 3.1.8 (/opt/ros/humble/share/rosidl_adapter/cmake)
[0.553s] -- Using all available rosidl_typesupport_cpp: rosidl_typesupport_fastrtps_cpp;rosidl_typesupport_introspection_cpp
[0.597s] -- Found visualization_msgs: 4.9.0 (/opt/ros/humble/share/visualization_msgs/cmake)
[0.714s] -- Found nav_msgs: 4.9.0 (/opt/ros/humble/share/nav_msgs/cmake)
[1.290s] -- Found ament_cmake_ros: 0.10.0 (/opt/ros/humble/share/ament_cmake_ros/cmake)
[1.857s] -- Using all available rosidl_typesupport_c: rosidl_typesupport_fastrtps_c;rosidl_typesupport_introspection_c
[2.617s] -- Using all available rosidl_typesupport_cpp: rosidl_typesupport_fastrtps_cpp;rosidl_typesupport_introspection_cpp
[2.639s] -- Found PythonInterp: /usr/bin/python3 (found suitable version "3.10.12", minimum required is "3.6")
[2.640s] -- Found python_cmake_module: 0.10.0 (/opt/ros/humble/share/python_cmake_module/cmake)
[2.665s] -- Found PythonLibs: /usr/lib/x86_64-linux-gnu/libpython3.10.so (found suitable version "3.10.12", minimum required is "3.5")
[2.665s] -- Using PYTHON_EXECUTABLE: /usr/bin/python3
[2.665s] -- Using PYTHON_INCLUDE_DIRS: /usr/include/python3.10
[2.665s] -- Using PYTHON_LIBRARIES: /usr/lib/x86_64-linux-gnu/libpython3.10.so
[2.683s] -- Found PythonExtra: .so
[2.794s] -- Found ament_lint_auto: 0.12.14 (/opt/ros/humble/share/ament_lint_auto/cmake)
[2.811s] -- Added test 'lint_cmake' to check CMake code style
[2.812s] -- Added test 'xmllint' to check XML markup files
[2.815s] -- Configuring done (2.8s)
[2.885s] -- Generating done (0.1s)
[2.897s] -- Build files have been written to: /home/abc/planning_with_ros2/build/base_msgs
[2.907s] Invoked command in '/home/abc/planning_with_ros2/build/base_msgs' returned '0': CMAKE_PREFIX_PATH=${CMAKE_PREFIX_PATH}:/home/abc/planning_with_ros2/install/data_plot:/home/abc/perception_with_ros2/install/data_plot_per:/opt/ros/humble /usr/local/bin/cmake /home/abc/planning_with_ros2/src/base_msgs -DCMAKE_INSTALL_PREFIX=/home/abc/planning_with_ros2/install/base_msgs
[2.907s] Invoking command in '/home/abc/planning_with_ros2/build/base_msgs': CMAKE_PREFIX_PATH=${CMAKE_PREFIX_PATH}:/home/abc/planning_with_ros2/install/data_plot:/home/abc/perception_with_ros2/install/data_plot_per:/opt/ros/humble /usr/local/bin/cmake --build /home/abc/planning_with_ros2/build/base_msgs -- -j12 -l12
[2.925s] [  1%] [34m[1mGenerating C code for ROS interfaces[0m
[2.929s] [  1%] [34m[1mGenerating C++ code for ROS interfaces[0m
[2.929s] [  1%] Built target ament_cmake_python_copy_base_msgs
[3.164s] running egg_info
[3.164s] creating base_msgs.egg-info
[3.164s] writing base_msgs.egg-info/PKG-INFO
[3.164s] writing dependency_links to base_msgs.egg-info/dependency_links.txt
[3.165s] writing top-level names to base_msgs.egg-info/top_level.txt
[3.165s] writing manifest file 'base_msgs.egg-info/SOURCES.txt'
[3.166s] reading manifest file 'base_msgs.egg-info/SOURCES.txt'
[3.167s] writing manifest file 'base_msgs.egg-info/SOURCES.txt'
[3.183s] [  1%] Built target ament_cmake_python_build_base_msgs_egg
[4.350s] [  1%] Built target base_msgs__cpp
[4.354s] [  2%] [34m[1mGenerating C++ type support dispatch for ROS interfaces[0m
[4.354s] [  3%] [34m[1mGenerating C++ type support for eProsima Fast-RTPS[0m
[4.354s] [  3%] [34m[1mGenerating C++ introspection for ROS interfaces[0m
[4.391s] [  4%] [32mBuilding C object CMakeFiles/base_msgs__rosidl_generator_c.dir/rosidl_generator_c/base_msgs/srv/detail/global_path_service__functions.c.o[0m
[4.391s] [  4%] [32mBuilding C object CMakeFiles/base_msgs__rosidl_generator_c.dir/rosidl_generator_c/base_msgs/srv/detail/pnc_map_service__functions.c.o[0m
[4.391s] [  5%] [32mBuilding C object CMakeFiles/base_msgs__rosidl_generator_c.dir/rosidl_generator_c/base_msgs/msg/detail/referline_point__functions.c.o[0m
[4.392s] [  6%] [32mBuilding C object CMakeFiles/base_msgs__rosidl_generator_c.dir/rosidl_generator_c/base_msgs/msg/detail/pnc_map__functions.c.o[0m
[4.392s] [  7%] [32mBuilding C object CMakeFiles/base_msgs__rosidl_generator_c.dir/rosidl_generator_c/base_msgs/msg/detail/referline__functions.c.o[0m
[4.392s] [  8%] [32mBuilding C object CMakeFiles/base_msgs__rosidl_generator_c.dir/rosidl_generator_c/base_msgs/msg/detail/local_path__functions.c.o[0m
[4.392s] [  8%] [32mBuilding C object CMakeFiles/base_msgs__rosidl_generator_c.dir/rosidl_generator_c/base_msgs/msg/detail/local_path_point__functions.c.o[0m
[4.392s] [  9%] [32mBuilding C object CMakeFiles/base_msgs__rosidl_generator_c.dir/rosidl_generator_c/base_msgs/msg/detail/local_speeds_point__functions.c.o[0m
[4.392s] [ 10%] [32mBuilding C object CMakeFiles/base_msgs__rosidl_generator_c.dir/rosidl_generator_c/base_msgs/msg/detail/local_speeds__functions.c.o[0m
[4.451s] [ 11%] [32mBuilding C object CMakeFiles/base_msgs__rosidl_generator_c.dir/rosidl_generator_c/base_msgs/msg/detail/local_trajectory_point__functions.c.o[0m
[4.453s] [ 12%] [32mBuilding C object CMakeFiles/base_msgs__rosidl_generator_c.dir/rosidl_generator_c/base_msgs/msg/detail/local_trajectory__functions.c.o[0m
[4.456s] [ 12%] [32mBuilding C object CMakeFiles/base_msgs__rosidl_generator_c.dir/rosidl_generator_c/base_msgs/msg/detail/obs_info__functions.c.o[0m
[4.457s] [ 13%] [32mBuilding C object CMakeFiles/base_msgs__rosidl_generator_c.dir/rosidl_generator_c/base_msgs/msg/detail/plot_info__functions.c.o[0m
[4.512s] [ 14%] [32m[1mLinking C shared library libbase_msgs__rosidl_generator_c.so[0m
[4.537s] [ 14%] Built target base_msgs__rosidl_generator_c
[4.541s] [ 16%] [34m[1mGenerating C type support dispatch for ROS interfaces[0m
[4.541s] [ 16%] [34m[1mGenerating C type support for eProsima Fast-RTPS[0m
[4.542s] [ 17%] [34m[1mGenerating C introspection for ROS interfaces[0m
[5.493s] [ 18%] [32mBuilding CXX object CMakeFiles/base_msgs__rosidl_typesupport_cpp.dir/rosidl_typesupport_cpp/base_msgs/srv/global_path_service__type_support.cpp.o[0m
[5.494s] [ 19%] [32mBuilding CXX object CMakeFiles/base_msgs__rosidl_typesupport_cpp.dir/rosidl_typesupport_cpp/base_msgs/srv/pnc_map_service__type_support.cpp.o[0m
[5.494s] [ 19%] [32mBuilding CXX object CMakeFiles/base_msgs__rosidl_typesupport_cpp.dir/rosidl_typesupport_cpp/base_msgs/msg/pnc_map__type_support.cpp.o[0m
[5.494s] [ 20%] [32mBuilding CXX object CMakeFiles/base_msgs__rosidl_typesupport_cpp.dir/rosidl_typesupport_cpp/base_msgs/msg/referline_point__type_support.cpp.o[0m
[5.494s] [ 21%] [32mBuilding CXX object CMakeFiles/base_msgs__rosidl_typesupport_cpp.dir/rosidl_typesupport_cpp/base_msgs/msg/referline__type_support.cpp.o[0m
[5.494s] [ 22%] [32mBuilding CXX object CMakeFiles/base_msgs__rosidl_typesupport_cpp.dir/rosidl_typesupport_cpp/base_msgs/msg/local_path_point__type_support.cpp.o[0m
[5.494s] [ 23%] [32mBuilding CXX object CMakeFiles/base_msgs__rosidl_typesupport_cpp.dir/rosidl_typesupport_cpp/base_msgs/msg/local_path__type_support.cpp.o[0m
[5.786s] [ 24%] [32mBuilding CXX object CMakeFiles/base_msgs__rosidl_typesupport_introspection_cpp.dir/rosidl_typesupport_introspection_cpp/base_msgs/srv/detail/global_path_service__type_support.cpp.o[0m
[5.812s] [ 24%] [32mBuilding CXX object CMakeFiles/base_msgs__rosidl_typesupport_c.dir/rosidl_typesupport_c/base_msgs/srv/global_path_service__type_support.cpp.o[0m
[5.855s] [ 25%] [32mBuilding CXX object CMakeFiles/base_msgs__rosidl_typesupport_c.dir/rosidl_typesupport_c/base_msgs/srv/pnc_map_service__type_support.cpp.o[0m
[5.888s] [ 26%] [32mBuilding CXX object CMakeFiles/base_msgs__rosidl_typesupport_c.dir/rosidl_typesupport_c/base_msgs/msg/pnc_map__type_support.cpp.o[0m
[5.901s] [ 27%] [32mBuilding CXX object CMakeFiles/base_msgs__rosidl_typesupport_c.dir/rosidl_typesupport_c/base_msgs/msg/referline_point__type_support.cpp.o[0m
[5.901s] [ 28%] [32mBuilding CXX object CMakeFiles/base_msgs__rosidl_typesupport_introspection_cpp.dir/rosidl_typesupport_introspection_cpp/base_msgs/srv/detail/pnc_map_service__type_support.cpp.o[0m
[5.907s] [ 29%] [32mBuilding CXX object CMakeFiles/base_msgs__rosidl_typesupport_c.dir/rosidl_typesupport_c/base_msgs/msg/referline__type_support.cpp.o[0m
[5.916s] [ 29%] [32mBuilding CXX object CMakeFiles/base_msgs__rosidl_typesupport_c.dir/rosidl_typesupport_c/base_msgs/msg/local_path_point__type_support.cpp.o[0m
[5.929s] [ 30%] [32mBuilding CXX object CMakeFiles/base_msgs__rosidl_typesupport_introspection_cpp.dir/rosidl_typesupport_introspection_cpp/base_msgs/msg/detail/pnc_map__type_support.cpp.o[0m
[5.932s] [ 31%] [32mBuilding CXX object CMakeFiles/base_msgs__rosidl_typesupport_introspection_cpp.dir/rosidl_typesupport_introspection_cpp/base_msgs/msg/detail/referline_point__type_support.cpp.o[0m
[5.934s] [ 31%] [32mBuilding CXX object CMakeFiles/base_msgs__rosidl_typesupport_cpp.dir/rosidl_typesupport_cpp/base_msgs/msg/local_speeds_point__type_support.cpp.o[0m
[5.938s] [ 31%] [32mBuilding CXX object CMakeFiles/base_msgs__rosidl_typesupport_introspection_cpp.dir/rosidl_typesupport_introspection_cpp/base_msgs/msg/detail/referline__type_support.cpp.o[0m
[5.942s] [ 32%] [32mBuilding CXX object CMakeFiles/base_msgs__rosidl_typesupport_introspection_cpp.dir/rosidl_typesupport_introspection_cpp/base_msgs/msg/detail/local_path_point__type_support.cpp.o[0m
[5.942s] [ 33%] [32mBuilding CXX object CMakeFiles/base_msgs__rosidl_typesupport_c.dir/rosidl_typesupport_c/base_msgs/msg/local_path__type_support.cpp.o[0m
[5.954s] [ 34%] [32mBuilding CXX object CMakeFiles/base_msgs__rosidl_typesupport_cpp.dir/rosidl_typesupport_cpp/base_msgs/msg/local_speeds__type_support.cpp.o[0m
[5.977s] [ 35%] [32mBuilding CXX object CMakeFiles/base_msgs__rosidl_typesupport_c.dir/rosidl_typesupport_c/base_msgs/msg/local_speeds_point__type_support.cpp.o[0m
[6.011s] [ 36%] [32mBuilding CXX object CMakeFiles/base_msgs__rosidl_typesupport_c.dir/rosidl_typesupport_c/base_msgs/msg/local_speeds__type_support.cpp.o[0m
[6.050s] [ 37%] [32mBuilding CXX object CMakeFiles/base_msgs__rosidl_typesupport_c.dir/rosidl_typesupport_c/base_msgs/msg/local_trajectory_point__type_support.cpp.o[0m
[6.080s] [ 38%] [32mBuilding CXX object CMakeFiles/base_msgs__rosidl_typesupport_fastrtps_cpp.dir/rosidl_typesupport_fastrtps_cpp/base_msgs/srv/detail/dds_fastrtps/global_path_service__type_support.cpp.o[0m
[6.094s] [ 38%] [32mBuilding CXX object CMakeFiles/base_msgs__rosidl_typesupport_c.dir/rosidl_typesupport_c/base_msgs/msg/local_trajectory__type_support.cpp.o[0m
[6.140s] [ 39%] [32mBuilding CXX object CMakeFiles/base_msgs__rosidl_typesupport_c.dir/rosidl_typesupport_c/base_msgs/msg/obs_info__type_support.cpp.o[0m
[6.175s] [ 40%] [32mBuilding CXX object CMakeFiles/base_msgs__rosidl_typesupport_c.dir/rosidl_typesupport_c/base_msgs/msg/plot_info__type_support.cpp.o[0m
[6.176s] [ 41%] [32mBuilding C object CMakeFiles/base_msgs__rosidl_typesupport_introspection_c.dir/rosidl_typesupport_introspection_c/base_msgs/srv/detail/global_path_service__type_support.c.o[0m
[6.213s] [ 42%] [32m[1mLinking CXX shared library libbase_msgs__rosidl_typesupport_c.so[0m
[6.234s] [ 43%] [32mBuilding C object CMakeFiles/base_msgs__rosidl_typesupport_introspection_c.dir/rosidl_typesupport_introspection_c/base_msgs/srv/detail/pnc_map_service__type_support.c.o[0m
[6.264s] [ 43%] Built target base_msgs__rosidl_typesupport_c
[6.274s] [ 44%] [32mBuilding CXX object CMakeFiles/base_msgs__rosidl_typesupport_cpp.dir/rosidl_typesupport_cpp/base_msgs/msg/local_trajectory_point__type_support.cpp.o[0m
[6.285s] [ 44%] [32mBuilding C object CMakeFiles/base_msgs__rosidl_typesupport_introspection_c.dir/rosidl_typesupport_introspection_c/base_msgs/msg/detail/pnc_map__type_support.c.o[0m
[6.289s] [ 45%] [32mBuilding CXX object CMakeFiles/base_msgs__rosidl_typesupport_fastrtps_c.dir/rosidl_typesupport_fastrtps_c/base_msgs/srv/detail/global_path_service__type_support_c.cpp.o[0m
[6.334s] [ 46%] [32mBuilding C object CMakeFiles/base_msgs__rosidl_typesupport_introspection_c.dir/rosidl_typesupport_introspection_c/base_msgs/msg/detail/referline_point__type_support.c.o[0m
[6.354s] [ 46%] [32mBuilding CXX object CMakeFiles/base_msgs__rosidl_typesupport_fastrtps_c.dir/rosidl_typesupport_fastrtps_c/base_msgs/srv/detail/pnc_map_service__type_support_c.cpp.o[0m
[6.384s] [ 47%] [32mBuilding C object CMakeFiles/base_msgs__rosidl_typesupport_introspection_c.dir/rosidl_typesupport_introspection_c/base_msgs/msg/detail/referline__type_support.c.o[0m
[6.397s] [ 48%] [32mBuilding CXX object CMakeFiles/base_msgs__rosidl_typesupport_fastrtps_cpp.dir/rosidl_typesupport_fastrtps_cpp/base_msgs/srv/detail/dds_fastrtps/pnc_map_service__type_support.cpp.o[0m
[6.465s] [ 49%] [32mBuilding C object CMakeFiles/base_msgs__rosidl_typesupport_introspection_c.dir/rosidl_typesupport_introspection_c/base_msgs/msg/detail/local_path_point__type_support.c.o[0m
[6.511s] [ 50%] [32mBuilding C object CMakeFiles/base_msgs__rosidl_typesupport_introspection_c.dir/rosidl_typesupport_introspection_c/base_msgs/msg/detail/local_path__type_support.c.o[0m
[6.531s] [ 51%] [32mBuilding CXX object CMakeFiles/base_msgs__rosidl_typesupport_fastrtps_c.dir/rosidl_typesupport_fastrtps_c/base_msgs/msg/detail/pnc_map__type_support_c.cpp.o[0m
[6.562s] [ 51%] [32mBuilding C object CMakeFiles/base_msgs__rosidl_typesupport_introspection_c.dir/rosidl_typesupport_introspection_c/base_msgs/msg/detail/local_speeds_point__type_support.c.o[0m
[6.583s] [ 52%] [32mBuilding CXX object CMakeFiles/base_msgs__rosidl_typesupport_cpp.dir/rosidl_typesupport_cpp/base_msgs/msg/local_trajectory__type_support.cpp.o[0m
[6.593s] [ 53%] [32mBuilding CXX object CMakeFiles/base_msgs__rosidl_typesupport_fastrtps_cpp.dir/rosidl_typesupport_fastrtps_cpp/base_msgs/msg/detail/dds_fastrtps/pnc_map__type_support.cpp.o[0m
[6.603s] [ 54%] [32mBuilding C object CMakeFiles/base_msgs__rosidl_typesupport_introspection_c.dir/rosidl_typesupport_introspection_c/base_msgs/msg/detail/local_speeds__type_support.c.o[0m
[6.633s] [ 55%] [32mBuilding CXX object CMakeFiles/base_msgs__rosidl_typesupport_fastrtps_c.dir/rosidl_typesupport_fastrtps_c/base_msgs/msg/detail/referline_point__type_support_c.cpp.o[0m
[6.639s] [ 56%] [32mBuilding CXX object CMakeFiles/base_msgs__rosidl_typesupport_cpp.dir/rosidl_typesupport_cpp/base_msgs/msg/obs_info__type_support.cpp.o[0m
[6.657s] [ 58%] [32mBuilding CXX object CMakeFiles/base_msgs__rosidl_typesupport_introspection_cpp.dir/rosidl_typesupport_introspection_cpp/base_msgs/msg/detail/local_path__type_support.cpp.o[0m
[6.657s] [ 58%] [32mBuilding C object CMakeFiles/base_msgs__rosidl_typesupport_introspection_c.dir/rosidl_typesupport_introspection_c/base_msgs/msg/detail/local_trajectory_point__type_support.c.o[0m
[6.702s] [ 59%] [32mBuilding C object CMakeFiles/base_msgs__rosidl_typesupport_introspection_c.dir/rosidl_typesupport_introspection_c/base_msgs/msg/detail/local_trajectory__type_support.c.o[0m
[6.727s] [ 59%] [32mBuilding CXX object CMakeFiles/base_msgs__rosidl_typesupport_fastrtps_cpp.dir/rosidl_typesupport_fastrtps_cpp/base_msgs/msg/detail/dds_fastrtps/referline_point__type_support.cpp.o[0m
[6.742s] [ 60%] [32mBuilding CXX object CMakeFiles/base_msgs__rosidl_typesupport_fastrtps_c.dir/rosidl_typesupport_fastrtps_c/base_msgs/msg/detail/referline__type_support_c.cpp.o[0m
[6.750s] [ 61%] [32mBuilding C object CMakeFiles/base_msgs__rosidl_typesupport_introspection_c.dir/rosidl_typesupport_introspection_c/base_msgs/msg/detail/obs_info__type_support.c.o[0m
[6.790s] [ 61%] [32mBuilding C object CMakeFiles/base_msgs__rosidl_typesupport_introspection_c.dir/rosidl_typesupport_introspection_c/base_msgs/msg/detail/plot_info__type_support.c.o[0m
[6.849s] [ 62%] [32m[1mLinking C shared library libbase_msgs__rosidl_typesupport_introspection_c.so[0m
[6.849s] [ 63%] [32mBuilding CXX object CMakeFiles/base_msgs__rosidl_typesupport_introspection_cpp.dir/rosidl_typesupport_introspection_cpp/base_msgs/msg/detail/local_speeds_point__type_support.cpp.o[0m
[6.883s] [ 63%] Built target base_msgs__rosidl_typesupport_introspection_c
[6.884s] [ 64%] [32mBuilding CXX object CMakeFiles/base_msgs__rosidl_typesupport_introspection_cpp.dir/rosidl_typesupport_introspection_cpp/base_msgs/msg/detail/local_speeds__type_support.cpp.o[0m
[6.943s] [ 64%] [32mBuilding CXX object CMakeFiles/base_msgs__rosidl_typesupport_cpp.dir/rosidl_typesupport_cpp/base_msgs/msg/plot_info__type_support.cpp.o[0m
[6.983s] [ 65%] [32mBuilding CXX object CMakeFiles/base_msgs__rosidl_typesupport_fastrtps_cpp.dir/rosidl_typesupport_fastrtps_cpp/base_msgs/msg/detail/dds_fastrtps/referline__type_support.cpp.o[0m
[7.036s] [ 66%] [32mBuilding CXX object CMakeFiles/base_msgs__rosidl_typesupport_fastrtps_cpp.dir/rosidl_typesupport_fastrtps_cpp/base_msgs/msg/detail/dds_fastrtps/local_path_point__type_support.cpp.o[0m
[7.049s] [ 66%] [32mBuilding CXX object CMakeFiles/base_msgs__rosidl_typesupport_introspection_cpp.dir/rosidl_typesupport_introspection_cpp/base_msgs/msg/detail/local_trajectory_point__type_support.cpp.o[0m
[7.075s] [ 67%] [32mBuilding CXX object CMakeFiles/base_msgs__rosidl_typesupport_fastrtps_c.dir/rosidl_typesupport_fastrtps_c/base_msgs/msg/detail/local_path_point__type_support_c.cpp.o[0m
[7.146s] [ 68%] [32mBuilding CXX object CMakeFiles/base_msgs__rosidl_typesupport_fastrtps_cpp.dir/rosidl_typesupport_fastrtps_cpp/base_msgs/msg/detail/dds_fastrtps/local_path__type_support.cpp.o[0m
[7.260s] [ 69%] [32mBuilding CXX object CMakeFiles/base_msgs__rosidl_typesupport_fastrtps_cpp.dir/rosidl_typesupport_fastrtps_cpp/base_msgs/msg/detail/dds_fastrtps/local_speeds_point__type_support.cpp.o[0m
[7.278s] [ 69%] [32mBuilding CXX object CMakeFiles/base_msgs__rosidl_typesupport_fastrtps_cpp.dir/rosidl_typesupport_fastrtps_cpp/base_msgs/msg/detail/dds_fastrtps/local_speeds__type_support.cpp.o[0m
[7.354s] [ 70%] [32mBuilding CXX object CMakeFiles/base_msgs__rosidl_typesupport_fastrtps_cpp.dir/rosidl_typesupport_fastrtps_cpp/base_msgs/msg/detail/dds_fastrtps/local_trajectory_point__type_support.cpp.o[0m
[7.366s] [ 71%] [32mBuilding CXX object CMakeFiles/base_msgs__rosidl_typesupport_introspection_cpp.dir/rosidl_typesupport_introspection_cpp/base_msgs/msg/detail/local_trajectory__type_support.cpp.o[0m
[7.391s] [ 72%] [32m[1mLinking CXX shared library libbase_msgs__rosidl_typesupport_cpp.so[0m
[7.418s] [ 73%] [32mBuilding CXX object CMakeFiles/base_msgs__rosidl_typesupport_fastrtps_cpp.dir/rosidl_typesupport_fastrtps_cpp/base_msgs/msg/detail/dds_fastrtps/local_trajectory__type_support.cpp.o[0m
[7.436s] [ 73%] Built target base_msgs__rosidl_typesupport_cpp
[7.441s] [ 74%] [32mBuilding CXX object CMakeFiles/base_msgs__rosidl_typesupport_fastrtps_cpp.dir/rosidl_typesupport_fastrtps_cpp/base_msgs/msg/detail/dds_fastrtps/obs_info__type_support.cpp.o[0m
[7.537s] [ 74%] [32mBuilding CXX object CMakeFiles/base_msgs__rosidl_typesupport_fastrtps_c.dir/rosidl_typesupport_fastrtps_c/base_msgs/msg/detail/local_path__type_support_c.cpp.o[0m
[7.593s] [ 75%] [32mBuilding CXX object CMakeFiles/base_msgs__rosidl_typesupport_fastrtps_cpp.dir/rosidl_typesupport_fastrtps_cpp/base_msgs/msg/detail/dds_fastrtps/plot_info__type_support.cpp.o[0m
[7.652s] [ 76%] [32mBuilding CXX object CMakeFiles/base_msgs__rosidl_typesupport_introspection_cpp.dir/rosidl_typesupport_introspection_cpp/base_msgs/msg/detail/obs_info__type_support.cpp.o[0m
[7.659s] [ 77%] [32mBuilding CXX object CMakeFiles/base_msgs__rosidl_typesupport_fastrtps_c.dir/rosidl_typesupport_fastrtps_c/base_msgs/msg/detail/local_speeds_point__type_support_c.cpp.o[0m
[7.664s] [ 78%] [32mBuilding CXX object CMakeFiles/base_msgs__rosidl_typesupport_fastrtps_c.dir/rosidl_typesupport_fastrtps_c/base_msgs/msg/detail/local_speeds__type_support_c.cpp.o[0m
[7.888s] [ 79%] [32mBuilding CXX object CMakeFiles/base_msgs__rosidl_typesupport_fastrtps_c.dir/rosidl_typesupport_fastrtps_c/base_msgs/msg/detail/local_trajectory_point__type_support_c.cpp.o[0m
[7.899s] [ 80%] [32mBuilding CXX object CMakeFiles/base_msgs__rosidl_typesupport_introspection_cpp.dir/rosidl_typesupport_introspection_cpp/base_msgs/msg/detail/plot_info__type_support.cpp.o[0m
[7.957s] [ 81%] [32mBuilding CXX object CMakeFiles/base_msgs__rosidl_typesupport_fastrtps_c.dir/rosidl_typesupport_fastrtps_c/base_msgs/msg/detail/local_trajectory__type_support_c.cpp.o[0m
[7.958s] [ 81%] [32mBuilding CXX object CMakeFiles/base_msgs__rosidl_typesupport_fastrtps_c.dir/rosidl_typesupport_fastrtps_c/base_msgs/msg/detail/obs_info__type_support_c.cpp.o[0m
[8.060s] [ 82%] [32mBuilding CXX object CMakeFiles/base_msgs__rosidl_typesupport_fastrtps_c.dir/rosidl_typesupport_fastrtps_c/base_msgs/msg/detail/plot_info__type_support_c.cpp.o[0m
[8.220s] [ 82%] [32m[1mLinking CXX shared library libbase_msgs__rosidl_typesupport_fastrtps_cpp.so[0m
[8.293s] [ 82%] Built target base_msgs__rosidl_typesupport_fastrtps_cpp
[8.436s] [ 83%] [32m[1mLinking CXX shared library libbase_msgs__rosidl_typesupport_fastrtps_c.so[0m
[8.488s] [ 84%] [32m[1mLinking CXX shared library libbase_msgs__rosidl_typesupport_introspection_cpp.so[0m
[8.494s] [ 84%] Built target base_msgs__rosidl_typesupport_fastrtps_c
[8.553s] [ 84%] Built target base_msgs__rosidl_typesupport_introspection_cpp
[8.560s] [ 84%] Built target base_msgs
[8.568s] [ 85%] [34m[1mGenerating Python code for ROS interfaces[0m
[11.180s] [ 85%] Built target base_msgs__py
[11.188s] [ 86%] [32mBuilding C object CMakeFiles/base_msgs__rosidl_generator_py.dir/rosidl_generator_py/base_msgs/srv/_global_path_service_s.c.o[0m
[11.188s] [ 86%] [32mBuilding C object CMakeFiles/base_msgs__rosidl_generator_py.dir/rosidl_generator_py/base_msgs/srv/_pnc_map_service_s.c.o[0m
[11.188s] [ 87%] [32mBuilding C object CMakeFiles/base_msgs__rosidl_generator_py.dir/rosidl_generator_py/base_msgs/msg/_pnc_map_s.c.o[0m
[11.189s] [ 88%] [32mBuilding C object CMakeFiles/base_msgs__rosidl_generator_py.dir/rosidl_generator_py/base_msgs/msg/_referline_point_s.c.o[0m
[11.189s] [ 89%] [32mBuilding C object CMakeFiles/base_msgs__rosidl_generator_py.dir/rosidl_generator_py/base_msgs/msg/_referline_s.c.o[0m
[11.189s] [ 90%] [32mBuilding C object CMakeFiles/base_msgs__rosidl_generator_py.dir/rosidl_generator_py/base_msgs/msg/_local_path_point_s.c.o[0m
[11.189s] [ 91%] [32mBuilding C object CMakeFiles/base_msgs__rosidl_generator_py.dir/rosidl_generator_py/base_msgs/msg/_local_speeds_point_s.c.o[0m
[11.189s] [ 91%] [32mBuilding C object CMakeFiles/base_msgs__rosidl_generator_py.dir/rosidl_generator_py/base_msgs/msg/_local_path_s.c.o[0m
[11.189s] [ 92%] [32mBuilding C object CMakeFiles/base_msgs__rosidl_generator_py.dir/rosidl_generator_py/base_msgs/msg/_local_speeds_s.c.o[0m
[11.190s] [ 94%] [32mBuilding C object CMakeFiles/base_msgs__rosidl_generator_py.dir/rosidl_generator_py/base_msgs/msg/_local_trajectory_s.c.o[0m
[11.190s] [ 94%] [32mBuilding C object CMakeFiles/base_msgs__rosidl_generator_py.dir/rosidl_generator_py/base_msgs/msg/_local_trajectory_point_s.c.o[0m
[11.190s] [ 94%] [32mBuilding C object CMakeFiles/base_msgs__rosidl_generator_py.dir/rosidl_generator_py/base_msgs/msg/_obs_info_s.c.o[0m
[11.339s] [ 95%] [32mBuilding C object CMakeFiles/base_msgs__rosidl_generator_py.dir/rosidl_generator_py/base_msgs/msg/_plot_info_s.c.o[0m
[11.430s] [ 96%] [32m[1mLinking C shared library rosidl_generator_py/base_msgs/libbase_msgs__rosidl_generator_py.so[0m
[11.460s] [ 96%] Built target base_msgs__rosidl_generator_py
[11.467s] [ 97%] [32mBuilding C object CMakeFiles/base_msgs__rosidl_typesupport_fastrtps_c__pyext.dir/rosidl_generator_py/base_msgs/_base_msgs_s.ep.rosidl_typesupport_fastrtps_c.c.o[0m
[11.467s] [ 99%] [32mBuilding C object CMakeFiles/base_msgs__rosidl_typesupport_c__pyext.dir/rosidl_generator_py/base_msgs/_base_msgs_s.ep.rosidl_typesupport_c.c.o[0m
[11.467s] [ 99%] [32mBuilding C object CMakeFiles/base_msgs__rosidl_typesupport_introspection_c__pyext.dir/rosidl_generator_py/base_msgs/_base_msgs_s.ep.rosidl_typesupport_introspection_c.c.o[0m
[11.591s] [ 99%] [32m[1mLinking C shared library rosidl_generator_py/base_msgs/base_msgs_s__rosidl_typesupport_fastrtps_c.cpython-310-x86_64-linux-gnu.so[0m
[11.591s] [ 99%] [32m[1mLinking C shared library rosidl_generator_py/base_msgs/base_msgs_s__rosidl_typesupport_c.cpython-310-x86_64-linux-gnu.so[0m
[11.591s] [100%] [32m[1mLinking C shared library rosidl_generator_py/base_msgs/base_msgs_s__rosidl_typesupport_introspection_c.cpython-310-x86_64-linux-gnu.so[0m
[11.622s] [100%] Built target base_msgs__rosidl_typesupport_c__pyext
[11.623s] [100%] Built target base_msgs__rosidl_typesupport_fastrtps_c__pyext
[11.623s] [100%] Built target base_msgs__rosidl_typesupport_introspection_c__pyext
[11.627s] Invoked command in '/home/abc/planning_with_ros2/build/base_msgs' returned '0': CMAKE_PREFIX_PATH=${CMAKE_PREFIX_PATH}:/home/abc/planning_with_ros2/install/data_plot:/home/abc/perception_with_ros2/install/data_plot_per:/opt/ros/humble /usr/local/bin/cmake --build /home/abc/planning_with_ros2/build/base_msgs -- -j12 -l12
[11.630s] Invoking command in '/home/abc/planning_with_ros2/build/base_msgs': CMAKE_PREFIX_PATH=${CMAKE_PREFIX_PATH}:/home/abc/planning_with_ros2/install/data_plot:/home/abc/perception_with_ros2/install/data_plot_per:/opt/ros/humble /usr/local/bin/cmake --install /home/abc/planning_with_ros2/build/base_msgs
[11.632s] -- Install configuration: ""
[11.632s] -- Installing: /home/abc/planning_with_ros2/install/base_msgs/share/ament_index/resource_index/rosidl_interfaces/base_msgs
[11.632s] -- Installing: /home/abc/planning_with_ros2/install/base_msgs/include/base_msgs/base_msgs
[11.633s] -- Installing: /home/abc/planning_with_ros2/install/base_msgs/include/base_msgs/base_msgs/msg
[11.633s] -- Installing: /home/abc/planning_with_ros2/install/base_msgs/include/base_msgs/base_msgs/msg/pnc_map.h
[11.633s] -- Installing: /home/abc/planning_with_ros2/install/base_msgs/include/base_msgs/base_msgs/msg/local_trajectory_point.h
[11.633s] -- Installing: /home/abc/planning_with_ros2/install/base_msgs/include/base_msgs/base_msgs/msg/plot_info.h
[11.633s] -- Installing: /home/abc/planning_with_ros2/install/base_msgs/include/base_msgs/base_msgs/msg/rosidl_generator_c__visibility_control.h
[11.633s] -- Installing: /home/abc/planning_with_ros2/install/base_msgs/include/base_msgs/base_msgs/msg/local_path.h
[11.633s] -- Installing: /home/abc/planning_with_ros2/install/base_msgs/include/base_msgs/base_msgs/msg/detail
[11.633s] -- Installing: /home/abc/planning_with_ros2/install/base_msgs/include/base_msgs/base_msgs/msg/detail/obs_info__type_support.h
[11.633s] -- Installing: /home/abc/planning_with_ros2/install/base_msgs/include/base_msgs/base_msgs/msg/detail/local_speeds__functions.c
[11.633s] -- Installing: /home/abc/planning_with_ros2/install/base_msgs/include/base_msgs/base_msgs/msg/detail/local_speeds_point__struct.h
[11.633s] -- Installing: /home/abc/planning_with_ros2/install/base_msgs/include/base_msgs/base_msgs/msg/detail/referline_point__type_support.h
[11.633s] -- Installing: /home/abc/planning_with_ros2/install/base_msgs/include/base_msgs/base_msgs/msg/detail/obs_info__struct.h
[11.633s] -- Installing: /home/abc/planning_with_ros2/install/base_msgs/include/base_msgs/base_msgs/msg/detail/referline__struct.h
[11.634s] -- Installing: /home/abc/planning_with_ros2/install/base_msgs/include/base_msgs/base_msgs/msg/detail/local_speeds__functions.h
[11.634s] -- Installing: /home/abc/planning_with_ros2/install/base_msgs/include/base_msgs/base_msgs/msg/detail/local_path_point__functions.h
[11.634s] -- Installing: /home/abc/planning_with_ros2/install/base_msgs/include/base_msgs/base_msgs/msg/detail/pnc_map__struct.h
[11.634s] -- Installing: /home/abc/planning_with_ros2/install/base_msgs/include/base_msgs/base_msgs/msg/detail/plot_info__struct.h
[11.634s] -- Installing: /home/abc/planning_with_ros2/install/base_msgs/include/base_msgs/base_msgs/msg/detail/local_path_point__struct.h
[11.634s] -- Installing: /home/abc/planning_with_ros2/install/base_msgs/include/base_msgs/base_msgs/msg/detail/local_path__struct.h
[11.634s] -- Installing: /home/abc/planning_with_ros2/install/base_msgs/include/base_msgs/base_msgs/msg/detail/obs_info__functions.h
[11.634s] -- Installing: /home/abc/planning_with_ros2/install/base_msgs/include/base_msgs/base_msgs/msg/detail/obs_info__functions.c
[11.634s] -- Installing: /home/abc/planning_with_ros2/install/base_msgs/include/base_msgs/base_msgs/msg/detail/local_speeds__struct.h
[11.634s] -- Installing: /home/abc/planning_with_ros2/install/base_msgs/include/base_msgs/base_msgs/msg/detail/referline__functions.h
[11.634s] -- Installing: /home/abc/planning_with_ros2/install/base_msgs/include/base_msgs/base_msgs/msg/detail/local_trajectory__type_support.h
[11.634s] -- Installing: /home/abc/planning_with_ros2/install/base_msgs/include/base_msgs/base_msgs/msg/detail/local_trajectory__functions.h
[11.634s] -- Installing: /home/abc/planning_with_ros2/install/base_msgs/include/base_msgs/base_msgs/msg/detail/local_path_point__type_support.h
[11.635s] -- Installing: /home/abc/planning_with_ros2/install/base_msgs/include/base_msgs/base_msgs/msg/detail/local_path_point__functions.c
[11.635s] -- Installing: /home/abc/planning_with_ros2/install/base_msgs/include/base_msgs/base_msgs/msg/detail/referline__type_support.h
[11.635s] -- Installing: /home/abc/planning_with_ros2/install/base_msgs/include/base_msgs/base_msgs/msg/detail/local_trajectory_point__functions.c
[11.635s] -- Installing: /home/abc/planning_with_ros2/install/base_msgs/include/base_msgs/base_msgs/msg/detail/local_trajectory_point__functions.h
[11.635s] -- Installing: /home/abc/planning_with_ros2/install/base_msgs/include/base_msgs/base_msgs/msg/detail/local_path__functions.h
[11.635s] -- Installing: /home/abc/planning_with_ros2/install/base_msgs/include/base_msgs/base_msgs/msg/detail/pnc_map__functions.c
[11.635s] -- Installing: /home/abc/planning_with_ros2/install/base_msgs/include/base_msgs/base_msgs/msg/detail/referline__functions.c
[11.635s] -- Installing: /home/abc/planning_with_ros2/install/base_msgs/include/base_msgs/base_msgs/msg/detail/referline_point__struct.h
[11.635s] -- Installing: /home/abc/planning_with_ros2/install/base_msgs/include/base_msgs/base_msgs/msg/detail/local_trajectory__struct.h
[11.635s] -- Installing: /home/abc/planning_with_ros2/install/base_msgs/include/base_msgs/base_msgs/msg/detail/local_speeds_point__type_support.h
[11.635s] -- Installing: /home/abc/planning_with_ros2/install/base_msgs/include/base_msgs/base_msgs/msg/detail/local_speeds_point__functions.h
[11.635s] -- Installing: /home/abc/planning_with_ros2/install/base_msgs/include/base_msgs/base_msgs/msg/detail/local_trajectory_point__struct.h
[11.635s] -- Installing: /home/abc/planning_with_ros2/install/base_msgs/include/base_msgs/base_msgs/msg/detail/local_path__functions.c
[11.636s] -- Installing: /home/abc/planning_with_ros2/install/base_msgs/include/base_msgs/base_msgs/msg/detail/plot_info__functions.c
[11.636s] -- Installing: /home/abc/planning_with_ros2/install/base_msgs/include/base_msgs/base_msgs/msg/detail/local_trajectory__functions.c
[11.636s] -- Installing: /home/abc/planning_with_ros2/install/base_msgs/include/base_msgs/base_msgs/msg/detail/local_speeds__type_support.h
[11.636s] -- Installing: /home/abc/planning_with_ros2/install/base_msgs/include/base_msgs/base_msgs/msg/detail/plot_info__type_support.h
[11.636s] -- Installing: /home/abc/planning_with_ros2/install/base_msgs/include/base_msgs/base_msgs/msg/detail/referline_point__functions.c
[11.636s] -- Installing: /home/abc/planning_with_ros2/install/base_msgs/include/base_msgs/base_msgs/msg/detail/local_path__type_support.h
[11.636s] -- Installing: /home/abc/planning_with_ros2/install/base_msgs/include/base_msgs/base_msgs/msg/detail/plot_info__functions.h
[11.636s] -- Installing: /home/abc/planning_with_ros2/install/base_msgs/include/base_msgs/base_msgs/msg/detail/pnc_map__type_support.h
[11.636s] -- Installing: /home/abc/planning_with_ros2/install/base_msgs/include/base_msgs/base_msgs/msg/detail/pnc_map__functions.h
[11.636s] -- Installing: /home/abc/planning_with_ros2/install/base_msgs/include/base_msgs/base_msgs/msg/detail/local_trajectory_point__type_support.h
[11.636s] -- Installing: /home/abc/planning_with_ros2/install/base_msgs/include/base_msgs/base_msgs/msg/detail/local_speeds_point__functions.c
[11.636s] -- Installing: /home/abc/planning_with_ros2/install/base_msgs/include/base_msgs/base_msgs/msg/detail/referline_point__functions.h
[11.636s] -- Installing: /home/abc/planning_with_ros2/install/base_msgs/include/base_msgs/base_msgs/msg/referline_point.h
[11.637s] -- Installing: /home/abc/planning_with_ros2/install/base_msgs/include/base_msgs/base_msgs/msg/obs_info.h
[11.637s] -- Installing: /home/abc/planning_with_ros2/install/base_msgs/include/base_msgs/base_msgs/msg/referline.h
[11.637s] -- Installing: /home/abc/planning_with_ros2/install/base_msgs/include/base_msgs/base_msgs/msg/local_speeds_point.h
[11.637s] -- Installing: /home/abc/planning_with_ros2/install/base_msgs/include/base_msgs/base_msgs/msg/local_speeds.h
[11.637s] -- Installing: /home/abc/planning_with_ros2/install/base_msgs/include/base_msgs/base_msgs/msg/local_trajectory.h
[11.637s] -- Installing: /home/abc/planning_with_ros2/install/base_msgs/include/base_msgs/base_msgs/msg/local_path_point.h
[11.637s] -- Installing: /home/abc/planning_with_ros2/install/base_msgs/include/base_msgs/base_msgs/srv
[11.637s] -- Installing: /home/abc/planning_with_ros2/install/base_msgs/include/base_msgs/base_msgs/srv/detail
[11.637s] -- Installing: /home/abc/planning_with_ros2/install/base_msgs/include/base_msgs/base_msgs/srv/detail/global_path_service__functions.h
[11.637s] -- Installing: /home/abc/planning_with_ros2/install/base_msgs/include/base_msgs/base_msgs/srv/detail/pnc_map_service__struct.h
[11.638s] -- Installing: /home/abc/planning_with_ros2/install/base_msgs/include/base_msgs/base_msgs/srv/detail/pnc_map_service__functions.c
[11.638s] -- Installing: /home/abc/planning_with_ros2/install/base_msgs/include/base_msgs/base_msgs/srv/detail/global_path_service__type_support.h
[11.638s] -- Installing: /home/abc/planning_with_ros2/install/base_msgs/include/base_msgs/base_msgs/srv/detail/global_path_service__struct.h
[11.638s] -- Installing: /home/abc/planning_with_ros2/install/base_msgs/include/base_msgs/base_msgs/srv/detail/pnc_map_service__type_support.h
[11.638s] -- Installing: /home/abc/planning_with_ros2/install/base_msgs/include/base_msgs/base_msgs/srv/detail/global_path_service__functions.c
[11.638s] -- Installing: /home/abc/planning_with_ros2/install/base_msgs/include/base_msgs/base_msgs/srv/detail/pnc_map_service__functions.h
[11.638s] -- Installing: /home/abc/planning_with_ros2/install/base_msgs/include/base_msgs/base_msgs/srv/pnc_map_service.h
[11.638s] -- Installing: /home/abc/planning_with_ros2/install/base_msgs/include/base_msgs/base_msgs/srv/global_path_service.h
[11.638s] -- Installing: /home/abc/planning_with_ros2/install/base_msgs/share/base_msgs/environment/library_path.sh
[11.639s] -- Installing: /home/abc/planning_with_ros2/install/base_msgs/share/base_msgs/environment/library_path.dsv
[11.639s] -- Installing: /home/abc/planning_with_ros2/install/base_msgs/lib/libbase_msgs__rosidl_generator_c.so
[11.639s] -- Set non-toolchain portion of runtime path of "/home/abc/planning_with_ros2/install/base_msgs/lib/libbase_msgs__rosidl_generator_c.so" to ""
[11.639s] -- Up-to-date: /home/abc/planning_with_ros2/install/base_msgs/include/base_msgs/base_msgs
[11.639s] -- Up-to-date: /home/abc/planning_with_ros2/install/base_msgs/include/base_msgs/base_msgs/msg
[11.639s] -- Installing: /home/abc/planning_with_ros2/install/base_msgs/include/base_msgs/base_msgs/msg/rosidl_typesupport_fastrtps_c__visibility_control.h
[11.639s] -- Up-to-date: /home/abc/planning_with_ros2/install/base_msgs/include/base_msgs/base_msgs/msg/detail
[11.639s] -- Installing: /home/abc/planning_with_ros2/install/base_msgs/include/base_msgs/base_msgs/msg/detail/obs_info__rosidl_typesupport_fastrtps_c.h
[11.639s] -- Installing: /home/abc/planning_with_ros2/install/base_msgs/include/base_msgs/base_msgs/msg/detail/local_trajectory_point__rosidl_typesupport_fastrtps_c.h
[11.640s] -- Installing: /home/abc/planning_with_ros2/install/base_msgs/include/base_msgs/base_msgs/msg/detail/local_speeds__rosidl_typesupport_fastrtps_c.h
[11.640s] -- Installing: /home/abc/planning_with_ros2/install/base_msgs/include/base_msgs/base_msgs/msg/detail/local_speeds_point__rosidl_typesupport_fastrtps_c.h
[11.640s] -- Installing: /home/abc/planning_with_ros2/install/base_msgs/include/base_msgs/base_msgs/msg/detail/plot_info__rosidl_typesupport_fastrtps_c.h
[11.640s] -- Installing: /home/abc/planning_with_ros2/install/base_msgs/include/base_msgs/base_msgs/msg/detail/local_trajectory__rosidl_typesupport_fastrtps_c.h
[11.640s] -- Installing: /home/abc/planning_with_ros2/install/base_msgs/include/base_msgs/base_msgs/msg/detail/local_path_point__rosidl_typesupport_fastrtps_c.h
[11.640s] -- Installing: /home/abc/planning_with_ros2/install/base_msgs/include/base_msgs/base_msgs/msg/detail/referline_point__rosidl_typesupport_fastrtps_c.h
[11.640s] -- Installing: /home/abc/planning_with_ros2/install/base_msgs/include/base_msgs/base_msgs/msg/detail/pnc_map__rosidl_typesupport_fastrtps_c.h
[11.640s] -- Installing: /home/abc/planning_with_ros2/install/base_msgs/include/base_msgs/base_msgs/msg/detail/referline__rosidl_typesupport_fastrtps_c.h
[11.640s] -- Installing: /home/abc/planning_with_ros2/install/base_msgs/include/base_msgs/base_msgs/msg/detail/local_path__rosidl_typesupport_fastrtps_c.h
[11.640s] -- Up-to-date: /home/abc/planning_with_ros2/install/base_msgs/include/base_msgs/base_msgs/srv
[11.640s] -- Up-to-date: /home/abc/planning_with_ros2/install/base_msgs/include/base_msgs/base_msgs/srv/detail
[11.640s] -- Installing: /home/abc/planning_with_ros2/install/base_msgs/include/base_msgs/base_msgs/srv/detail/pnc_map_service__rosidl_typesupport_fastrtps_c.h
[11.640s] -- Installing: /home/abc/planning_with_ros2/install/base_msgs/include/base_msgs/base_msgs/srv/detail/global_path_service__rosidl_typesupport_fastrtps_c.h
[11.641s] -- Installing: /home/abc/planning_with_ros2/install/base_msgs/lib/libbase_msgs__rosidl_typesupport_fastrtps_c.so
[11.641s] -- Set non-toolchain portion of runtime path of "/home/abc/planning_with_ros2/install/base_msgs/lib/libbase_msgs__rosidl_typesupport_fastrtps_c.so" to ""
[11.641s] -- Up-to-date: /home/abc/planning_with_ros2/install/base_msgs/include/base_msgs/base_msgs
[11.641s] -- Up-to-date: /home/abc/planning_with_ros2/install/base_msgs/include/base_msgs/base_msgs/msg
[11.641s] -- Installing: /home/abc/planning_with_ros2/install/base_msgs/include/base_msgs/base_msgs/msg/rosidl_typesupport_introspection_c__visibility_control.h
[11.641s] -- Up-to-date: /home/abc/planning_with_ros2/install/base_msgs/include/base_msgs/base_msgs/msg/detail
[11.641s] -- Installing: /home/abc/planning_with_ros2/install/base_msgs/include/base_msgs/base_msgs/msg/detail/local_trajectory__type_support.c
[11.641s] -- Installing: /home/abc/planning_with_ros2/install/base_msgs/include/base_msgs/base_msgs/msg/detail/local_path_point__rosidl_typesupport_introspection_c.h
[11.641s] -- Installing: /home/abc/planning_with_ros2/install/base_msgs/include/base_msgs/base_msgs/msg/detail/local_speeds_point__type_support.c
[11.641s] -- Installing: /home/abc/planning_with_ros2/install/base_msgs/include/base_msgs/base_msgs/msg/detail/referline__type_support.c
[11.641s] -- Installing: /home/abc/planning_with_ros2/install/base_msgs/include/base_msgs/base_msgs/msg/detail/pnc_map__rosidl_typesupport_introspection_c.h
[11.642s] -- Installing: /home/abc/planning_with_ros2/install/base_msgs/include/base_msgs/base_msgs/msg/detail/local_speeds_point__rosidl_typesupport_introspection_c.h
[11.642s] -- Installing: /home/abc/planning_with_ros2/install/base_msgs/include/base_msgs/base_msgs/msg/detail/local_trajectory__rosidl_typesupport_introspection_c.h
[11.642s] -- Installing: /home/abc/planning_with_ros2/install/base_msgs/include/base_msgs/base_msgs/msg/detail/local_speeds__type_support.c
[11.642s] -- Installing: /home/abc/planning_with_ros2/install/base_msgs/include/base_msgs/base_msgs/msg/detail/referline_point__type_support.c
[11.642s] -- Installing: /home/abc/planning_with_ros2/install/base_msgs/include/base_msgs/base_msgs/msg/detail/referline_point__rosidl_typesupport_introspection_c.h
[11.642s] -- Installing: /home/abc/planning_with_ros2/install/base_msgs/include/base_msgs/base_msgs/msg/detail/pnc_map__type_support.c
[11.642s] -- Installing: /home/abc/planning_with_ros2/install/base_msgs/include/base_msgs/base_msgs/msg/detail/referline__rosidl_typesupport_introspection_c.h
[11.642s] -- Installing: /home/abc/planning_with_ros2/install/base_msgs/include/base_msgs/base_msgs/msg/detail/local_trajectory_point__rosidl_typesupport_introspection_c.h
[11.642s] -- Installing: /home/abc/planning_with_ros2/install/base_msgs/include/base_msgs/base_msgs/msg/detail/obs_info__rosidl_typesupport_introspection_c.h
[11.642s] -- Installing: /home/abc/planning_with_ros2/install/base_msgs/include/base_msgs/base_msgs/msg/detail/obs_info__type_support.c
[11.642s] -- Installing: /home/abc/planning_with_ros2/install/base_msgs/include/base_msgs/base_msgs/msg/detail/local_path__type_support.c
[11.642s] -- Installing: /home/abc/planning_with_ros2/install/base_msgs/include/base_msgs/base_msgs/msg/detail/local_path_point__type_support.c
[11.643s] -- Installing: /home/abc/planning_with_ros2/install/base_msgs/include/base_msgs/base_msgs/msg/detail/local_trajectory_point__type_support.c
[11.643s] -- Installing: /home/abc/planning_with_ros2/install/base_msgs/include/base_msgs/base_msgs/msg/detail/plot_info__type_support.c
[11.643s] -- Installing: /home/abc/planning_with_ros2/install/base_msgs/include/base_msgs/base_msgs/msg/detail/local_speeds__rosidl_typesupport_introspection_c.h
[11.643s] -- Installing: /home/abc/planning_with_ros2/install/base_msgs/include/base_msgs/base_msgs/msg/detail/local_path__rosidl_typesupport_introspection_c.h
[11.643s] -- Installing: /home/abc/planning_with_ros2/install/base_msgs/include/base_msgs/base_msgs/msg/detail/plot_info__rosidl_typesupport_introspection_c.h
[11.643s] -- Up-to-date: /home/abc/planning_with_ros2/install/base_msgs/include/base_msgs/base_msgs/srv
[11.643s] -- Up-to-date: /home/abc/planning_with_ros2/install/base_msgs/include/base_msgs/base_msgs/srv/detail
[11.643s] -- Installing: /home/abc/planning_with_ros2/install/base_msgs/include/base_msgs/base_msgs/srv/detail/global_path_service__type_support.c
[11.643s] -- Installing: /home/abc/planning_with_ros2/install/base_msgs/include/base_msgs/base_msgs/srv/detail/global_path_service__rosidl_typesupport_introspection_c.h
[11.643s] -- Installing: /home/abc/planning_with_ros2/install/base_msgs/include/base_msgs/base_msgs/srv/detail/pnc_map_service__rosidl_typesupport_introspection_c.h
[11.643s] -- Installing: /home/abc/planning_with_ros2/install/base_msgs/include/base_msgs/base_msgs/srv/detail/pnc_map_service__type_support.c
[11.644s] -- Installing: /home/abc/planning_with_ros2/install/base_msgs/lib/libbase_msgs__rosidl_typesupport_introspection_c.so
[11.644s] -- Set non-toolchain portion of runtime path of "/home/abc/planning_with_ros2/install/base_msgs/lib/libbase_msgs__rosidl_typesupport_introspection_c.so" to ""
[11.644s] -- Installing: /home/abc/planning_with_ros2/install/base_msgs/lib/libbase_msgs__rosidl_typesupport_c.so
[11.644s] -- Set non-toolchain portion of runtime path of "/home/abc/planning_with_ros2/install/base_msgs/lib/libbase_msgs__rosidl_typesupport_c.so" to ""
[11.644s] -- Up-to-date: /home/abc/planning_with_ros2/install/base_msgs/include/base_msgs/base_msgs
[11.644s] -- Up-to-date: /home/abc/planning_with_ros2/install/base_msgs/include/base_msgs/base_msgs/msg
[11.644s] -- Installing: /home/abc/planning_with_ros2/install/base_msgs/include/base_msgs/base_msgs/msg/local_speeds.hpp
[11.644s] -- Installing: /home/abc/planning_with_ros2/install/base_msgs/include/base_msgs/base_msgs/msg/local_path_point.hpp
[11.644s] -- Up-to-date: /home/abc/planning_with_ros2/install/base_msgs/include/base_msgs/base_msgs/msg/detail
[11.645s] -- Installing: /home/abc/planning_with_ros2/install/base_msgs/include/base_msgs/base_msgs/msg/detail/pnc_map__traits.hpp
[11.645s] -- Installing: /home/abc/planning_with_ros2/install/base_msgs/include/base_msgs/base_msgs/msg/detail/local_trajectory_point__type_support.hpp
[11.645s] -- Installing: /home/abc/planning_with_ros2/install/base_msgs/include/base_msgs/base_msgs/msg/detail/obs_info__builder.hpp
[11.645s] -- Installing: /home/abc/planning_with_ros2/install/base_msgs/include/base_msgs/base_msgs/msg/detail/referline_point__type_support.hpp
[11.645s] -- Installing: /home/abc/planning_with_ros2/install/base_msgs/include/base_msgs/base_msgs/msg/detail/local_path__struct.hpp
[11.645s] -- Installing: /home/abc/planning_with_ros2/install/base_msgs/include/base_msgs/base_msgs/msg/detail/plot_info__struct.hpp
[11.645s] -- Installing: /home/abc/planning_with_ros2/install/base_msgs/include/base_msgs/base_msgs/msg/detail/pnc_map__builder.hpp
[11.645s] -- Installing: /home/abc/planning_with_ros2/install/base_msgs/include/base_msgs/base_msgs/msg/detail/plot_info__builder.hpp
[11.645s] -- Installing: /home/abc/planning_with_ros2/install/base_msgs/include/base_msgs/base_msgs/msg/detail/referline__traits.hpp
[11.645s] -- Installing: /home/abc/planning_with_ros2/install/base_msgs/include/base_msgs/base_msgs/msg/detail/local_speeds_point__struct.hpp
[11.645s] -- Installing: /home/abc/planning_with_ros2/install/base_msgs/include/base_msgs/base_msgs/msg/detail/local_trajectory__type_support.hpp
[11.646s] -- Installing: /home/abc/planning_with_ros2/install/base_msgs/include/base_msgs/base_msgs/msg/detail/local_path_point__struct.hpp
[11.646s] -- Installing: /home/abc/planning_with_ros2/install/base_msgs/include/base_msgs/base_msgs/msg/detail/local_speeds__builder.hpp
[11.646s] -- Installing: /home/abc/planning_with_ros2/install/base_msgs/include/base_msgs/base_msgs/msg/detail/local_path__traits.hpp
[11.646s] -- Installing: /home/abc/planning_with_ros2/install/base_msgs/include/base_msgs/base_msgs/msg/detail/local_trajectory__struct.hpp
[11.646s] -- Installing: /home/abc/planning_with_ros2/install/base_msgs/include/base_msgs/base_msgs/msg/detail/local_speeds_point__traits.hpp
[11.646s] -- Installing: /home/abc/planning_with_ros2/install/base_msgs/include/base_msgs/base_msgs/msg/detail/local_speeds_point__type_support.hpp
[11.646s] -- Installing: /home/abc/planning_with_ros2/install/base_msgs/include/base_msgs/base_msgs/msg/detail/local_path__builder.hpp
[11.646s] -- Installing: /home/abc/planning_with_ros2/install/base_msgs/include/base_msgs/base_msgs/msg/detail/plot_info__type_support.hpp
[11.646s] -- Installing: /home/abc/planning_with_ros2/install/base_msgs/include/base_msgs/base_msgs/msg/detail/referline_point__builder.hpp
[11.646s] -- Installing: /home/abc/planning_with_ros2/install/base_msgs/include/base_msgs/base_msgs/msg/detail/obs_info__type_support.hpp
[11.646s] -- Installing: /home/abc/planning_with_ros2/install/base_msgs/include/base_msgs/base_msgs/msg/detail/referline__builder.hpp
[11.646s] -- Installing: /home/abc/planning_with_ros2/install/base_msgs/include/base_msgs/base_msgs/msg/detail/pnc_map__struct.hpp
[11.647s] -- Installing: /home/abc/planning_with_ros2/install/base_msgs/include/base_msgs/base_msgs/msg/detail/local_path_point__traits.hpp
[11.647s] -- Installing: /home/abc/planning_with_ros2/install/base_msgs/include/base_msgs/base_msgs/msg/detail/local_speeds__type_support.hpp
[11.647s] -- Installing: /home/abc/planning_with_ros2/install/base_msgs/include/base_msgs/base_msgs/msg/detail/obs_info__traits.hpp
[11.647s] -- Installing: /home/abc/planning_with_ros2/install/base_msgs/include/base_msgs/base_msgs/msg/detail/local_trajectory__builder.hpp
[11.647s] -- Installing: /home/abc/planning_with_ros2/install/base_msgs/include/base_msgs/base_msgs/msg/detail/local_trajectory__traits.hpp
[11.647s] -- Installing: /home/abc/planning_with_ros2/install/base_msgs/include/base_msgs/base_msgs/msg/detail/referline__struct.hpp
[11.647s] -- Installing: /home/abc/planning_with_ros2/install/base_msgs/include/base_msgs/base_msgs/msg/detail/referline__type_support.hpp
[11.647s] -- Installing: /home/abc/planning_with_ros2/install/base_msgs/include/base_msgs/base_msgs/msg/detail/referline_point__struct.hpp
[11.647s] -- Installing: /home/abc/planning_with_ros2/install/base_msgs/include/base_msgs/base_msgs/msg/detail/plot_info__traits.hpp
[11.647s] -- Installing: /home/abc/planning_with_ros2/install/base_msgs/include/base_msgs/base_msgs/msg/detail/local_trajectory_point__builder.hpp
[11.647s] -- Installing: /home/abc/planning_with_ros2/install/base_msgs/include/base_msgs/base_msgs/msg/detail/local_speeds__traits.hpp
[11.647s] -- Installing: /home/abc/planning_with_ros2/install/base_msgs/include/base_msgs/base_msgs/msg/detail/local_trajectory_point__traits.hpp
[11.648s] -- Installing: /home/abc/planning_with_ros2/install/base_msgs/include/base_msgs/base_msgs/msg/detail/local_path__type_support.hpp
[11.648s] -- Installing: /home/abc/planning_with_ros2/install/base_msgs/include/base_msgs/base_msgs/msg/detail/local_path_point__type_support.hpp
[11.648s] -- Installing: /home/abc/planning_with_ros2/install/base_msgs/include/base_msgs/base_msgs/msg/detail/local_trajectory_point__struct.hpp
[11.648s] -- Installing: /home/abc/planning_with_ros2/install/base_msgs/include/base_msgs/base_msgs/msg/detail/obs_info__struct.hpp
[11.648s] -- Installing: /home/abc/planning_with_ros2/install/base_msgs/include/base_msgs/base_msgs/msg/detail/referline_point__traits.hpp
[11.648s] -- Installing: /home/abc/planning_with_ros2/install/base_msgs/include/base_msgs/base_msgs/msg/detail/local_speeds_point__builder.hpp
[11.648s] -- Installing: /home/abc/planning_with_ros2/install/base_msgs/include/base_msgs/base_msgs/msg/detail/pnc_map__type_support.hpp
[11.648s] -- Installing: /home/abc/planning_with_ros2/install/base_msgs/include/base_msgs/base_msgs/msg/detail/local_speeds__struct.hpp
[11.648s] -- Installing: /home/abc/planning_with_ros2/install/base_msgs/include/base_msgs/base_msgs/msg/detail/local_path_point__builder.hpp
[11.648s] -- Installing: /home/abc/planning_with_ros2/install/base_msgs/include/base_msgs/base_msgs/msg/local_path.hpp
[11.648s] -- Installing: /home/abc/planning_with_ros2/install/base_msgs/include/base_msgs/base_msgs/msg/rosidl_generator_cpp__visibility_control.hpp
[11.648s] -- Installing: /home/abc/planning_with_ros2/install/base_msgs/include/base_msgs/base_msgs/msg/referline.hpp
[11.648s] -- Installing: /home/abc/planning_with_ros2/install/base_msgs/include/base_msgs/base_msgs/msg/local_trajectory_point.hpp
[11.648s] -- Installing: /home/abc/planning_with_ros2/install/base_msgs/include/base_msgs/base_msgs/msg/obs_info.hpp
[11.648s] -- Installing: /home/abc/planning_with_ros2/install/base_msgs/include/base_msgs/base_msgs/msg/plot_info.hpp
[11.648s] -- Installing: /home/abc/planning_with_ros2/install/base_msgs/include/base_msgs/base_msgs/msg/local_trajectory.hpp
[11.649s] -- Installing: /home/abc/planning_with_ros2/install/base_msgs/include/base_msgs/base_msgs/msg/local_speeds_point.hpp
[11.649s] -- Installing: /home/abc/planning_with_ros2/install/base_msgs/include/base_msgs/base_msgs/msg/pnc_map.hpp
[11.649s] -- Installing: /home/abc/planning_with_ros2/install/base_msgs/include/base_msgs/base_msgs/msg/referline_point.hpp
[11.649s] -- Up-to-date: /home/abc/planning_with_ros2/install/base_msgs/include/base_msgs/base_msgs/srv
[11.649s] -- Installing: /home/abc/planning_with_ros2/install/base_msgs/include/base_msgs/base_msgs/srv/pnc_map_service.hpp
[11.649s] -- Up-to-date: /home/abc/planning_with_ros2/install/base_msgs/include/base_msgs/base_msgs/srv/detail
[11.649s] -- Installing: /home/abc/planning_with_ros2/install/base_msgs/include/base_msgs/base_msgs/srv/detail/global_path_service__builder.hpp
[11.649s] -- Installing: /home/abc/planning_with_ros2/install/base_msgs/include/base_msgs/base_msgs/srv/detail/pnc_map_service__traits.hpp
[11.649s] -- Installing: /home/abc/planning_with_ros2/install/base_msgs/include/base_msgs/base_msgs/srv/detail/pnc_map_service__type_support.hpp
[11.649s] -- Installing: /home/abc/planning_with_ros2/install/base_msgs/include/base_msgs/base_msgs/srv/detail/global_path_service__struct.hpp
[11.649s] -- Installing: /home/abc/planning_with_ros2/install/base_msgs/include/base_msgs/base_msgs/srv/detail/pnc_map_service__builder.hpp
[11.649s] -- Installing: /home/abc/planning_with_ros2/install/base_msgs/include/base_msgs/base_msgs/srv/detail/global_path_service__type_support.hpp
[11.649s] -- Installing: /home/abc/planning_with_ros2/install/base_msgs/include/base_msgs/base_msgs/srv/detail/global_path_service__traits.hpp
[11.649s] -- Installing: /home/abc/planning_with_ros2/install/base_msgs/include/base_msgs/base_msgs/srv/detail/pnc_map_service__struct.hpp
[11.649s] -- Installing: /home/abc/planning_with_ros2/install/base_msgs/include/base_msgs/base_msgs/srv/global_path_service.hpp
[11.650s] -- Up-to-date: /home/abc/planning_with_ros2/install/base_msgs/include/base_msgs/base_msgs
[11.650s] -- Up-to-date: /home/abc/planning_with_ros2/install/base_msgs/include/base_msgs/base_msgs/msg
[11.650s] -- Up-to-date: /home/abc/planning_with_ros2/install/base_msgs/include/base_msgs/base_msgs/msg/detail
[11.650s] -- Installing: /home/abc/planning_with_ros2/install/base_msgs/include/base_msgs/base_msgs/msg/detail/local_path__rosidl_typesupport_fastrtps_cpp.hpp
[11.650s] -- Installing: /home/abc/planning_with_ros2/install/base_msgs/include/base_msgs/base_msgs/msg/detail/referline__rosidl_typesupport_fastrtps_cpp.hpp
[11.650s] -- Installing: /home/abc/planning_with_ros2/install/base_msgs/include/base_msgs/base_msgs/msg/detail/local_trajectory__rosidl_typesupport_fastrtps_cpp.hpp
[11.650s] -- Installing: /home/abc/planning_with_ros2/install/base_msgs/include/base_msgs/base_msgs/msg/detail/local_trajectory_point__rosidl_typesupport_fastrtps_cpp.hpp
[11.650s] -- Installing: /home/abc/planning_with_ros2/install/base_msgs/include/base_msgs/base_msgs/msg/detail/obs_info__rosidl_typesupport_fastrtps_cpp.hpp
[11.650s] -- Installing: /home/abc/planning_with_ros2/install/base_msgs/include/base_msgs/base_msgs/msg/detail/local_path_point__rosidl_typesupport_fastrtps_cpp.hpp
[11.650s] -- Installing: /home/abc/planning_with_ros2/install/base_msgs/include/base_msgs/base_msgs/msg/detail/referline_point__rosidl_typesupport_fastrtps_cpp.hpp
[11.650s] -- Installing: /home/abc/planning_with_ros2/install/base_msgs/include/base_msgs/base_msgs/msg/detail/pnc_map__rosidl_typesupport_fastrtps_cpp.hpp
[11.650s] -- Installing: /home/abc/planning_with_ros2/install/base_msgs/include/base_msgs/base_msgs/msg/detail/local_speeds__rosidl_typesupport_fastrtps_cpp.hpp
[11.650s] -- Installing: /home/abc/planning_with_ros2/install/base_msgs/include/base_msgs/base_msgs/msg/detail/dds_fastrtps
[11.650s] -- Installing: /home/abc/planning_with_ros2/install/base_msgs/include/base_msgs/base_msgs/msg/detail/local_speeds_point__rosidl_typesupport_fastrtps_cpp.hpp
[11.650s] -- Installing: /home/abc/planning_with_ros2/install/base_msgs/include/base_msgs/base_msgs/msg/detail/plot_info__rosidl_typesupport_fastrtps_cpp.hpp
[11.651s] -- Installing: /home/abc/planning_with_ros2/install/base_msgs/include/base_msgs/base_msgs/msg/rosidl_typesupport_fastrtps_cpp__visibility_control.h
[11.651s] -- Up-to-date: /home/abc/planning_with_ros2/install/base_msgs/include/base_msgs/base_msgs/srv
[11.651s] -- Up-to-date: /home/abc/planning_with_ros2/install/base_msgs/include/base_msgs/base_msgs/srv/detail
[11.651s] -- Installing: /home/abc/planning_with_ros2/install/base_msgs/include/base_msgs/base_msgs/srv/detail/global_path_service__rosidl_typesupport_fastrtps_cpp.hpp
[11.651s] -- Installing: /home/abc/planning_with_ros2/install/base_msgs/include/base_msgs/base_msgs/srv/detail/pnc_map_service__rosidl_typesupport_fastrtps_cpp.hpp
[11.651s] -- Installing: /home/abc/planning_with_ros2/install/base_msgs/include/base_msgs/base_msgs/srv/detail/dds_fastrtps
[11.651s] -- Installing: /home/abc/planning_with_ros2/install/base_msgs/lib/libbase_msgs__rosidl_typesupport_fastrtps_cpp.so
[11.651s] -- Set non-toolchain portion of runtime path of "/home/abc/planning_with_ros2/install/base_msgs/lib/libbase_msgs__rosidl_typesupport_fastrtps_cpp.so" to ""
[11.651s] -- Up-to-date: /home/abc/planning_with_ros2/install/base_msgs/include/base_msgs/base_msgs
[11.651s] -- Up-to-date: /home/abc/planning_with_ros2/install/base_msgs/include/base_msgs/base_msgs/msg
[11.651s] -- Up-to-date: /home/abc/planning_with_ros2/install/base_msgs/include/base_msgs/base_msgs/msg/detail
[11.651s] -- Installing: /home/abc/planning_with_ros2/install/base_msgs/include/base_msgs/base_msgs/msg/detail/local_trajectory__type_support.cpp
[11.651s] -- Installing: /home/abc/planning_with_ros2/install/base_msgs/include/base_msgs/base_msgs/msg/detail/local_speeds_point__type_support.cpp
[11.651s] -- Installing: /home/abc/planning_with_ros2/install/base_msgs/include/base_msgs/base_msgs/msg/detail/local_speeds_point__rosidl_typesupport_introspection_cpp.hpp
[11.651s] -- Installing: /home/abc/planning_with_ros2/install/base_msgs/include/base_msgs/base_msgs/msg/detail/pnc_map__type_support.cpp
[11.652s] -- Installing: /home/abc/planning_with_ros2/install/base_msgs/include/base_msgs/base_msgs/msg/detail/referline__type_support.cpp
[11.652s] -- Installing: /home/abc/planning_with_ros2/install/base_msgs/include/base_msgs/base_msgs/msg/detail/obs_info__rosidl_typesupport_introspection_cpp.hpp
[11.652s] -- Installing: /home/abc/planning_with_ros2/install/base_msgs/include/base_msgs/base_msgs/msg/detail/referline__rosidl_typesupport_introspection_cpp.hpp
[11.652s] -- Installing: /home/abc/planning_with_ros2/install/base_msgs/include/base_msgs/base_msgs/msg/detail/local_speeds__type_support.cpp
[11.652s] -- Installing: /home/abc/planning_with_ros2/install/base_msgs/include/base_msgs/base_msgs/msg/detail/local_trajectory_point__rosidl_typesupport_introspection_cpp.hpp
[11.652s] -- Installing: /home/abc/planning_with_ros2/install/base_msgs/include/base_msgs/base_msgs/msg/detail/plot_info__type_support.cpp
[11.652s] -- Installing: /home/abc/planning_with_ros2/install/base_msgs/include/base_msgs/base_msgs/msg/detail/local_path__rosidl_typesupport_introspection_cpp.hpp
[11.652s] -- Installing: /home/abc/planning_with_ros2/install/base_msgs/include/base_msgs/base_msgs/msg/detail/local_path_point__type_support.cpp
[11.652s] -- Installing: /home/abc/planning_with_ros2/install/base_msgs/include/base_msgs/base_msgs/msg/detail/pnc_map__rosidl_typesupport_introspection_cpp.hpp
[11.652s] -- Installing: /home/abc/planning_with_ros2/install/base_msgs/include/base_msgs/base_msgs/msg/detail/plot_info__rosidl_typesupport_introspection_cpp.hpp
[11.652s] -- Installing: /home/abc/planning_with_ros2/install/base_msgs/include/base_msgs/base_msgs/msg/detail/local_trajectory__rosidl_typesupport_introspection_cpp.hpp
[11.652s] -- Installing: /home/abc/planning_with_ros2/install/base_msgs/include/base_msgs/base_msgs/msg/detail/referline_point__type_support.cpp
[11.653s] -- Installing: /home/abc/planning_with_ros2/install/base_msgs/include/base_msgs/base_msgs/msg/detail/obs_info__type_support.cpp
[11.653s] -- Installing: /home/abc/planning_with_ros2/install/base_msgs/include/base_msgs/base_msgs/msg/detail/referline_point__rosidl_typesupport_introspection_cpp.hpp
[11.653s] -- Installing: /home/abc/planning_with_ros2/install/base_msgs/include/base_msgs/base_msgs/msg/detail/local_speeds__rosidl_typesupport_introspection_cpp.hpp
[11.653s] -- Installing: /home/abc/planning_with_ros2/install/base_msgs/include/base_msgs/base_msgs/msg/detail/local_path__type_support.cpp
[11.653s] -- Installing: /home/abc/planning_with_ros2/install/base_msgs/include/base_msgs/base_msgs/msg/detail/local_trajectory_point__type_support.cpp
[11.653s] -- Installing: /home/abc/planning_with_ros2/install/base_msgs/include/base_msgs/base_msgs/msg/detail/local_path_point__rosidl_typesupport_introspection_cpp.hpp
[11.653s] -- Up-to-date: /home/abc/planning_with_ros2/install/base_msgs/include/base_msgs/base_msgs/srv
[11.653s] -- Up-to-date: /home/abc/planning_with_ros2/install/base_msgs/include/base_msgs/base_msgs/srv/detail
[11.653s] -- Installing: /home/abc/planning_with_ros2/install/base_msgs/include/base_msgs/base_msgs/srv/detail/pnc_map_service__rosidl_typesupport_introspection_cpp.hpp
[11.653s] -- Installing: /home/abc/planning_with_ros2/install/base_msgs/include/base_msgs/base_msgs/srv/detail/pnc_map_service__type_support.cpp
[11.653s] -- Installing: /home/abc/planning_with_ros2/install/base_msgs/include/base_msgs/base_msgs/srv/detail/global_path_service__type_support.cpp
[11.653s] -- Installing: /home/abc/planning_with_ros2/install/base_msgs/include/base_msgs/base_msgs/srv/detail/global_path_service__rosidl_typesupport_introspection_cpp.hpp
[11.653s] -- Installing: /home/abc/planning_with_ros2/install/base_msgs/lib/libbase_msgs__rosidl_typesupport_introspection_cpp.so
[11.654s] -- Set non-toolchain portion of runtime path of "/home/abc/planning_with_ros2/install/base_msgs/lib/libbase_msgs__rosidl_typesupport_introspection_cpp.so" to ""
[11.654s] -- Installing: /home/abc/planning_with_ros2/install/base_msgs/lib/libbase_msgs__rosidl_typesupport_cpp.so
[11.654s] -- Set non-toolchain portion of runtime path of "/home/abc/planning_with_ros2/install/base_msgs/lib/libbase_msgs__rosidl_typesupport_cpp.so" to ""
[11.655s] -- Installing: /home/abc/planning_with_ros2/install/base_msgs/share/base_msgs/environment/pythonpath.sh
[11.655s] -- Installing: /home/abc/planning_with_ros2/install/base_msgs/share/base_msgs/environment/pythonpath.dsv
[11.655s] -- Installing: /home/abc/planning_with_ros2/install/base_msgs/local/lib/python3.10/dist-packages/base_msgs-0.0.0-py3.10.egg-info
[11.655s] -- Installing: /home/abc/planning_with_ros2/install/base_msgs/local/lib/python3.10/dist-packages/base_msgs-0.0.0-py3.10.egg-info/dependency_links.txt
[11.655s] -- Installing: /home/abc/planning_with_ros2/install/base_msgs/local/lib/python3.10/dist-packages/base_msgs-0.0.0-py3.10.egg-info/SOURCES.txt
[11.655s] -- Installing: /home/abc/planning_with_ros2/install/base_msgs/local/lib/python3.10/dist-packages/base_msgs-0.0.0-py3.10.egg-info/top_level.txt
[11.655s] -- Installing: /home/abc/planning_with_ros2/install/base_msgs/local/lib/python3.10/dist-packages/base_msgs-0.0.0-py3.10.egg-info/PKG-INFO
[11.655s] -- Installing: /home/abc/planning_with_ros2/install/base_msgs/local/lib/python3.10/dist-packages/base_msgs
[11.655s] -- Installing: /home/abc/planning_with_ros2/install/base_msgs/local/lib/python3.10/dist-packages/base_msgs/base_msgs_s__rosidl_typesupport_c.cpython-310-x86_64-linux-gnu.so
[11.655s] -- Installing: /home/abc/planning_with_ros2/install/base_msgs/local/lib/python3.10/dist-packages/base_msgs/_base_msgs_s.ep.rosidl_typesupport_c.c
[11.656s] -- Installing: /home/abc/planning_with_ros2/install/base_msgs/local/lib/python3.10/dist-packages/base_msgs/libbase_msgs__rosidl_generator_py.so
[11.656s] -- Installing: /home/abc/planning_with_ros2/install/base_msgs/local/lib/python3.10/dist-packages/base_msgs/_base_msgs_s.ep.rosidl_typesupport_introspection_c.c
[11.656s] -- Installing: /home/abc/planning_with_ros2/install/base_msgs/local/lib/python3.10/dist-packages/base_msgs/msg
[11.656s] -- Installing: /home/abc/planning_with_ros2/install/base_msgs/local/lib/python3.10/dist-packages/base_msgs/msg/_obs_info.py
[11.656s] -- Installing: /home/abc/planning_with_ros2/install/base_msgs/local/lib/python3.10/dist-packages/base_msgs/msg/_referline_s.c
[11.656s] -- Installing: /home/abc/planning_with_ros2/install/base_msgs/local/lib/python3.10/dist-packages/base_msgs/msg/_local_path_s.c
[11.656s] -- Installing: /home/abc/planning_with_ros2/install/base_msgs/local/lib/python3.10/dist-packages/base_msgs/msg/_local_speeds.py
[11.656s] -- Installing: /home/abc/planning_with_ros2/install/base_msgs/local/lib/python3.10/dist-packages/base_msgs/msg/_local_path_point_s.c
[11.656s] -- Installing: /home/abc/planning_with_ros2/install/base_msgs/local/lib/python3.10/dist-packages/base_msgs/msg/_referline_point_s.c
[11.656s] -- Installing: /home/abc/planning_with_ros2/install/base_msgs/local/lib/python3.10/dist-packages/base_msgs/msg/_local_path.py
[11.657s] -- Installing: /home/abc/planning_with_ros2/install/base_msgs/local/lib/python3.10/dist-packages/base_msgs/msg/_local_trajectory_point.py
[11.657s] -- Installing: /home/abc/planning_with_ros2/install/base_msgs/local/lib/python3.10/dist-packages/base_msgs/msg/_local_speeds_s.c
[11.657s] -- Installing: /home/abc/planning_with_ros2/install/base_msgs/local/lib/python3.10/dist-packages/base_msgs/msg/_referline.py
[11.657s] -- Installing: /home/abc/planning_with_ros2/install/base_msgs/local/lib/python3.10/dist-packages/base_msgs/msg/_local_speeds_point.py
[11.657s] -- Installing: /home/abc/planning_with_ros2/install/base_msgs/local/lib/python3.10/dist-packages/base_msgs/msg/_pnc_map.py
[11.657s] -- Installing: /home/abc/planning_with_ros2/install/base_msgs/local/lib/python3.10/dist-packages/base_msgs/msg/__init__.py
[11.657s] -- Installing: /home/abc/planning_with_ros2/install/base_msgs/local/lib/python3.10/dist-packages/base_msgs/msg/_plot_info_s.c
[11.657s] -- Installing: /home/abc/planning_with_ros2/install/base_msgs/local/lib/python3.10/dist-packages/base_msgs/msg/_local_trajectory_s.c
[11.657s] -- Installing: /home/abc/planning_with_ros2/install/base_msgs/local/lib/python3.10/dist-packages/base_msgs/msg/_referline_point.py
[11.657s] -- Installing: /home/abc/planning_with_ros2/install/base_msgs/local/lib/python3.10/dist-packages/base_msgs/msg/_local_speeds_point_s.c
[11.657s] -- Installing: /home/abc/planning_with_ros2/install/base_msgs/local/lib/python3.10/dist-packages/base_msgs/msg/_local_path_point.py
[11.658s] -- Installing: /home/abc/planning_with_ros2/install/base_msgs/local/lib/python3.10/dist-packages/base_msgs/msg/_pnc_map_s.c
[11.658s] -- Installing: /home/abc/planning_with_ros2/install/base_msgs/local/lib/python3.10/dist-packages/base_msgs/msg/_local_trajectory.py
[11.658s] -- Installing: /home/abc/planning_with_ros2/install/base_msgs/local/lib/python3.10/dist-packages/base_msgs/msg/_local_trajectory_point_s.c
[11.658s] -- Installing: /home/abc/planning_with_ros2/install/base_msgs/local/lib/python3.10/dist-packages/base_msgs/msg/_plot_info.py
[11.658s] -- Installing: /home/abc/planning_with_ros2/install/base_msgs/local/lib/python3.10/dist-packages/base_msgs/msg/_obs_info_s.c
[11.658s] -- Installing: /home/abc/planning_with_ros2/install/base_msgs/local/lib/python3.10/dist-packages/base_msgs/__init__.py
[11.658s] -- Installing: /home/abc/planning_with_ros2/install/base_msgs/local/lib/python3.10/dist-packages/base_msgs/base_msgs_s__rosidl_typesupport_introspection_c.cpython-310-x86_64-linux-gnu.so
[11.658s] -- Installing: /home/abc/planning_with_ros2/install/base_msgs/local/lib/python3.10/dist-packages/base_msgs/_base_msgs_s.ep.rosidl_typesupport_fastrtps_c.c
[11.658s] -- Installing: /home/abc/planning_with_ros2/install/base_msgs/local/lib/python3.10/dist-packages/base_msgs/srv
[11.658s] -- Installing: /home/abc/planning_with_ros2/install/base_msgs/local/lib/python3.10/dist-packages/base_msgs/srv/_pnc_map_service.py
[11.658s] -- Installing: /home/abc/planning_with_ros2/install/base_msgs/local/lib/python3.10/dist-packages/base_msgs/srv/_global_path_service_s.c
[11.658s] -- Installing: /home/abc/planning_with_ros2/install/base_msgs/local/lib/python3.10/dist-packages/base_msgs/srv/__init__.py
[11.659s] -- Installing: /home/abc/planning_with_ros2/install/base_msgs/local/lib/python3.10/dist-packages/base_msgs/srv/_global_path_service.py
[11.659s] -- Installing: /home/abc/planning_with_ros2/install/base_msgs/local/lib/python3.10/dist-packages/base_msgs/srv/_pnc_map_service_s.c
[11.659s] -- Installing: /home/abc/planning_with_ros2/install/base_msgs/local/lib/python3.10/dist-packages/base_msgs/base_msgs_s__rosidl_typesupport_fastrtps_c.cpython-310-x86_64-linux-gnu.so
[11.704s] Listing '/home/abc/planning_with_ros2/install/base_msgs/local/lib/python3.10/dist-packages/base_msgs'...
[11.704s] Compiling '/home/abc/planning_with_ros2/install/base_msgs/local/lib/python3.10/dist-packages/base_msgs/__init__.py'...
[11.704s] Listing '/home/abc/planning_with_ros2/install/base_msgs/local/lib/python3.10/dist-packages/base_msgs/msg'...
[11.704s] Compiling '/home/abc/planning_with_ros2/install/base_msgs/local/lib/python3.10/dist-packages/base_msgs/msg/__init__.py'...
[11.704s] Compiling '/home/abc/planning_with_ros2/install/base_msgs/local/lib/python3.10/dist-packages/base_msgs/msg/_local_path.py'...
[11.704s] Compiling '/home/abc/planning_with_ros2/install/base_msgs/local/lib/python3.10/dist-packages/base_msgs/msg/_local_path_point.py'...
[11.704s] Compiling '/home/abc/planning_with_ros2/install/base_msgs/local/lib/python3.10/dist-packages/base_msgs/msg/_local_speeds.py'...
[11.704s] Compiling '/home/abc/planning_with_ros2/install/base_msgs/local/lib/python3.10/dist-packages/base_msgs/msg/_local_speeds_point.py'...
[11.704s] Compiling '/home/abc/planning_with_ros2/install/base_msgs/local/lib/python3.10/dist-packages/base_msgs/msg/_local_trajectory.py'...
[11.704s] Compiling '/home/abc/planning_with_ros2/install/base_msgs/local/lib/python3.10/dist-packages/base_msgs/msg/_local_trajectory_point.py'...
[11.704s] Compiling '/home/abc/planning_with_ros2/install/base_msgs/local/lib/python3.10/dist-packages/base_msgs/msg/_obs_info.py'...
[11.704s] Compiling '/home/abc/planning_with_ros2/install/base_msgs/local/lib/python3.10/dist-packages/base_msgs/msg/_plot_info.py'...
[11.704s] Compiling '/home/abc/planning_with_ros2/install/base_msgs/local/lib/python3.10/dist-packages/base_msgs/msg/_pnc_map.py'...
[11.704s] Compiling '/home/abc/planning_with_ros2/install/base_msgs/local/lib/python3.10/dist-packages/base_msgs/msg/_referline.py'...
[11.704s] Compiling '/home/abc/planning_with_ros2/install/base_msgs/local/lib/python3.10/dist-packages/base_msgs/msg/_referline_point.py'...
[11.705s] Listing '/home/abc/planning_with_ros2/install/base_msgs/local/lib/python3.10/dist-packages/base_msgs/srv'...
[11.705s] Compiling '/home/abc/planning_with_ros2/install/base_msgs/local/lib/python3.10/dist-packages/base_msgs/srv/__init__.py'...
[11.705s] Compiling '/home/abc/planning_with_ros2/install/base_msgs/local/lib/python3.10/dist-packages/base_msgs/srv/_global_path_service.py'...
[11.705s] Compiling '/home/abc/planning_with_ros2/install/base_msgs/local/lib/python3.10/dist-packages/base_msgs/srv/_pnc_map_service.py'...
[11.708s] -- Installing: /home/abc/planning_with_ros2/install/base_msgs/local/lib/python3.10/dist-packages/base_msgs/base_msgs_s__rosidl_typesupport_fastrtps_c.cpython-310-x86_64-linux-gnu.so
[11.708s] -- Set non-toolchain portion of runtime path of "/home/abc/planning_with_ros2/install/base_msgs/local/lib/python3.10/dist-packages/base_msgs/base_msgs_s__rosidl_typesupport_fastrtps_c.cpython-310-x86_64-linux-gnu.so" to ""
[11.708s] -- Installing: /home/abc/planning_with_ros2/install/base_msgs/local/lib/python3.10/dist-packages/base_msgs/base_msgs_s__rosidl_typesupport_introspection_c.cpython-310-x86_64-linux-gnu.so
[11.708s] -- Set non-toolchain portion of runtime path of "/home/abc/planning_with_ros2/install/base_msgs/local/lib/python3.10/dist-packages/base_msgs/base_msgs_s__rosidl_typesupport_introspection_c.cpython-310-x86_64-linux-gnu.so" to ""
[11.708s] -- Installing: /home/abc/planning_with_ros2/install/base_msgs/local/lib/python3.10/dist-packages/base_msgs/base_msgs_s__rosidl_typesupport_c.cpython-310-x86_64-linux-gnu.so
[11.709s] -- Set non-toolchain portion of runtime path of "/home/abc/planning_with_ros2/install/base_msgs/local/lib/python3.10/dist-packages/base_msgs/base_msgs_s__rosidl_typesupport_c.cpython-310-x86_64-linux-gnu.so" to ""
[11.709s] -- Installing: /home/abc/planning_with_ros2/install/base_msgs/lib/libbase_msgs__rosidl_generator_py.so
[11.709s] -- Set non-toolchain portion of runtime path of "/home/abc/planning_with_ros2/install/base_msgs/lib/libbase_msgs__rosidl_generator_py.so" to ""
[11.709s] -- Installing: /home/abc/planning_with_ros2/install/base_msgs/share/base_msgs/srv/GlobalPathService.idl
[11.709s] -- Installing: /home/abc/planning_with_ros2/install/base_msgs/share/base_msgs/srv/PNCMapService.idl
[11.709s] -- Installing: /home/abc/planning_with_ros2/install/base_msgs/share/base_msgs/msg/PNCMap.idl
[11.709s] -- Installing: /home/abc/planning_with_ros2/install/base_msgs/share/base_msgs/msg/ReferlinePoint.idl
[11.710s] -- Installing: /home/abc/planning_with_ros2/install/base_msgs/share/base_msgs/msg/Referline.idl
[11.710s] -- Installing: /home/abc/planning_with_ros2/install/base_msgs/share/base_msgs/msg/LocalPathPoint.idl
[11.710s] -- Installing: /home/abc/planning_with_ros2/install/base_msgs/share/base_msgs/msg/LocalPath.idl
[11.710s] -- Installing: /home/abc/planning_with_ros2/install/base_msgs/share/base_msgs/msg/LocalSpeedsPoint.idl
[11.710s] -- Installing: /home/abc/planning_with_ros2/install/base_msgs/share/base_msgs/msg/LocalSpeeds.idl
[11.710s] -- Installing: /home/abc/planning_with_ros2/install/base_msgs/share/base_msgs/msg/LocalTrajectoryPoint.idl
[11.710s] -- Installing: /home/abc/planning_with_ros2/install/base_msgs/share/base_msgs/msg/LocalTrajectory.idl
[11.710s] -- Installing: /home/abc/planning_with_ros2/install/base_msgs/share/base_msgs/msg/ObsInfo.idl
[11.710s] -- Installing: /home/abc/planning_with_ros2/install/base_msgs/share/base_msgs/msg/PlotInfo.idl
[11.710s] -- Installing: /home/abc/planning_with_ros2/install/base_msgs/share/base_msgs/srv/GlobalPathService.srv
[11.711s] -- Installing: /home/abc/planning_with_ros2/install/base_msgs/share/base_msgs/srv/GlobalPathService_Request.msg
[11.711s] -- Installing: /home/abc/planning_with_ros2/install/base_msgs/share/base_msgs/srv/GlobalPathService_Response.msg
[11.711s] -- Installing: /home/abc/planning_with_ros2/install/base_msgs/share/base_msgs/srv/PNCMapService.srv
[11.711s] -- Installing: /home/abc/planning_with_ros2/install/base_msgs/share/base_msgs/srv/PNCMapService_Request.msg
[11.711s] -- Installing: /home/abc/planning_with_ros2/install/base_msgs/share/base_msgs/srv/PNCMapService_Response.msg
[11.711s] -- Installing: /home/abc/planning_with_ros2/install/base_msgs/share/base_msgs/msg/PNCMap.msg
[11.711s] -- Installing: /home/abc/planning_with_ros2/install/base_msgs/share/base_msgs/msg/ReferlinePoint.msg
[11.711s] -- Installing: /home/abc/planning_with_ros2/install/base_msgs/share/base_msgs/msg/Referline.msg
[11.711s] -- Installing: /home/abc/planning_with_ros2/install/base_msgs/share/base_msgs/msg/LocalPathPoint.msg
[11.711s] -- Installing: /home/abc/planning_with_ros2/install/base_msgs/share/base_msgs/msg/LocalPath.msg
[11.711s] -- Installing: /home/abc/planning_with_ros2/install/base_msgs/share/base_msgs/msg/LocalSpeedsPoint.msg
[11.712s] -- Installing: /home/abc/planning_with_ros2/install/base_msgs/share/base_msgs/msg/LocalSpeeds.msg
[11.712s] -- Installing: /home/abc/planning_with_ros2/install/base_msgs/share/base_msgs/msg/LocalTrajectoryPoint.msg
[11.712s] -- Installing: /home/abc/planning_with_ros2/install/base_msgs/share/base_msgs/msg/LocalTrajectory.msg
[11.712s] -- Installing: /home/abc/planning_with_ros2/install/base_msgs/share/base_msgs/msg/ObsInfo.msg
[11.712s] -- Installing: /home/abc/planning_with_ros2/install/base_msgs/share/base_msgs/msg/PlotInfo.msg
[11.712s] -- Installing: /home/abc/planning_with_ros2/install/base_msgs/share/ament_index/resource_index/package_run_dependencies/base_msgs
[11.712s] -- Installing: /home/abc/planning_with_ros2/install/base_msgs/share/ament_index/resource_index/parent_prefix_path/base_msgs
[11.712s] -- Installing: /home/abc/planning_with_ros2/install/base_msgs/share/base_msgs/environment/ament_prefix_path.sh
[11.712s] -- Installing: /home/abc/planning_with_ros2/install/base_msgs/share/base_msgs/environment/ament_prefix_path.dsv
[11.713s] -- Installing: /home/abc/planning_with_ros2/install/base_msgs/share/base_msgs/environment/path.sh
[11.713s] -- Installing: /home/abc/planning_with_ros2/install/base_msgs/share/base_msgs/environment/path.dsv
[11.713s] -- Installing: /home/abc/planning_with_ros2/install/base_msgs/share/base_msgs/local_setup.bash
[11.713s] -- Installing: /home/abc/planning_with_ros2/install/base_msgs/share/base_msgs/local_setup.sh
[11.713s] -- Installing: /home/abc/planning_with_ros2/install/base_msgs/share/base_msgs/local_setup.zsh
[11.713s] -- Installing: /home/abc/planning_with_ros2/install/base_msgs/share/base_msgs/local_setup.dsv
[11.713s] -- Installing: /home/abc/planning_with_ros2/install/base_msgs/share/base_msgs/package.dsv
[11.713s] -- Installing: /home/abc/planning_with_ros2/install/base_msgs/share/ament_index/resource_index/packages/base_msgs
[11.713s] -- Installing: /home/abc/planning_with_ros2/install/base_msgs/share/base_msgs/cmake/export_base_msgs__rosidl_generator_cExport.cmake
[11.713s] -- Installing: /home/abc/planning_with_ros2/install/base_msgs/share/base_msgs/cmake/export_base_msgs__rosidl_generator_cExport-noconfig.cmake
[11.714s] -- Installing: /home/abc/planning_with_ros2/install/base_msgs/share/base_msgs/cmake/export_base_msgs__rosidl_typesupport_fastrtps_cExport.cmake
[11.714s] -- Installing: /home/abc/planning_with_ros2/install/base_msgs/share/base_msgs/cmake/export_base_msgs__rosidl_typesupport_fastrtps_cExport-noconfig.cmake
[11.714s] -- Installing: /home/abc/planning_with_ros2/install/base_msgs/share/base_msgs/cmake/base_msgs__rosidl_typesupport_introspection_cExport.cmake
[11.714s] -- Installing: /home/abc/planning_with_ros2/install/base_msgs/share/base_msgs/cmake/base_msgs__rosidl_typesupport_introspection_cExport-noconfig.cmake
[11.714s] -- Installing: /home/abc/planning_with_ros2/install/base_msgs/share/base_msgs/cmake/base_msgs__rosidl_typesupport_cExport.cmake
[11.714s] -- Installing: /home/abc/planning_with_ros2/install/base_msgs/share/base_msgs/cmake/base_msgs__rosidl_typesupport_cExport-noconfig.cmake
[11.714s] -- Installing: /home/abc/planning_with_ros2/install/base_msgs/share/base_msgs/cmake/export_base_msgs__rosidl_generator_cppExport.cmake
[11.714s] -- Installing: /home/abc/planning_with_ros2/install/base_msgs/share/base_msgs/cmake/export_base_msgs__rosidl_typesupport_fastrtps_cppExport.cmake
[11.714s] -- Installing: /home/abc/planning_with_ros2/install/base_msgs/share/base_msgs/cmake/export_base_msgs__rosidl_typesupport_fastrtps_cppExport-noconfig.cmake
[11.715s] -- Installing: /home/abc/planning_with_ros2/install/base_msgs/share/base_msgs/cmake/base_msgs__rosidl_typesupport_introspection_cppExport.cmake
[11.715s] -- Installing: /home/abc/planning_with_ros2/install/base_msgs/share/base_msgs/cmake/base_msgs__rosidl_typesupport_introspection_cppExport-noconfig.cmake
[11.715s] -- Installing: /home/abc/planning_with_ros2/install/base_msgs/share/base_msgs/cmake/base_msgs__rosidl_typesupport_cppExport.cmake
[11.715s] -- Installing: /home/abc/planning_with_ros2/install/base_msgs/share/base_msgs/cmake/base_msgs__rosidl_typesupport_cppExport-noconfig.cmake
[11.715s] -- Installing: /home/abc/planning_with_ros2/install/base_msgs/share/base_msgs/cmake/export_base_msgs__rosidl_generator_pyExport.cmake
[11.715s] -- Installing: /home/abc/planning_with_ros2/install/base_msgs/share/base_msgs/cmake/export_base_msgs__rosidl_generator_pyExport-noconfig.cmake
[11.715s] -- Installing: /home/abc/planning_with_ros2/install/base_msgs/share/base_msgs/cmake/rosidl_cmake-extras.cmake
[11.715s] -- Installing: /home/abc/planning_with_ros2/install/base_msgs/share/base_msgs/cmake/ament_cmake_export_dependencies-extras.cmake
[11.715s] -- Installing: /home/abc/planning_with_ros2/install/base_msgs/share/base_msgs/cmake/ament_cmake_export_include_directories-extras.cmake
[11.716s] -- Installing: /home/abc/planning_with_ros2/install/base_msgs/share/base_msgs/cmake/ament_cmake_export_libraries-extras.cmake
[11.716s] -- Installing: /home/abc/planning_with_ros2/install/base_msgs/share/base_msgs/cmake/ament_cmake_export_targets-extras.cmake
[11.716s] -- Installing: /home/abc/planning_with_ros2/install/base_msgs/share/base_msgs/cmake/rosidl_cmake_export_typesupport_targets-extras.cmake
[11.716s] -- Installing: /home/abc/planning_with_ros2/install/base_msgs/share/base_msgs/cmake/rosidl_cmake_export_typesupport_libraries-extras.cmake
[11.716s] -- Installing: /home/abc/planning_with_ros2/install/base_msgs/share/base_msgs/cmake/base_msgsConfig.cmake
[11.716s] -- Installing: /home/abc/planning_with_ros2/install/base_msgs/share/base_msgs/cmake/base_msgsConfig-version.cmake
[11.716s] -- Installing: /home/abc/planning_with_ros2/install/base_msgs/share/base_msgs/package.xml
[11.718s] Invoked command in '/home/abc/planning_with_ros2/build/base_msgs' returned '0': CMAKE_PREFIX_PATH=${CMAKE_PREFIX_PATH}:/home/abc/planning_with_ros2/install/data_plot:/home/abc/perception_with_ros2/install/data_plot_per:/opt/ros/humble /usr/local/bin/cmake --install /home/abc/planning_with_ros2/build/base_msgs
