[  2%] [32mBuilding CXX object src/common/CMakeFiles/config_reader.dir/config_reader/config_reader.cpp.o[0m
[  7%] Built target osqp_test
[ 10%] [32mBuilding CXX object src/common/CMakeFiles/mathlibs.dir/math/curve.cpp.o[0m
[ 12%] [32mBuilding CXX object src/common/CMakeFiles/mathlibs.dir/math/polynomial_curve.cpp.o[0m
[ 17%] Built target newton_test
[ 20%] [32m[1mLinking CXX shared library libmathlibs.so[0m
[ 23%] [32m[1mLinking CXX shared library libconfig_reader.so[0m
[ 23%] Built target config_reader
[ 23%] Built target mathlibs
[ 25%] [32mBuilding CXX object src/global_planner/CMakeFiles/global_planner.dir/global_planner_normal/global_planner_normal.cpp.o[0m
[ 28%] [32mBuilding CXX object src/pnc_map_creator/CMakeFiles/pnc_map_creator.dir/pnc_map_straight/pnc_map_creator_straight.cpp.o[0m
[ 30%] [32mBuilding CXX object src/pnc_map_creator/CMakeFiles/pnc_map_creator.dir/pnc_map_sturn/pnc_map_creator_sturn.cpp.o[0m
[ 33%] [32mBuilding CXX object src/vehicle_info/CMakeFiles/vehicle_info.dir/main_car/main_car_info.cpp.o[0m
[ 35%] [32mBuilding CXX object src/vehicle_info/CMakeFiles/vehicle_info.dir/obs_car/obs_car_info.cpp.o[0m
[ 38%] [32mBuilding CXX object src/reference_line/CMakeFiles/reference_line.dir/reference_line_creator.cpp.o[0m
[ 41%] [32mBuilding CXX object src/reference_line/CMakeFiles/reference_line.dir/reference_line_smoother.cpp.o[0m
[ 43%] [32m[1mLinking CXX shared library libvehicle_info.so[0m
[ 43%] Built target vehicle_info
[ 46%] [32mBuilding CXX object src/move_cmd/CMakeFiles/car_move_cmd.dir/car_move_cmd.cpp.o[0m
[ 48%] [32mBuilding CXX object src/move_cmd/CMakeFiles/obs_move_cmd.dir/obs_move_cmd.cpp.o[0m
[ 51%] [32mBuilding CXX object src/decision_center/CMakeFiles/decision_center.dir/decision_center.cpp.o[0m
[ 53%] [32m[1mLinking CXX shared library libpnc_map_creator.so[0m
[ 53%] Built target pnc_map_creator
[ 56%] [32mBuilding CXX object src/pnc_map_creator/CMakeFiles/pnc_map_server.dir/pnc_map_server.cpp.o[0m
[ 58%] [32m[1mLinking CXX shared library libglobal_planner.so[0m
[ 58%] Built target global_planner
[ 61%] [32mBuilding CXX object src/global_planner/CMakeFiles/global_path_server.dir/global_path_server.cpp.o[0m
[ 64%] [32m[1mLinking CXX shared library libreference_line.so[0m
[ 64%] Built target reference_line
[ 66%] [32m[1mLinking CXX executable obs_move_cmd[0m
[ 66%] Built target obs_move_cmd
[ 69%] [32m[1mLinking CXX shared library libdecision_center.so[0m
[ 71%] [32m[1mLinking CXX executable car_move_cmd[0m
[ 71%] Built target decision_center
[ 74%] [32mBuilding CXX object src/local_planner/CMakeFiles/local_planner.dir/local_trajectory_combiner.cpp.o[0m
[ 76%] [32mBuilding CXX object src/local_planner/CMakeFiles/local_planner.dir/local_path/local_path_planner.cpp.o[0m
[ 79%] [32mBuilding CXX object src/local_planner/CMakeFiles/local_planner.dir/local_path/local_path_smoother.cpp.o[0m
[ 82%] [32mBuilding CXX object src/local_planner/CMakeFiles/local_planner.dir/local_speeds/local_speeds_planner.cpp.o[0m
[ 84%] [32mBuilding CXX object src/local_planner/CMakeFiles/local_planner.dir/local_speeds/local_speeds_smoother.cpp.o[0m
[ 84%] Built target car_move_cmd
[ 87%] [32m[1mLinking CXX executable pnc_map_server[0m
[ 87%] Built target pnc_map_server
[ 89%] [32m[1mLinking CXX executable global_path_server[0m
[ 89%] Built target global_path_server
[ 92%] [32m[1mLinking CXX shared library liblocal_planner.so[0m
[ 92%] Built target local_planner
[ 94%] [32mBuilding CXX object src/planning_process/CMakeFiles/planning_process.dir/planning_process_main.cpp.o[0m
[ 97%] [32mBuilding CXX object src/planning_process/CMakeFiles/planning_process.dir/planning_process.cpp.o[0m
