[0.262s] Invoking command in '/home/abc/planning_with_ros2/build/planning': CMAKE_PREFIX_PATH=/home/abc/planning_with_ros2/install/base_msgs:/home/abc/planning_with_ros2/install/planning:/home/abc/planning_with_ros2/install/data_plot:/opt/ros/humble LD_LIBRARY_PATH=/home/abc/planning_with_ros2/install/base_msgs/lib:/home/abc/planning_with_ros2/install/planning/lib:/home/abc/planning_with_ros2/install/planning/lib:/home/abc/planning_with_ros2/install/planning/lib:/usr/lib/x86_64-linux-gnu/gazebo-11/plugins:/opt/ros/humble/opt/rviz_ogre_vendor/lib:/opt/ros/humble/lib/x86_64-linux-gnu:/opt/ros/humble/lib /usr/local/bin/cmake --build /home/abc/planning_with_ros2/build/planning -- -j12 -l12
[0.293s] [  2%] [32mBuilding CXX object src/common/CMakeFiles/config_reader.dir/config_reader/config_reader.cpp.o[0m
[0.295s] [  7%] Built target osqp_test
[0.296s] [ 10%] [32mBuilding CXX object src/common/CMakeFiles/mathlibs.dir/math/curve.cpp.o[0m
[0.296s] [ 12%] [32mBuilding CXX object src/common/CMakeFiles/mathlibs.dir/math/polynomial_curve.cpp.o[0m
[0.307s] [ 17%] Built target newton_test
[3.708s] [ 20%] [32m[1mLinking CXX shared library libmathlibs.so[0m
[3.709s] [ 23%] [32m[1mLinking CXX shared library libconfig_reader.so[0m
[3.809s] [ 23%] Built target config_reader
[3.817s] [ 23%] Built target mathlibs
[3.823s] [ 25%] [32mBuilding CXX object src/global_planner/CMakeFiles/global_planner.dir/global_planner_normal/global_planner_normal.cpp.o[0m
[3.824s] [ 28%] [32mBuilding CXX object src/pnc_map_creator/CMakeFiles/pnc_map_creator.dir/pnc_map_straight/pnc_map_creator_straight.cpp.o[0m
[3.825s] [ 30%] [32mBuilding CXX object src/pnc_map_creator/CMakeFiles/pnc_map_creator.dir/pnc_map_sturn/pnc_map_creator_sturn.cpp.o[0m
[3.833s] [ 33%] [32mBuilding CXX object src/vehicle_info/CMakeFiles/vehicle_info.dir/main_car/main_car_info.cpp.o[0m
[3.834s] [ 35%] [32mBuilding CXX object src/vehicle_info/CMakeFiles/vehicle_info.dir/obs_car/obs_car_info.cpp.o[0m
[3.836s] [ 38%] [32mBuilding CXX object src/reference_line/CMakeFiles/reference_line.dir/reference_line_creator.cpp.o[0m
[3.837s] [ 41%] [32mBuilding CXX object src/reference_line/CMakeFiles/reference_line.dir/reference_line_smoother.cpp.o[0m
[7.719s] [ 43%] [32m[1mLinking CXX shared library libvehicle_info.so[0m
[7.849s] [ 43%] Built target vehicle_info
[7.869s] [ 46%] [32mBuilding CXX object src/move_cmd/CMakeFiles/car_move_cmd.dir/car_move_cmd.cpp.o[0m
[7.872s] [ 48%] [32mBuilding CXX object src/move_cmd/CMakeFiles/obs_move_cmd.dir/obs_move_cmd.cpp.o[0m
[7.872s] [ 51%] [32mBuilding CXX object src/decision_center/CMakeFiles/decision_center.dir/decision_center.cpp.o[0m
[8.425s] [ 53%] [32m[1mLinking CXX shared library libpnc_map_creator.so[0m
[8.567s] [ 53%] Built target pnc_map_creator
[8.585s] [ 56%] [32mBuilding CXX object src/pnc_map_creator/CMakeFiles/pnc_map_server.dir/pnc_map_server.cpp.o[0m
[8.822s] [ 58%] [32m[1mLinking CXX shared library libglobal_planner.so[0m
[8.935s] [ 58%] Built target global_planner
[8.950s] [ 61%] [32mBuilding CXX object src/global_planner/CMakeFiles/global_path_server.dir/global_path_server.cpp.o[0m
[10.001s] [ 64%] [32m[1mLinking CXX shared library libreference_line.so[0m
[10.276s] [ 64%] Built target reference_line
[11.705s] [ 66%] [32m[1mLinking CXX executable obs_move_cmd[0m
[11.839s] [ 66%] Built target obs_move_cmd
[12.257s] [ 69%] [32m[1mLinking CXX shared library libdecision_center.so[0m
[12.297s] [ 71%] [32m[1mLinking CXX executable car_move_cmd[0m
[12.362s] [ 71%] Built target decision_center
[12.386s] [ 74%] [32mBuilding CXX object src/local_planner/CMakeFiles/local_planner.dir/local_trajectory_combiner.cpp.o[0m
[12.389s] [ 76%] [32mBuilding CXX object src/local_planner/CMakeFiles/local_planner.dir/local_path/local_path_planner.cpp.o[0m
[12.390s] [ 79%] [32mBuilding CXX object src/local_planner/CMakeFiles/local_planner.dir/local_path/local_path_smoother.cpp.o[0m
[12.390s] [ 82%] [32mBuilding CXX object src/local_planner/CMakeFiles/local_planner.dir/local_speeds/local_speeds_planner.cpp.o[0m
[12.391s] [ 84%] [32mBuilding CXX object src/local_planner/CMakeFiles/local_planner.dir/local_speeds/local_speeds_smoother.cpp.o[0m
[12.427s] [ 84%] Built target car_move_cmd
[15.894s] [ 87%] [32m[1mLinking CXX executable pnc_map_server[0m
[16.189s] [ 87%] Built target pnc_map_server
[17.050s] [ 89%] [32m[1mLinking CXX executable global_path_server[0m
[17.288s] [ 89%] Built target global_path_server
[17.630s] [ 92%] [32m[1mLinking CXX shared library liblocal_planner.so[0m
[17.728s] [ 92%] Built target local_planner
[17.746s] [ 94%] [32mBuilding CXX object src/planning_process/CMakeFiles/planning_process.dir/planning_process_main.cpp.o[0m
[17.746s] [ 97%] [32mBuilding CXX object src/planning_process/CMakeFiles/planning_process.dir/planning_process.cpp.o[0m
[28.182s] In file included from [01m[K/usr/include/c++/11/bits/shared_ptr.h:53[m[K,
[28.182s]                  from [01m[K/usr/include/c++/11/memory:77[m[K,
[28.182s]                  from [01m[K/opt/ros/humble/include/rclcpp/rclcpp/rclcpp.hpp:153[m[K,
[28.182s]                  from [01m[K/home/abc/planning_with_ros2/src/planning/src/planning_process/planning_process.h:4[m[K,
[28.182s]                  from [01m[K/home/abc/planning_with_ros2/src/planning/src/planning_process/planning_process.cpp:1[m[K:
[28.182s] [01m[K/usr/include/c++/11/bits/shared_ptr_base.h:[m[K In constructor ‘[01m[Kstd::__shared_count<_Lp>::__shared_count(_Ptr) [with _Ptr = base_msgs::srv::GlobalPathService_Response_<std::allocator<void> >*; __gnu_cxx::_Lock_policy _Lp = __gnu_cxx::_S_atomic][m[K’:
[28.182s] [01m[K/usr/include/c++/11/bits/shared_ptr_base.h:603:9:[m[K [01;31m[Kinternal compiler error: [m[KSegmentation fault
[28.183s]   603 |         [01;31m[K}[m[K
[28.183s]       |         [01;31m[K^[m[K
[28.292s] 0x71307524251f ???
[28.292s] 	./signal/../sysdeps/unix/sysv/linux/x86_64/libc_sigaction.c:0
[28.296s] 0x713075229d8f __libc_start_call_main
[28.296s] 	../sysdeps/nptl/libc_start_call_main.h:58
[28.296s] 0x713075229e3f __libc_start_main_impl
[28.297s] 	../csu/libc-start.c:392
[28.297s] Please submit a full bug report,
[28.297s] with preprocessed source if appropriate.
[28.297s] Please include the complete backtrace with any bug report.
[28.297s] See <file:///usr/share/doc/gcc-11/README.Bugs> for instructions.
[28.367s] gmake[2]: *** [src/planning_process/CMakeFiles/planning_process.dir/build.make:93: src/planning_process/CMakeFiles/planning_process.dir/planning_process.cpp.o] Error 1
[28.367s] gmake[1]: *** [CMakeFiles/Makefile2:792: src/planning_process/CMakeFiles/planning_process.dir/all] Error 2
[28.367s] gmake: *** [Makefile:146: all] Error 2
[28.368s] Invoked command in '/home/abc/planning_with_ros2/build/planning' returned '2': CMAKE_PREFIX_PATH=/home/abc/planning_with_ros2/install/base_msgs:/home/abc/planning_with_ros2/install/planning:/home/abc/planning_with_ros2/install/data_plot:/opt/ros/humble LD_LIBRARY_PATH=/home/abc/planning_with_ros2/install/base_msgs/lib:/home/abc/planning_with_ros2/install/planning/lib:/home/abc/planning_with_ros2/install/planning/lib:/home/abc/planning_with_ros2/install/planning/lib:/usr/lib/x86_64-linux-gnu/gazebo-11/plugins:/opt/ros/humble/opt/rviz_ogre_vendor/lib:/opt/ros/humble/lib/x86_64-linux-gnu:/opt/ros/humble/lib /usr/local/bin/cmake --build /home/abc/planning_with_ros2/build/planning -- -j12 -l12
