[0.244s] Invoking command in '/home/abc/planning_with_ros2/build/planning': CMAKE_PREFIX_PATH=/home/abc/planning_with_ros2/install/base_msgs:/home/abc/planning_with_ros2/install/planning:/home/abc/planning_with_ros2/install/data_plot:/opt/ros/humble /usr/local/bin/cmake --build /home/abc/planning_with_ros2/build/planning -- -j12 -l12
[0.262s] -- Found ament_cmake: 1.3.11 (/opt/ros/humble/share/ament_cmake/cmake)
[0.460s] -- Found rclcpp: 16.0.11 (/opt/ros/humble/share/rclcpp/cmake)
[0.494s] -- Found rosidl_generator_c: 3.1.6 (/opt/ros/humble/share/rosidl_generator_c/cmake)
[0.497s] -- Found rosidl_adapter: 3.1.6 (/opt/ros/humble/share/rosidl_adapter/cmake)
[0.504s] -- Found rosidl_generator_cpp: 3.1.6 (/opt/ros/humble/share/rosidl_generator_cpp/cmake)
[0.516s] -- Using all available rosidl_typesupport_c: rosidl_typesupport_fastrtps_c;rosidl_typesupport_introspection_c
[0.533s] -- Using all available rosidl_typesupport_cpp: rosidl_typesupport_fastrtps_cpp;rosidl_typesupport_introspection_cpp
[0.578s] -- Found rmw_implementation_cmake: 6.1.2 (/opt/ros/humble/share/rmw_implementation_cmake/cmake)
[0.580s] -- Found rmw_fastrtps_cpp: 6.2.7 (/opt/ros/humble/share/rmw_fastrtps_cpp/cmake)
[0.684s] -- Using RMW implementation 'rmw_fastrtps_cpp' as default
[0.752s] -- Found tf2: 0.25.9 (/opt/ros/humble/share/tf2/cmake)
[0.777s] -- Found tf2_ros: 0.25.9 (/opt/ros/humble/share/tf2_ros/cmake)
[0.890s] -- Found nav_msgs: 4.2.4 (/opt/ros/humble/share/nav_msgs/cmake)
[0.915s] -- Found visualization_msgs: 4.2.4 (/opt/ros/humble/share/visualization_msgs/cmake)
[0.970s] -- Found base_msgs: 0.0.0 (/home/abc/planning_with_ros2/install/base_msgs/share/base_msgs/cmake)
[0.997s] -- Found ament_lint_auto: 0.12.11 (/opt/ros/humble/share/ament_lint_auto/cmake)
[1.060s] -- Added test 'cppcheck' to perform static code analysis on C / C++ code
[1.062s] -- Configured cppcheck include dirs: /home/abc/planning_with_ros2/src/planning/src/common/config_reader;/home/abc/planning_with_ros2/src/planning/src/common/math;/home/abc/planning_with_ros2/src/planning/src/decision_center;/home/abc/planning_with_ros2/src/planning/src/pnc_map_creator;/home/abc/planning_with_ros2/src/planning/src/pnc_map_creator/pnc_map_straight;/home/abc/planning_with_ros2/src/planning/src/pnc_map_creator/pnc_map_sturn;/home/abc/planning_with_ros2/src/planning/src/global_planner;/home/abc/planning_with_ros2/src/planning/src/global_planner/global_planner_normal;/home/abc/planning_with_ros2/src/planning/src/local_planner;/home/abc/planning_with_ros2/src/planning/src/local_planner/local_path;/home/abc/planning_with_ros2/src/planning/src/local_planner/local_speeds;/home/abc/planning_with_ros2/src/planning/src/reference_line;/home/abc/planning_with_ros2/src/planning/src/vehicle_info;/home/abc/planning_with_ros2/src/planning/src/vehicle_info/main_car;/home/abc/planning_with_ros2/src/planning/src/vehicle_info/obs_car;/home/abc/planning_with_ros2/src/planning/src/planning_process;/home/abc/planning_with_ros2/src/planning/src/move_cmd
[1.062s] -- Configured cppcheck exclude dirs and/or files: 
[1.063s] -- Added test 'lint_cmake' to check CMake code style
[1.066s] -- Added test 'uncrustify' to check C / C++ code style
[1.066s] -- Configured uncrustify additional arguments: 
[1.067s] -- Added test 'xmllint' to check XML markup files
[1.069s] -- Configuring done (0.8s)
[1.115s] -- Generating done (0.0s)
[1.126s] -- Build files have been written to: /home/abc/planning_with_ros2/build/planning
[1.145s] [  5%] [32mBuilding CXX object src/local_planner/CMakeFiles/local_planner.dir/local_trajectory_combiner.cpp.o[0m
[1.145s] [ 10%] [32mBuilding CXX object src/local_planner/CMakeFiles/local_planner.dir/local_path/local_path_planner.cpp.o[0m
[1.145s] [ 20%] [32mBuilding CXX object src/local_planner/CMakeFiles/local_planner.dir/local_speeds/local_speeds_planner.cpp.o[0m
[1.145s] [ 20%] [32mBuilding CXX object src/local_planner/CMakeFiles/local_planner.dir/local_path/local_path_smoother.cpp.o[0m
[1.145s] [ 25%] [32mBuilding CXX object src/local_planner/CMakeFiles/local_planner.dir/local_speeds/local_speeds_smoother.cpp.o[0m
[1.153s] [ 35%] Built target config_reader
[1.153s] [ 45%] Built target decision_center
[1.155s] [ 55%] Built target global_planner
[1.157s] [ 70%] Built target mathlibs
[1.158s] [ 85%] Built target planning_node
[1.170s] [ 95%] Built target global_path_server
[4.069s] [100%] [32m[1mLinking CXX shared library liblocal_planner.so[0m
[4.151s] [100%] Built target local_planner
[4.154s] Invoked command in '/home/abc/planning_with_ros2/build/planning' returned '0': CMAKE_PREFIX_PATH=/home/abc/planning_with_ros2/install/base_msgs:/home/abc/planning_with_ros2/install/planning:/home/abc/planning_with_ros2/install/data_plot:/opt/ros/humble /usr/local/bin/cmake --build /home/abc/planning_with_ros2/build/planning -- -j12 -l12
[4.156s] Invoking command in '/home/abc/planning_with_ros2/build/planning': CMAKE_PREFIX_PATH=/home/abc/planning_with_ros2/install/base_msgs:/home/abc/planning_with_ros2/install/planning:/home/abc/planning_with_ros2/install/data_plot:/opt/ros/humble /usr/local/bin/cmake --install /home/abc/planning_with_ros2/build/planning
[4.157s] -- Install configuration: ""
[4.157s] -- Up-to-date: /home/abc/planning_with_ros2/install/planning/lib/libconfig_reader.so
[4.157s] -- Up-to-date: /home/abc/planning_with_ros2/install/planning/lib/libmathlibs.so
[4.158s] -- Up-to-date: /home/abc/planning_with_ros2/install/planning/lib/libdecision_center.so
[4.158s] -- Up-to-date: /home/abc/planning_with_ros2/install/planning/lib/libglobal_planner.so
[4.158s] -- Up-to-date: /home/abc/planning_with_ros2/install/planning/lib/planning/global_path_server
[4.159s] -- Installing: /home/abc/planning_with_ros2/install/planning/lib/liblocal_planner.so
[4.159s] -- Set non-toolchain portion of runtime path of "/home/abc/planning_with_ros2/install/planning/lib/liblocal_planner.so" to ""
[4.160s] -- Up-to-date: /home/abc/planning_with_ros2/install/planning/lib/planning/planning_node
[4.160s] -- Up-to-date: /home/abc/planning_with_ros2/install/planning/share/planning/config
[4.160s] -- Up-to-date: /home/abc/planning_with_ros2/install/planning/share/planning/launch
[4.160s] -- Up-to-date: /home/abc/planning_with_ros2/install/planning/share/planning/urdf
[4.160s] -- Up-to-date: /home/abc/planning_with_ros2/install/planning/share/planning/urdf/main_car
[4.160s] -- Up-to-date: /home/abc/planning_with_ros2/install/planning/share/planning/urdf/obs_car
[4.160s] -- Up-to-date: /home/abc/planning_with_ros2/install/planning/share/planning/rviz
[4.160s] -- Up-to-date: /home/abc/planning_with_ros2/install/planning/share/ament_index/resource_index/package_run_dependencies/planning
[4.160s] -- Up-to-date: /home/abc/planning_with_ros2/install/planning/share/ament_index/resource_index/parent_prefix_path/planning
[4.160s] -- Up-to-date: /home/abc/planning_with_ros2/install/planning/share/planning/environment/ament_prefix_path.sh
[4.161s] -- Installing: /home/abc/planning_with_ros2/install/planning/share/planning/environment/ament_prefix_path.dsv
[4.161s] -- Up-to-date: /home/abc/planning_with_ros2/install/planning/share/planning/environment/path.sh
[4.161s] -- Installing: /home/abc/planning_with_ros2/install/planning/share/planning/environment/path.dsv
[4.161s] -- Up-to-date: /home/abc/planning_with_ros2/install/planning/share/planning/local_setup.bash
[4.161s] -- Up-to-date: /home/abc/planning_with_ros2/install/planning/share/planning/local_setup.sh
[4.161s] -- Up-to-date: /home/abc/planning_with_ros2/install/planning/share/planning/local_setup.zsh
[4.161s] -- Installing: /home/abc/planning_with_ros2/install/planning/share/planning/local_setup.dsv
[4.161s] -- Installing: /home/abc/planning_with_ros2/install/planning/share/planning/package.dsv
[4.161s] -- Up-to-date: /home/abc/planning_with_ros2/install/planning/share/ament_index/resource_index/packages/planning
[4.161s] -- Up-to-date: /home/abc/planning_with_ros2/install/planning/share/planning/cmake/planningConfig.cmake
[4.161s] -- Up-to-date: /home/abc/planning_with_ros2/install/planning/share/planning/cmake/planningConfig-version.cmake
[4.161s] -- Up-to-date: /home/abc/planning_with_ros2/install/planning/share/planning/package.xml
[4.162s] Invoked command in '/home/abc/planning_with_ros2/build/planning' returned '0': CMAKE_PREFIX_PATH=/home/abc/planning_with_ros2/install/base_msgs:/home/abc/planning_with_ros2/install/planning:/home/abc/planning_with_ros2/install/data_plot:/opt/ros/humble /usr/local/bin/cmake --install /home/abc/planning_with_ros2/build/planning
