[0.009s] Invoking command in '/home/abc/planning_with_ros2/build/base_msgs': CMAKE_PREFIX_PATH=${CMAKE_PREFIX_PATH}:/home/abc/planning_with_ros2/install/data_plot:/opt/ros/humble /usr/local/bin/cmake --build /home/abc/planning_with_ros2/build/base_msgs -- -j12 -l12
[0.030s] [  0%] Built target base_msgs__cpp
[0.030s] [  0%] Built target ament_cmake_python_copy_base_msgs
[0.032s] [  1%] [32mBuilding C object CMakeFiles/base_msgs__rosidl_generator_c.dir/rosidl_generator_c/base_msgs/msg/detail/referline__functions.c.o[0m
[0.041s] [  2%] [32mBuilding CXX object CMakeFiles/base_msgs__rosidl_typesupport_cpp.dir/rosidl_typesupport_cpp/base_msgs/msg/referline__type_support.cpp.o[0m
[0.042s] [  2%] [32mBuilding CXX object CMakeFiles/base_msgs__rosidl_typesupport_introspection_cpp.dir/rosidl_typesupport_introspection_cpp/base_msgs/msg/detail/referline__type_support.cpp.o[0m
[0.045s] In file included from [01m[K/home/abc/planning_with_ros2/build/base_msgs/rosidl_generator_c/base_msgs/msg/detail/referline__functions.h:19[m[K,
[0.045s]                  from [01m[K/home/abc/planning_with_ros2/build/base_msgs/rosidl_generator_c/base_msgs/msg/detail/referline__functions.c:4[m[K:
[0.045s] [01m[K/home/abc/planning_with_ros2/build/base_msgs/rosidl_generator_c/base_msgs/msg/detail/referline__struct.h:25:10:[m[K [01;31m[Kfatal error: [m[Kbase_msgs/msg/detail/referline_point__struct.h: No such file or directory
[0.045s]    25 | #include [01;31m[K"base_msgs/msg/detail/referline_point__struct.h"[m[K
[0.045s]       |          [01;31m[K^~~~~~~~~~~~~~~~~~~~~~~~~~~~~~~~~~~~~~~~~~~~~~~~[m[K
[0.046s] compilation terminated.
[0.046s] gmake[2]: *** [CMakeFiles/base_msgs__rosidl_generator_c.dir/build.make:468: CMakeFiles/base_msgs__rosidl_generator_c.dir/rosidl_generator_c/base_msgs/msg/detail/referline__functions.c.o] Error 1
[0.046s] gmake[1]: *** [CMakeFiles/Makefile2:258: CMakeFiles/base_msgs__rosidl_generator_c.dir/all] Error 2
[0.046s] gmake[1]: *** Waiting for unfinished jobs....
[0.050s] [  3%] [32mBuilding CXX object CMakeFiles/base_msgs__rosidl_typesupport_fastrtps_cpp.dir/rosidl_typesupport_fastrtps_cpp/base_msgs/msg/detail/dds_fastrtps/referline__type_support.cpp.o[0m
[0.094s] In file included from [01m[K/home/abc/planning_with_ros2/build/base_msgs/rosidl_typesupport_cpp/base_msgs/msg/referline__type_support.cpp:7[m[K:
[0.094s] [01m[K/home/abc/planning_with_ros2/build/base_msgs/rosidl_generator_cpp/base_msgs/msg/detail/referline__struct.hpp:22:10:[m[K [01;31m[Kfatal error: [m[Kbase_msgs/msg/detail/referline_point__struct.hpp: No such file or directory
[0.094s]    22 | #include [01;31m[K"base_msgs/msg/detail/referline_point__struct.hpp"[m[K
[0.094s]       |          [01;31m[K^~~~~~~~~~~~~~~~~~~~~~~~~~~~~~~~~~~~~~~~~~~~~~~~~~[m[K
[0.094s] compilation terminated.
[0.095s] gmake[2]: *** [CMakeFiles/base_msgs__rosidl_typesupport_cpp.dir/build.make:305: CMakeFiles/base_msgs__rosidl_typesupport_cpp.dir/rosidl_typesupport_cpp/base_msgs/msg/referline__type_support.cpp.o] Error 1
[0.095s] gmake[1]: *** [CMakeFiles/Makefile2:482: CMakeFiles/base_msgs__rosidl_typesupport_cpp.dir/all] Error 2
[0.100s] In file included from [01m[K/home/abc/planning_with_ros2/build/base_msgs/rosidl_typesupport_introspection_cpp/base_msgs/msg/detail/referline__type_support.cpp:12[m[K:
[0.100s] [01m[K/home/abc/planning_with_ros2/build/base_msgs/rosidl_generator_cpp/base_msgs/msg/detail/referline__struct.hpp:22:10:[m[K [01;31m[Kfatal error: [m[Kbase_msgs/msg/detail/referline_point__struct.hpp: No such file or directory
[0.100s]    22 | #include [01;31m[K"base_msgs/msg/detail/referline_point__struct.hpp"[m[K
[0.100s]       |          [01;31m[K^~~~~~~~~~~~~~~~~~~~~~~~~~~~~~~~~~~~~~~~~~~~~~~~~~[m[K
[0.100s] compilation terminated.
[0.101s] gmake[2]: *** [CMakeFiles/base_msgs__rosidl_typesupport_introspection_cpp.dir/build.make:346: CMakeFiles/base_msgs__rosidl_typesupport_introspection_cpp.dir/rosidl_typesupport_introspection_cpp/base_msgs/msg/detail/referline__type_support.cpp.o] Error 1
[0.101s] gmake[1]: *** [CMakeFiles/Makefile2:450: CMakeFiles/base_msgs__rosidl_typesupport_introspection_cpp.dir/all] Error 2
[0.103s] In file included from [01m[K/home/abc/planning_with_ros2/build/base_msgs/rosidl_typesupport_fastrtps_cpp/base_msgs/msg/detail/referline__rosidl_typesupport_fastrtps_cpp.hpp:11[m[K,
[0.103s]                  from [01m[K/home/abc/planning_with_ros2/build/base_msgs/rosidl_typesupport_fastrtps_cpp/base_msgs/msg/detail/dds_fastrtps/referline__type_support.cpp:4[m[K:
[0.103s] [01m[K/home/abc/planning_with_ros2/build/base_msgs/rosidl_generator_cpp/base_msgs/msg/detail/referline__struct.hpp:22:10:[m[K [01;31m[Kfatal error: [m[Kbase_msgs/msg/detail/referline_point__struct.hpp: No such file or directory
[0.103s]    22 | #include [01;31m[K"base_msgs/msg/detail/referline_point__struct.hpp"[m[K
[0.104s]       |          [01;31m[K^~~~~~~~~~~~~~~~~~~~~~~~~~~~~~~~~~~~~~~~~~~~~~~~~~[m[K
[0.104s] compilation terminated.
[0.104s] gmake[2]: *** [CMakeFiles/base_msgs__rosidl_typesupport_fastrtps_cpp.dir/build.make:346: CMakeFiles/base_msgs__rosidl_typesupport_fastrtps_cpp.dir/rosidl_typesupport_fastrtps_cpp/base_msgs/msg/detail/dds_fastrtps/referline__type_support.cpp.o] Error 1
[0.104s] gmake[1]: *** [CMakeFiles/Makefile2:418: CMakeFiles/base_msgs__rosidl_typesupport_fastrtps_cpp.dir/all] Error 2
[0.250s] running egg_info
[0.251s] writing base_msgs.egg-info/PKG-INFO
[0.251s] writing dependency_links to base_msgs.egg-info/dependency_links.txt
[0.251s] writing top-level names to base_msgs.egg-info/top_level.txt
[0.253s] reading manifest file 'base_msgs.egg-info/SOURCES.txt'
[0.254s] writing manifest file 'base_msgs.egg-info/SOURCES.txt'
[0.269s] [  3%] Built target ament_cmake_python_build_base_msgs_egg
[0.269s] gmake: *** [Makefile:146: all] Error 2
[0.271s] Invoked command in '/home/abc/planning_with_ros2/build/base_msgs' returned '2': CMAKE_PREFIX_PATH=${CMAKE_PREFIX_PATH}:/home/abc/planning_with_ros2/install/data_plot:/opt/ros/humble /usr/local/bin/cmake --build /home/abc/planning_with_ros2/build/base_msgs -- -j12 -l12
