[0.248s] Invoking command in '/home/abc/planning_with_ros2/build/planning': CMAKE_PREFIX_PATH=/home/abc/planning_with_ros2/install/base_msgs:/home/abc/planning_with_ros2/install/planning:/home/abc/planning_with_ros2/install/data_plot:/opt/ros/humble /usr/local/bin/cmake --build /home/abc/planning_with_ros2/build/planning -- -j12 -l12
[0.265s] -- Found ament_cmake: 1.3.11 (/opt/ros/humble/share/ament_cmake/cmake)
[0.447s] -- Found rclcpp: 16.0.11 (/opt/ros/humble/share/rclcpp/cmake)
[0.480s] -- Found rosidl_generator_c: 3.1.6 (/opt/ros/humble/share/rosidl_generator_c/cmake)
[0.483s] -- Found rosidl_adapter: 3.1.6 (/opt/ros/humble/share/rosidl_adapter/cmake)
[0.491s] -- Found rosidl_generator_cpp: 3.1.6 (/opt/ros/humble/share/rosidl_generator_cpp/cmake)
[0.503s] -- Using all available rosidl_typesupport_c: rosidl_typesupport_fastrtps_c;rosidl_typesupport_introspection_c
[0.519s] -- Using all available rosidl_typesupport_cpp: rosidl_typesupport_fastrtps_cpp;rosidl_typesupport_introspection_cpp
[0.564s] -- Found rmw_implementation_cmake: 6.1.2 (/opt/ros/humble/share/rmw_implementation_cmake/cmake)
[0.565s] -- Found rmw_fastrtps_cpp: 6.2.7 (/opt/ros/humble/share/rmw_fastrtps_cpp/cmake)
[0.672s] -- Using RMW implementation 'rmw_fastrtps_cpp' as default
[0.743s] -- Found tf2: 0.25.9 (/opt/ros/humble/share/tf2/cmake)
[0.766s] -- Found tf2_ros: 0.25.9 (/opt/ros/humble/share/tf2_ros/cmake)
[0.882s] -- Found nav_msgs: 4.2.4 (/opt/ros/humble/share/nav_msgs/cmake)
[0.908s] -- Found visualization_msgs: 4.2.4 (/opt/ros/humble/share/visualization_msgs/cmake)
[0.963s] -- Found base_msgs: 0.0.0 (/home/abc/planning_with_ros2/install/base_msgs/share/base_msgs/cmake)
[0.985s] -- Found ament_lint_auto: 0.12.11 (/opt/ros/humble/share/ament_lint_auto/cmake)
[1.048s] -- Added test 'cppcheck' to perform static code analysis on C / C++ code
[1.050s] -- Configured cppcheck include dirs: /home/abc/planning_with_ros2/src/planning/src/common/config_reader;/home/abc/planning_with_ros2/src/planning/src/common/math;/home/abc/planning_with_ros2/src/planning/src/decision_center;/home/abc/planning_with_ros2/src/planning/src/pnc_map_creator;/home/abc/planning_with_ros2/src/planning/src/pnc_map_creator/pnc_map_straight;/home/abc/planning_with_ros2/src/planning/src/pnc_map_creator/pnc_map_sturn;/home/abc/planning_with_ros2/src/planning/src/global_planner;/home/abc/planning_with_ros2/src/planning/src/global_planner/global_planner_normal;/home/abc/planning_with_ros2/src/planning/src/local_planner;/home/abc/planning_with_ros2/src/planning/src/local_planner/local_path;/home/abc/planning_with_ros2/src/planning/src/local_planner/local_speeds;/home/abc/planning_with_ros2/src/planning/src/reference_line;/home/abc/planning_with_ros2/src/planning/src/vehicle_info;/home/abc/planning_with_ros2/src/planning/src/vehicle_info/main_car;/home/abc/planning_with_ros2/src/planning/src/vehicle_info/obs_car;/home/abc/planning_with_ros2/src/planning/src/planning_process;/home/abc/planning_with_ros2/src/planning/src/move_cmd
[1.050s] -- Configured cppcheck exclude dirs and/or files: 
[1.051s] -- Added test 'lint_cmake' to check CMake code style
[1.053s] -- Added test 'uncrustify' to check C / C++ code style
[1.053s] -- Configured uncrustify additional arguments: 
[1.054s] -- Added test 'xmllint' to check XML markup files
[1.055s] -- Configuring done (0.8s)
[1.088s] -- Generating done (0.0s)
[1.094s] -- Build files have been written to: /home/abc/planning_with_ros2/build/planning
[1.118s] [ 30%] Built target decision_center
[1.118s] [ 40%] Built target config_reader
[1.120s] [ 70%] Built target mathlibs
[1.121s] [100%] Built target planning_node
[1.124s] Invoked command in '/home/abc/planning_with_ros2/build/planning' returned '0': CMAKE_PREFIX_PATH=/home/abc/planning_with_ros2/install/base_msgs:/home/abc/planning_with_ros2/install/planning:/home/abc/planning_with_ros2/install/data_plot:/opt/ros/humble /usr/local/bin/cmake --build /home/abc/planning_with_ros2/build/planning -- -j12 -l12
[1.125s] Invoking command in '/home/abc/planning_with_ros2/build/planning': CMAKE_PREFIX_PATH=/home/abc/planning_with_ros2/install/base_msgs:/home/abc/planning_with_ros2/install/planning:/home/abc/planning_with_ros2/install/data_plot:/opt/ros/humble /usr/local/bin/cmake --install /home/abc/planning_with_ros2/build/planning
[1.127s] -- Install configuration: ""
[1.127s] -- Up-to-date: /home/abc/planning_with_ros2/install/planning/lib/libconfig_reader.so
[1.127s] -- Up-to-date: /home/abc/planning_with_ros2/install/planning/lib/libmathlibs.so
[1.128s] -- Up-to-date: /home/abc/planning_with_ros2/install/planning/lib/libdecision_center.so
[1.128s] -- Up-to-date: /home/abc/planning_with_ros2/install/planning/lib/planning/planning_node
[1.129s] -- Up-to-date: /home/abc/planning_with_ros2/install/planning/share/planning/config
[1.129s] -- Up-to-date: /home/abc/planning_with_ros2/install/planning/share/planning/launch
[1.129s] -- Up-to-date: /home/abc/planning_with_ros2/install/planning/share/planning/urdf
[1.129s] -- Up-to-date: /home/abc/planning_with_ros2/install/planning/share/planning/urdf/main_car
[1.129s] -- Up-to-date: /home/abc/planning_with_ros2/install/planning/share/planning/urdf/obs_car
[1.129s] -- Up-to-date: /home/abc/planning_with_ros2/install/planning/share/planning/rviz
[1.129s] -- Up-to-date: /home/abc/planning_with_ros2/install/planning/share/ament_index/resource_index/package_run_dependencies/planning
[1.129s] -- Up-to-date: /home/abc/planning_with_ros2/install/planning/share/ament_index/resource_index/parent_prefix_path/planning
[1.129s] -- Up-to-date: /home/abc/planning_with_ros2/install/planning/share/planning/environment/ament_prefix_path.sh
[1.129s] -- Installing: /home/abc/planning_with_ros2/install/planning/share/planning/environment/ament_prefix_path.dsv
[1.129s] -- Up-to-date: /home/abc/planning_with_ros2/install/planning/share/planning/environment/path.sh
[1.129s] -- Installing: /home/abc/planning_with_ros2/install/planning/share/planning/environment/path.dsv
[1.129s] -- Up-to-date: /home/abc/planning_with_ros2/install/planning/share/planning/local_setup.bash
[1.130s] -- Up-to-date: /home/abc/planning_with_ros2/install/planning/share/planning/local_setup.sh
[1.130s] -- Up-to-date: /home/abc/planning_with_ros2/install/planning/share/planning/local_setup.zsh
[1.130s] -- Installing: /home/abc/planning_with_ros2/install/planning/share/planning/local_setup.dsv
[1.130s] -- Installing: /home/abc/planning_with_ros2/install/planning/share/planning/package.dsv
[1.130s] -- Up-to-date: /home/abc/planning_with_ros2/install/planning/share/ament_index/resource_index/packages/planning
[1.130s] -- Up-to-date: /home/abc/planning_with_ros2/install/planning/share/planning/cmake/planningConfig.cmake
[1.130s] -- Up-to-date: /home/abc/planning_with_ros2/install/planning/share/planning/cmake/planningConfig-version.cmake
[1.130s] -- Up-to-date: /home/abc/planning_with_ros2/install/planning/share/planning/package.xml
[1.131s] Invoked command in '/home/abc/planning_with_ros2/build/planning' returned '0': CMAKE_PREFIX_PATH=/home/abc/planning_with_ros2/install/base_msgs:/home/abc/planning_with_ros2/install/planning:/home/abc/planning_with_ros2/install/data_plot:/opt/ros/humble /usr/local/bin/cmake --install /home/abc/planning_with_ros2/build/planning
