[  5%] Built target config_reader
[  8%] [32mBuilding CXX object src/common/CMakeFiles/mathlibs.dir/math/curve.cpp.o[0m
[ 14%] Built target global_planner
[ 22%] Built target pnc_map_creator
[ 28%] Built target global_path_server
[ 34%] Built target pnc_map_server
[ 37%] [32m[1mLinking CXX shared library libmathlibs.so[0m
[ 40%] Built target mathlibs
[ 42%] [32m[1mLinking CXX shared library libvehicle_info.so[0m
[ 45%] [32mBuilding CXX object src/reference_line/CMakeFiles/reference_line.dir/reference_line_creator.cpp.o[0m
[ 51%] Built target vehicle_info
[ 54%] [32m[1mLinking CXX executable car_move_cmd[0m
[ 57%] [32m[1mLinking CXX shared library libdecision_center.so[0m
[ 60%] [32m[1mLinking CXX executable obs_move_cmd[0m
[ 62%] Built target decision_center
[ 65%] Built target obs_move_cmd
[ 68%] Built target car_move_cmd
[ 71%] [32m[1mLinking CXX shared library liblocal_planner.so[0m
[ 85%] Built target local_planner
[ 88%] [32m[1mLinking CXX shared library libreference_line.so[0m
[ 91%] Built target reference_line
[ 94%] [32mBuilding CXX object src/planning_process/CMakeFiles/planning_process.dir/planning_process_main.cpp.o[0m
[ 97%] [32mBuilding CXX object src/planning_process/CMakeFiles/planning_process.dir/planning_process.cpp.o[0m
[100%] [32m[1mLinking CXX executable planning_process[0m
[100%] Built target planning_process
-- Install configuration: ""
-- Up-to-date: /home/abc/planning_with_ros2/install/planning/lib/libconfig_reader.so
-- Installing: /home/abc/planning_with_ros2/install/planning/lib/libmathlibs.so
-- Set non-toolchain portion of runtime path of "/home/abc/planning_with_ros2/install/planning/lib/libmathlibs.so" to ""
-- Installing: /home/abc/planning_with_ros2/install/planning/lib/libdecision_center.so
-- Set non-toolchain portion of runtime path of "/home/abc/planning_with_ros2/install/planning/lib/libdecision_center.so" to ""
-- Up-to-date: /home/abc/planning_with_ros2/install/planning/lib/libpnc_map_creator.so
-- Up-to-date: /home/abc/planning_with_ros2/install/planning/lib/planning/pnc_map_server
-- Up-to-date: /home/abc/planning_with_ros2/install/planning/lib/libglobal_planner.so
-- Up-to-date: /home/abc/planning_with_ros2/install/planning/lib/planning/global_path_server
-- Installing: /home/abc/planning_with_ros2/install/planning/lib/liblocal_planner.so
-- Set non-toolchain portion of runtime path of "/home/abc/planning_with_ros2/install/planning/lib/liblocal_planner.so" to ""
-- Installing: /home/abc/planning_with_ros2/install/planning/lib/libreference_line.so
-- Set non-toolchain portion of runtime path of "/home/abc/planning_with_ros2/install/planning/lib/libreference_line.so" to ""
-- Installing: /home/abc/planning_with_ros2/install/planning/lib/libvehicle_info.so
-- Set non-toolchain portion of runtime path of "/home/abc/planning_with_ros2/install/planning/lib/libvehicle_info.so" to ""
-- Installing: /home/abc/planning_with_ros2/install/planning/lib/planning/planning_process
-- Set non-toolchain portion of runtime path of "/home/abc/planning_with_ros2/install/planning/lib/planning/planning_process" to ""
-- Installing: /home/abc/planning_with_ros2/install/planning/lib/planning/car_move_cmd
-- Set non-toolchain portion of runtime path of "/home/abc/planning_with_ros2/install/planning/lib/planning/car_move_cmd" to ""
-- Installing: /home/abc/planning_with_ros2/install/planning/lib/planning/obs_move_cmd
-- Set non-toolchain portion of runtime path of "/home/abc/planning_with_ros2/install/planning/lib/planning/obs_move_cmd" to ""
-- Up-to-date: /home/abc/planning_with_ros2/install/planning/share/planning/config
-- Up-to-date: /home/abc/planning_with_ros2/install/planning/share/planning/config/planning_static_obs_config.yaml
-- Up-to-date: /home/abc/planning_with_ros2/install/planning/share/planning/launch
-- Up-to-date: /home/abc/planning_with_ros2/install/planning/share/planning/launch/planning_launch.py
-- Up-to-date: /home/abc/planning_with_ros2/install/planning/share/planning/urdf
-- Up-to-date: /home/abc/planning_with_ros2/install/planning/share/planning/urdf/main_car
-- Up-to-date: /home/abc/planning_with_ros2/install/planning/share/planning/urdf/main_car/car_camera.xacro
-- Up-to-date: /home/abc/planning_with_ros2/install/planning/share/planning/urdf/main_car/car_base.xacro
-- Up-to-date: /home/abc/planning_with_ros2/install/planning/share/planning/urdf/main_car/car_radar.xacro
-- Up-to-date: /home/abc/planning_with_ros2/install/planning/share/planning/urdf/main_car/car.xacro
-- Up-to-date: /home/abc/planning_with_ros2/install/planning/share/planning/urdf/main_car/car_wheels.xacro
-- Up-to-date: /home/abc/planning_with_ros2/install/planning/share/planning/urdf/obs_car
-- Up-to-date: /home/abc/planning_with_ros2/install/planning/share/planning/rviz
-- Up-to-date: /home/abc/planning_with_ros2/install/planning/share/planning/rviz/planning.rviz
-- Up-to-date: /home/abc/planning_with_ros2/install/planning/share/ament_index/resource_index/package_run_dependencies/planning
-- Up-to-date: /home/abc/planning_with_ros2/install/planning/share/ament_index/resource_index/parent_prefix_path/planning
-- Up-to-date: /home/abc/planning_with_ros2/install/planning/share/planning/environment/ament_prefix_path.sh
-- Up-to-date: /home/abc/planning_with_ros2/install/planning/share/planning/environment/ament_prefix_path.dsv
-- Up-to-date: /home/abc/planning_with_ros2/install/planning/share/planning/environment/path.sh
-- Up-to-date: /home/abc/planning_with_ros2/install/planning/share/planning/environment/path.dsv
-- Up-to-date: /home/abc/planning_with_ros2/install/planning/share/planning/local_setup.bash
-- Up-to-date: /home/abc/planning_with_ros2/install/planning/share/planning/local_setup.sh
-- Up-to-date: /home/abc/planning_with_ros2/install/planning/share/planning/local_setup.zsh
-- Up-to-date: /home/abc/planning_with_ros2/install/planning/share/planning/local_setup.dsv
-- Installing: /home/abc/planning_with_ros2/install/planning/share/planning/package.dsv
-- Up-to-date: /home/abc/planning_with_ros2/install/planning/share/ament_index/resource_index/packages/planning
-- Up-to-date: /home/abc/planning_with_ros2/install/planning/share/planning/cmake/planningConfig.cmake
-- Up-to-date: /home/abc/planning_with_ros2/install/planning/share/planning/cmake/planningConfig-version.cmake
-- Up-to-date: /home/abc/planning_with_ros2/install/planning/share/planning/package.xml
