[0.585s] Invoking command in '/home/abc/planning_with_ros2/src/data_plot': CMAKE_PREFIX_PATH=/home/abc/planning_with_ros2/install/base_msgs:/home/abc/planning_with_ros2/install/planning PYTHONPATH=/home/abc/planning_with_ros2/build/data_plot/prefix_override:/usr/lib/python3/dist-packages/colcon_core/task/python/colcon_distutils_commands:/home/abc/planning_with_ros2/install/data_plot/lib/python3.10/site-packages:${PYTHONPATH} /usr/bin/python3 -W ignore:setup.py install is deprecated -W ignore:easy_install command is deprecated setup.py egg_info --egg-base ../../build/data_plot build --build-base /home/abc/planning_with_ros2/build/data_plot/build install --record /home/abc/planning_with_ros2/build/data_plot/install.log --single-version-externally-managed install_data
[0.806s] running egg_info
[0.807s] writing ../../build/data_plot/data_plot.egg-info/PKG-INFO
[0.807s] writing dependency_links to ../../build/data_plot/data_plot.egg-info/dependency_links.txt
[0.807s] writing entry points to ../../build/data_plot/data_plot.egg-info/entry_points.txt
[0.807s] writing requirements to ../../build/data_plot/data_plot.egg-info/requires.txt
[0.807s] writing top-level names to ../../build/data_plot/data_plot.egg-info/top_level.txt
[0.809s] reading manifest file '../../build/data_plot/data_plot.egg-info/SOURCES.txt'
[0.809s] writing manifest file '../../build/data_plot/data_plot.egg-info/SOURCES.txt'
[0.810s] running build
[0.810s] running build_py
[0.810s] copying data_plot/data_plot.py -> /home/abc/planning_with_ros2/build/data_plot/build/lib/data_plot
[0.810s] running install
[0.810s] running install_lib
[0.811s] copying /home/abc/planning_with_ros2/build/data_plot/build/lib/data_plot/data_plot.py -> /home/abc/planning_with_ros2/install/data_plot/lib/python3.10/site-packages/data_plot
[0.811s] byte-compiling /home/abc/planning_with_ros2/install/data_plot/lib/python3.10/site-packages/data_plot/data_plot.py to data_plot.cpython-310.pyc
[0.812s] running install_data
[0.812s] running install_egg_info
[0.813s] removing '/home/abc/planning_with_ros2/install/data_plot/lib/python3.10/site-packages/data_plot-0.0.0-py3.10.egg-info' (and everything under it)
[0.814s] Copying ../../build/data_plot/data_plot.egg-info to /home/abc/planning_with_ros2/install/data_plot/lib/python3.10/site-packages/data_plot-0.0.0-py3.10.egg-info
[0.814s] running install_scripts
[0.833s] Installing data_plot script to /home/abc/planning_with_ros2/install/data_plot/lib/data_plot
[0.833s] writing list of installed files to '/home/abc/planning_with_ros2/build/data_plot/install.log'
[0.850s] Invoked command in '/home/abc/planning_with_ros2/src/data_plot' returned '0': CMAKE_PREFIX_PATH=/home/abc/planning_with_ros2/install/base_msgs:/home/abc/planning_with_ros2/install/planning PYTHONPATH=/home/abc/planning_with_ros2/build/data_plot/prefix_override:/usr/lib/python3/dist-packages/colcon_core/task/python/colcon_distutils_commands:/home/abc/planning_with_ros2/install/data_plot/lib/python3.10/site-packages:${PYTHONPATH} /usr/bin/python3 -W ignore:setup.py install is deprecated -W ignore:easy_install command is deprecated setup.py egg_info --egg-base ../../build/data_plot build --build-base /home/abc/planning_with_ros2/build/data_plot/build install --record /home/abc/planning_with_ros2/build/data_plot/install.log --single-version-externally-managed install_data
