[0.247s] Invoking command in '/home/abc/planning_with_ros2/build/planning': CMAKE_PREFIX_PATH=/home/abc/planning_with_ros2/install/base_msgs:/home/abc/planning_with_ros2/install/planning:/home/abc/planning_with_ros2/install/data_plot:/opt/ros/humble /usr/local/bin/cmake --build /home/abc/planning_with_ros2/build/planning -- -j12 -l12
[0.264s] -- Found ament_cmake: 1.3.11 (/opt/ros/humble/share/ament_cmake/cmake)
[0.454s] -- Found rclcpp: 16.0.11 (/opt/ros/humble/share/rclcpp/cmake)
[0.488s] -- Found rosidl_generator_c: 3.1.6 (/opt/ros/humble/share/rosidl_generator_c/cmake)
[0.491s] -- Found rosidl_adapter: 3.1.6 (/opt/ros/humble/share/rosidl_adapter/cmake)
[0.499s] -- Found rosidl_generator_cpp: 3.1.6 (/opt/ros/humble/share/rosidl_generator_cpp/cmake)
[0.511s] -- Using all available rosidl_typesupport_c: rosidl_typesupport_fastrtps_c;rosidl_typesupport_introspection_c
[0.528s] -- Using all available rosidl_typesupport_cpp: rosidl_typesupport_fastrtps_cpp;rosidl_typesupport_introspection_cpp
[0.573s] -- Found rmw_implementation_cmake: 6.1.2 (/opt/ros/humble/share/rmw_implementation_cmake/cmake)
[0.575s] -- Found rmw_fastrtps_cpp: 6.2.7 (/opt/ros/humble/share/rmw_fastrtps_cpp/cmake)
[0.678s] -- Using RMW implementation 'rmw_fastrtps_cpp' as default
[0.751s] -- Found tf2: 0.25.9 (/opt/ros/humble/share/tf2/cmake)
[0.784s] -- Found tf2_ros: 0.25.9 (/opt/ros/humble/share/tf2_ros/cmake)
[0.945s] -- Found nav_msgs: 4.2.4 (/opt/ros/humble/share/nav_msgs/cmake)
[0.972s] -- Found visualization_msgs: 4.2.4 (/opt/ros/humble/share/visualization_msgs/cmake)
[1.032s] -- Found base_msgs: 0.0.0 (/home/abc/planning_with_ros2/install/base_msgs/share/base_msgs/cmake)
[1.055s] [31mCMake Error at CMakeLists.txt:58 (add_subdirectory):
[1.055s]   The source directory
[1.055s] 
[1.055s]     /home/abc/planning_with_ros2/src/planning/src/global_planner
[1.055s] 
[1.055s]   does not contain a CMakeLists.txt file.
[1.055s] 
[1.055s] [0m
[1.065s] -- Found ament_lint_auto: 0.12.11 (/opt/ros/humble/share/ament_lint_auto/cmake)
[1.136s] -- Added test 'cppcheck' to perform static code analysis on C / C++ code
[1.137s] -- Configured cppcheck include dirs: /home/abc/planning_with_ros2/src/planning/src/common/config_reader;/home/abc/planning_with_ros2/src/planning/src/common/math;/home/abc/planning_with_ros2/src/planning/src/decision_center;/home/abc/planning_with_ros2/src/planning/src/pnc_map_creator;/home/abc/planning_with_ros2/src/planning/src/pnc_map_creator/pnc_map_straight;/home/abc/planning_with_ros2/src/planning/src/pnc_map_creator/pnc_map_sturn;/home/abc/planning_with_ros2/src/planning/src/global_planner;/home/abc/planning_with_ros2/src/planning/src/global_planner/global_planner_normal;/home/abc/planning_with_ros2/src/planning/src/local_planner;/home/abc/planning_with_ros2/src/planning/src/local_planner/local_path;/home/abc/planning_with_ros2/src/planning/src/local_planner/local_speeds;/home/abc/planning_with_ros2/src/planning/src/reference_line;/home/abc/planning_with_ros2/src/planning/src/vehicle_info;/home/abc/planning_with_ros2/src/planning/src/vehicle_info/main_car;/home/abc/planning_with_ros2/src/planning/src/vehicle_info/obs_car;/home/abc/planning_with_ros2/src/planning/src/planning_process;/home/abc/planning_with_ros2/src/planning/src/move_cmd
[1.137s] -- Configured cppcheck exclude dirs and/or files: 
[1.138s] -- Added test 'lint_cmake' to check CMake code style
[1.141s] -- Added test 'uncrustify' to check C / C++ code style
[1.141s] -- Configured uncrustify additional arguments: 
[1.141s] -- Added test 'xmllint' to check XML markup files
[1.143s] -- Configuring incomplete, errors occurred!
[1.155s] gmake: *** [Makefile:274: cmake_check_build_system] Error 1
[1.156s] Invoked command in '/home/abc/planning_with_ros2/build/planning' returned '2': CMAKE_PREFIX_PATH=/home/abc/planning_with_ros2/install/base_msgs:/home/abc/planning_with_ros2/install/planning:/home/abc/planning_with_ros2/install/data_plot:/opt/ros/humble /usr/local/bin/cmake --build /home/abc/planning_with_ros2/build/planning -- -j12 -l12
