[0.010s] Invoking command in '/home/abc/planning_with_ros2/build/base_msgs': CMAKE_PREFIX_PATH=${CMAKE_PREFIX_PATH}:/home/abc/planning_with_ros2/install/data_plot:/opt/ros/humble /usr/local/bin/cmake --build /home/abc/planning_with_ros2/build/base_msgs -- -j12 -l12
[0.027s] -- Found ament_cmake: 1.3.11 (/opt/ros/humble/share/ament_cmake/cmake)
[0.207s] -- Found rosidl_default_generators: 1.2.0 (/opt/ros/humble/share/rosidl_default_generators/cmake)
[0.209s] -- Using all available rosidl_typesupport_c: rosidl_typesupport_fastrtps_c;rosidl_typesupport_introspection_c
[0.212s] -- Found rosidl_adapter: 3.1.6 (/opt/ros/humble/share/rosidl_adapter/cmake)
[0.248s] -- Using all available rosidl_typesupport_cpp: rosidl_typesupport_fastrtps_cpp;rosidl_typesupport_introspection_cpp
[0.279s] -- Found visualization_msgs: 4.2.4 (/opt/ros/humble/share/visualization_msgs/cmake)
[0.387s] -- Found nav_msgs: 4.2.4 (/opt/ros/humble/share/nav_msgs/cmake)
[0.941s] -- Found ament_cmake_ros: 0.10.0 (/opt/ros/humble/share/ament_cmake_ros/cmake)
[1.480s] -- Using all available rosidl_typesupport_c: rosidl_typesupport_fastrtps_c;rosidl_typesupport_introspection_c
[2.202s] -- Using all available rosidl_typesupport_cpp: rosidl_typesupport_fastrtps_cpp;rosidl_typesupport_introspection_cpp
[2.223s] -- Found PythonInterp: /usr/bin/python3 (found suitable version "3.10.12", minimum required is "3.6")
[2.225s] -- Found python_cmake_module: 0.10.0 (/opt/ros/humble/share/python_cmake_module/cmake)
[2.249s] -- Found PythonLibs: /usr/lib/x86_64-linux-gnu/libpython3.10.so (found suitable version "3.10.12", minimum required is "3.5")
[2.249s] -- Using PYTHON_EXECUTABLE: /usr/bin/python3
[2.249s] -- Using PYTHON_INCLUDE_DIRS: /usr/include/python3.10
[2.249s] -- Using PYTHON_LIBRARIES: /usr/lib/x86_64-linux-gnu/libpython3.10.so
[2.268s] -- Found PythonExtra: .so
[2.372s] -- Found ament_lint_auto: 0.12.11 (/opt/ros/humble/share/ament_lint_auto/cmake)
[2.387s] -- Added test 'cppcheck' to perform static code analysis on C / C++ code
[2.388s] -- Configured cppcheck include dirs: 
[2.388s] -- Configured cppcheck exclude dirs and/or files: 
[2.390s] -- Added test 'lint_cmake' to check CMake code style
[2.395s] -- Added test 'uncrustify' to check C / C++ code style
[2.395s] -- Configured uncrustify additional arguments: 
[2.396s] -- Added test 'xmllint' to check XML markup files
[2.398s] -- Configuring done (2.4s)
[2.470s] -- Generating done (0.1s)
[2.481s] -- Build files have been written to: /home/abc/planning_with_ros2/build/base_msgs
[2.494s] [  1%] [34m[1mGenerating C code for ROS interfaces[0m
[2.497s] [  1%] [34m[1mGenerating C++ code for ROS interfaces[0m
[2.497s] [  1%] Built target ament_cmake_python_copy_base_msgs
[2.732s] running egg_info
[2.733s] creating base_msgs.egg-info
[2.733s] writing base_msgs.egg-info/PKG-INFO
[2.733s] writing dependency_links to base_msgs.egg-info/dependency_links.txt
[2.733s] writing top-level names to base_msgs.egg-info/top_level.txt
[2.733s] writing manifest file 'base_msgs.egg-info/SOURCES.txt'
[2.735s] reading manifest file 'base_msgs.egg-info/SOURCES.txt'
[2.736s] writing manifest file 'base_msgs.egg-info/SOURCES.txt'
[2.751s] [  1%] Built target ament_cmake_python_build_base_msgs_egg
[3.958s] [  1%] Built target base_msgs__cpp
[3.963s] [  2%] [34m[1mGenerating C++ type support dispatch for ROS interfaces[0m
[3.963s] [  3%] [34m[1mGenerating C++ type support for eProsima Fast-RTPS[0m
[3.963s] [  3%] [34m[1mGenerating C++ introspection for ROS interfaces[0m
[3.979s] [  4%] [32mBuilding C object CMakeFiles/base_msgs__rosidl_generator_c.dir/rosidl_generator_c/base_msgs/srv/detail/global_path_service__functions.c.o[0m
[3.979s] [  4%] [32mBuilding C object CMakeFiles/base_msgs__rosidl_generator_c.dir/rosidl_generator_c/base_msgs/srv/detail/pnc_map_service__functions.c.o[0m
[3.979s] [  5%] [32mBuilding C object CMakeFiles/base_msgs__rosidl_generator_c.dir/rosidl_generator_c/base_msgs/msg/detail/local_path__functions.c.o[0m
[3.980s] [  6%] [32mBuilding C object CMakeFiles/base_msgs__rosidl_generator_c.dir/rosidl_generator_c/base_msgs/msg/detail/local_path_point__functions.c.o[0m
[3.980s] [  7%] [32mBuilding C object CMakeFiles/base_msgs__rosidl_generator_c.dir/rosidl_generator_c/base_msgs/msg/detail/local_speeds__functions.c.o[0m
[3.980s] [  8%] [32mBuilding C object CMakeFiles/base_msgs__rosidl_generator_c.dir/rosidl_generator_c/base_msgs/msg/detail/local_trajectory__functions.c.o[0m
[3.980s] [  8%] [32mBuilding C object CMakeFiles/base_msgs__rosidl_generator_c.dir/rosidl_generator_c/base_msgs/msg/detail/local_speeds_point__functions.c.o[0m
[3.980s] [  9%] [32mBuilding C object CMakeFiles/base_msgs__rosidl_generator_c.dir/rosidl_generator_c/base_msgs/msg/detail/local_trajectory_point__functions.c.o[0m
[3.981s] [ 10%] [32mBuilding C object CMakeFiles/base_msgs__rosidl_generator_c.dir/rosidl_generator_c/base_msgs/msg/detail/obs_info__functions.c.o[0m
[4.056s] [ 11%] [32mBuilding C object CMakeFiles/base_msgs__rosidl_generator_c.dir/rosidl_generator_c/base_msgs/msg/detail/plot_info__functions.c.o[0m
[4.057s] [ 12%] [32mBuilding C object CMakeFiles/base_msgs__rosidl_generator_c.dir/rosidl_generator_c/base_msgs/msg/detail/pnc_map__functions.c.o[0m
[4.057s] [ 12%] [32mBuilding C object CMakeFiles/base_msgs__rosidl_generator_c.dir/rosidl_generator_c/base_msgs/msg/detail/referline__functions.c.o[0m
[4.058s] [ 13%] [32mBuilding C object CMakeFiles/base_msgs__rosidl_generator_c.dir/rosidl_generator_c/base_msgs/msg/detail/referlin_point__functions.c.o[0m
[4.071s] In file included from [01m[K/home/abc/planning_with_ros2/build/base_msgs/rosidl_generator_c/base_msgs/msg/detail/referline__functions.h:19[m[K,
[4.071s]                  from [01m[K/home/abc/planning_with_ros2/build/base_msgs/rosidl_generator_c/base_msgs/msg/detail/referline__functions.c:4[m[K:
[4.071s] [01m[K/home/abc/planning_with_ros2/build/base_msgs/rosidl_generator_c/base_msgs/msg/detail/referline__struct.h:25:10:[m[K [01;31m[Kfatal error: [m[Kbase_msgs/msg/detail/referline_point__struct.h: No such file or directory
[4.071s]    25 | #include [01;31m[K"base_msgs/msg/detail/referline_point__struct.h"[m[K
[4.071s]       |          [01;31m[K^~~~~~~~~~~~~~~~~~~~~~~~~~~~~~~~~~~~~~~~~~~~~~~~[m[K
[4.071s] compilation terminated.
[4.071s] gmake[2]: *** [CMakeFiles/base_msgs__rosidl_generator_c.dir/build.make:566: CMakeFiles/base_msgs__rosidl_generator_c.dir/rosidl_generator_c/base_msgs/msg/detail/referline__functions.c.o] Error 1
[4.071s] gmake[2]: *** Waiting for unfinished jobs....
[4.095s] gmake[1]: *** [CMakeFiles/Makefile2:258: CMakeFiles/base_msgs__rosidl_generator_c.dir/all] Error 2
[4.095s] gmake[1]: *** Waiting for unfinished jobs....
[5.087s] [ 14%] [32mBuilding CXX object CMakeFiles/base_msgs__rosidl_typesupport_cpp.dir/rosidl_typesupport_cpp/base_msgs/srv/global_path_service__type_support.cpp.o[0m
[5.087s] [ 15%] [32mBuilding CXX object CMakeFiles/base_msgs__rosidl_typesupport_cpp.dir/rosidl_typesupport_cpp/base_msgs/srv/pnc_map_service__type_support.cpp.o[0m
[5.087s] [ 15%] [32mBuilding CXX object CMakeFiles/base_msgs__rosidl_typesupport_cpp.dir/rosidl_typesupport_cpp/base_msgs/msg/local_path__type_support.cpp.o[0m
[5.087s] [ 16%] [32mBuilding CXX object CMakeFiles/base_msgs__rosidl_typesupport_cpp.dir/rosidl_typesupport_cpp/base_msgs/msg/local_path_point__type_support.cpp.o[0m
[5.088s] [ 17%] [32mBuilding CXX object CMakeFiles/base_msgs__rosidl_typesupport_cpp.dir/rosidl_typesupport_cpp/base_msgs/msg/local_speeds__type_support.cpp.o[0m
[5.088s] [ 19%] [32mBuilding CXX object CMakeFiles/base_msgs__rosidl_typesupport_cpp.dir/rosidl_typesupport_cpp/base_msgs/msg/local_speeds_point__type_support.cpp.o[0m
[5.088s] [ 19%] [32mBuilding CXX object CMakeFiles/base_msgs__rosidl_typesupport_cpp.dir/rosidl_typesupport_cpp/base_msgs/msg/local_trajectory__type_support.cpp.o[0m
[5.088s] [ 19%] [32mBuilding CXX object CMakeFiles/base_msgs__rosidl_typesupport_cpp.dir/rosidl_typesupport_cpp/base_msgs/msg/local_trajectory_point__type_support.cpp.o[0m
[5.088s] [ 20%] [32mBuilding CXX object CMakeFiles/base_msgs__rosidl_typesupport_cpp.dir/rosidl_typesupport_cpp/base_msgs/msg/obs_info__type_support.cpp.o[0m
[5.088s] [ 21%] [32mBuilding CXX object CMakeFiles/base_msgs__rosidl_typesupport_cpp.dir/rosidl_typesupport_cpp/base_msgs/msg/plot_info__type_support.cpp.o[0m
[5.471s] [ 22%] [32mBuilding CXX object CMakeFiles/base_msgs__rosidl_typesupport_introspection_cpp.dir/rosidl_typesupport_introspection_cpp/base_msgs/srv/detail/global_path_service__type_support.cpp.o[0m
[5.503s] [ 24%] [32mBuilding CXX object CMakeFiles/base_msgs__rosidl_typesupport_introspection_cpp.dir/rosidl_typesupport_introspection_cpp/base_msgs/srv/detail/pnc_map_service__type_support.cpp.o[0m
[5.504s] [ 25%] [32mBuilding CXX object CMakeFiles/base_msgs__rosidl_typesupport_introspection_cpp.dir/rosidl_typesupport_introspection_cpp/base_msgs/msg/detail/local_path__type_support.cpp.o[0m
[5.504s] [ 24%] [32mBuilding CXX object CMakeFiles/base_msgs__rosidl_typesupport_cpp.dir/rosidl_typesupport_cpp/base_msgs/msg/pnc_map__type_support.cpp.o[0m
[5.504s] [ 26%] [32mBuilding CXX object CMakeFiles/base_msgs__rosidl_typesupport_cpp.dir/rosidl_typesupport_cpp/base_msgs/msg/referline__type_support.cpp.o[0m
[5.508s] [ 26%] [32mBuilding CXX object CMakeFiles/base_msgs__rosidl_typesupport_cpp.dir/rosidl_typesupport_cpp/base_msgs/msg/referlin_point__type_support.cpp.o[0m
[5.518s] [ 27%] [32mBuilding CXX object CMakeFiles/base_msgs__rosidl_typesupport_introspection_cpp.dir/rosidl_typesupport_introspection_cpp/base_msgs/msg/detail/local_path_point__type_support.cpp.o[0m
[5.518s] [ 27%] [32mBuilding CXX object CMakeFiles/base_msgs__rosidl_typesupport_introspection_cpp.dir/rosidl_typesupport_introspection_cpp/base_msgs/msg/detail/local_speeds__type_support.cpp.o[0m
[5.528s] [ 28%] [32mBuilding CXX object CMakeFiles/base_msgs__rosidl_typesupport_introspection_cpp.dir/rosidl_typesupport_introspection_cpp/base_msgs/msg/detail/local_speeds_point__type_support.cpp.o[0m
[5.530s] [ 29%] [32mBuilding CXX object CMakeFiles/base_msgs__rosidl_typesupport_introspection_cpp.dir/rosidl_typesupport_introspection_cpp/base_msgs/msg/detail/local_trajectory__type_support.cpp.o[0m
[5.536s] [ 30%] [32mBuilding CXX object CMakeFiles/base_msgs__rosidl_typesupport_introspection_cpp.dir/rosidl_typesupport_introspection_cpp/base_msgs/msg/detail/local_trajectory_point__type_support.cpp.o[0m
[5.592s] In file included from [01m[K/home/abc/planning_with_ros2/build/base_msgs/rosidl_typesupport_cpp/base_msgs/msg/referline__type_support.cpp:7[m[K:
[5.592s] [01m[K/home/abc/planning_with_ros2/build/base_msgs/rosidl_generator_cpp/base_msgs/msg/detail/referline__struct.hpp:22:10:[m[K [01;31m[Kfatal error: [m[Kbase_msgs/msg/detail/referline_point__struct.hpp: No such file or directory
[5.592s]    22 | #include [01;31m[K"base_msgs/msg/detail/referline_point__struct.hpp"[m[K
[5.593s]       |          [01;31m[K^~~~~~~~~~~~~~~~~~~~~~~~~~~~~~~~~~~~~~~~~~~~~~~~~~[m[K
[5.593s] compilation terminated.
[5.598s] gmake[2]: *** [CMakeFiles/base_msgs__rosidl_typesupport_cpp.dir/build.make:403: CMakeFiles/base_msgs__rosidl_typesupport_cpp.dir/rosidl_typesupport_cpp/base_msgs/msg/referline__type_support.cpp.o] Error 1
[5.598s] gmake[2]: *** Waiting for unfinished jobs....
[5.600s] [ 31%] [32mBuilding CXX object CMakeFiles/base_msgs__rosidl_typesupport_introspection_cpp.dir/rosidl_typesupport_introspection_cpp/base_msgs/msg/detail/obs_info__type_support.cpp.o[0m
[5.744s] [ 32%] [32mBuilding CXX object CMakeFiles/base_msgs__rosidl_typesupport_fastrtps_cpp.dir/rosidl_typesupport_fastrtps_cpp/base_msgs/srv/detail/dds_fastrtps/global_path_service__type_support.cpp.o[0m
[5.912s] gmake[1]: *** [CMakeFiles/Makefile2:482: CMakeFiles/base_msgs__rosidl_typesupport_cpp.dir/all] Error 2
[5.913s] [ 32%] [32mBuilding CXX object CMakeFiles/base_msgs__rosidl_typesupport_introspection_cpp.dir/rosidl_typesupport_introspection_cpp/base_msgs/msg/detail/plot_info__type_support.cpp.o[0m
[5.916s] [ 33%] [32mBuilding CXX object CMakeFiles/base_msgs__rosidl_typesupport_fastrtps_cpp.dir/rosidl_typesupport_fastrtps_cpp/base_msgs/srv/detail/dds_fastrtps/pnc_map_service__type_support.cpp.o[0m
[6.123s] [ 34%] [32mBuilding CXX object CMakeFiles/base_msgs__rosidl_typesupport_fastrtps_cpp.dir/rosidl_typesupport_fastrtps_cpp/base_msgs/msg/detail/dds_fastrtps/local_path__type_support.cpp.o[0m
[6.146s] [ 34%] [32mBuilding CXX object CMakeFiles/base_msgs__rosidl_typesupport_fastrtps_cpp.dir/rosidl_typesupport_fastrtps_cpp/base_msgs/msg/detail/dds_fastrtps/local_path_point__type_support.cpp.o[0m
[6.169s] [ 35%] [32mBuilding CXX object CMakeFiles/base_msgs__rosidl_typesupport_introspection_cpp.dir/rosidl_typesupport_introspection_cpp/base_msgs/msg/detail/pnc_map__type_support.cpp.o[0m
[6.177s] [ 36%] [32mBuilding CXX object CMakeFiles/base_msgs__rosidl_typesupport_introspection_cpp.dir/rosidl_typesupport_introspection_cpp/base_msgs/msg/detail/referline__type_support.cpp.o[0m
[6.188s] [ 37%] [32mBuilding CXX object CMakeFiles/base_msgs__rosidl_typesupport_fastrtps_cpp.dir/rosidl_typesupport_fastrtps_cpp/base_msgs/msg/detail/dds_fastrtps/local_speeds__type_support.cpp.o[0m
[6.190s] [ 38%] [32mBuilding CXX object CMakeFiles/base_msgs__rosidl_typesupport_introspection_cpp.dir/rosidl_typesupport_introspection_cpp/base_msgs/msg/detail/referlin_point__type_support.cpp.o[0m
[6.207s] [ 39%] [32mBuilding CXX object CMakeFiles/base_msgs__rosidl_typesupport_fastrtps_cpp.dir/rosidl_typesupport_fastrtps_cpp/base_msgs/msg/detail/dds_fastrtps/local_speeds_point__type_support.cpp.o[0m
[6.207s] [ 40%] [32mBuilding CXX object CMakeFiles/base_msgs__rosidl_typesupport_fastrtps_cpp.dir/rosidl_typesupport_fastrtps_cpp/base_msgs/msg/detail/dds_fastrtps/local_trajectory__type_support.cpp.o[0m
[6.251s] [ 41%] [32mBuilding CXX object CMakeFiles/base_msgs__rosidl_typesupport_fastrtps_cpp.dir/rosidl_typesupport_fastrtps_cpp/base_msgs/msg/detail/dds_fastrtps/local_trajectory_point__type_support.cpp.o[0m
[6.279s] In file included from [01m[K/home/abc/planning_with_ros2/build/base_msgs/rosidl_typesupport_introspection_cpp/base_msgs/msg/detail/referline__type_support.cpp:12[m[K:
[6.280s] [01m[K/home/abc/planning_with_ros2/build/base_msgs/rosidl_generator_cpp/base_msgs/msg/detail/referline__struct.hpp:22:10:[m[K [01;31m[Kfatal error: [m[Kbase_msgs/msg/detail/referline_point__struct.hpp: No such file or directory
[6.280s]    22 | #include [01;31m[K"base_msgs/msg/detail/referline_point__struct.hpp"[m[K
[6.280s]       |          [01;31m[K^~~~~~~~~~~~~~~~~~~~~~~~~~~~~~~~~~~~~~~~~~~~~~~~~~[m[K
[6.281s] compilation terminated.
[6.281s] gmake[2]: *** [CMakeFiles/base_msgs__rosidl_typesupport_introspection_cpp.dir/build.make:444: CMakeFiles/base_msgs__rosidl_typesupport_introspection_cpp.dir/rosidl_typesupport_introspection_cpp/base_msgs/msg/detail/referline__type_support.cpp.o] Error 1
[6.282s] gmake[2]: *** Waiting for unfinished jobs....
[6.283s] [ 41%] [32mBuilding CXX object CMakeFiles/base_msgs__rosidl_typesupport_fastrtps_cpp.dir/rosidl_typesupport_fastrtps_cpp/base_msgs/msg/detail/dds_fastrtps/obs_info__type_support.cpp.o[0m
[6.428s] [ 42%] [32mBuilding CXX object CMakeFiles/base_msgs__rosidl_typesupport_fastrtps_cpp.dir/rosidl_typesupport_fastrtps_cpp/base_msgs/msg/detail/dds_fastrtps/plot_info__type_support.cpp.o[0m
[6.574s] [ 43%] [32mBuilding CXX object CMakeFiles/base_msgs__rosidl_typesupport_fastrtps_cpp.dir/rosidl_typesupport_fastrtps_cpp/base_msgs/msg/detail/dds_fastrtps/pnc_map__type_support.cpp.o[0m
[6.634s] [ 44%] [32mBuilding CXX object CMakeFiles/base_msgs__rosidl_typesupport_fastrtps_cpp.dir/rosidl_typesupport_fastrtps_cpp/base_msgs/msg/detail/dds_fastrtps/referline__type_support.cpp.o[0m
[6.732s] In file included from [01m[K/home/abc/planning_with_ros2/build/base_msgs/rosidl_typesupport_fastrtps_cpp/base_msgs/msg/detail/referline__rosidl_typesupport_fastrtps_cpp.hpp:11[m[K,
[6.732s]                  from [01m[K/home/abc/planning_with_ros2/build/base_msgs/rosidl_typesupport_fastrtps_cpp/base_msgs/msg/detail/dds_fastrtps/referline__type_support.cpp:4[m[K:
[6.732s] [01m[K/home/abc/planning_with_ros2/build/base_msgs/rosidl_generator_cpp/base_msgs/msg/detail/referline__struct.hpp:22:10:[m[K [01;31m[Kfatal error: [m[Kbase_msgs/msg/detail/referline_point__struct.hpp: No such file or directory
[6.732s]    22 | #include [01;31m[K"base_msgs/msg/detail/referline_point__struct.hpp"[m[K
[6.733s]       |          [01;31m[K^~~~~~~~~~~~~~~~~~~~~~~~~~~~~~~~~~~~~~~~~~~~~~~~~~[m[K
[6.733s] compilation terminated.
[6.738s] gmake[2]: *** [CMakeFiles/base_msgs__rosidl_typesupport_fastrtps_cpp.dir/build.make:444: CMakeFiles/base_msgs__rosidl_typesupport_fastrtps_cpp.dir/rosidl_typesupport_fastrtps_cpp/base_msgs/msg/detail/dds_fastrtps/referline__type_support.cpp.o] Error 1
[6.739s] gmake[2]: *** Waiting for unfinished jobs....
[6.871s] gmake[1]: *** [CMakeFiles/Makefile2:450: CMakeFiles/base_msgs__rosidl_typesupport_introspection_cpp.dir/all] Error 2
[7.064s] gmake[1]: *** [CMakeFiles/Makefile2:418: CMakeFiles/base_msgs__rosidl_typesupport_fastrtps_cpp.dir/all] Error 2
[7.065s] gmake: *** [Makefile:146: all] Error 2
[7.066s] Invoked command in '/home/abc/planning_with_ros2/build/base_msgs' returned '2': CMAKE_PREFIX_PATH=${CMAKE_PREFIX_PATH}:/home/abc/planning_with_ros2/install/data_plot:/opt/ros/humble /usr/local/bin/cmake --build /home/abc/planning_with_ros2/build/base_msgs -- -j12 -l12
