[0.244s] Invoking command in '/home/abc/planning_with_ros2/build/planning': CMAKE_PREFIX_PATH=/home/abc/planning_with_ros2/install/base_msgs:/home/abc/planning_with_ros2/install/planning:/home/abc/planning_with_ros2/install/data_plot:/opt/ros/humble LD_LIBRARY_PATH=/home/abc/planning_with_ros2/install/base_msgs/lib:${LD_LIBRARY_PATH} PYTHONPATH=/home/abc/planning_with_ros2/install/base_msgs/local/lib/python3.10/dist-packages:${PYTHONPATH} /usr/local/bin/cmake --build /home/abc/planning_with_ros2/build/planning -- -j12 -l12
[0.263s] -- Found ament_cmake: 1.3.11 (/opt/ros/humble/share/ament_cmake/cmake)
[0.442s] -- Found rclcpp: 16.0.11 (/opt/ros/humble/share/rclcpp/cmake)
[0.477s] -- Found rosidl_generator_c: 3.1.6 (/opt/ros/humble/share/rosidl_generator_c/cmake)
[0.480s] -- Found rosidl_adapter: 3.1.6 (/opt/ros/humble/share/rosidl_adapter/cmake)
[0.488s] -- Found rosidl_generator_cpp: 3.1.6 (/opt/ros/humble/share/rosidl_generator_cpp/cmake)
[0.500s] -- Using all available rosidl_typesupport_c: rosidl_typesupport_fastrtps_c;rosidl_typesupport_introspection_c
[0.517s] -- Using all available rosidl_typesupport_cpp: rosidl_typesupport_fastrtps_cpp;rosidl_typesupport_introspection_cpp
[0.563s] -- Found rmw_implementation_cmake: 6.1.2 (/opt/ros/humble/share/rmw_implementation_cmake/cmake)
[0.564s] -- Found rmw_fastrtps_cpp: 6.2.7 (/opt/ros/humble/share/rmw_fastrtps_cpp/cmake)
[0.673s] -- Using RMW implementation 'rmw_fastrtps_cpp' as default
[0.743s] -- Found tf2: 0.25.9 (/opt/ros/humble/share/tf2/cmake)
[0.767s] -- Found tf2_ros: 0.25.9 (/opt/ros/humble/share/tf2_ros/cmake)
[0.882s] -- Found nav_msgs: 4.2.4 (/opt/ros/humble/share/nav_msgs/cmake)
[0.907s] -- Found visualization_msgs: 4.2.4 (/opt/ros/humble/share/visualization_msgs/cmake)
[0.965s] -- Found base_msgs: 0.0.0 (/home/abc/planning_with_ros2/install/base_msgs/share/base_msgs/cmake)
[1.037s] -- Found ament_lint_auto: 0.12.11 (/opt/ros/humble/share/ament_lint_auto/cmake)
[1.104s] -- Added test 'cppcheck' to perform static code analysis on C / C++ code
[1.105s] -- Configured cppcheck include dirs: /home/abc/planning_with_ros2/src/planning/src/common/config_reader;/home/abc/planning_with_ros2/src/planning/src/common/math;/home/abc/planning_with_ros2/src/planning/src/decision_center;/home/abc/planning_with_ros2/src/planning/src/pnc_map_creator;/home/abc/planning_with_ros2/src/planning/src/pnc_map_creator/pnc_map_straight;/home/abc/planning_with_ros2/src/planning/src/pnc_map_creator/pnc_map_sturn;/home/abc/planning_with_ros2/src/planning/src/global_planner;/home/abc/planning_with_ros2/src/planning/src/global_planner/global_planner_normal;/home/abc/planning_with_ros2/src/planning/src/local_planner;/home/abc/planning_with_ros2/src/planning/src/local_planner/local_path;/home/abc/planning_with_ros2/src/planning/src/local_planner/local_speeds;/home/abc/planning_with_ros2/src/planning/src/reference_line;/home/abc/planning_with_ros2/src/planning/src/vehicle_info;/home/abc/planning_with_ros2/src/planning/src/vehicle_info/main_car;/home/abc/planning_with_ros2/src/planning/src/vehicle_info/obs_car;/home/abc/planning_with_ros2/src/planning/src/planning_process;/home/abc/planning_with_ros2/src/planning/src/move_cmd
[1.105s] -- Configured cppcheck exclude dirs and/or files: 
[1.106s] -- Added test 'flake8' to check Python code syntax and style conventions
[1.107s] -- Added test 'lint_cmake' to check CMake code style
[1.108s] -- Added test 'pep257' to check Python code against some of the docstring style conventions in PEP 257
[1.111s] -- Added test 'uncrustify' to check C / C++ code style
[1.111s] -- Configured uncrustify additional arguments: 
[1.112s] -- Added test 'xmllint' to check XML markup files
[1.113s] -- Configuring done (0.9s)
[1.205s] -- Generating done (0.1s)
[1.227s] -- Build files have been written to: /home/abc/planning_with_ros2/build/planning
[1.254s] [  5%] Built target config_reader
[1.257s] [  8%] [32mBuilding CXX object src/global_planner/CMakeFiles/global_planner.dir/global_planner_normal/global_planner_normal.cpp.o[0m
[1.257s] [ 11%] [32mBuilding CXX object src/pnc_map_creator/CMakeFiles/pnc_map_creator.dir/pnc_map_straight/pnc_map_creator_straight.cpp.o[0m
[1.258s] [ 14%] [32mBuilding CXX object src/common/CMakeFiles/mathlibs.dir/math/curve.cpp.o[0m
[1.259s] [ 17%] [32mBuilding CXX object src/pnc_map_creator/CMakeFiles/pnc_map_creator.dir/pnc_map_sturn/pnc_map_creator_sturn.cpp.o[0m
[1.259s] [ 20%] [32mBuilding CXX object src/common/CMakeFiles/mathlibs.dir/math/polynomial_curve.cpp.o[0m
[4.415s] [ 22%] [32m[1mLinking CXX shared library libpnc_map_creator.so[0m
[4.530s] [ 22%] Built target pnc_map_creator
[4.545s] [ 25%] [32mBuilding CXX object src/pnc_map_creator/CMakeFiles/pnc_map_server.dir/pnc_map_server.cpp.o[0m
[4.770s] [ 28%] [32m[1mLinking CXX shared library libmathlibs.so[0m
[4.781s] [ 31%] [32m[1mLinking CXX shared library libglobal_planner.so[0m
[4.876s] [ 31%] Built target global_planner
[4.890s] [ 34%] [32mBuilding CXX object src/global_planner/CMakeFiles/global_path_server.dir/global_path_server.cpp.o[0m
[5.072s] [ 34%] Built target mathlibs
[5.104s] [ 37%] [32mBuilding CXX object src/reference_line/CMakeFiles/reference_line.dir/reference_line_creator.cpp.o[0m
[5.106s] [ 40%] [32mBuilding CXX object src/vehicle_info/CMakeFiles/vehicle_info.dir/main_car/main_car_info.cpp.o[0m
[5.107s] [ 42%] [32mBuilding CXX object src/reference_line/CMakeFiles/reference_line.dir/reference_line_smoother.cpp.o[0m
[5.107s] [ 45%] [32mBuilding CXX object src/vehicle_info/CMakeFiles/vehicle_info.dir/obs_car/obs_car_info.cpp.o[0m
[7.866s] [ 48%] [32m[1mLinking CXX executable pnc_map_server[0m
[8.001s] [ 48%] Built target pnc_map_server
[8.783s] [ 51%] [32m[1mLinking CXX executable global_path_server[0m
[8.903s] [ 51%] Built target global_path_server
[9.187s] [ 54%] [32m[1mLinking CXX shared library libvehicle_info.so[0m
[9.288s] [ 54%] Built target vehicle_info
[9.303s] [ 62%] [32mBuilding CXX object src/decision_center/CMakeFiles/decision_center.dir/decision_center.cpp.o[0m
[9.303s] [ 62%] [32mBuilding CXX object src/move_cmd/CMakeFiles/car_move_cmd.dir/car_move_cmd.cpp.o[0m
[9.304s] [ 62%] [32mBuilding CXX object src/move_cmd/CMakeFiles/obs_move_cmd.dir/obs_move_cmd.cpp.o[0m
[9.490s] [ 65%] [32m[1mLinking CXX shared library libreference_line.so[0m
[9.597s] [ 65%] Built target reference_line
[12.262s] [ 68%] [32m[1mLinking CXX shared library libdecision_center.so[0m
[12.342s] [ 71%] [32m[1mLinking CXX executable car_move_cmd[0m
[12.362s] [ 71%] Built target decision_center
[12.390s] [ 74%] [32mBuilding CXX object src/local_planner/CMakeFiles/local_planner.dir/local_trajectory_combiner.cpp.o[0m
[12.391s] [ 77%] [32mBuilding CXX object src/local_planner/CMakeFiles/local_planner.dir/local_path/local_path_planner.cpp.o[0m
[12.392s] [ 80%] [32mBuilding CXX object src/local_planner/CMakeFiles/local_planner.dir/local_path/local_path_smoother.cpp.o[0m
[12.392s] [ 82%] [32mBuilding CXX object src/local_planner/CMakeFiles/local_planner.dir/local_speeds/local_speeds_planner.cpp.o[0m
[12.394s] [ 85%] [32mBuilding CXX object src/local_planner/CMakeFiles/local_planner.dir/local_speeds/local_speeds_smoother.cpp.o[0m
[12.410s] [ 88%] [32m[1mLinking CXX executable obs_move_cmd[0m
[12.514s] [ 88%] Built target car_move_cmd
[12.577s] [ 88%] Built target obs_move_cmd
[16.186s] [ 91%] [32m[1mLinking CXX shared library liblocal_planner.so[0m
[16.279s] [ 91%] Built target local_planner
[16.301s] [ 94%] [32mBuilding CXX object src/planning_process/CMakeFiles/planning_process.dir/planning_process_main.cpp.o[0m
[16.301s] [ 97%] [32mBuilding CXX object src/planning_process/CMakeFiles/planning_process.dir/planning_process.cpp.o[0m
[19.366s] [01m[K/home/abc/planning_with_ros2/src/planning/src/planning_process/planning_process.cpp:[m[K In constructor ‘[01m[KPlanning::PlanningProcess::PlanningProcess()[m[K’:
[19.366s] [01m[K/home/abc/planning_with_ros2/src/planning/src/planning_process/planning_process.cpp:10:14:[m[K [01;35m[Kwarning: [m[Kunused variable ‘[01m[Kobs_dis[m[K’ [[01;35m[K]8;;https://gcc.gnu.org/onlinedocs/gcc/Warning-Options.html#index-Wunused-variable-Wunused-variable]8;;[m[K]
[19.366s]    10 |         auto [01;35m[Kobs_dis[m[K=process_config_->process().obs_dis_;
[19.366s]       |              [01;35m[K^~~~~~~[m[K
[20.028s] [100%] [32m[1mLinking CXX executable planning_process[0m
[20.146s] [100%] Built target planning_process
[20.149s] Invoked command in '/home/abc/planning_with_ros2/build/planning' returned '0': CMAKE_PREFIX_PATH=/home/abc/planning_with_ros2/install/base_msgs:/home/abc/planning_with_ros2/install/planning:/home/abc/planning_with_ros2/install/data_plot:/opt/ros/humble LD_LIBRARY_PATH=/home/abc/planning_with_ros2/install/base_msgs/lib:${LD_LIBRARY_PATH} PYTHONPATH=/home/abc/planning_with_ros2/install/base_msgs/local/lib/python3.10/dist-packages:${PYTHONPATH} /usr/local/bin/cmake --build /home/abc/planning_with_ros2/build/planning -- -j12 -l12
[20.151s] Invoking command in '/home/abc/planning_with_ros2/build/planning': CMAKE_PREFIX_PATH=/home/abc/planning_with_ros2/install/base_msgs:/home/abc/planning_with_ros2/install/planning:/home/abc/planning_with_ros2/install/data_plot:/opt/ros/humble LD_LIBRARY_PATH=/home/abc/planning_with_ros2/install/base_msgs/lib:${LD_LIBRARY_PATH} PYTHONPATH=/home/abc/planning_with_ros2/install/base_msgs/local/lib/python3.10/dist-packages:${PYTHONPATH} /usr/local/bin/cmake --install /home/abc/planning_with_ros2/build/planning
[20.152s] -- Install configuration: ""
[20.153s] -- Up-to-date: /home/abc/planning_with_ros2/install/planning/lib/libconfig_reader.so
[20.153s] -- Installing: /home/abc/planning_with_ros2/install/planning/lib/libmathlibs.so
[20.153s] -- Set non-toolchain portion of runtime path of "/home/abc/planning_with_ros2/install/planning/lib/libmathlibs.so" to ""
[20.154s] -- Installing: /home/abc/planning_with_ros2/install/planning/lib/libdecision_center.so
[20.154s] -- Set non-toolchain portion of runtime path of "/home/abc/planning_with_ros2/install/planning/lib/libdecision_center.so" to ""
[20.154s] -- Installing: /home/abc/planning_with_ros2/install/planning/lib/libpnc_map_creator.so
[20.154s] -- Set non-toolchain portion of runtime path of "/home/abc/planning_with_ros2/install/planning/lib/libpnc_map_creator.so" to ""
[20.155s] -- Installing: /home/abc/planning_with_ros2/install/planning/lib/planning/pnc_map_server
[20.155s] -- Set non-toolchain portion of runtime path of "/home/abc/planning_with_ros2/install/planning/lib/planning/pnc_map_server" to ""
[20.155s] -- Installing: /home/abc/planning_with_ros2/install/planning/lib/libglobal_planner.so
[20.156s] -- Set non-toolchain portion of runtime path of "/home/abc/planning_with_ros2/install/planning/lib/libglobal_planner.so" to ""
[20.156s] -- Installing: /home/abc/planning_with_ros2/install/planning/lib/planning/global_path_server
[20.156s] -- Set non-toolchain portion of runtime path of "/home/abc/planning_with_ros2/install/planning/lib/planning/global_path_server" to ""
[20.156s] -- Installing: /home/abc/planning_with_ros2/install/planning/lib/liblocal_planner.so
[20.157s] -- Set non-toolchain portion of runtime path of "/home/abc/planning_with_ros2/install/planning/lib/liblocal_planner.so" to ""
[20.157s] -- Installing: /home/abc/planning_with_ros2/install/planning/lib/libreference_line.so
[20.157s] -- Set non-toolchain portion of runtime path of "/home/abc/planning_with_ros2/install/planning/lib/libreference_line.so" to ""
[20.157s] -- Installing: /home/abc/planning_with_ros2/install/planning/lib/libvehicle_info.so
[20.158s] -- Set non-toolchain portion of runtime path of "/home/abc/planning_with_ros2/install/planning/lib/libvehicle_info.so" to ""
[20.158s] -- Installing: /home/abc/planning_with_ros2/install/planning/lib/planning/planning_process
[20.158s] -- Set non-toolchain portion of runtime path of "/home/abc/planning_with_ros2/install/planning/lib/planning/planning_process" to ""
[20.159s] -- Installing: /home/abc/planning_with_ros2/install/planning/lib/planning/car_move_cmd
[20.159s] -- Set non-toolchain portion of runtime path of "/home/abc/planning_with_ros2/install/planning/lib/planning/car_move_cmd" to ""
[20.159s] -- Installing: /home/abc/planning_with_ros2/install/planning/lib/planning/obs_move_cmd
[20.159s] -- Set non-toolchain portion of runtime path of "/home/abc/planning_with_ros2/install/planning/lib/planning/obs_move_cmd" to ""
[20.160s] -- Up-to-date: /home/abc/planning_with_ros2/install/planning/share/planning/config
[20.160s] -- Up-to-date: /home/abc/planning_with_ros2/install/planning/share/planning/config/planning_static_obs_config.yaml
[20.160s] -- Up-to-date: /home/abc/planning_with_ros2/install/planning/share/planning/launch
[20.160s] -- Up-to-date: /home/abc/planning_with_ros2/install/planning/share/planning/launch/planning_launch.py
[20.160s] -- Up-to-date: /home/abc/planning_with_ros2/install/planning/share/planning/urdf
[20.160s] -- Up-to-date: /home/abc/planning_with_ros2/install/planning/share/planning/urdf/main_car
[20.160s] -- Up-to-date: /home/abc/planning_with_ros2/install/planning/share/planning/urdf/main_car/car_camera.xacro
[20.160s] -- Up-to-date: /home/abc/planning_with_ros2/install/planning/share/planning/urdf/main_car/car_base.xacro
[20.160s] -- Up-to-date: /home/abc/planning_with_ros2/install/planning/share/planning/urdf/main_car/car_radar.xacro
[20.160s] -- Up-to-date: /home/abc/planning_with_ros2/install/planning/share/planning/urdf/main_car/car.xacro
[20.160s] -- Up-to-date: /home/abc/planning_with_ros2/install/planning/share/planning/urdf/main_car/car_wheels.xacro
[20.161s] -- Up-to-date: /home/abc/planning_with_ros2/install/planning/share/planning/urdf/obs_car
[20.161s] -- Up-to-date: /home/abc/planning_with_ros2/install/planning/share/planning/rviz
[20.161s] -- Up-to-date: /home/abc/planning_with_ros2/install/planning/share/planning/rviz/planning.rviz
[20.161s] -- Up-to-date: /home/abc/planning_with_ros2/install/planning/share/ament_index/resource_index/package_run_dependencies/planning
[20.161s] -- Up-to-date: /home/abc/planning_with_ros2/install/planning/share/ament_index/resource_index/parent_prefix_path/planning
[20.161s] -- Up-to-date: /home/abc/planning_with_ros2/install/planning/share/planning/environment/ament_prefix_path.sh
[20.161s] -- Installing: /home/abc/planning_with_ros2/install/planning/share/planning/environment/ament_prefix_path.dsv
[20.161s] -- Up-to-date: /home/abc/planning_with_ros2/install/planning/share/planning/environment/path.sh
[20.161s] -- Installing: /home/abc/planning_with_ros2/install/planning/share/planning/environment/path.dsv
[20.161s] -- Up-to-date: /home/abc/planning_with_ros2/install/planning/share/planning/local_setup.bash
[20.161s] -- Up-to-date: /home/abc/planning_with_ros2/install/planning/share/planning/local_setup.sh
[20.162s] -- Up-to-date: /home/abc/planning_with_ros2/install/planning/share/planning/local_setup.zsh
[20.162s] -- Installing: /home/abc/planning_with_ros2/install/planning/share/planning/local_setup.dsv
[20.162s] -- Installing: /home/abc/planning_with_ros2/install/planning/share/planning/package.dsv
[20.162s] -- Up-to-date: /home/abc/planning_with_ros2/install/planning/share/ament_index/resource_index/packages/planning
[20.162s] -- Up-to-date: /home/abc/planning_with_ros2/install/planning/share/planning/cmake/planningConfig.cmake
[20.162s] -- Up-to-date: /home/abc/planning_with_ros2/install/planning/share/planning/cmake/planningConfig-version.cmake
[20.162s] -- Up-to-date: /home/abc/planning_with_ros2/install/planning/share/planning/package.xml
[20.162s] Invoked command in '/home/abc/planning_with_ros2/build/planning' returned '0': CMAKE_PREFIX_PATH=/home/abc/planning_with_ros2/install/base_msgs:/home/abc/planning_with_ros2/install/planning:/home/abc/planning_with_ros2/install/data_plot:/opt/ros/humble LD_LIBRARY_PATH=/home/abc/planning_with_ros2/install/base_msgs/lib:${LD_LIBRARY_PATH} PYTHONPATH=/home/abc/planning_with_ros2/install/base_msgs/local/lib/python3.10/dist-packages:${PYTHONPATH} /usr/local/bin/cmake --install /home/abc/planning_with_ros2/build/planning
