[0.282s] Invoking command in '/home/abc/planning_with_ros2/build/planning': CMAKE_PREFIX_PATH=/home/abc/planning_with_ros2/install/base_msgs:/home/abc/planning_with_ros2/install/planning:/home/abc/planning_with_ros2/install/data_plot:/opt/ros/humble /usr/local/bin/cmake --build /home/abc/planning_with_ros2/build/planning -- -j12 -l12
[0.311s] [  2%] [32mBuilding CXX object src/common/CMakeFiles/config_reader.dir/config_reader/config_reader.cpp.o[0m
[0.311s] [  8%] Built target global_planner
[0.312s] [ 17%] Built target mathlibs
[0.318s] [ 25%] Built target pnc_map_creator
[4.092s] [ 28%] [32m[1mLinking CXX shared library libconfig_reader.so[0m
[4.214s] [ 28%] Built target config_reader
[4.233s] [ 31%] [32m[1mLinking CXX executable global_path_server[0m
[4.233s] [ 34%] [32m[1mLinking CXX executable pnc_map_server[0m
[4.235s] [ 37%] [32m[1mLinking CXX shared library libvehicle_info.so[0m
[4.242s] [ 40%] [32m[1mLinking CXX shared library libreference_line.so[0m
[4.387s] [ 45%] Built target vehicle_info
[4.397s] [ 48%] Built target pnc_map_server
[4.399s] [ 54%] Built target reference_line
[4.400s] [ 57%] Built target global_path_server
[4.412s] [ 65%] [32m[1mLinking CXX shared library libdecision_center.so[0m
[4.412s] [ 65%] [32m[1mLinking CXX executable obs_move_cmd[0m
[4.412s] [ 65%] [32m[1mLinking CXX executable car_move_cmd[0m
[4.534s] [ 68%] Built target decision_center
[4.566s] [ 71%] Built target obs_move_cmd
[4.567s] [ 74%] Built target car_move_cmd
[4.576s] [ 77%] [32m[1mLinking CXX shared library liblocal_planner.so[0m
[4.682s] [ 91%] Built target local_planner
[4.708s] [ 94%] [32m[1mLinking CXX executable planning_node[0m
[4.851s] [100%] Built target planning_node
[4.856s] Invoked command in '/home/abc/planning_with_ros2/build/planning' returned '0': CMAKE_PREFIX_PATH=/home/abc/planning_with_ros2/install/base_msgs:/home/abc/planning_with_ros2/install/planning:/home/abc/planning_with_ros2/install/data_plot:/opt/ros/humble /usr/local/bin/cmake --build /home/abc/planning_with_ros2/build/planning -- -j12 -l12
[4.858s] Invoking command in '/home/abc/planning_with_ros2/build/planning': CMAKE_PREFIX_PATH=/home/abc/planning_with_ros2/install/base_msgs:/home/abc/planning_with_ros2/install/planning:/home/abc/planning_with_ros2/install/data_plot:/opt/ros/humble /usr/local/bin/cmake --install /home/abc/planning_with_ros2/build/planning
[4.860s] -- Install configuration: ""
[4.861s] -- Installing: /home/abc/planning_with_ros2/install/planning/lib/libconfig_reader.so
[4.861s] -- Set non-toolchain portion of runtime path of "/home/abc/planning_with_ros2/install/planning/lib/libconfig_reader.so" to ""
[4.862s] -- Up-to-date: /home/abc/planning_with_ros2/install/planning/lib/libmathlibs.so
[4.862s] -- Installing: /home/abc/planning_with_ros2/install/planning/lib/libdecision_center.so
[4.862s] -- Set non-toolchain portion of runtime path of "/home/abc/planning_with_ros2/install/planning/lib/libdecision_center.so" to ""
[4.863s] -- Up-to-date: /home/abc/planning_with_ros2/install/planning/lib/libpnc_map_creator.so
[4.863s] -- Installing: /home/abc/planning_with_ros2/install/planning/lib/planning/pnc_map_server
[4.863s] -- Set non-toolchain portion of runtime path of "/home/abc/planning_with_ros2/install/planning/lib/planning/pnc_map_server" to ""
[4.864s] -- Up-to-date: /home/abc/planning_with_ros2/install/planning/lib/libglobal_planner.so
[4.864s] -- Installing: /home/abc/planning_with_ros2/install/planning/lib/planning/global_path_server
[4.864s] -- Set non-toolchain portion of runtime path of "/home/abc/planning_with_ros2/install/planning/lib/planning/global_path_server" to ""
[4.865s] -- Installing: /home/abc/planning_with_ros2/install/planning/lib/liblocal_planner.so
[4.865s] -- Set non-toolchain portion of runtime path of "/home/abc/planning_with_ros2/install/planning/lib/liblocal_planner.so" to ""
[4.865s] -- Installing: /home/abc/planning_with_ros2/install/planning/lib/libreference_line.so
[4.866s] -- Set non-toolchain portion of runtime path of "/home/abc/planning_with_ros2/install/planning/lib/libreference_line.so" to ""
[4.866s] -- Installing: /home/abc/planning_with_ros2/install/planning/lib/libvehicle_info.so
[4.866s] -- Set non-toolchain portion of runtime path of "/home/abc/planning_with_ros2/install/planning/lib/libvehicle_info.so" to ""
[4.867s] -- Installing: /home/abc/planning_with_ros2/install/planning/lib/planning/planning_node
[4.867s] -- Set non-toolchain portion of runtime path of "/home/abc/planning_with_ros2/install/planning/lib/planning/planning_node" to ""
[4.868s] -- Installing: /home/abc/planning_with_ros2/install/planning/lib/planning/car_move_cmd
[4.868s] -- Set non-toolchain portion of runtime path of "/home/abc/planning_with_ros2/install/planning/lib/planning/car_move_cmd" to ""
[4.868s] -- Installing: /home/abc/planning_with_ros2/install/planning/lib/planning/obs_move_cmd
[4.869s] -- Set non-toolchain portion of runtime path of "/home/abc/planning_with_ros2/install/planning/lib/planning/obs_move_cmd" to ""
[4.869s] -- Up-to-date: /home/abc/planning_with_ros2/install/planning/share/planning/config
[4.869s] -- Up-to-date: /home/abc/planning_with_ros2/install/planning/share/planning/config/planning_static_obs_config.yaml
[4.869s] -- Up-to-date: /home/abc/planning_with_ros2/install/planning/share/planning/launch
[4.869s] -- Up-to-date: /home/abc/planning_with_ros2/install/planning/share/planning/urdf
[4.869s] -- Up-to-date: /home/abc/planning_with_ros2/install/planning/share/planning/urdf/main_car
[4.869s] -- Up-to-date: /home/abc/planning_with_ros2/install/planning/share/planning/urdf/obs_car
[4.869s] -- Up-to-date: /home/abc/planning_with_ros2/install/planning/share/planning/rviz
[4.869s] -- Up-to-date: /home/abc/planning_with_ros2/install/planning/share/ament_index/resource_index/package_run_dependencies/planning
[4.869s] -- Up-to-date: /home/abc/planning_with_ros2/install/planning/share/ament_index/resource_index/parent_prefix_path/planning
[4.869s] -- Up-to-date: /home/abc/planning_with_ros2/install/planning/share/planning/environment/ament_prefix_path.sh
[4.870s] -- Up-to-date: /home/abc/planning_with_ros2/install/planning/share/planning/environment/ament_prefix_path.dsv
[4.870s] -- Up-to-date: /home/abc/planning_with_ros2/install/planning/share/planning/environment/path.sh
[4.870s] -- Up-to-date: /home/abc/planning_with_ros2/install/planning/share/planning/environment/path.dsv
[4.870s] -- Up-to-date: /home/abc/planning_with_ros2/install/planning/share/planning/local_setup.bash
[4.870s] -- Up-to-date: /home/abc/planning_with_ros2/install/planning/share/planning/local_setup.sh
[4.870s] -- Up-to-date: /home/abc/planning_with_ros2/install/planning/share/planning/local_setup.zsh
[4.870s] -- Up-to-date: /home/abc/planning_with_ros2/install/planning/share/planning/local_setup.dsv
[4.870s] -- Installing: /home/abc/planning_with_ros2/install/planning/share/planning/package.dsv
[4.870s] -- Up-to-date: /home/abc/planning_with_ros2/install/planning/share/ament_index/resource_index/packages/planning
[4.870s] -- Up-to-date: /home/abc/planning_with_ros2/install/planning/share/planning/cmake/planningConfig.cmake
[4.870s] -- Up-to-date: /home/abc/planning_with_ros2/install/planning/share/planning/cmake/planningConfig-version.cmake
[4.870s] -- Up-to-date: /home/abc/planning_with_ros2/install/planning/share/planning/package.xml
[4.872s] Invoked command in '/home/abc/planning_with_ros2/build/planning' returned '0': CMAKE_PREFIX_PATH=/home/abc/planning_with_ros2/install/base_msgs:/home/abc/planning_with_ros2/install/planning:/home/abc/planning_with_ros2/install/data_plot:/opt/ros/humble /usr/local/bin/cmake --install /home/abc/planning_with_ros2/build/planning
