[0.323s] Invoking command in '/home/abc/planning_with_ros2/build/planning': CMAKE_PREFIX_PATH=/home/abc/planning_with_ros2/install/base_msgs:/home/abc/planning_with_ros2/install/planning:/home/abc/planning_with_ros2/install/data_plot:/opt/ros/humble LD_LIBRARY_PATH=/home/abc/planning_with_ros2/install/base_msgs/lib:/home/abc/planning_with_ros2/install/planning/lib:/home/abc/planning_with_ros2/install/planning/lib:/home/abc/planning_with_ros2/install/planning/lib:/usr/lib/x86_64-linux-gnu/gazebo-11/plugins:/opt/ros/humble/opt/rviz_ogre_vendor/lib:/opt/ros/humble/lib/x86_64-linux-gnu:/opt/ros/humble/lib /usr/local/bin/cmake --build /home/abc/planning_with_ros2/build/planning -- -j12 -l12
[0.363s] [  2%] [32mBuilding CXX object src/test/CMakeFiles/osqp_test.dir/osqp_test/osqp_test.cpp.o[0m
[0.364s] [  7%] Built target config_reader
[0.364s] [ 10%] [32mBuilding CXX object src/test/CMakeFiles/newton_test.dir/newton_test/newton_test.cpp.o[0m
[0.368s] [ 12%] [32mBuilding CXX object src/common/CMakeFiles/mathlibs.dir/math/polynomial_curve.cpp.o[0m
[0.380s] [ 17%] Built target global_planner
[0.382s] [ 25%] Built target pnc_map_creator
[0.397s] [ 30%] Built target global_path_server
[0.397s] [ 35%] Built target pnc_map_server
[4.832s] [ 38%] [32m[1mLinking CXX executable newton_test[0m
[4.981s] [ 38%] Built target newton_test
[5.342s] [ 41%] [32m[1mLinking CXX executable osqp_test[0m
[5.510s] [ 41%] Built target osqp_test
[10.164s] [ 43%] [32m[1mLinking CXX shared library libmathlibs.so[0m
[10.466s] [ 46%] Built target mathlibs
[10.487s] [ 48%] [32m[1mLinking CXX shared library libreference_line.so[0m
[10.494s] [ 51%] [32m[1mLinking CXX shared library libvehicle_info.so[0m
[10.746s] [ 56%] Built target vehicle_info
[10.764s] [ 64%] [32m[1mLinking CXX executable car_move_cmd[0m
[10.764s] [ 64%] [32m[1mLinking CXX executable obs_move_cmd[0m
[10.764s] [ 64%] [32mBuilding CXX object src/decision_center/CMakeFiles/decision_center.dir/decision_center.cpp.o[0m
[10.778s] [ 69%] Built target reference_line
[11.111s] [ 71%] Built target obs_move_cmd
[11.386s] [ 74%] Built target car_move_cmd
[14.459s] [ 76%] [32m[1mLinking CXX shared library libdecision_center.so[0m
[14.580s] [ 76%] Built target decision_center
[14.603s] [ 79%] [32mBuilding CXX object src/local_planner/CMakeFiles/local_planner.dir/local_path/local_path_planner.cpp.o[0m
[14.603s] [ 82%] [32mBuilding CXX object src/local_planner/CMakeFiles/local_planner.dir/local_speeds/local_speeds_planner.cpp.o[0m
[14.604s] [ 84%] [32mBuilding CXX object src/local_planner/CMakeFiles/local_planner.dir/local_speeds/local_speeds_smoother.cpp.o[0m
[19.106s] [ 87%] [32m[1mLinking CXX shared library liblocal_planner.so[0m
[19.327s] [ 92%] Built target local_planner
[19.359s] [ 94%] [32mBuilding CXX object src/planning_process/CMakeFiles/planning_process.dir/planning_process_main.cpp.o[0m
[19.360s] [ 97%] [32mBuilding CXX object src/planning_process/CMakeFiles/planning_process.dir/planning_process.cpp.o[0m
[33.270s] [100%] [32m[1mLinking CXX executable planning_process[0m
[34.087s] [100%] Built target planning_process
[34.091s] Invoked command in '/home/abc/planning_with_ros2/build/planning' returned '0': CMAKE_PREFIX_PATH=/home/abc/planning_with_ros2/install/base_msgs:/home/abc/planning_with_ros2/install/planning:/home/abc/planning_with_ros2/install/data_plot:/opt/ros/humble LD_LIBRARY_PATH=/home/abc/planning_with_ros2/install/base_msgs/lib:/home/abc/planning_with_ros2/install/planning/lib:/home/abc/planning_with_ros2/install/planning/lib:/home/abc/planning_with_ros2/install/planning/lib:/usr/lib/x86_64-linux-gnu/gazebo-11/plugins:/opt/ros/humble/opt/rviz_ogre_vendor/lib:/opt/ros/humble/lib/x86_64-linux-gnu:/opt/ros/humble/lib /usr/local/bin/cmake --build /home/abc/planning_with_ros2/build/planning -- -j12 -l12
[34.093s] Invoking command in '/home/abc/planning_with_ros2/build/planning': CMAKE_PREFIX_PATH=/home/abc/planning_with_ros2/install/base_msgs:/home/abc/planning_with_ros2/install/planning:/home/abc/planning_with_ros2/install/data_plot:/opt/ros/humble LD_LIBRARY_PATH=/home/abc/planning_with_ros2/install/base_msgs/lib:/home/abc/planning_with_ros2/install/planning/lib:/home/abc/planning_with_ros2/install/planning/lib:/home/abc/planning_with_ros2/install/planning/lib:/usr/lib/x86_64-linux-gnu/gazebo-11/plugins:/opt/ros/humble/opt/rviz_ogre_vendor/lib:/opt/ros/humble/lib/x86_64-linux-gnu:/opt/ros/humble/lib /usr/local/bin/cmake --install /home/abc/planning_with_ros2/build/planning
[34.095s] -- Install configuration: ""
[34.096s] -- Up-to-date: /home/abc/planning_with_ros2/install/planning/lib/libconfig_reader.so
[34.097s] -- Installing: /home/abc/planning_with_ros2/install/planning/lib/libmathlibs.so
[34.100s] -- Set non-toolchain portion of runtime path of "/home/abc/planning_with_ros2/install/planning/lib/libmathlibs.so" to ""
[34.101s] -- Installing: /home/abc/planning_with_ros2/install/planning/lib/libdecision_center.so
[34.101s] -- Set non-toolchain portion of runtime path of "/home/abc/planning_with_ros2/install/planning/lib/libdecision_center.so" to ""
[34.102s] -- Up-to-date: /home/abc/planning_with_ros2/install/planning/lib/libpnc_map_creator.so
[34.103s] -- Up-to-date: /home/abc/planning_with_ros2/install/planning/lib/planning/pnc_map_server
[34.104s] -- Up-to-date: /home/abc/planning_with_ros2/install/planning/lib/libglobal_planner.so
[34.105s] -- Up-to-date: /home/abc/planning_with_ros2/install/planning/lib/planning/global_path_server
[34.106s] -- Installing: /home/abc/planning_with_ros2/install/planning/lib/liblocal_planner.so
[34.107s] -- Set non-toolchain portion of runtime path of "/home/abc/planning_with_ros2/install/planning/lib/liblocal_planner.so" to ""
[34.108s] -- Installing: /home/abc/planning_with_ros2/install/planning/lib/libreference_line.so
[34.109s] -- Set non-toolchain portion of runtime path of "/home/abc/planning_with_ros2/install/planning/lib/libreference_line.so" to ""
[34.110s] -- Installing: /home/abc/planning_with_ros2/install/planning/lib/planning/osqp_test
[34.110s] -- Set non-toolchain portion of runtime path of "/home/abc/planning_with_ros2/install/planning/lib/planning/osqp_test" to ""
[34.111s] -- Installing: /home/abc/planning_with_ros2/install/planning/lib/planning/newton_test
[34.111s] -- Set non-toolchain portion of runtime path of "/home/abc/planning_with_ros2/install/planning/lib/planning/newton_test" to ""
[34.112s] -- Installing: /home/abc/planning_with_ros2/install/planning/lib/libvehicle_info.so
[34.113s] -- Set non-toolchain portion of runtime path of "/home/abc/planning_with_ros2/install/planning/lib/libvehicle_info.so" to ""
[34.114s] -- Installing: /home/abc/planning_with_ros2/install/planning/lib/planning/planning_process
[34.118s] -- Set non-toolchain portion of runtime path of "/home/abc/planning_with_ros2/install/planning/lib/planning/planning_process" to ""
[34.119s] -- Installing: /home/abc/planning_with_ros2/install/planning/lib/planning/car_move_cmd
[34.122s] -- Set non-toolchain portion of runtime path of "/home/abc/planning_with_ros2/install/planning/lib/planning/car_move_cmd" to ""
[34.123s] -- Installing: /home/abc/planning_with_ros2/install/planning/lib/planning/obs_move_cmd
[34.124s] -- Set non-toolchain portion of runtime path of "/home/abc/planning_with_ros2/install/planning/lib/planning/obs_move_cmd" to ""
[34.124s] -- Up-to-date: /home/abc/planning_with_ros2/install/planning/share/planning/config
[34.124s] -- Up-to-date: /home/abc/planning_with_ros2/install/planning/share/planning/config/planning_static_obs_config.yaml
[34.124s] -- Up-to-date: /home/abc/planning_with_ros2/install/planning/share/planning/config/planning_dynamic_obs_config.yaml
[34.124s] -- Up-to-date: /home/abc/planning_with_ros2/install/planning/share/planning/launch
[34.124s] -- Up-to-date: /home/abc/planning_with_ros2/install/planning/share/planning/launch/planning_launch.py
[34.124s] -- Up-to-date: /home/abc/planning_with_ros2/install/planning/share/planning/launch/move_cmd_launch.py
[34.124s] -- Up-to-date: /home/abc/planning_with_ros2/install/planning/share/planning/urdf
[34.125s] -- Up-to-date: /home/abc/planning_with_ros2/install/planning/share/planning/urdf/main_car
[34.125s] -- Up-to-date: /home/abc/planning_with_ros2/install/planning/share/planning/urdf/main_car/car_camera.xacro
[34.125s] -- Up-to-date: /home/abc/planning_with_ros2/install/planning/share/planning/urdf/main_car/car_base.xacro
[34.125s] -- Up-to-date: /home/abc/planning_with_ros2/install/planning/share/planning/urdf/main_car/car_radar.xacro
[34.125s] -- Up-to-date: /home/abc/planning_with_ros2/install/planning/share/planning/urdf/main_car/car.xacro
[34.125s] -- Up-to-date: /home/abc/planning_with_ros2/install/planning/share/planning/urdf/main_car/car_wheels.xacro
[34.125s] -- Up-to-date: /home/abc/planning_with_ros2/install/planning/share/planning/urdf/obs_car
[34.125s] -- Up-to-date: /home/abc/planning_with_ros2/install/planning/share/planning/urdf/obs_car/obs_car.xacro
[34.125s] -- Up-to-date: /home/abc/planning_with_ros2/install/planning/share/planning/rviz
[34.125s] -- Up-to-date: /home/abc/planning_with_ros2/install/planning/share/planning/rviz/planning.rviz
[34.125s] -- Up-to-date: /home/abc/planning_with_ros2/install/planning/share/ament_index/resource_index/package_run_dependencies/planning
[34.125s] -- Up-to-date: /home/abc/planning_with_ros2/install/planning/share/ament_index/resource_index/parent_prefix_path/planning
[34.126s] -- Up-to-date: /home/abc/planning_with_ros2/install/planning/share/planning/environment/ament_prefix_path.sh
[34.126s] -- Up-to-date: /home/abc/planning_with_ros2/install/planning/share/planning/environment/ament_prefix_path.dsv
[34.126s] -- Up-to-date: /home/abc/planning_with_ros2/install/planning/share/planning/environment/path.sh
[34.126s] -- Up-to-date: /home/abc/planning_with_ros2/install/planning/share/planning/environment/path.dsv
[34.126s] -- Up-to-date: /home/abc/planning_with_ros2/install/planning/share/planning/local_setup.bash
[34.126s] -- Up-to-date: /home/abc/planning_with_ros2/install/planning/share/planning/local_setup.sh
[34.126s] -- Up-to-date: /home/abc/planning_with_ros2/install/planning/share/planning/local_setup.zsh
[34.126s] -- Up-to-date: /home/abc/planning_with_ros2/install/planning/share/planning/local_setup.dsv
[34.127s] -- Installing: /home/abc/planning_with_ros2/install/planning/share/planning/package.dsv
[34.127s] -- Up-to-date: /home/abc/planning_with_ros2/install/planning/share/ament_index/resource_index/packages/planning
[34.127s] -- Up-to-date: /home/abc/planning_with_ros2/install/planning/share/planning/cmake/planningConfig.cmake
[34.127s] -- Up-to-date: /home/abc/planning_with_ros2/install/planning/share/planning/cmake/planningConfig-version.cmake
[34.127s] -- Up-to-date: /home/abc/planning_with_ros2/install/planning/share/planning/package.xml
[34.128s] Invoked command in '/home/abc/planning_with_ros2/build/planning' returned '0': CMAKE_PREFIX_PATH=/home/abc/planning_with_ros2/install/base_msgs:/home/abc/planning_with_ros2/install/planning:/home/abc/planning_with_ros2/install/data_plot:/opt/ros/humble LD_LIBRARY_PATH=/home/abc/planning_with_ros2/install/base_msgs/lib:/home/abc/planning_with_ros2/install/planning/lib:/home/abc/planning_with_ros2/install/planning/lib:/home/abc/planning_with_ros2/install/planning/lib:/usr/lib/x86_64-linux-gnu/gazebo-11/plugins:/opt/ros/humble/opt/rviz_ogre_vendor/lib:/opt/ros/humble/lib/x86_64-linux-gnu:/opt/ros/humble/lib /usr/local/bin/cmake --install /home/abc/planning_with_ros2/build/planning
