[1.089s] Invoking command in '/home/abc/planning_with_ros2/src/data_plot': CMAKE_PREFIX_PATH=/home/abc/planning_with_ros2/install/base_msgs:/home/abc/planning_with_ros2/install/planning LD_LIBRARY_PATH=/home/abc/planning_with_ros2/install/base_msgs/lib:/home/abc/planning_with_ros2/install/planning/lib:/home/abc/planning_with_ros2/install/planning/lib:/home/abc/planning_with_ros2/install/planning/lib:/usr/lib/x86_64-linux-gnu/gazebo-11/plugins:/opt/ros/humble/opt/rviz_ogre_vendor/lib:/opt/ros/humble/lib/x86_64-linux-gnu:/opt/ros/humble/lib PYTHONPATH=/home/abc/planning_with_ros2/build/data_plot/prefix_override:/usr/lib/python3/dist-packages/colcon_core/task/python/colcon_distutils_commands:/home/abc/planning_with_ros2/install/data_plot/lib/python3.10/site-packages:${PYTHONPATH} /usr/bin/python3 -W ignore:setup.py install is deprecated -W ignore:easy_install command is deprecated setup.py egg_info --egg-base ../../build/data_plot build --build-base /home/abc/planning_with_ros2/build/data_plot/build install --record /home/abc/planning_with_ros2/build/data_plot/install.log --single-version-externally-managed install_data
[1.409s] running egg_info
[1.410s] writing ../../build/data_plot/data_plot.egg-info/PKG-INFO
[1.410s] writing dependency_links to ../../build/data_plot/data_plot.egg-info/dependency_links.txt
[1.410s] writing entry points to ../../build/data_plot/data_plot.egg-info/entry_points.txt
[1.411s] writing requirements to ../../build/data_plot/data_plot.egg-info/requires.txt
[1.411s] writing top-level names to ../../build/data_plot/data_plot.egg-info/top_level.txt
[1.414s] reading manifest file '../../build/data_plot/data_plot.egg-info/SOURCES.txt'
[1.416s] writing manifest file '../../build/data_plot/data_plot.egg-info/SOURCES.txt'
[1.416s] running build
[1.416s] running build_py
[1.417s] running install
[1.417s] running install_lib
[1.420s] running install_data
[1.421s] running install_egg_info
[1.424s] removing '/home/abc/planning_with_ros2/install/data_plot/lib/python3.10/site-packages/data_plot-0.0.0-py3.10.egg-info' (and everything under it)
[1.425s] Copying ../../build/data_plot/data_plot.egg-info to /home/abc/planning_with_ros2/install/data_plot/lib/python3.10/site-packages/data_plot-0.0.0-py3.10.egg-info
[1.426s] running install_scripts
[1.472s] Installing data_plot script to /home/abc/planning_with_ros2/install/data_plot/lib/data_plot
[1.473s] writing list of installed files to '/home/abc/planning_with_ros2/build/data_plot/install.log'
[1.537s] Invoked command in '/home/abc/planning_with_ros2/src/data_plot' returned '0': CMAKE_PREFIX_PATH=/home/abc/planning_with_ros2/install/base_msgs:/home/abc/planning_with_ros2/install/planning LD_LIBRARY_PATH=/home/abc/planning_with_ros2/install/base_msgs/lib:/home/abc/planning_with_ros2/install/planning/lib:/home/abc/planning_with_ros2/install/planning/lib:/home/abc/planning_with_ros2/install/planning/lib:/usr/lib/x86_64-linux-gnu/gazebo-11/plugins:/opt/ros/humble/opt/rviz_ogre_vendor/lib:/opt/ros/humble/lib/x86_64-linux-gnu:/opt/ros/humble/lib PYTHONPATH=/home/abc/planning_with_ros2/build/data_plot/prefix_override:/usr/lib/python3/dist-packages/colcon_core/task/python/colcon_distutils_commands:/home/abc/planning_with_ros2/install/data_plot/lib/python3.10/site-packages:${PYTHONPATH} /usr/bin/python3 -W ignore:setup.py install is deprecated -W ignore:easy_install command is deprecated setup.py egg_info --egg-base ../../build/data_plot build --build-base /home/abc/planning_with_ros2/build/data_plot/build install --record /home/abc/planning_with_ros2/build/data_plot/install.log --single-version-externally-managed install_data
