[0.010s] Invoking command in '/home/abc/planning_with_ros2/build/base_msgs': CMAKE_PREFIX_PATH=${CMAKE_PREFIX_PATH}:/home/abc/planning_with_ros2/install/data_plot:/opt/ros/humble /usr/local/bin/cmake --build /home/abc/planning_with_ros2/build/base_msgs -- -j12 -l12
[0.030s] -- Found ament_cmake: 1.3.11 (/opt/ros/humble/share/ament_cmake/cmake)
[0.206s] -- Found rosidl_default_generators: 1.2.0 (/opt/ros/humble/share/rosidl_default_generators/cmake)
[0.209s] -- Using all available rosidl_typesupport_c: rosidl_typesupport_fastrtps_c;rosidl_typesupport_introspection_c
[0.213s] -- Found rosidl_adapter: 3.1.6 (/opt/ros/humble/share/rosidl_adapter/cmake)
[0.248s] -- Using all available rosidl_typesupport_cpp: rosidl_typesupport_fastrtps_cpp;rosidl_typesupport_introspection_cpp
[0.280s] -- Found visualization_msgs: 4.2.4 (/opt/ros/humble/share/visualization_msgs/cmake)
[0.389s] -- Found nav_msgs: 4.2.4 (/opt/ros/humble/share/nav_msgs/cmake)
[0.414s] -- Found ament_lint_auto: 0.12.11 (/opt/ros/humble/share/ament_lint_auto/cmake)
[0.480s] -- Added test 'cppcheck' to perform static code analysis on C / C++ code
[0.480s] -- Configured cppcheck include dirs: 
[0.480s] -- Configured cppcheck exclude dirs and/or files: 
[0.482s] -- Added test 'lint_cmake' to check CMake code style
[0.487s] -- Added test 'uncrustify' to check C / C++ code style
[0.487s] -- Configured uncrustify additional arguments: 
[0.487s] -- Added test 'xmllint' to check XML markup files
[0.488s] -- Configuring done (0.5s)
[0.492s] -- Generating done (0.0s)
[0.553s] -- Build files have been written to: /home/abc/planning_with_ros2/build/base_msgs
[0.581s] Invoked command in '/home/abc/planning_with_ros2/build/base_msgs' returned '0': CMAKE_PREFIX_PATH=${CMAKE_PREFIX_PATH}:/home/abc/planning_with_ros2/install/data_plot:/opt/ros/humble /usr/local/bin/cmake --build /home/abc/planning_with_ros2/build/base_msgs -- -j12 -l12
[0.584s] Invoking command in '/home/abc/planning_with_ros2/build/base_msgs': CMAKE_PREFIX_PATH=${CMAKE_PREFIX_PATH}:/home/abc/planning_with_ros2/install/data_plot:/opt/ros/humble /usr/local/bin/cmake --install /home/abc/planning_with_ros2/build/base_msgs
[0.586s] -- Install configuration: ""
[0.586s] -- Up-to-date: /home/abc/planning_with_ros2/install/base_msgs/share/ament_index/resource_index/package_run_dependencies/base_msgs
[0.586s] -- Up-to-date: /home/abc/planning_with_ros2/install/base_msgs/share/ament_index/resource_index/parent_prefix_path/base_msgs
[0.587s] -- Up-to-date: /home/abc/planning_with_ros2/install/base_msgs/share/base_msgs/environment/ament_prefix_path.sh
[0.587s] -- Installing: /home/abc/planning_with_ros2/install/base_msgs/share/base_msgs/environment/ament_prefix_path.dsv
[0.587s] -- Up-to-date: /home/abc/planning_with_ros2/install/base_msgs/share/base_msgs/environment/path.sh
[0.587s] -- Installing: /home/abc/planning_with_ros2/install/base_msgs/share/base_msgs/environment/path.dsv
[0.587s] -- Up-to-date: /home/abc/planning_with_ros2/install/base_msgs/share/base_msgs/local_setup.bash
[0.587s] -- Installing: /home/abc/planning_with_ros2/install/base_msgs/share/base_msgs/local_setup.sh
[0.587s] -- Up-to-date: /home/abc/planning_with_ros2/install/base_msgs/share/base_msgs/local_setup.zsh
[0.587s] -- Installing: /home/abc/planning_with_ros2/install/base_msgs/share/base_msgs/local_setup.dsv
[0.587s] -- Installing: /home/abc/planning_with_ros2/install/base_msgs/share/base_msgs/package.dsv
[0.587s] -- Up-to-date: /home/abc/planning_with_ros2/install/base_msgs/share/ament_index/resource_index/packages/base_msgs
[0.587s] -- Installing: /home/abc/planning_with_ros2/install/base_msgs/share/base_msgs/cmake/base_msgsConfig.cmake
[0.587s] -- Up-to-date: /home/abc/planning_with_ros2/install/base_msgs/share/base_msgs/cmake/base_msgsConfig-version.cmake
[0.587s] -- Up-to-date: /home/abc/planning_with_ros2/install/base_msgs/share/base_msgs/package.xml
[0.588s] Invoked command in '/home/abc/planning_with_ros2/build/base_msgs' returned '0': CMAKE_PREFIX_PATH=${CMAKE_PREFIX_PATH}:/home/abc/planning_with_ros2/install/data_plot:/opt/ros/humble /usr/local/bin/cmake --install /home/abc/planning_with_ros2/build/base_msgs
