[  5%] [32mBuilding CXX object src/common/CMakeFiles/config_reader.dir/config_reader/config_reader.cpp.o[0m
[  5%] [32m[1mLinking CXX shared library libglobal_planner.so[0m
[  8%] [32mBuilding CXX object src/common/CMakeFiles/mathlibs.dir/math/curve.cpp.o[0m
[ 11%] [32mBuilding CXX object src/common/CMakeFiles/mathlibs.dir/math/polynomial_curve.cpp.o[0m
[ 14%] [32mBuilding CXX object src/pnc_map_creator/CMakeFiles/pnc_map_creator.dir/pnc_map_straight/pnc_map_creator_straight.cpp.o[0m
[ 17%] [32mBuilding CXX object src/pnc_map_creator/CMakeFiles/pnc_map_creator.dir/pnc_map_sturn/pnc_map_creator_sturn.cpp.o[0m
[ 20%] Built target global_planner
[ 22%] [32m[1mLinking CXX shared library libmathlibs.so[0m
[ 25%] [32m[1mLinking CXX shared library libpnc_map_creator.so[0m
[ 25%] Built target pnc_map_creator
[ 25%] Built target mathlibs
[ 28%] [32m[1mLinking CXX shared library libconfig_reader.so[0m
[ 28%] Built target config_reader
[ 37%] [32m[1mLinking CXX shared library libvehicle_info.so[0m
[ 37%] [32mBuilding CXX object src/pnc_map_creator/CMakeFiles/pnc_map_server.dir/pnc_map_server.cpp.o[0m
[ 37%] [32m[1mLinking CXX executable global_path_server[0m
[ 40%] [32m[1mLinking CXX shared library libreference_line.so[0m
[ 45%] Built target vehicle_info
[ 51%] [32m[1mLinking CXX executable obs_move_cmd[0m
[ 51%] [32m[1mLinking CXX shared library libdecision_center.so[0m
[ 54%] [32m[1mLinking CXX executable car_move_cmd[0m
[ 60%] Built target reference_line
[ 62%] Built target obs_move_cmd
[ 65%] Built target decision_center
[ 68%] [32m[1mLinking CXX shared library liblocal_planner.so[0m
[ 71%] Built target car_move_cmd
[ 74%] Built target global_path_server
[ 88%] Built target local_planner
[ 91%] [32m[1mLinking CXX executable planning_process[0m
[ 97%] Built target planning_process
[100%] [32m[1mLinking CXX executable pnc_map_server[0m
/usr/bin/ld: libpnc_map_creator.so: undefined reference to `Planning::ConfigReader::ConfigReader()'
/usr/bin/ld: libpnc_map_creator.so: undefined reference to `Planning::ConfigReader::read_pnc_map_config()'
collect2: error: ld returned 1 exit status
gmake[2]: *** [src/pnc_map_creator/CMakeFiles/pnc_map_server.dir/build.make:205: src/pnc_map_creator/pnc_map_server] Error 1
gmake[1]: *** [CMakeFiles/Makefile2:499: src/pnc_map_creator/CMakeFiles/pnc_map_server.dir/all] Error 2
gmake: *** [Makefile:146: all] Error 2
