[0.310s] Invoking command in '/home/abc/planning_with_ros2/build/planning': CMAKE_PREFIX_PATH=/home/abc/planning_with_ros2/install/base_msgs:/home/abc/planning_with_ros2/install/planning:/home/abc/planning_with_ros2/install/data_plot:/opt/ros/humble LD_LIBRARY_PATH=/home/abc/planning_with_ros2/install/base_msgs/lib:/home/abc/planning_with_ros2/install/planning/lib:/home/abc/planning_with_ros2/install/planning/lib:/home/abc/planning_with_ros2/install/planning/lib:/usr/lib/x86_64-linux-gnu/gazebo-11/plugins:/opt/ros/humble/opt/rviz_ogre_vendor/lib:/opt/ros/humble/lib/x86_64-linux-gnu:/opt/ros/humble/lib /usr/local/bin/cmake --build /home/abc/planning_with_ros2/build/planning -- -j12 -l12
[0.347s] [  5%] [32mBuilding CXX object src/common/CMakeFiles/config_reader.dir/config_reader/config_reader.cpp.o[0m
[0.347s] [  5%] [32m[1mLinking CXX shared library libglobal_planner.so[0m
[0.347s] [  8%] [32mBuilding CXX object src/common/CMakeFiles/mathlibs.dir/math/curve.cpp.o[0m
[0.349s] [ 11%] [32mBuilding CXX object src/common/CMakeFiles/mathlibs.dir/math/polynomial_curve.cpp.o[0m
[0.350s] [ 14%] [32mBuilding CXX object src/pnc_map_creator/CMakeFiles/pnc_map_creator.dir/pnc_map_straight/pnc_map_creator_straight.cpp.o[0m
[0.351s] [ 17%] [32mBuilding CXX object src/pnc_map_creator/CMakeFiles/pnc_map_creator.dir/pnc_map_sturn/pnc_map_creator_sturn.cpp.o[0m
[0.478s] [ 20%] Built target global_planner
[4.902s] [ 22%] [32m[1mLinking CXX shared library libmathlibs.so[0m
[5.063s] [ 25%] [32m[1mLinking CXX shared library libpnc_map_creator.so[0m
[5.199s] [ 25%] Built target pnc_map_creator
[5.236s] [ 25%] Built target mathlibs
[5.438s] [ 28%] [32m[1mLinking CXX shared library libconfig_reader.so[0m
[5.556s] [ 28%] Built target config_reader
[5.572s] [ 37%] [32m[1mLinking CXX shared library libvehicle_info.so[0m
[5.572s] [ 37%] [32mBuilding CXX object src/pnc_map_creator/CMakeFiles/pnc_map_server.dir/pnc_map_server.cpp.o[0m
[5.572s] [ 37%] [32m[1mLinking CXX executable global_path_server[0m
[5.574s] [ 40%] [32m[1mLinking CXX shared library libreference_line.so[0m
[5.716s] [ 45%] Built target vehicle_info
[5.735s] [ 51%] [32m[1mLinking CXX executable obs_move_cmd[0m
[5.735s] [ 51%] [32m[1mLinking CXX shared library libdecision_center.so[0m
[5.737s] [ 54%] [32m[1mLinking CXX executable car_move_cmd[0m
[5.779s] [ 60%] Built target reference_line
[5.928s] [ 62%] Built target obs_move_cmd
[5.945s] [ 65%] Built target decision_center
[5.973s] [ 68%] [32m[1mLinking CXX shared library liblocal_planner.so[0m
[5.975s] [ 71%] Built target car_move_cmd
[6.009s] [ 74%] Built target global_path_server
[6.110s] [ 88%] Built target local_planner
[6.134s] [ 91%] [32m[1mLinking CXX executable planning_process[0m
[6.414s] [ 97%] Built target planning_process
[12.193s] [100%] [32m[1mLinking CXX executable pnc_map_server[0m
[12.404s] /usr/bin/ld: libpnc_map_creator.so: undefined reference to `Planning::ConfigReader::ConfigReader()'
[12.405s] /usr/bin/ld: libpnc_map_creator.so: undefined reference to `Planning::ConfigReader::read_pnc_map_config()'
[12.417s] collect2: error: ld returned 1 exit status
[12.418s] gmake[2]: *** [src/pnc_map_creator/CMakeFiles/pnc_map_server.dir/build.make:205: src/pnc_map_creator/pnc_map_server] Error 1
[12.418s] gmake[1]: *** [CMakeFiles/Makefile2:499: src/pnc_map_creator/CMakeFiles/pnc_map_server.dir/all] Error 2
[12.418s] gmake: *** [Makefile:146: all] Error 2
[12.419s] Invoked command in '/home/abc/planning_with_ros2/build/planning' returned '2': CMAKE_PREFIX_PATH=/home/abc/planning_with_ros2/install/base_msgs:/home/abc/planning_with_ros2/install/planning:/home/abc/planning_with_ros2/install/data_plot:/opt/ros/humble LD_LIBRARY_PATH=/home/abc/planning_with_ros2/install/base_msgs/lib:/home/abc/planning_with_ros2/install/planning/lib:/home/abc/planning_with_ros2/install/planning/lib:/home/abc/planning_with_ros2/install/planning/lib:/usr/lib/x86_64-linux-gnu/gazebo-11/plugins:/opt/ros/humble/opt/rviz_ogre_vendor/lib:/opt/ros/humble/lib/x86_64-linux-gnu:/opt/ros/humble/lib /usr/local/bin/cmake --build /home/abc/planning_with_ros2/build/planning -- -j12 -l12
