[  5%] Built target config_reader
[ 14%] Built target mathlibs
[ 20%] Built target global_planner
[ 28%] Built target pnc_map_creator
[ 37%] Built target vehicle_info
[ 42%] Built target global_path_server
[ 48%] Built target pnc_map_server
[ 51%] [32mBuilding CXX object src/reference_line/CMakeFiles/reference_line.dir/reference_line_creator.cpp.o[0m
[ 57%] Built target car_move_cmd
[ 62%] Built target obs_move_cmd
[ 68%] Built target decision_center
[ 85%] Built target local_planner
[01m[K/home/abc/planning_with_ros2/src/planning/src/reference_line/reference_line_creator.cpp:[m[K In member function ‘[01m[Kbase_msgs::msg::Referline Planning::ReferenceLineCreator::create_reference_line(const Path&, const PoseStamped&)[m[K’:
[01m[K/home/abc/planning_with_ros2/src/planning/src/reference_line/reference_line_creator.cpp:14:71:[m[K [01;35m[Kwarning: [m[Kunused parameter ‘[01m[Kglobal_path[m[K’ [[01;35m[K]8;;https://gcc.gnu.org/onlinedocs/gcc/Warning-Options.html#index-Wunused-parameter-Wunused-parameter]8;;[m[K]
   14 |     Referline ReferenceLineCreator::create_reference_line([01;35m[Kconst Path &global_path[m[K, const PoseStamped &target_point)
      |                                                           [01;35m[K~~~~~~~~~~~~^~~~~~~~~~~[m[K
[01m[K/home/abc/planning_with_ros2/src/planning/src/reference_line/reference_line_creator.cpp:14:103:[m[K [01;35m[Kwarning: [m[Kunused parameter ‘[01m[Ktarget_point[m[K’ [[01;35m[K]8;;https://gcc.gnu.org/onlinedocs/gcc/Warning-Options.html#index-Wunused-parameter-Wunused-parameter]8;;[m[K]
   14 |     Referline ReferenceLineCreator::create_reference_line(const Path &global_path, [01;35m[Kconst PoseStamped &target_point[m[K)
      |                                                                                    [01;35m[K~~~~~~~~~~~~~~~~~~~^~~~~~~~~~~~[m[K
[ 88%] [32m[1mLinking CXX shared library libreference_line.so[0m
[ 91%] Built target reference_line
[ 94%] [32m[1mLinking CXX executable planning_process[0m
[100%] Built target planning_process
-- Install configuration: ""
-- Up-to-date: /home/abc/planning_with_ros2/install/planning/lib/libconfig_reader.so
-- Up-to-date: /home/abc/planning_with_ros2/install/planning/lib/libmathlibs.so
-- Up-to-date: /home/abc/planning_with_ros2/install/planning/lib/libdecision_center.so
-- Up-to-date: /home/abc/planning_with_ros2/install/planning/lib/libpnc_map_creator.so
-- Up-to-date: /home/abc/planning_with_ros2/install/planning/lib/planning/pnc_map_server
-- Up-to-date: /home/abc/planning_with_ros2/install/planning/lib/libglobal_planner.so
-- Up-to-date: /home/abc/planning_with_ros2/install/planning/lib/planning/global_path_server
-- Up-to-date: /home/abc/planning_with_ros2/install/planning/lib/liblocal_planner.so
-- Installing: /home/abc/planning_with_ros2/install/planning/lib/libreference_line.so
-- Set non-toolchain portion of runtime path of "/home/abc/planning_with_ros2/install/planning/lib/libreference_line.so" to ""
-- Up-to-date: /home/abc/planning_with_ros2/install/planning/lib/libvehicle_info.so
-- Installing: /home/abc/planning_with_ros2/install/planning/lib/planning/planning_process
-- Set non-toolchain portion of runtime path of "/home/abc/planning_with_ros2/install/planning/lib/planning/planning_process" to ""
-- Up-to-date: /home/abc/planning_with_ros2/install/planning/lib/planning/car_move_cmd
-- Up-to-date: /home/abc/planning_with_ros2/install/planning/lib/planning/obs_move_cmd
-- Up-to-date: /home/abc/planning_with_ros2/install/planning/share/planning/config
-- Up-to-date: /home/abc/planning_with_ros2/install/planning/share/planning/config/planning_static_obs_config.yaml
-- Up-to-date: /home/abc/planning_with_ros2/install/planning/share/planning/launch
-- Up-to-date: /home/abc/planning_with_ros2/install/planning/share/planning/launch/planning_launch.py
-- Up-to-date: /home/abc/planning_with_ros2/install/planning/share/planning/urdf
-- Up-to-date: /home/abc/planning_with_ros2/install/planning/share/planning/urdf/main_car
-- Up-to-date: /home/abc/planning_with_ros2/install/planning/share/planning/urdf/main_car/car_camera.xacro
-- Up-to-date: /home/abc/planning_with_ros2/install/planning/share/planning/urdf/main_car/car_base.xacro
-- Up-to-date: /home/abc/planning_with_ros2/install/planning/share/planning/urdf/main_car/car_radar.xacro
-- Up-to-date: /home/abc/planning_with_ros2/install/planning/share/planning/urdf/main_car/car.xacro
-- Up-to-date: /home/abc/planning_with_ros2/install/planning/share/planning/urdf/main_car/car_wheels.xacro
-- Up-to-date: /home/abc/planning_with_ros2/install/planning/share/planning/urdf/obs_car
-- Up-to-date: /home/abc/planning_with_ros2/install/planning/share/planning/rviz
-- Up-to-date: /home/abc/planning_with_ros2/install/planning/share/planning/rviz/planning.rviz
-- Up-to-date: /home/abc/planning_with_ros2/install/planning/share/ament_index/resource_index/package_run_dependencies/planning
-- Up-to-date: /home/abc/planning_with_ros2/install/planning/share/ament_index/resource_index/parent_prefix_path/planning
-- Up-to-date: /home/abc/planning_with_ros2/install/planning/share/planning/environment/ament_prefix_path.sh
-- Up-to-date: /home/abc/planning_with_ros2/install/planning/share/planning/environment/ament_prefix_path.dsv
-- Up-to-date: /home/abc/planning_with_ros2/install/planning/share/planning/environment/path.sh
-- Up-to-date: /home/abc/planning_with_ros2/install/planning/share/planning/environment/path.dsv
-- Up-to-date: /home/abc/planning_with_ros2/install/planning/share/planning/local_setup.bash
-- Up-to-date: /home/abc/planning_with_ros2/install/planning/share/planning/local_setup.sh
-- Up-to-date: /home/abc/planning_with_ros2/install/planning/share/planning/local_setup.zsh
-- Up-to-date: /home/abc/planning_with_ros2/install/planning/share/planning/local_setup.dsv
-- Installing: /home/abc/planning_with_ros2/install/planning/share/planning/package.dsv
-- Up-to-date: /home/abc/planning_with_ros2/install/planning/share/ament_index/resource_index/packages/planning
-- Up-to-date: /home/abc/planning_with_ros2/install/planning/share/planning/cmake/planningConfig.cmake
-- Up-to-date: /home/abc/planning_with_ros2/install/planning/share/planning/cmake/planningConfig-version.cmake
-- Up-to-date: /home/abc/planning_with_ros2/install/planning/share/planning/package.xml
