[0.264s] Invoking command in '/home/abc/planning_with_ros2/build/planning': CMAKE_PREFIX_PATH=/home/abc/planning_with_ros2/install/base_msgs:/home/abc/planning_with_ros2/install/planning:/home/abc/planning_with_ros2/install/data_plot:/opt/ros/humble LD_LIBRARY_PATH=/home/abc/planning_with_ros2/install/base_msgs/lib:/home/abc/planning_with_ros2/install/planning/lib:/home/abc/planning_with_ros2/install/planning/lib:/home/abc/planning_with_ros2/install/planning/lib:/usr/lib/x86_64-linux-gnu/gazebo-11/plugins:/opt/ros/humble/opt/rviz_ogre_vendor/lib:/opt/ros/humble/lib/x86_64-linux-gnu:/opt/ros/humble/lib /usr/local/bin/cmake --build /home/abc/planning_with_ros2/build/planning -- -j12 -l12
[0.282s] -- Found ament_cmake: 1.3.11 (/opt/ros/humble/share/ament_cmake/cmake)
[0.467s] -- Found rclcpp: 16.0.11 (/opt/ros/humble/share/rclcpp/cmake)
[0.500s] -- Found rosidl_generator_c: 3.1.6 (/opt/ros/humble/share/rosidl_generator_c/cmake)
[0.503s] -- Found rosidl_adapter: 3.1.6 (/opt/ros/humble/share/rosidl_adapter/cmake)
[0.511s] -- Found rosidl_generator_cpp: 3.1.6 (/opt/ros/humble/share/rosidl_generator_cpp/cmake)
[0.524s] -- Using all available rosidl_typesupport_c: rosidl_typesupport_fastrtps_c;rosidl_typesupport_introspection_c
[0.541s] -- Using all available rosidl_typesupport_cpp: rosidl_typesupport_fastrtps_cpp;rosidl_typesupport_introspection_cpp
[0.585s] -- Found rmw_implementation_cmake: 6.1.2 (/opt/ros/humble/share/rmw_implementation_cmake/cmake)
[0.586s] -- Found rmw_fastrtps_cpp: 6.2.7 (/opt/ros/humble/share/rmw_fastrtps_cpp/cmake)
[0.690s] -- Using RMW implementation 'rmw_fastrtps_cpp' as default
[0.761s] -- Found tf2: 0.25.9 (/opt/ros/humble/share/tf2/cmake)
[0.785s] -- Found tf2_ros: 0.25.9 (/opt/ros/humble/share/tf2_ros/cmake)
[0.901s] -- Found nav_msgs: 4.2.4 (/opt/ros/humble/share/nav_msgs/cmake)
[0.925s] -- Found visualization_msgs: 4.2.4 (/opt/ros/humble/share/visualization_msgs/cmake)
[0.984s] -- Found base_msgs: 0.0.0 (/home/abc/planning_with_ros2/install/base_msgs/share/base_msgs/cmake)
[1.059s] -- Found ament_lint_auto: 0.12.11 (/opt/ros/humble/share/ament_lint_auto/cmake)
[1.126s] -- Added test 'cppcheck' to perform static code analysis on C / C++ code
[1.127s] -- Configured cppcheck include dirs: /home/abc/planning_with_ros2/src/planning/src/common/config_reader;/home/abc/planning_with_ros2/src/planning/src/common/math;/home/abc/planning_with_ros2/src/planning/src/decision_center;/home/abc/planning_with_ros2/src/planning/src/pnc_map_creator;/home/abc/planning_with_ros2/src/planning/src/pnc_map_creator/pnc_map_straight;/home/abc/planning_with_ros2/src/planning/src/pnc_map_creator/pnc_map_sturn;/home/abc/planning_with_ros2/src/planning/src/global_planner;/home/abc/planning_with_ros2/src/planning/src/global_planner/global_planner_normal;/home/abc/planning_with_ros2/src/planning/src/local_planner;/home/abc/planning_with_ros2/src/planning/src/local_planner/local_path;/home/abc/planning_with_ros2/src/planning/src/local_planner/local_speeds;/home/abc/planning_with_ros2/src/planning/src/reference_line;/home/abc/planning_with_ros2/src/planning/src/vehicle_info;/home/abc/planning_with_ros2/src/planning/src/vehicle_info/main_car;/home/abc/planning_with_ros2/src/planning/src/vehicle_info/obs_car;/home/abc/planning_with_ros2/src/planning/src/planning_process;/home/abc/planning_with_ros2/src/planning/src/move_cmd
[1.127s] -- Configured cppcheck exclude dirs and/or files: 
[1.128s] -- Added test 'flake8' to check Python code syntax and style conventions
[1.129s] -- Added test 'lint_cmake' to check CMake code style
[1.129s] -- Added test 'pep257' to check Python code against some of the docstring style conventions in PEP 257
[1.132s] -- Added test 'uncrustify' to check C / C++ code style
[1.132s] -- Configured uncrustify additional arguments: 
[1.133s] -- Added test 'xmllint' to check XML markup files
[1.134s] -- Configuring done (0.9s)
[1.227s] -- Generating done (0.1s)
[1.251s] -- Build files have been written to: /home/abc/planning_with_ros2/build/planning
[1.278s] [  5%] Built target config_reader
[1.282s] [ 14%] Built target mathlibs
[1.292s] [ 17%] [32m[1mLinking CXX shared library libglobal_planner.so[0m
[1.295s] [ 25%] Built target pnc_map_creator
[1.298s] [ 34%] Built target vehicle_info
[1.303s] [ 42%] Built target reference_line
[1.309s] [ 48%] Built target pnc_map_server
[1.312s] [ 54%] Built target decision_center
[1.315s] [ 62%] Built target car_move_cmd
[1.316s] [ 65%] Built target obs_move_cmd
[1.340s] [ 82%] Built target local_planner
[1.362s] [ 91%] Built target planning_process
[1.383s] [ 94%] Built target global_planner
[1.397s] [ 97%] [32m[1mLinking CXX executable global_path_server[0m
[1.612s] [100%] Built target global_path_server
[1.615s] Invoked command in '/home/abc/planning_with_ros2/build/planning' returned '0': CMAKE_PREFIX_PATH=/home/abc/planning_with_ros2/install/base_msgs:/home/abc/planning_with_ros2/install/planning:/home/abc/planning_with_ros2/install/data_plot:/opt/ros/humble LD_LIBRARY_PATH=/home/abc/planning_with_ros2/install/base_msgs/lib:/home/abc/planning_with_ros2/install/planning/lib:/home/abc/planning_with_ros2/install/planning/lib:/home/abc/planning_with_ros2/install/planning/lib:/usr/lib/x86_64-linux-gnu/gazebo-11/plugins:/opt/ros/humble/opt/rviz_ogre_vendor/lib:/opt/ros/humble/lib/x86_64-linux-gnu:/opt/ros/humble/lib /usr/local/bin/cmake --build /home/abc/planning_with_ros2/build/planning -- -j12 -l12
[1.616s] Invoking command in '/home/abc/planning_with_ros2/build/planning': CMAKE_PREFIX_PATH=/home/abc/planning_with_ros2/install/base_msgs:/home/abc/planning_with_ros2/install/planning:/home/abc/planning_with_ros2/install/data_plot:/opt/ros/humble LD_LIBRARY_PATH=/home/abc/planning_with_ros2/install/base_msgs/lib:/home/abc/planning_with_ros2/install/planning/lib:/home/abc/planning_with_ros2/install/planning/lib:/home/abc/planning_with_ros2/install/planning/lib:/usr/lib/x86_64-linux-gnu/gazebo-11/plugins:/opt/ros/humble/opt/rviz_ogre_vendor/lib:/opt/ros/humble/lib/x86_64-linux-gnu:/opt/ros/humble/lib /usr/local/bin/cmake --install /home/abc/planning_with_ros2/build/planning
[1.618s] -- Install configuration: ""
[1.618s] -- Up-to-date: /home/abc/planning_with_ros2/install/planning/lib/libconfig_reader.so
[1.618s] -- Up-to-date: /home/abc/planning_with_ros2/install/planning/lib/libmathlibs.so
[1.619s] -- Up-to-date: /home/abc/planning_with_ros2/install/planning/lib/libdecision_center.so
[1.619s] -- Up-to-date: /home/abc/planning_with_ros2/install/planning/lib/libpnc_map_creator.so
[1.619s] -- Up-to-date: /home/abc/planning_with_ros2/install/planning/lib/planning/pnc_map_server
[1.620s] -- Installing: /home/abc/planning_with_ros2/install/planning/lib/libglobal_planner.so
[1.620s] -- Set non-toolchain portion of runtime path of "/home/abc/planning_with_ros2/install/planning/lib/libglobal_planner.so" to ""
[1.620s] -- Installing: /home/abc/planning_with_ros2/install/planning/lib/planning/global_path_server
[1.622s] -- Set non-toolchain portion of runtime path of "/home/abc/planning_with_ros2/install/planning/lib/planning/global_path_server" to ""
[1.622s] -- Up-to-date: /home/abc/planning_with_ros2/install/planning/lib/liblocal_planner.so
[1.622s] -- Up-to-date: /home/abc/planning_with_ros2/install/planning/lib/libreference_line.so
[1.623s] -- Up-to-date: /home/abc/planning_with_ros2/install/planning/lib/libvehicle_info.so
[1.623s] -- Up-to-date: /home/abc/planning_with_ros2/install/planning/lib/planning/planning_process
[1.623s] -- Up-to-date: /home/abc/planning_with_ros2/install/planning/lib/planning/car_move_cmd
[1.624s] -- Up-to-date: /home/abc/planning_with_ros2/install/planning/lib/planning/obs_move_cmd
[1.624s] -- Up-to-date: /home/abc/planning_with_ros2/install/planning/share/planning/config
[1.624s] -- Up-to-date: /home/abc/planning_with_ros2/install/planning/share/planning/config/planning_static_obs_config.yaml
[1.624s] -- Up-to-date: /home/abc/planning_with_ros2/install/planning/share/planning/launch
[1.624s] -- Up-to-date: /home/abc/planning_with_ros2/install/planning/share/planning/launch/planning_launch.py
[1.624s] -- Up-to-date: /home/abc/planning_with_ros2/install/planning/share/planning/urdf
[1.624s] -- Up-to-date: /home/abc/planning_with_ros2/install/planning/share/planning/urdf/main_car
[1.624s] -- Up-to-date: /home/abc/planning_with_ros2/install/planning/share/planning/urdf/main_car/car_camera.xacro
[1.624s] -- Up-to-date: /home/abc/planning_with_ros2/install/planning/share/planning/urdf/main_car/car_base.xacro
[1.624s] -- Up-to-date: /home/abc/planning_with_ros2/install/planning/share/planning/urdf/main_car/car_radar.xacro
[1.625s] -- Up-to-date: /home/abc/planning_with_ros2/install/planning/share/planning/urdf/main_car/car.xacro
[1.625s] -- Up-to-date: /home/abc/planning_with_ros2/install/planning/share/planning/urdf/main_car/car_wheels.xacro
[1.625s] -- Up-to-date: /home/abc/planning_with_ros2/install/planning/share/planning/urdf/obs_car
[1.625s] -- Up-to-date: /home/abc/planning_with_ros2/install/planning/share/planning/rviz
[1.625s] -- Up-to-date: /home/abc/planning_with_ros2/install/planning/share/planning/rviz/planning.rviz
[1.625s] -- Up-to-date: /home/abc/planning_with_ros2/install/planning/share/ament_index/resource_index/package_run_dependencies/planning
[1.625s] -- Up-to-date: /home/abc/planning_with_ros2/install/planning/share/ament_index/resource_index/parent_prefix_path/planning
[1.625s] -- Up-to-date: /home/abc/planning_with_ros2/install/planning/share/planning/environment/ament_prefix_path.sh
[1.625s] -- Installing: /home/abc/planning_with_ros2/install/planning/share/planning/environment/ament_prefix_path.dsv
[1.625s] -- Up-to-date: /home/abc/planning_with_ros2/install/planning/share/planning/environment/path.sh
[1.625s] -- Installing: /home/abc/planning_with_ros2/install/planning/share/planning/environment/path.dsv
[1.625s] -- Up-to-date: /home/abc/planning_with_ros2/install/planning/share/planning/local_setup.bash
[1.625s] -- Up-to-date: /home/abc/planning_with_ros2/install/planning/share/planning/local_setup.sh
[1.625s] -- Up-to-date: /home/abc/planning_with_ros2/install/planning/share/planning/local_setup.zsh
[1.625s] -- Installing: /home/abc/planning_with_ros2/install/planning/share/planning/local_setup.dsv
[1.625s] -- Installing: /home/abc/planning_with_ros2/install/planning/share/planning/package.dsv
[1.626s] -- Up-to-date: /home/abc/planning_with_ros2/install/planning/share/ament_index/resource_index/packages/planning
[1.626s] -- Up-to-date: /home/abc/planning_with_ros2/install/planning/share/planning/cmake/planningConfig.cmake
[1.626s] -- Up-to-date: /home/abc/planning_with_ros2/install/planning/share/planning/cmake/planningConfig-version.cmake
[1.626s] -- Up-to-date: /home/abc/planning_with_ros2/install/planning/share/planning/package.xml
[1.627s] Invoked command in '/home/abc/planning_with_ros2/build/planning' returned '0': CMAKE_PREFIX_PATH=/home/abc/planning_with_ros2/install/base_msgs:/home/abc/planning_with_ros2/install/planning:/home/abc/planning_with_ros2/install/data_plot:/opt/ros/humble LD_LIBRARY_PATH=/home/abc/planning_with_ros2/install/base_msgs/lib:/home/abc/planning_with_ros2/install/planning/lib:/home/abc/planning_with_ros2/install/planning/lib:/home/abc/planning_with_ros2/install/planning/lib:/usr/lib/x86_64-linux-gnu/gazebo-11/plugins:/opt/ros/humble/opt/rviz_ogre_vendor/lib:/opt/ros/humble/lib/x86_64-linux-gnu:/opt/ros/humble/lib /usr/local/bin/cmake --install /home/abc/planning_with_ros2/build/planning
