[0.255s] Invoking command in '/home/abc/planning_with_ros2/build/planning': CMAKE_PREFIX_PATH=/home/abc/planning_with_ros2/install/base_msgs:/home/abc/planning_with_ros2/install/planning:/home/abc/planning_with_ros2/install/data_plot:/opt/ros/humble LD_LIBRARY_PATH=/home/abc/planning_with_ros2/install/base_msgs/lib:/home/abc/planning_with_ros2/install/planning/lib:/home/abc/planning_with_ros2/install/planning/lib:/home/abc/planning_with_ros2/install/planning/lib:/usr/lib/x86_64-linux-gnu/gazebo-11/plugins:/opt/ros/humble/opt/rviz_ogre_vendor/lib:/opt/ros/humble/lib/x86_64-linux-gnu:/opt/ros/humble/lib /usr/local/bin/cmake --build /home/abc/planning_with_ros2/build/planning -- -j12 -l12
[0.276s] -- Found ament_cmake: 1.3.12 (/opt/ros/humble/share/ament_cmake/cmake)
[0.468s] -- Found rclcpp: 16.0.15 (/opt/ros/humble/share/rclcpp/cmake)
[0.502s] -- Found rosidl_generator_c: 3.1.7 (/opt/ros/humble/share/rosidl_generator_c/cmake)
[0.505s] -- Found rosidl_adapter: 3.1.7 (/opt/ros/humble/share/rosidl_adapter/cmake)
[0.514s] -- Found rosidl_generator_cpp: 3.1.7 (/opt/ros/humble/share/rosidl_generator_cpp/cmake)
[0.528s] -- Using all available rosidl_typesupport_c: rosidl_typesupport_fastrtps_c;rosidl_typesupport_introspection_c
[0.545s] -- Using all available rosidl_typesupport_cpp: rosidl_typesupport_fastrtps_cpp;rosidl_typesupport_introspection_cpp
[0.590s] -- Found rmw_implementation_cmake: 6.1.2 (/opt/ros/humble/share/rmw_implementation_cmake/cmake)
[0.591s] -- Found rmw_fastrtps_cpp: 6.2.8 (/opt/ros/humble/share/rmw_fastrtps_cpp/cmake)
[0.697s] -- Using RMW implementation 'rmw_fastrtps_cpp' as default
[0.769s] -- Found tf2: 0.25.16 (/opt/ros/humble/share/tf2/cmake)
[0.794s] -- Found tf2_ros: 0.25.16 (/opt/ros/humble/share/tf2_ros/cmake)
[0.929s] -- Found nav_msgs: 4.9.0 (/opt/ros/humble/share/nav_msgs/cmake)
[0.955s] -- Found visualization_msgs: 4.9.0 (/opt/ros/humble/share/visualization_msgs/cmake)
[1.014s] -- Found base_msgs: 0.0.0 (/home/abc/planning_with_ros2/install/base_msgs/share/base_msgs/cmake)
[1.098s] -- Found ament_lint_auto: 0.12.14 (/opt/ros/humble/share/ament_lint_auto/cmake)
[1.168s] -- Added test 'cppcheck' to perform static code analysis on C / C++ code
[1.169s] -- Configured cppcheck include dirs: /home/abc/planning_with_ros2/src/planning/src/common/config_reader;/home/abc/planning_with_ros2/src/planning/src/common/math;/home/abc/planning_with_ros2/src/planning/src/decision_center;/home/abc/planning_with_ros2/src/planning/src/pnc_map_creator;/home/abc/planning_with_ros2/src/planning/src/pnc_map_creator/pnc_map_straight;/home/abc/planning_with_ros2/src/planning/src/pnc_map_creator/pnc_map_sturn;/home/abc/planning_with_ros2/src/planning/src/global_planner;/home/abc/planning_with_ros2/src/planning/src/global_planner/global_planner_normal;/home/abc/planning_with_ros2/src/planning/src/local_planner;/home/abc/planning_with_ros2/src/planning/src/local_planner/local_path;/home/abc/planning_with_ros2/src/planning/src/local_planner/local_speeds;/home/abc/planning_with_ros2/src/planning/src/reference_line;/home/abc/planning_with_ros2/src/planning/src/test/osqp_test;/home/abc/planning_with_ros2/src/planning/src/vehicle_info;/home/abc/planning_with_ros2/src/planning/src/vehicle_info/main_car;/home/abc/planning_with_ros2/src/planning/src/vehicle_info/obs_car;/home/abc/planning_with_ros2/src/planning/src/planning_process;/home/abc/planning_with_ros2/src/planning/src/move_cmd
[1.169s] -- Configured cppcheck exclude dirs and/or files: 
[1.170s] -- Added test 'flake8' to check Python code syntax and style conventions
[1.171s] -- Added test 'lint_cmake' to check CMake code style
[1.172s] -- Added test 'pep257' to check Python code against some of the docstring style conventions in PEP 257
[1.176s] -- Added test 'uncrustify' to check C / C++ code style
[1.176s] -- Configured uncrustify additional arguments: 
[1.176s] -- Added test 'xmllint' to check XML markup files
[1.178s] -- Configuring done (0.9s)
[1.301s] -- Generating done (0.1s)
[1.328s] -- Build files have been written to: /home/abc/planning_with_ros2/build/planning
[1.355s] [  2%] [32mBuilding CXX object src/common/CMakeFiles/config_reader.dir/config_reader/config_reader.cpp.o[0m
[1.357s] [  7%] Built target osqp_test
[1.357s] [ 12%] Built target newton_test
[1.364s] [ 15%] [32mBuilding CXX object src/common/CMakeFiles/mathlibs.dir/math/curve.cpp.o[0m
[4.237s] [ 17%] [32m[1mLinking CXX shared library libmathlibs.so[0m
[4.968s] [ 20%] [32m[1mLinking CXX shared library libconfig_reader.so[0m
[5.059s] [ 20%] Built target config_reader
[5.092s] [ 23%] [32mBuilding CXX object src/global_planner/CMakeFiles/global_planner.dir/global_planner_normal/global_planner_normal.cpp.o[0m
[5.128s] [ 25%] [32mBuilding CXX object src/pnc_map_creator/CMakeFiles/pnc_map_creator.dir/pnc_map_straight/pnc_map_creator_straight.cpp.o[0m
[5.128s] [ 28%] [32mBuilding CXX object src/pnc_map_creator/CMakeFiles/pnc_map_creator.dir/pnc_map_sturn/pnc_map_creator_sturn.cpp.o[0m
[5.178s] [ 30%] Built target mathlibs
[5.250s] [ 33%] [32mBuilding CXX object src/vehicle_info/CMakeFiles/vehicle_info.dir/main_car/main_car_info.cpp.o[0m
[5.250s] [ 35%] [32mBuilding CXX object src/vehicle_info/CMakeFiles/vehicle_info.dir/obs_car/obs_car_info.cpp.o[0m
[5.274s] [ 38%] [32mBuilding CXX object src/reference_line/CMakeFiles/reference_line.dir/reference_line_creator.cpp.o[0m
[5.275s] [ 41%] [32mBuilding CXX object src/reference_line/CMakeFiles/reference_line.dir/reference_line_smoother.cpp.o[0m
[8.627s] [ 43%] [32m[1mLinking CXX shared library libglobal_planner.so[0m
[8.801s] [ 43%] Built target global_planner
[8.826s] [ 46%] [32mBuilding CXX object src/global_planner/CMakeFiles/global_path_server.dir/global_path_server.cpp.o[0m
[10.006s] [ 48%] [32m[1mLinking CXX shared library libvehicle_info.so[0m
[10.193s] [ 51%] [32m[1mLinking CXX shared library libpnc_map_creator.so[0m
[10.193s] [ 51%] Built target vehicle_info
[10.211s] [ 53%] [32mBuilding CXX object src/move_cmd/CMakeFiles/obs_move_cmd.dir/obs_move_cmd.cpp.o[0m
[10.212s] [ 56%] [32mBuilding CXX object src/move_cmd/CMakeFiles/car_move_cmd.dir/car_move_cmd.cpp.o[0m
[10.215s] [ 58%] [32mBuilding CXX object src/decision_center/CMakeFiles/decision_center.dir/decision_center.cpp.o[0m
[10.389s] [ 58%] Built target pnc_map_creator
[10.412s] [ 61%] [32mBuilding CXX object src/pnc_map_creator/CMakeFiles/pnc_map_server.dir/pnc_map_server.cpp.o[0m
[12.257s] [ 64%] [32m[1mLinking CXX shared library libreference_line.so[0m
[12.480s] [ 64%] Built target reference_line
[14.470s] [ 66%] [32m[1mLinking CXX shared library libdecision_center.so[0m
[14.601s] [ 66%] Built target decision_center
[14.641s] [ 69%] [32mBuilding CXX object src/local_planner/CMakeFiles/local_planner.dir/local_trajectory_combiner.cpp.o[0m
[14.642s] [ 71%] [32mBuilding CXX object src/local_planner/CMakeFiles/local_planner.dir/local_path/local_path_planner.cpp.o[0m
[14.643s] [ 74%] [32mBuilding CXX object src/local_planner/CMakeFiles/local_planner.dir/local_path/local_path_smoother.cpp.o[0m
[14.644s] [ 76%] [32mBuilding CXX object src/local_planner/CMakeFiles/local_planner.dir/local_speeds/local_speeds_planner.cpp.o[0m
[15.683s] [ 79%] [32m[1mLinking CXX executable obs_move_cmd[0m
[15.958s] [ 79%] Built target obs_move_cmd
[16.246s] [ 82%] [32m[1mLinking CXX executable global_path_server[0m
[16.659s] [ 82%] Built target global_path_server
[17.962s] [01m[K/home/abc/planning_with_ros2/src/planning/src/local_planner/local_trajectory_combiner.cpp:[m[K In member function ‘[01m[Kbase_msgs::msg::LocalTrajectory Planning::LocalTrajectoryCombiner::combin_trajectory(const LocalPath&, const LocalSpeeds&)[m[K’:
[17.962s] [01m[K/home/abc/planning_with_ros2/src/planning/src/local_planner/local_trajectory_combiner.cpp:15:19:[m[K [01;35m[Kwarning: [m[Kunused variable ‘[01m[Kspeeds_size[m[K’ [[01;35m[K]8;;https://gcc.gnu.org/onlinedocs/gcc/Warning-Options.html#index-Wunused-variable-Wunused-variable]8;;[m[K]
[17.962s]    15 |         const int [01;35m[Kspeeds_size[m[K = speeds.local_speeds.size();
[17.962s]       |                   [01;35m[K^~~~~~~~~~~[m[K
[18.166s] [ 84%] [32m[1mLinking CXX executable pnc_map_server[0m
[18.443s] [ 84%] Built target pnc_map_server
[20.272s] [ 87%] [32m[1mLinking CXX shared library liblocal_planner.so[0m
[20.750s] [ 89%] Built target local_planner
[21.071s] [ 92%] [32mBuilding CXX object src/planning_process/CMakeFiles/planning_process.dir/planning_process_main.cpp.o[0m
[21.072s] [ 94%] [32mBuilding CXX object src/planning_process/CMakeFiles/planning_process.dir/planning_process.cpp.o[0m
[21.571s] [ 97%] [32m[1mLinking CXX executable car_move_cmd[0m
[22.102s] [ 97%] Built target car_move_cmd
[34.205s] [100%] [32m[1mLinking CXX executable planning_process[0m
[34.819s] [100%] Built target planning_process
[34.823s] Invoked command in '/home/abc/planning_with_ros2/build/planning' returned '0': CMAKE_PREFIX_PATH=/home/abc/planning_with_ros2/install/base_msgs:/home/abc/planning_with_ros2/install/planning:/home/abc/planning_with_ros2/install/data_plot:/opt/ros/humble LD_LIBRARY_PATH=/home/abc/planning_with_ros2/install/base_msgs/lib:/home/abc/planning_with_ros2/install/planning/lib:/home/abc/planning_with_ros2/install/planning/lib:/home/abc/planning_with_ros2/install/planning/lib:/usr/lib/x86_64-linux-gnu/gazebo-11/plugins:/opt/ros/humble/opt/rviz_ogre_vendor/lib:/opt/ros/humble/lib/x86_64-linux-gnu:/opt/ros/humble/lib /usr/local/bin/cmake --build /home/abc/planning_with_ros2/build/planning -- -j12 -l12
[34.825s] Invoking command in '/home/abc/planning_with_ros2/build/planning': CMAKE_PREFIX_PATH=/home/abc/planning_with_ros2/install/base_msgs:/home/abc/planning_with_ros2/install/planning:/home/abc/planning_with_ros2/install/data_plot:/opt/ros/humble LD_LIBRARY_PATH=/home/abc/planning_with_ros2/install/base_msgs/lib:/home/abc/planning_with_ros2/install/planning/lib:/home/abc/planning_with_ros2/install/planning/lib:/home/abc/planning_with_ros2/install/planning/lib:/usr/lib/x86_64-linux-gnu/gazebo-11/plugins:/opt/ros/humble/opt/rviz_ogre_vendor/lib:/opt/ros/humble/lib/x86_64-linux-gnu:/opt/ros/humble/lib /usr/local/bin/cmake --install /home/abc/planning_with_ros2/build/planning
[34.827s] -- Install configuration: ""
[34.827s] -- Installing: /home/abc/planning_with_ros2/install/planning/lib/libconfig_reader.so
[34.828s] -- Set non-toolchain portion of runtime path of "/home/abc/planning_with_ros2/install/planning/lib/libconfig_reader.so" to ""
[34.828s] -- Installing: /home/abc/planning_with_ros2/install/planning/lib/libmathlibs.so
[34.831s] -- Set non-toolchain portion of runtime path of "/home/abc/planning_with_ros2/install/planning/lib/libmathlibs.so" to ""
[34.831s] -- Installing: /home/abc/planning_with_ros2/install/planning/lib/libdecision_center.so
[34.832s] -- Set non-toolchain portion of runtime path of "/home/abc/planning_with_ros2/install/planning/lib/libdecision_center.so" to ""
[34.832s] -- Installing: /home/abc/planning_with_ros2/install/planning/lib/libpnc_map_creator.so
[34.832s] -- Set non-toolchain portion of runtime path of "/home/abc/planning_with_ros2/install/planning/lib/libpnc_map_creator.so" to ""
[34.833s] -- Installing: /home/abc/planning_with_ros2/install/planning/lib/planning/pnc_map_server
[34.834s] -- Set non-toolchain portion of runtime path of "/home/abc/planning_with_ros2/install/planning/lib/planning/pnc_map_server" to ""
[34.834s] -- Installing: /home/abc/planning_with_ros2/install/planning/lib/libglobal_planner.so
[34.835s] -- Set non-toolchain portion of runtime path of "/home/abc/planning_with_ros2/install/planning/lib/libglobal_planner.so" to ""
[34.835s] -- Installing: /home/abc/planning_with_ros2/install/planning/lib/planning/global_path_server
[34.837s] -- Set non-toolchain portion of runtime path of "/home/abc/planning_with_ros2/install/planning/lib/planning/global_path_server" to ""
[34.837s] -- Installing: /home/abc/planning_with_ros2/install/planning/lib/liblocal_planner.so
[34.838s] -- Set non-toolchain portion of runtime path of "/home/abc/planning_with_ros2/install/planning/lib/liblocal_planner.so" to ""
[34.838s] -- Installing: /home/abc/planning_with_ros2/install/planning/lib/libreference_line.so
[34.839s] -- Set non-toolchain portion of runtime path of "/home/abc/planning_with_ros2/install/planning/lib/libreference_line.so" to ""
[34.840s] -- Up-to-date: /home/abc/planning_with_ros2/install/planning/lib/planning/osqp_test
[34.840s] -- Up-to-date: /home/abc/planning_with_ros2/install/planning/lib/planning/newton_test
[34.841s] -- Installing: /home/abc/planning_with_ros2/install/planning/lib/libvehicle_info.so
[34.841s] -- Set non-toolchain portion of runtime path of "/home/abc/planning_with_ros2/install/planning/lib/libvehicle_info.so" to ""
[34.842s] -- Installing: /home/abc/planning_with_ros2/install/planning/lib/planning/planning_process
[34.846s] -- Set non-toolchain portion of runtime path of "/home/abc/planning_with_ros2/install/planning/lib/planning/planning_process" to ""
[34.846s] -- Installing: /home/abc/planning_with_ros2/install/planning/lib/planning/car_move_cmd
[34.849s] -- Set non-toolchain portion of runtime path of "/home/abc/planning_with_ros2/install/planning/lib/planning/car_move_cmd" to ""
[34.850s] -- Installing: /home/abc/planning_with_ros2/install/planning/lib/planning/obs_move_cmd
[34.850s] -- Set non-toolchain portion of runtime path of "/home/abc/planning_with_ros2/install/planning/lib/planning/obs_move_cmd" to ""
[34.851s] -- Up-to-date: /home/abc/planning_with_ros2/install/planning/share/planning/config
[34.851s] -- Up-to-date: /home/abc/planning_with_ros2/install/planning/share/planning/config/planning_static_obs_config.yaml
[34.851s] -- Installing: /home/abc/planning_with_ros2/install/planning/share/planning/config/planning_dynamic_obs_config.yaml
[34.851s] -- Up-to-date: /home/abc/planning_with_ros2/install/planning/share/planning/launch
[34.851s] -- Up-to-date: /home/abc/planning_with_ros2/install/planning/share/planning/launch/planning_launch.py
[34.851s] -- Up-to-date: /home/abc/planning_with_ros2/install/planning/share/planning/launch/move_cmd_launch.py
[34.851s] -- Up-to-date: /home/abc/planning_with_ros2/install/planning/share/planning/urdf
[34.851s] -- Up-to-date: /home/abc/planning_with_ros2/install/planning/share/planning/urdf/main_car
[34.851s] -- Up-to-date: /home/abc/planning_with_ros2/install/planning/share/planning/urdf/main_car/car_camera.xacro
[34.851s] -- Up-to-date: /home/abc/planning_with_ros2/install/planning/share/planning/urdf/main_car/car_base.xacro
[34.851s] -- Up-to-date: /home/abc/planning_with_ros2/install/planning/share/planning/urdf/main_car/car_radar.xacro
[34.851s] -- Up-to-date: /home/abc/planning_with_ros2/install/planning/share/planning/urdf/main_car/car.xacro
[34.852s] -- Up-to-date: /home/abc/planning_with_ros2/install/planning/share/planning/urdf/main_car/car_wheels.xacro
[34.852s] -- Up-to-date: /home/abc/planning_with_ros2/install/planning/share/planning/urdf/obs_car
[34.852s] -- Installing: /home/abc/planning_with_ros2/install/planning/share/planning/urdf/obs_car/obs_car.xacro
[34.852s] -- Up-to-date: /home/abc/planning_with_ros2/install/planning/share/planning/rviz
[34.852s] -- Up-to-date: /home/abc/planning_with_ros2/install/planning/share/planning/rviz/planning.rviz
[34.852s] -- Up-to-date: /home/abc/planning_with_ros2/install/planning/share/ament_index/resource_index/package_run_dependencies/planning
[34.852s] -- Up-to-date: /home/abc/planning_with_ros2/install/planning/share/ament_index/resource_index/parent_prefix_path/planning
[34.852s] -- Up-to-date: /home/abc/planning_with_ros2/install/planning/share/planning/environment/ament_prefix_path.sh
[34.852s] -- Installing: /home/abc/planning_with_ros2/install/planning/share/planning/environment/ament_prefix_path.dsv
[34.852s] -- Up-to-date: /home/abc/planning_with_ros2/install/planning/share/planning/environment/path.sh
[34.852s] -- Installing: /home/abc/planning_with_ros2/install/planning/share/planning/environment/path.dsv
[34.852s] -- Up-to-date: /home/abc/planning_with_ros2/install/planning/share/planning/local_setup.bash
[34.852s] -- Up-to-date: /home/abc/planning_with_ros2/install/planning/share/planning/local_setup.sh
[34.852s] -- Up-to-date: /home/abc/planning_with_ros2/install/planning/share/planning/local_setup.zsh
[34.853s] -- Installing: /home/abc/planning_with_ros2/install/planning/share/planning/local_setup.dsv
[34.853s] -- Installing: /home/abc/planning_with_ros2/install/planning/share/planning/package.dsv
[34.853s] -- Up-to-date: /home/abc/planning_with_ros2/install/planning/share/ament_index/resource_index/packages/planning
[34.853s] -- Up-to-date: /home/abc/planning_with_ros2/install/planning/share/planning/cmake/planningConfig.cmake
[34.853s] -- Up-to-date: /home/abc/planning_with_ros2/install/planning/share/planning/cmake/planningConfig-version.cmake
[34.853s] -- Up-to-date: /home/abc/planning_with_ros2/install/planning/share/planning/package.xml
[34.854s] Invoked command in '/home/abc/planning_with_ros2/build/planning' returned '0': CMAKE_PREFIX_PATH=/home/abc/planning_with_ros2/install/base_msgs:/home/abc/planning_with_ros2/install/planning:/home/abc/planning_with_ros2/install/data_plot:/opt/ros/humble LD_LIBRARY_PATH=/home/abc/planning_with_ros2/install/base_msgs/lib:/home/abc/planning_with_ros2/install/planning/lib:/home/abc/planning_with_ros2/install/planning/lib:/home/abc/planning_with_ros2/install/planning/lib:/usr/lib/x86_64-linux-gnu/gazebo-11/plugins:/opt/ros/humble/opt/rviz_ogre_vendor/lib:/opt/ros/humble/lib/x86_64-linux-gnu:/opt/ros/humble/lib /usr/local/bin/cmake --install /home/abc/planning_with_ros2/build/planning
