[0.101s] DEBUG:colcon:Command line arguments: ['/usr/bin/colcon', 'build']
[0.101s] DEBUG:colcon:Parsed command line arguments: Namespace(log_base=None, log_level=None, verb_name='build', build_base='build', install_base='install', merge_install=False, symlink_install=False, test_result_base=None, continue_on_error=False, executor='parallel', parallel_workers=12, event_handlers=None, ignore_user_meta=False, metas=['./colcon.meta'], base_paths=['.'], packages_ignore=None, packages_ignore_regex=None, paths=None, packages_up_to=None, packages_up_to_regex=None, packages_above=None, packages_above_and_dependencies=None, packages_above_depth=None, packages_select_by_dep=None, packages_skip_by_dep=None, packages_skip_up_to=None, packages_select_build_failed=False, packages_skip_build_finished=False, packages_select_test_failures=False, packages_skip_test_passed=False, packages_select=None, packages_skip=None, packages_select_regex=None, packages_skip_regex=None, packages_start=None, packages_end=None, allow_overriding=[], cmake_args=None, cmake_target=None, cmake_target_skip_unavailable=False, cmake_clean_cache=False, cmake_clean_first=False, cmake_force_configure=False, ament_cmake_args=None, catkin_cmake_args=None, catkin_skip_building_tests=False, verb_parser=<colcon_defaults.argument_parser.defaults.DefaultArgumentsDecorator object at 0x7675e105c700>, verb_extension=<colcon_core.verb.build.BuildVerb object at 0x7675e11c8d90>, main=<bound method BuildVerb.main of <colcon_core.verb.build.BuildVerb object at 0x7675e11c8d90>>)
[0.269s] Level 1:colcon.colcon_core.package_discovery:discover_packages(colcon_meta) check parameters
[0.269s] Level 1:colcon.colcon_core.package_discovery:discover_packages(recursive) check parameters
[0.269s] Level 1:colcon.colcon_core.package_discovery:discover_packages(ignore) check parameters
[0.269s] Level 1:colcon.colcon_core.package_discovery:discover_packages(path) check parameters
[0.269s] Level 1:colcon.colcon_core.package_discovery:discover_packages(colcon_meta) discover
[0.269s] Level 1:colcon.colcon_core.package_discovery:discover_packages(recursive) discover
[0.269s] INFO:colcon.colcon_core.package_discovery:Crawling recursively for packages in '/home/abc/planning_with_ros2'
[0.269s] Level 1:colcon.colcon_core.package_identification:_identify(.) by extensions ['ignore', 'ignore_ament_install']
[0.269s] Level 1:colcon.colcon_core.package_identification:_identify(.) by extension 'ignore'
[0.269s] Level 1:colcon.colcon_core.package_identification:_identify(.) by extension 'ignore_ament_install'
[0.269s] Level 1:colcon.colcon_core.package_identification:_identify(.) by extensions ['colcon_pkg']
[0.269s] Level 1:colcon.colcon_core.package_identification:_identify(.) by extension 'colcon_pkg'
[0.269s] Level 1:colcon.colcon_core.package_identification:_identify(.) by extensions ['colcon_meta']
[0.269s] Level 1:colcon.colcon_core.package_identification:_identify(.) by extension 'colcon_meta'
[0.269s] Level 1:colcon.colcon_core.package_identification:_identify(.) by extensions ['ros']
[0.269s] Level 1:colcon.colcon_core.package_identification:_identify(.) by extension 'ros'
[0.280s] Level 1:colcon.colcon_core.package_identification:_identify(.) by extensions ['cmake', 'python']
[0.280s] Level 1:colcon.colcon_core.package_identification:_identify(.) by extension 'cmake'
[0.280s] Level 1:colcon.colcon_core.package_identification:_identify(.) by extension 'python'
[0.280s] Level 1:colcon.colcon_core.package_identification:_identify(.) by extensions ['python_setup_py']
[0.280s] Level 1:colcon.colcon_core.package_identification:_identify(.) by extension 'python_setup_py'
[0.280s] Level 1:colcon.colcon_core.package_identification:_identify(build) by extensions ['ignore', 'ignore_ament_install']
[0.280s] Level 1:colcon.colcon_core.package_identification:_identify(build) by extension 'ignore'
[0.280s] Level 1:colcon.colcon_core.package_identification:_identify(build) ignored
[0.280s] Level 1:colcon.colcon_core.package_identification:_identify(doc) by extensions ['ignore', 'ignore_ament_install']
[0.280s] Level 1:colcon.colcon_core.package_identification:_identify(doc) by extension 'ignore'
[0.280s] Level 1:colcon.colcon_core.package_identification:_identify(doc) by extension 'ignore_ament_install'
[0.280s] Level 1:colcon.colcon_core.package_identification:_identify(doc) by extensions ['colcon_pkg']
[0.280s] Level 1:colcon.colcon_core.package_identification:_identify(doc) by extension 'colcon_pkg'
[0.280s] Level 1:colcon.colcon_core.package_identification:_identify(doc) by extensions ['colcon_meta']
[0.280s] Level 1:colcon.colcon_core.package_identification:_identify(doc) by extension 'colcon_meta'
[0.281s] Level 1:colcon.colcon_core.package_identification:_identify(doc) by extensions ['ros']
[0.281s] Level 1:colcon.colcon_core.package_identification:_identify(doc) by extension 'ros'
[0.281s] Level 1:colcon.colcon_core.package_identification:_identify(doc) by extensions ['cmake', 'python']
[0.281s] Level 1:colcon.colcon_core.package_identification:_identify(doc) by extension 'cmake'
[0.281s] Level 1:colcon.colcon_core.package_identification:_identify(doc) by extension 'python'
[0.281s] Level 1:colcon.colcon_core.package_identification:_identify(doc) by extensions ['python_setup_py']
[0.281s] Level 1:colcon.colcon_core.package_identification:_identify(doc) by extension 'python_setup_py'
[0.281s] Level 1:colcon.colcon_core.package_identification:_identify(install) by extensions ['ignore', 'ignore_ament_install']
[0.281s] Level 1:colcon.colcon_core.package_identification:_identify(install) by extension 'ignore'
[0.281s] Level 1:colcon.colcon_core.package_identification:_identify(install) ignored
[0.281s] Level 1:colcon.colcon_core.package_identification:_identify(log) by extensions ['ignore', 'ignore_ament_install']
[0.281s] Level 1:colcon.colcon_core.package_identification:_identify(log) by extension 'ignore'
[0.281s] Level 1:colcon.colcon_core.package_identification:_identify(log) ignored
[0.281s] Level 1:colcon.colcon_core.package_identification:_identify(src) by extensions ['ignore', 'ignore_ament_install']
[0.281s] Level 1:colcon.colcon_core.package_identification:_identify(src) by extension 'ignore'
[0.281s] Level 1:colcon.colcon_core.package_identification:_identify(src) by extension 'ignore_ament_install'
[0.281s] Level 1:colcon.colcon_core.package_identification:_identify(src) by extensions ['colcon_pkg']
[0.281s] Level 1:colcon.colcon_core.package_identification:_identify(src) by extension 'colcon_pkg'
[0.281s] Level 1:colcon.colcon_core.package_identification:_identify(src) by extensions ['colcon_meta']
[0.282s] Level 1:colcon.colcon_core.package_identification:_identify(src) by extension 'colcon_meta'
[0.282s] Level 1:colcon.colcon_core.package_identification:_identify(src) by extensions ['ros']
[0.282s] Level 1:colcon.colcon_core.package_identification:_identify(src) by extension 'ros'
[0.282s] Level 1:colcon.colcon_core.package_identification:_identify(src) by extensions ['cmake', 'python']
[0.282s] Level 1:colcon.colcon_core.package_identification:_identify(src) by extension 'cmake'
[0.282s] Level 1:colcon.colcon_core.package_identification:_identify(src) by extension 'python'
[0.282s] Level 1:colcon.colcon_core.package_identification:_identify(src) by extensions ['python_setup_py']
[0.282s] Level 1:colcon.colcon_core.package_identification:_identify(src) by extension 'python_setup_py'
[0.282s] Level 1:colcon.colcon_core.package_identification:_identify(src/base_msgs) by extensions ['ignore', 'ignore_ament_install']
[0.282s] Level 1:colcon.colcon_core.package_identification:_identify(src/base_msgs) by extension 'ignore'
[0.282s] Level 1:colcon.colcon_core.package_identification:_identify(src/base_msgs) by extension 'ignore_ament_install'
[0.282s] Level 1:colcon.colcon_core.package_identification:_identify(src/base_msgs) by extensions ['colcon_pkg']
[0.282s] Level 1:colcon.colcon_core.package_identification:_identify(src/base_msgs) by extension 'colcon_pkg'
[0.282s] Level 1:colcon.colcon_core.package_identification:_identify(src/base_msgs) by extensions ['colcon_meta']
[0.282s] Level 1:colcon.colcon_core.package_identification:_identify(src/base_msgs) by extension 'colcon_meta'
[0.282s] Level 1:colcon.colcon_core.package_identification:_identify(src/base_msgs) by extensions ['ros']
[0.282s] Level 1:colcon.colcon_core.package_identification:_identify(src/base_msgs) by extension 'ros'
[0.285s] DEBUG:colcon.colcon_core.package_identification:Package 'src/base_msgs' with type 'ros.ament_cmake' and name 'base_msgs'
[0.285s] Level 1:colcon.colcon_core.package_identification:_identify(src/data_plot) by extensions ['ignore', 'ignore_ament_install']
[0.285s] Level 1:colcon.colcon_core.package_identification:_identify(src/data_plot) by extension 'ignore'
[0.285s] Level 1:colcon.colcon_core.package_identification:_identify(src/data_plot) by extension 'ignore_ament_install'
[0.285s] Level 1:colcon.colcon_core.package_identification:_identify(src/data_plot) by extensions ['colcon_pkg']
[0.285s] Level 1:colcon.colcon_core.package_identification:_identify(src/data_plot) by extension 'colcon_pkg'
[0.285s] Level 1:colcon.colcon_core.package_identification:_identify(src/data_plot) by extensions ['colcon_meta']
[0.285s] Level 1:colcon.colcon_core.package_identification:_identify(src/data_plot) by extension 'colcon_meta'
[0.285s] Level 1:colcon.colcon_core.package_identification:_identify(src/data_plot) by extensions ['ros']
[0.285s] Level 1:colcon.colcon_core.package_identification:_identify(src/data_plot) by extension 'ros'
[0.286s] DEBUG:colcon.colcon_core.package_identification:Package 'src/data_plot' with type 'ros.ament_python' and name 'data_plot'
[0.286s] Level 1:colcon.colcon_core.package_identification:_identify(src/planning) by extensions ['ignore', 'ignore_ament_install']
[0.286s] Level 1:colcon.colcon_core.package_identification:_identify(src/planning) by extension 'ignore'
[0.286s] Level 1:colcon.colcon_core.package_identification:_identify(src/planning) by extension 'ignore_ament_install'
[0.286s] Level 1:colcon.colcon_core.package_identification:_identify(src/planning) by extensions ['colcon_pkg']
[0.286s] Level 1:colcon.colcon_core.package_identification:_identify(src/planning) by extension 'colcon_pkg'
[0.286s] Level 1:colcon.colcon_core.package_identification:_identify(src/planning) by extensions ['colcon_meta']
[0.286s] Level 1:colcon.colcon_core.package_identification:_identify(src/planning) by extension 'colcon_meta'
[0.286s] Level 1:colcon.colcon_core.package_identification:_identify(src/planning) by extensions ['ros']
[0.286s] Level 1:colcon.colcon_core.package_identification:_identify(src/planning) by extension 'ros'
[0.287s] DEBUG:colcon.colcon_core.package_identification:Package 'src/planning' with type 'ros.ament_cmake' and name 'planning'
[0.287s] Level 1:colcon.colcon_core.package_discovery:discover_packages(recursive) using defaults
[0.288s] Level 1:colcon.colcon_core.package_discovery:discover_packages(ignore) discover
[0.288s] Level 1:colcon.colcon_core.package_discovery:discover_packages(ignore) using defaults
[0.288s] Level 1:colcon.colcon_core.package_discovery:discover_packages(path) discover
[0.288s] Level 1:colcon.colcon_core.package_discovery:discover_packages(path) using defaults
[0.313s] Level 1:colcon.colcon_core.package_discovery:discover_packages(prefix_path) check parameters
[0.313s] Level 1:colcon.colcon_core.package_discovery:discover_packages(prefix_path) discover
[0.314s] WARNING:colcon.colcon_ros.prefix_path.ament:The path '/home/abc/planning_with_ros2/install/planning' in the environment variable AMENT_PREFIX_PATH doesn't exist
[0.314s] WARNING:colcon.colcon_ros.prefix_path.ament:The path '/home/abc/planning_with_ros2/install/data_plot' in the environment variable AMENT_PREFIX_PATH doesn't exist
[0.314s] WARNING:colcon.colcon_ros.prefix_path.ament:The path '/home/abc/planning_with_ros2/install/base_msgs' in the environment variable AMENT_PREFIX_PATH doesn't exist
[0.314s] WARNING:colcon.colcon_ros.prefix_path.catkin:The path '/home/abc/planning_with_ros2/install/planning' in the environment variable CMAKE_PREFIX_PATH doesn't exist
[0.314s] WARNING:colcon.colcon_ros.prefix_path.catkin:The path '/home/abc/planning_with_ros2/install/base_msgs' in the environment variable CMAKE_PREFIX_PATH doesn't exist
[0.315s] DEBUG:colcon.colcon_installed_package_information.package_discovery:Found 0 installed packages in /home/abc/planning_with_ros2/install
[0.316s] DEBUG:colcon.colcon_installed_package_information.package_discovery:Found 321 installed packages in /opt/ros/humble
[0.318s] Level 1:colcon.colcon_core.package_discovery:discover_packages(prefix_path) using defaults
[0.359s] Level 5:colcon.colcon_core.verb:set package 'base_msgs' build argument 'cmake_args' from command line to 'None'
[0.359s] Level 5:colcon.colcon_core.verb:set package 'base_msgs' build argument 'cmake_target' from command line to 'None'
[0.359s] Level 5:colcon.colcon_core.verb:set package 'base_msgs' build argument 'cmake_target_skip_unavailable' from command line to 'False'
[0.359s] Level 5:colcon.colcon_core.verb:set package 'base_msgs' build argument 'cmake_clean_cache' from command line to 'False'
[0.359s] Level 5:colcon.colcon_core.verb:set package 'base_msgs' build argument 'cmake_clean_first' from command line to 'False'
[0.359s] Level 5:colcon.colcon_core.verb:set package 'base_msgs' build argument 'cmake_force_configure' from command line to 'False'
[0.359s] Level 5:colcon.colcon_core.verb:set package 'base_msgs' build argument 'ament_cmake_args' from command line to 'None'
[0.359s] Level 5:colcon.colcon_core.verb:set package 'base_msgs' build argument 'catkin_cmake_args' from command line to 'None'
[0.359s] Level 5:colcon.colcon_core.verb:set package 'base_msgs' build argument 'catkin_skip_building_tests' from command line to 'False'
[0.359s] DEBUG:colcon.colcon_core.verb:Building package 'base_msgs' with the following arguments: {'ament_cmake_args': None, 'build_base': '/home/abc/planning_with_ros2/build/base_msgs', 'catkin_cmake_args': None, 'catkin_skip_building_tests': False, 'cmake_args': None, 'cmake_clean_cache': False, 'cmake_clean_first': False, 'cmake_force_configure': False, 'cmake_target': None, 'cmake_target_skip_unavailable': False, 'install_base': '/home/abc/planning_with_ros2/install/base_msgs', 'merge_install': False, 'path': '/home/abc/planning_with_ros2/src/base_msgs', 'symlink_install': False, 'test_result_base': None}
[0.360s] Level 5:colcon.colcon_core.verb:set package 'data_plot' build argument 'cmake_args' from command line to 'None'
[0.360s] Level 5:colcon.colcon_core.verb:set package 'data_plot' build argument 'cmake_target' from command line to 'None'
[0.360s] Level 5:colcon.colcon_core.verb:set package 'data_plot' build argument 'cmake_target_skip_unavailable' from command line to 'False'
[0.360s] Level 5:colcon.colcon_core.verb:set package 'data_plot' build argument 'cmake_clean_cache' from command line to 'False'
[0.360s] Level 5:colcon.colcon_core.verb:set package 'data_plot' build argument 'cmake_clean_first' from command line to 'False'
[0.360s] Level 5:colcon.colcon_core.verb:set package 'data_plot' build argument 'cmake_force_configure' from command line to 'False'
[0.360s] Level 5:colcon.colcon_core.verb:set package 'data_plot' build argument 'ament_cmake_args' from command line to 'None'
[0.360s] Level 5:colcon.colcon_core.verb:set package 'data_plot' build argument 'catkin_cmake_args' from command line to 'None'
[0.360s] Level 5:colcon.colcon_core.verb:set package 'data_plot' build argument 'catkin_skip_building_tests' from command line to 'False'
[0.360s] DEBUG:colcon.colcon_core.verb:Building package 'data_plot' with the following arguments: {'ament_cmake_args': None, 'build_base': '/home/abc/planning_with_ros2/build/data_plot', 'catkin_cmake_args': None, 'catkin_skip_building_tests': False, 'cmake_args': None, 'cmake_clean_cache': False, 'cmake_clean_first': False, 'cmake_force_configure': False, 'cmake_target': None, 'cmake_target_skip_unavailable': False, 'install_base': '/home/abc/planning_with_ros2/install/data_plot', 'merge_install': False, 'path': '/home/abc/planning_with_ros2/src/data_plot', 'symlink_install': False, 'test_result_base': None}
[0.360s] Level 5:colcon.colcon_core.verb:set package 'planning' build argument 'cmake_args' from command line to 'None'
[0.360s] Level 5:colcon.colcon_core.verb:set package 'planning' build argument 'cmake_target' from command line to 'None'
[0.360s] Level 5:colcon.colcon_core.verb:set package 'planning' build argument 'cmake_target_skip_unavailable' from command line to 'False'
[0.360s] Level 5:colcon.colcon_core.verb:set package 'planning' build argument 'cmake_clean_cache' from command line to 'False'
[0.360s] Level 5:colcon.colcon_core.verb:set package 'planning' build argument 'cmake_clean_first' from command line to 'False'
[0.360s] Level 5:colcon.colcon_core.verb:set package 'planning' build argument 'cmake_force_configure' from command line to 'False'
[0.360s] Level 5:colcon.colcon_core.verb:set package 'planning' build argument 'ament_cmake_args' from command line to 'None'
[0.360s] Level 5:colcon.colcon_core.verb:set package 'planning' build argument 'catkin_cmake_args' from command line to 'None'
[0.360s] Level 5:colcon.colcon_core.verb:set package 'planning' build argument 'catkin_skip_building_tests' from command line to 'False'
[0.360s] DEBUG:colcon.colcon_core.verb:Building package 'planning' with the following arguments: {'ament_cmake_args': None, 'build_base': '/home/abc/planning_with_ros2/build/planning', 'catkin_cmake_args': None, 'catkin_skip_building_tests': False, 'cmake_args': None, 'cmake_clean_cache': False, 'cmake_clean_first': False, 'cmake_force_configure': False, 'cmake_target': None, 'cmake_target_skip_unavailable': False, 'install_base': '/home/abc/planning_with_ros2/install/planning', 'merge_install': False, 'path': '/home/abc/planning_with_ros2/src/planning', 'symlink_install': False, 'test_result_base': None}
[0.361s] INFO:colcon.colcon_core.executor:Executing jobs using 'parallel' executor
[0.361s] DEBUG:colcon.colcon_parallel_executor.executor.parallel:run_until_complete
[0.362s] INFO:colcon.colcon_ros.task.ament_cmake.build:Building ROS package in '/home/abc/planning_with_ros2/src/base_msgs' with build type 'ament_cmake'
[0.362s] INFO:colcon.colcon_cmake.task.cmake.build:Building CMake package in '/home/abc/planning_with_ros2/src/base_msgs'
[0.363s] INFO:colcon.colcon_core.plugin_system:Skipping extension 'colcon_core.shell.bat': Not used on non-Windows systems
[0.364s] INFO:colcon.colcon_core.shell:Skip shell extension 'powershell' for command environment: Not usable outside of PowerShell
[0.364s] DEBUG:colcon.colcon_core.shell:Skip shell extension 'dsv' for command environment
[0.370s] DEBUG:colcon.colcon_core.event_handler.log_command:Invoking command in '/home/abc/planning_with_ros2/build/base_msgs': CMAKE_PREFIX_PATH=${CMAKE_PREFIX_PATH}:/home/abc/planning_with_ros2/install/data_plot:/opt/ros/humble /usr/local/bin/cmake /home/abc/planning_with_ros2/src/base_msgs -DCMAKE_INSTALL_PREFIX=/home/abc/planning_with_ros2/install/base_msgs
[3.247s] DEBUG:colcon.colcon_core.event_handler.log_command:Invoked command in '/home/abc/planning_with_ros2/build/base_msgs' returned '0': CMAKE_PREFIX_PATH=${CMAKE_PREFIX_PATH}:/home/abc/planning_with_ros2/install/data_plot:/opt/ros/humble /usr/local/bin/cmake /home/abc/planning_with_ros2/src/base_msgs -DCMAKE_INSTALL_PREFIX=/home/abc/planning_with_ros2/install/base_msgs
[3.249s] DEBUG:colcon.colcon_core.event_handler.log_command:Invoking command in '/home/abc/planning_with_ros2/build/base_msgs': CMAKE_PREFIX_PATH=${CMAKE_PREFIX_PATH}:/home/abc/planning_with_ros2/install/data_plot:/opt/ros/humble /usr/local/bin/cmake --build /home/abc/planning_with_ros2/build/base_msgs -- -j12 -l12
[12.387s] DEBUG:colcon.colcon_core.event_handler.log_command:Invoked command in '/home/abc/planning_with_ros2/build/base_msgs' returned '0': CMAKE_PREFIX_PATH=${CMAKE_PREFIX_PATH}:/home/abc/planning_with_ros2/install/data_plot:/opt/ros/humble /usr/local/bin/cmake --build /home/abc/planning_with_ros2/build/base_msgs -- -j12 -l12
[12.391s] DEBUG:colcon.colcon_core.event_handler.log_command:Invoking command in '/home/abc/planning_with_ros2/build/base_msgs': CMAKE_PREFIX_PATH=${CMAKE_PREFIX_PATH}:/home/abc/planning_with_ros2/install/data_plot:/opt/ros/humble /usr/local/bin/cmake --install /home/abc/planning_with_ros2/build/base_msgs
[12.495s] Level 1:colcon.colcon_core.environment:create_environment_scripts_only(base_msgs)
[12.495s] DEBUG:colcon.colcon_core.event_handler.log_command:Invoked command in '/home/abc/planning_with_ros2/build/base_msgs' returned '0': CMAKE_PREFIX_PATH=${CMAKE_PREFIX_PATH}:/home/abc/planning_with_ros2/install/data_plot:/opt/ros/humble /usr/local/bin/cmake --install /home/abc/planning_with_ros2/build/base_msgs
[12.498s] Level 1:colcon.colcon_core.environment:checking '/home/abc/planning_with_ros2/install/base_msgs' for CMake module files
[12.498s] Level 1:colcon.colcon_core.environment:checking '/home/abc/planning_with_ros2/install/base_msgs' for CMake config files
[12.498s] Level 1:colcon.colcon_core.shell:create_environment_hook('base_msgs', 'cmake_prefix_path')
[12.499s] INFO:colcon.colcon_core.shell:Creating environment hook '/home/abc/planning_with_ros2/install/base_msgs/share/base_msgs/hook/cmake_prefix_path.ps1'
[12.499s] INFO:colcon.colcon_core.shell:Creating environment descriptor '/home/abc/planning_with_ros2/install/base_msgs/share/base_msgs/hook/cmake_prefix_path.dsv'
[12.500s] INFO:colcon.colcon_core.shell:Creating environment hook '/home/abc/planning_with_ros2/install/base_msgs/share/base_msgs/hook/cmake_prefix_path.sh'
[12.501s] Level 1:colcon.colcon_core.environment:checking '/home/abc/planning_with_ros2/install/base_msgs/lib'
[12.501s] Level 1:colcon.colcon_core.shell:create_environment_hook('base_msgs', 'ld_library_path_lib')
[12.501s] INFO:colcon.colcon_core.shell:Creating environment hook '/home/abc/planning_with_ros2/install/base_msgs/share/base_msgs/hook/ld_library_path_lib.ps1'
[12.501s] INFO:colcon.colcon_core.shell:Creating environment descriptor '/home/abc/planning_with_ros2/install/base_msgs/share/base_msgs/hook/ld_library_path_lib.dsv'
[12.502s] INFO:colcon.colcon_core.shell:Creating environment hook '/home/abc/planning_with_ros2/install/base_msgs/share/base_msgs/hook/ld_library_path_lib.sh'
[12.502s] Level 1:colcon.colcon_core.environment:checking '/home/abc/planning_with_ros2/install/base_msgs/bin'
[12.502s] Level 1:colcon.colcon_core.environment:checking '/home/abc/planning_with_ros2/install/base_msgs/lib/pkgconfig/base_msgs.pc'
[12.502s] Level 1:colcon.colcon_core.environment:checking '/home/abc/planning_with_ros2/install/base_msgs/lib/python3.10/site-packages'
[12.503s] Level 1:colcon.colcon_core.environment:checking '/home/abc/planning_with_ros2/install/base_msgs/bin'
[12.503s] INFO:colcon.colcon_core.shell:Creating package script '/home/abc/planning_with_ros2/install/base_msgs/share/base_msgs/package.ps1'
[12.504s] INFO:colcon.colcon_core.shell:Creating package descriptor '/home/abc/planning_with_ros2/install/base_msgs/share/base_msgs/package.dsv'
[12.504s] INFO:colcon.colcon_core.shell:Creating package script '/home/abc/planning_with_ros2/install/base_msgs/share/base_msgs/package.sh'
[12.505s] INFO:colcon.colcon_core.shell:Creating package script '/home/abc/planning_with_ros2/install/base_msgs/share/base_msgs/package.bash'
[12.506s] INFO:colcon.colcon_core.shell:Creating package script '/home/abc/planning_with_ros2/install/base_msgs/share/base_msgs/package.zsh'
[12.507s] Level 1:colcon.colcon_core.environment:create_file_with_runtime_dependencies(/home/abc/planning_with_ros2/install/base_msgs/share/colcon-core/packages/base_msgs)
[12.507s] Level 1:colcon.colcon_core.environment:create_environment_scripts_only(base_msgs)
[12.508s] Level 1:colcon.colcon_core.environment:checking '/home/abc/planning_with_ros2/install/base_msgs' for CMake module files
[12.508s] Level 1:colcon.colcon_core.environment:checking '/home/abc/planning_with_ros2/install/base_msgs' for CMake config files
[12.508s] Level 1:colcon.colcon_core.shell:create_environment_hook('base_msgs', 'cmake_prefix_path')
[12.509s] INFO:colcon.colcon_core.shell:Creating environment hook '/home/abc/planning_with_ros2/install/base_msgs/share/base_msgs/hook/cmake_prefix_path.ps1'
[12.509s] INFO:colcon.colcon_core.shell:Creating environment descriptor '/home/abc/planning_with_ros2/install/base_msgs/share/base_msgs/hook/cmake_prefix_path.dsv'
[12.509s] INFO:colcon.colcon_core.shell:Creating environment hook '/home/abc/planning_with_ros2/install/base_msgs/share/base_msgs/hook/cmake_prefix_path.sh'
[12.510s] Level 1:colcon.colcon_core.environment:checking '/home/abc/planning_with_ros2/install/base_msgs/lib'
[12.510s] Level 1:colcon.colcon_core.shell:create_environment_hook('base_msgs', 'ld_library_path_lib')
[12.510s] INFO:colcon.colcon_core.shell:Creating environment hook '/home/abc/planning_with_ros2/install/base_msgs/share/base_msgs/hook/ld_library_path_lib.ps1'
[12.511s] INFO:colcon.colcon_core.shell:Creating environment descriptor '/home/abc/planning_with_ros2/install/base_msgs/share/base_msgs/hook/ld_library_path_lib.dsv'
[12.511s] INFO:colcon.colcon_core.shell:Creating environment hook '/home/abc/planning_with_ros2/install/base_msgs/share/base_msgs/hook/ld_library_path_lib.sh'
[12.512s] Level 1:colcon.colcon_core.environment:checking '/home/abc/planning_with_ros2/install/base_msgs/bin'
[12.512s] Level 1:colcon.colcon_core.environment:checking '/home/abc/planning_with_ros2/install/base_msgs/lib/pkgconfig/base_msgs.pc'
[12.512s] Level 1:colcon.colcon_core.environment:checking '/home/abc/planning_with_ros2/install/base_msgs/lib/python3.10/site-packages'
[12.512s] Level 1:colcon.colcon_core.environment:checking '/home/abc/planning_with_ros2/install/base_msgs/bin'
[12.513s] INFO:colcon.colcon_core.shell:Creating package script '/home/abc/planning_with_ros2/install/base_msgs/share/base_msgs/package.ps1'
[12.513s] INFO:colcon.colcon_core.shell:Creating package descriptor '/home/abc/planning_with_ros2/install/base_msgs/share/base_msgs/package.dsv'
[12.514s] INFO:colcon.colcon_core.shell:Creating package script '/home/abc/planning_with_ros2/install/base_msgs/share/base_msgs/package.sh'
[12.515s] INFO:colcon.colcon_core.shell:Creating package script '/home/abc/planning_with_ros2/install/base_msgs/share/base_msgs/package.bash'
[12.515s] INFO:colcon.colcon_core.shell:Creating package script '/home/abc/planning_with_ros2/install/base_msgs/share/base_msgs/package.zsh'
[12.515s] Level 1:colcon.colcon_core.environment:create_file_with_runtime_dependencies(/home/abc/planning_with_ros2/install/base_msgs/share/colcon-core/packages/base_msgs)
[12.516s] INFO:colcon.colcon_ros.task.ament_python.build:Building ROS package in '/home/abc/planning_with_ros2/src/data_plot' with build type 'ament_python'
[12.516s] Level 1:colcon.colcon_core.shell:create_environment_hook('data_plot', 'ament_prefix_path')
[12.516s] INFO:colcon.colcon_core.shell:Creating environment hook '/home/abc/planning_with_ros2/install/data_plot/share/data_plot/hook/ament_prefix_path.ps1'
[12.517s] INFO:colcon.colcon_core.shell:Creating environment descriptor '/home/abc/planning_with_ros2/install/data_plot/share/data_plot/hook/ament_prefix_path.dsv'
[12.518s] INFO:colcon.colcon_core.shell:Creating environment hook '/home/abc/planning_with_ros2/install/data_plot/share/data_plot/hook/ament_prefix_path.sh'
[12.518s] INFO:colcon.colcon_core.shell:Skip shell extension 'powershell' for command environment: Not usable outside of PowerShell
[12.518s] DEBUG:colcon.colcon_core.shell:Skip shell extension 'dsv' for command environment
[12.522s] INFO:colcon.colcon_ros.task.ament_cmake.build:Building ROS package in '/home/abc/planning_with_ros2/src/planning' with build type 'ament_cmake'
[12.522s] INFO:colcon.colcon_cmake.task.cmake.build:Building CMake package in '/home/abc/planning_with_ros2/src/planning'
[12.522s] INFO:colcon.colcon_core.shell:Skip shell extension 'powershell' for command environment: Not usable outside of PowerShell
[12.522s] DEBUG:colcon.colcon_core.shell:Skip shell extension 'dsv' for command environment
[12.788s] INFO:colcon.colcon_core.task.python.build:Building Python package in '/home/abc/planning_with_ros2/src/data_plot'
[12.789s] INFO:colcon.colcon_core.shell:Skip shell extension 'powershell' for command environment: Not usable outside of PowerShell
[12.789s] DEBUG:colcon.colcon_core.shell:Skip shell extension 'dsv' for command environment
[12.794s] DEBUG:colcon.colcon_core.event_handler.log_command:Invoking command in '/home/abc/planning_with_ros2/build/planning': CMAKE_PREFIX_PATH=/home/abc/planning_with_ros2/install/base_msgs:/home/abc/planning_with_ros2/install/planning:/home/abc/planning_with_ros2/install/data_plot:/opt/ros/humble LD_LIBRARY_PATH=/home/abc/planning_with_ros2/install/base_msgs/lib:/home/abc/planning_with_ros2/install/planning/lib:/home/abc/planning_with_ros2/install/planning/lib:/home/abc/planning_with_ros2/install/planning/lib:/home/abc/planning_with_ros2/install/planning/lib:/usr/lib/x86_64-linux-gnu/gazebo-11/plugins:/opt/ros/humble/opt/rviz_ogre_vendor/lib:/opt/ros/humble/lib/x86_64-linux-gnu:/opt/ros/humble/lib /usr/local/bin/cmake /home/abc/planning_with_ros2/src/planning -DCMAKE_INSTALL_PREFIX=/home/abc/planning_with_ros2/install/planning
[13.164s] DEBUG:colcon.colcon_core.event_handler.log_command:Invoking command in '/home/abc/planning_with_ros2/src/data_plot': CMAKE_PREFIX_PATH=/home/abc/planning_with_ros2/install/base_msgs:/home/abc/planning_with_ros2/install/planning LD_LIBRARY_PATH=/home/abc/planning_with_ros2/install/base_msgs/lib:/home/abc/planning_with_ros2/install/planning/lib:/home/abc/planning_with_ros2/install/planning/lib:/home/abc/planning_with_ros2/install/planning/lib:/home/abc/planning_with_ros2/install/planning/lib:/usr/lib/x86_64-linux-gnu/gazebo-11/plugins:/opt/ros/humble/opt/rviz_ogre_vendor/lib:/opt/ros/humble/lib/x86_64-linux-gnu:/opt/ros/humble/lib PYTHONPATH=/home/abc/planning_with_ros2/build/data_plot/prefix_override:/usr/lib/python3/dist-packages/colcon_core/task/python/colcon_distutils_commands:/home/abc/planning_with_ros2/install/data_plot/lib/python3.10/site-packages:${PYTHONPATH} /usr/bin/python3 -W ignore:setup.py install is deprecated -W ignore:easy_install command is deprecated setup.py egg_info --egg-base ../../build/data_plot build --build-base /home/abc/planning_with_ros2/build/data_plot/build install --record /home/abc/planning_with_ros2/build/data_plot/install.log --single-version-externally-managed install_data
[13.504s] Level 1:colcon.colcon_core.environment:checking '/home/abc/planning_with_ros2/install/data_plot' for CMake module files
[13.505s] DEBUG:colcon.colcon_core.event_handler.log_command:Invoked command in '/home/abc/planning_with_ros2/src/data_plot' returned '0': CMAKE_PREFIX_PATH=/home/abc/planning_with_ros2/install/base_msgs:/home/abc/planning_with_ros2/install/planning LD_LIBRARY_PATH=/home/abc/planning_with_ros2/install/base_msgs/lib:/home/abc/planning_with_ros2/install/planning/lib:/home/abc/planning_with_ros2/install/planning/lib:/home/abc/planning_with_ros2/install/planning/lib:/home/abc/planning_with_ros2/install/planning/lib:/usr/lib/x86_64-linux-gnu/gazebo-11/plugins:/opt/ros/humble/opt/rviz_ogre_vendor/lib:/opt/ros/humble/lib/x86_64-linux-gnu:/opt/ros/humble/lib PYTHONPATH=/home/abc/planning_with_ros2/build/data_plot/prefix_override:/usr/lib/python3/dist-packages/colcon_core/task/python/colcon_distutils_commands:/home/abc/planning_with_ros2/install/data_plot/lib/python3.10/site-packages:${PYTHONPATH} /usr/bin/python3 -W ignore:setup.py install is deprecated -W ignore:easy_install command is deprecated setup.py egg_info --egg-base ../../build/data_plot build --build-base /home/abc/planning_with_ros2/build/data_plot/build install --record /home/abc/planning_with_ros2/build/data_plot/install.log --single-version-externally-managed install_data
[13.505s] Level 1:colcon.colcon_core.environment:checking '/home/abc/planning_with_ros2/install/data_plot' for CMake config files
[13.506s] Level 1:colcon.colcon_core.environment:checking '/home/abc/planning_with_ros2/install/data_plot/lib'
[13.506s] Level 1:colcon.colcon_core.environment:checking '/home/abc/planning_with_ros2/install/data_plot/bin'
[13.506s] Level 1:colcon.colcon_core.environment:checking '/home/abc/planning_with_ros2/install/data_plot/lib/pkgconfig/data_plot.pc'
[13.506s] Level 1:colcon.colcon_core.environment:checking '/home/abc/planning_with_ros2/install/data_plot/lib/python3.10/site-packages'
[13.506s] Level 1:colcon.colcon_core.shell:create_environment_hook('data_plot', 'pythonpath')
[13.507s] INFO:colcon.colcon_core.shell:Creating environment hook '/home/abc/planning_with_ros2/install/data_plot/share/data_plot/hook/pythonpath.ps1'
[13.507s] INFO:colcon.colcon_core.shell:Creating environment descriptor '/home/abc/planning_with_ros2/install/data_plot/share/data_plot/hook/pythonpath.dsv'
[13.508s] INFO:colcon.colcon_core.shell:Creating environment hook '/home/abc/planning_with_ros2/install/data_plot/share/data_plot/hook/pythonpath.sh'
[13.508s] Level 1:colcon.colcon_core.environment:checking '/home/abc/planning_with_ros2/install/data_plot/bin'
[13.508s] Level 1:colcon.colcon_core.environment:create_environment_scripts_only(data_plot)
[13.509s] INFO:colcon.colcon_core.shell:Creating package script '/home/abc/planning_with_ros2/install/data_plot/share/data_plot/package.ps1'
[13.509s] INFO:colcon.colcon_core.shell:Creating package descriptor '/home/abc/planning_with_ros2/install/data_plot/share/data_plot/package.dsv'
[13.510s] INFO:colcon.colcon_core.shell:Creating package script '/home/abc/planning_with_ros2/install/data_plot/share/data_plot/package.sh'
[13.510s] INFO:colcon.colcon_core.shell:Creating package script '/home/abc/planning_with_ros2/install/data_plot/share/data_plot/package.bash'
[13.511s] INFO:colcon.colcon_core.shell:Creating package script '/home/abc/planning_with_ros2/install/data_plot/share/data_plot/package.zsh'
[13.511s] Level 1:colcon.colcon_core.environment:create_file_with_runtime_dependencies(/home/abc/planning_with_ros2/install/data_plot/share/colcon-core/packages/data_plot)
[14.414s] DEBUG:colcon.colcon_core.event_handler.log_command:Invoked command in '/home/abc/planning_with_ros2/build/planning' returned '0': CMAKE_PREFIX_PATH=/home/abc/planning_with_ros2/install/base_msgs:/home/abc/planning_with_ros2/install/planning:/home/abc/planning_with_ros2/install/data_plot:/opt/ros/humble LD_LIBRARY_PATH=/home/abc/planning_with_ros2/install/base_msgs/lib:/home/abc/planning_with_ros2/install/planning/lib:/home/abc/planning_with_ros2/install/planning/lib:/home/abc/planning_with_ros2/install/planning/lib:/home/abc/planning_with_ros2/install/planning/lib:/usr/lib/x86_64-linux-gnu/gazebo-11/plugins:/opt/ros/humble/opt/rviz_ogre_vendor/lib:/opt/ros/humble/lib/x86_64-linux-gnu:/opt/ros/humble/lib /usr/local/bin/cmake /home/abc/planning_with_ros2/src/planning -DCMAKE_INSTALL_PREFIX=/home/abc/planning_with_ros2/install/planning
[14.416s] DEBUG:colcon.colcon_core.event_handler.log_command:Invoking command in '/home/abc/planning_with_ros2/build/planning': CMAKE_PREFIX_PATH=/home/abc/planning_with_ros2/install/base_msgs:/home/abc/planning_with_ros2/install/planning:/home/abc/planning_with_ros2/install/data_plot:/opt/ros/humble LD_LIBRARY_PATH=/home/abc/planning_with_ros2/install/base_msgs/lib:/home/abc/planning_with_ros2/install/planning/lib:/home/abc/planning_with_ros2/install/planning/lib:/home/abc/planning_with_ros2/install/planning/lib:/home/abc/planning_with_ros2/install/planning/lib:/usr/lib/x86_64-linux-gnu/gazebo-11/plugins:/opt/ros/humble/opt/rviz_ogre_vendor/lib:/opt/ros/humble/lib/x86_64-linux-gnu:/opt/ros/humble/lib /usr/local/bin/cmake --build /home/abc/planning_with_ros2/build/planning -- -j12 -l12
[53.906s] DEBUG:colcon.colcon_core.event_handler.log_command:Invoked command in '/home/abc/planning_with_ros2/build/planning' returned '0': CMAKE_PREFIX_PATH=/home/abc/planning_with_ros2/install/base_msgs:/home/abc/planning_with_ros2/install/planning:/home/abc/planning_with_ros2/install/data_plot:/opt/ros/humble LD_LIBRARY_PATH=/home/abc/planning_with_ros2/install/base_msgs/lib:/home/abc/planning_with_ros2/install/planning/lib:/home/abc/planning_with_ros2/install/planning/lib:/home/abc/planning_with_ros2/install/planning/lib:/home/abc/planning_with_ros2/install/planning/lib:/usr/lib/x86_64-linux-gnu/gazebo-11/plugins:/opt/ros/humble/opt/rviz_ogre_vendor/lib:/opt/ros/humble/lib/x86_64-linux-gnu:/opt/ros/humble/lib /usr/local/bin/cmake --build /home/abc/planning_with_ros2/build/planning -- -j12 -l12
[53.907s] DEBUG:colcon.colcon_core.event_handler.log_command:Invoking command in '/home/abc/planning_with_ros2/build/planning': CMAKE_PREFIX_PATH=/home/abc/planning_with_ros2/install/base_msgs:/home/abc/planning_with_ros2/install/planning:/home/abc/planning_with_ros2/install/data_plot:/opt/ros/humble LD_LIBRARY_PATH=/home/abc/planning_with_ros2/install/base_msgs/lib:/home/abc/planning_with_ros2/install/planning/lib:/home/abc/planning_with_ros2/install/planning/lib:/home/abc/planning_with_ros2/install/planning/lib:/home/abc/planning_with_ros2/install/planning/lib:/usr/lib/x86_64-linux-gnu/gazebo-11/plugins:/opt/ros/humble/opt/rviz_ogre_vendor/lib:/opt/ros/humble/lib/x86_64-linux-gnu:/opt/ros/humble/lib /usr/local/bin/cmake --install /home/abc/planning_with_ros2/build/planning
[53.934s] Level 1:colcon.colcon_core.environment:create_environment_scripts_only(planning)
[53.935s] Level 1:colcon.colcon_core.environment:checking '/home/abc/planning_with_ros2/install/planning' for CMake module files
[53.935s] DEBUG:colcon.colcon_core.event_handler.log_command:Invoked command in '/home/abc/planning_with_ros2/build/planning' returned '0': CMAKE_PREFIX_PATH=/home/abc/planning_with_ros2/install/base_msgs:/home/abc/planning_with_ros2/install/planning:/home/abc/planning_with_ros2/install/data_plot:/opt/ros/humble LD_LIBRARY_PATH=/home/abc/planning_with_ros2/install/base_msgs/lib:/home/abc/planning_with_ros2/install/planning/lib:/home/abc/planning_with_ros2/install/planning/lib:/home/abc/planning_with_ros2/install/planning/lib:/home/abc/planning_with_ros2/install/planning/lib:/usr/lib/x86_64-linux-gnu/gazebo-11/plugins:/opt/ros/humble/opt/rviz_ogre_vendor/lib:/opt/ros/humble/lib/x86_64-linux-gnu:/opt/ros/humble/lib /usr/local/bin/cmake --install /home/abc/planning_with_ros2/build/planning
[53.936s] Level 1:colcon.colcon_core.environment:checking '/home/abc/planning_with_ros2/install/planning' for CMake config files
[53.936s] Level 1:colcon.colcon_core.shell:create_environment_hook('planning', 'cmake_prefix_path')
[53.936s] INFO:colcon.colcon_core.shell:Creating environment hook '/home/abc/planning_with_ros2/install/planning/share/planning/hook/cmake_prefix_path.ps1'
[53.936s] INFO:colcon.colcon_core.shell:Creating environment descriptor '/home/abc/planning_with_ros2/install/planning/share/planning/hook/cmake_prefix_path.dsv'
[53.937s] INFO:colcon.colcon_core.shell:Creating environment hook '/home/abc/planning_with_ros2/install/planning/share/planning/hook/cmake_prefix_path.sh'
[53.937s] Level 1:colcon.colcon_core.environment:checking '/home/abc/planning_with_ros2/install/planning/lib'
[53.937s] Level 1:colcon.colcon_core.shell:create_environment_hook('planning', 'ld_library_path_lib')
[53.937s] INFO:colcon.colcon_core.shell:Creating environment hook '/home/abc/planning_with_ros2/install/planning/share/planning/hook/ld_library_path_lib.ps1'
[53.938s] INFO:colcon.colcon_core.shell:Creating environment descriptor '/home/abc/planning_with_ros2/install/planning/share/planning/hook/ld_library_path_lib.dsv'
[53.938s] INFO:colcon.colcon_core.shell:Creating environment hook '/home/abc/planning_with_ros2/install/planning/share/planning/hook/ld_library_path_lib.sh'
[53.938s] Level 1:colcon.colcon_core.environment:checking '/home/abc/planning_with_ros2/install/planning/bin'
[53.938s] Level 1:colcon.colcon_core.environment:checking '/home/abc/planning_with_ros2/install/planning/lib/pkgconfig/planning.pc'
[53.939s] Level 1:colcon.colcon_core.environment:checking '/home/abc/planning_with_ros2/install/planning/lib/python3.10/site-packages'
[53.939s] Level 1:colcon.colcon_core.environment:checking '/home/abc/planning_with_ros2/install/planning/bin'
[53.939s] INFO:colcon.colcon_core.shell:Creating package script '/home/abc/planning_with_ros2/install/planning/share/planning/package.ps1'
[53.940s] INFO:colcon.colcon_core.shell:Creating package descriptor '/home/abc/planning_with_ros2/install/planning/share/planning/package.dsv'
[53.940s] INFO:colcon.colcon_core.shell:Creating package script '/home/abc/planning_with_ros2/install/planning/share/planning/package.sh'
[53.941s] INFO:colcon.colcon_core.shell:Creating package script '/home/abc/planning_with_ros2/install/planning/share/planning/package.bash'
[53.941s] INFO:colcon.colcon_core.shell:Creating package script '/home/abc/planning_with_ros2/install/planning/share/planning/package.zsh'
[53.941s] Level 1:colcon.colcon_core.environment:create_file_with_runtime_dependencies(/home/abc/planning_with_ros2/install/planning/share/colcon-core/packages/planning)
[53.942s] Level 1:colcon.colcon_core.environment:create_environment_scripts_only(planning)
[53.942s] Level 1:colcon.colcon_core.environment:checking '/home/abc/planning_with_ros2/install/planning' for CMake module files
[53.942s] Level 1:colcon.colcon_core.environment:checking '/home/abc/planning_with_ros2/install/planning' for CMake config files
[53.943s] Level 1:colcon.colcon_core.shell:create_environment_hook('planning', 'cmake_prefix_path')
[53.943s] INFO:colcon.colcon_core.shell:Creating environment hook '/home/abc/planning_with_ros2/install/planning/share/planning/hook/cmake_prefix_path.ps1'
[53.943s] INFO:colcon.colcon_core.shell:Creating environment descriptor '/home/abc/planning_with_ros2/install/planning/share/planning/hook/cmake_prefix_path.dsv'
[53.943s] INFO:colcon.colcon_core.shell:Creating environment hook '/home/abc/planning_with_ros2/install/planning/share/planning/hook/cmake_prefix_path.sh'
[53.944s] Level 1:colcon.colcon_core.environment:checking '/home/abc/planning_with_ros2/install/planning/lib'
[53.944s] Level 1:colcon.colcon_core.shell:create_environment_hook('planning', 'ld_library_path_lib')
[53.944s] INFO:colcon.colcon_core.shell:Creating environment hook '/home/abc/planning_with_ros2/install/planning/share/planning/hook/ld_library_path_lib.ps1'
[53.944s] INFO:colcon.colcon_core.shell:Creating environment descriptor '/home/abc/planning_with_ros2/install/planning/share/planning/hook/ld_library_path_lib.dsv'
[53.945s] INFO:colcon.colcon_core.shell:Creating environment hook '/home/abc/planning_with_ros2/install/planning/share/planning/hook/ld_library_path_lib.sh'
[53.945s] Level 1:colcon.colcon_core.environment:checking '/home/abc/planning_with_ros2/install/planning/bin'
[53.945s] Level 1:colcon.colcon_core.environment:checking '/home/abc/planning_with_ros2/install/planning/lib/pkgconfig/planning.pc'
[53.945s] Level 1:colcon.colcon_core.environment:checking '/home/abc/planning_with_ros2/install/planning/lib/python3.10/site-packages'
[53.946s] Level 1:colcon.colcon_core.environment:checking '/home/abc/planning_with_ros2/install/planning/bin'
[53.946s] INFO:colcon.colcon_core.shell:Creating package script '/home/abc/planning_with_ros2/install/planning/share/planning/package.ps1'
[53.946s] INFO:colcon.colcon_core.shell:Creating package descriptor '/home/abc/planning_with_ros2/install/planning/share/planning/package.dsv'
[53.947s] INFO:colcon.colcon_core.shell:Creating package script '/home/abc/planning_with_ros2/install/planning/share/planning/package.sh'
[53.947s] INFO:colcon.colcon_core.shell:Creating package script '/home/abc/planning_with_ros2/install/planning/share/planning/package.bash'
[53.948s] INFO:colcon.colcon_core.shell:Creating package script '/home/abc/planning_with_ros2/install/planning/share/planning/package.zsh'
[53.948s] Level 1:colcon.colcon_core.environment:create_file_with_runtime_dependencies(/home/abc/planning_with_ros2/install/planning/share/colcon-core/packages/planning)
[53.948s] DEBUG:colcon.colcon_parallel_executor.executor.parallel:closing loop
[53.948s] DEBUG:colcon.colcon_parallel_executor.executor.parallel:loop closed
[53.948s] DEBUG:colcon.colcon_parallel_executor.executor.parallel:run_until_complete finished with '0'
[53.948s] DEBUG:colcon.colcon_core.event_reactor:joining thread
[53.953s] INFO:colcon.colcon_core.plugin_system:Skipping extension 'colcon_notification.desktop_notification.terminal_notifier': Not used on non-Darwin systems
[53.953s] INFO:colcon.colcon_core.plugin_system:Skipping extension 'colcon_notification.desktop_notification.win32': Not used on non-Windows systems
[53.953s] INFO:colcon.colcon_notification.desktop_notification:Sending desktop notification using 'notify2'
[53.964s] DEBUG:colcon.colcon_core.event_reactor:joined thread
[53.964s] INFO:colcon.colcon_core.shell:Creating prefix script '/home/abc/planning_with_ros2/install/local_setup.ps1'
[53.965s] INFO:colcon.colcon_core.shell:Creating prefix util module '/home/abc/planning_with_ros2/install/_local_setup_util_ps1.py'
[53.966s] INFO:colcon.colcon_core.shell:Creating prefix chain script '/home/abc/planning_with_ros2/install/setup.ps1'
[53.967s] INFO:colcon.colcon_core.shell:Creating prefix script '/home/abc/planning_with_ros2/install/local_setup.sh'
[53.968s] INFO:colcon.colcon_core.shell:Creating prefix util module '/home/abc/planning_with_ros2/install/_local_setup_util_sh.py'
[53.969s] INFO:colcon.colcon_core.shell:Creating prefix chain script '/home/abc/planning_with_ros2/install/setup.sh'
[53.970s] INFO:colcon.colcon_core.shell:Creating prefix script '/home/abc/planning_with_ros2/install/local_setup.bash'
[53.970s] INFO:colcon.colcon_core.shell:Creating prefix chain script '/home/abc/planning_with_ros2/install/setup.bash'
[53.971s] INFO:colcon.colcon_core.shell:Creating prefix script '/home/abc/planning_with_ros2/install/local_setup.zsh'
[53.972s] INFO:colcon.colcon_core.shell:Creating prefix chain script '/home/abc/planning_with_ros2/install/setup.zsh'
