[0.243s] Invoking command in '/home/abc/planning_with_ros2/build/planning': CMAKE_PREFIX_PATH=/home/abc/planning_with_ros2/install/base_msgs:/home/abc/planning_with_ros2/install/planning:/home/abc/planning_with_ros2/install/data_plot:/opt/ros/humble /usr/local/bin/cmake --build /home/abc/planning_with_ros2/build/planning -- -j12 -l12
[0.260s] -- Found ament_cmake: 1.3.11 (/opt/ros/humble/share/ament_cmake/cmake)
[0.453s] -- Found rclcpp: 16.0.11 (/opt/ros/humble/share/rclcpp/cmake)
[0.487s] -- Found rosidl_generator_c: 3.1.6 (/opt/ros/humble/share/rosidl_generator_c/cmake)
[0.491s] -- Found rosidl_adapter: 3.1.6 (/opt/ros/humble/share/rosidl_adapter/cmake)
[0.498s] -- Found rosidl_generator_cpp: 3.1.6 (/opt/ros/humble/share/rosidl_generator_cpp/cmake)
[0.511s] -- Using all available rosidl_typesupport_c: rosidl_typesupport_fastrtps_c;rosidl_typesupport_introspection_c
[0.528s] -- Using all available rosidl_typesupport_cpp: rosidl_typesupport_fastrtps_cpp;rosidl_typesupport_introspection_cpp
[0.574s] -- Found rmw_implementation_cmake: 6.1.2 (/opt/ros/humble/share/rmw_implementation_cmake/cmake)
[0.576s] -- Found rmw_fastrtps_cpp: 6.2.7 (/opt/ros/humble/share/rmw_fastrtps_cpp/cmake)
[0.679s] -- Using RMW implementation 'rmw_fastrtps_cpp' as default
[0.748s] -- Found tf2: 0.25.9 (/opt/ros/humble/share/tf2/cmake)
[0.772s] -- Found tf2_ros: 0.25.9 (/opt/ros/humble/share/tf2_ros/cmake)
[0.892s] -- Found nav_msgs: 4.2.4 (/opt/ros/humble/share/nav_msgs/cmake)
[0.917s] -- Found visualization_msgs: 4.2.4 (/opt/ros/humble/share/visualization_msgs/cmake)
[0.974s] -- Found base_msgs: 0.0.0 (/home/abc/planning_with_ros2/install/base_msgs/share/base_msgs/cmake)
[1.009s] -- Found ament_lint_auto: 0.12.11 (/opt/ros/humble/share/ament_lint_auto/cmake)
[1.075s] -- Added test 'cppcheck' to perform static code analysis on C / C++ code
[1.076s] -- Configured cppcheck include dirs: /home/abc/planning_with_ros2/src/planning/src/common/config_reader;/home/abc/planning_with_ros2/src/planning/src/common/math;/home/abc/planning_with_ros2/src/planning/src/decision_center;/home/abc/planning_with_ros2/src/planning/src/pnc_map_creator;/home/abc/planning_with_ros2/src/planning/src/pnc_map_creator/pnc_map_straight;/home/abc/planning_with_ros2/src/planning/src/pnc_map_creator/pnc_map_sturn;/home/abc/planning_with_ros2/src/planning/src/global_planner;/home/abc/planning_with_ros2/src/planning/src/global_planner/global_planner_normal;/home/abc/planning_with_ros2/src/planning/src/local_planner;/home/abc/planning_with_ros2/src/planning/src/local_planner/local_path;/home/abc/planning_with_ros2/src/planning/src/local_planner/local_speeds;/home/abc/planning_with_ros2/src/planning/src/reference_line;/home/abc/planning_with_ros2/src/planning/src/vehicle_info;/home/abc/planning_with_ros2/src/planning/src/vehicle_info/main_car;/home/abc/planning_with_ros2/src/planning/src/vehicle_info/obs_car;/home/abc/planning_with_ros2/src/planning/src/planning_process;/home/abc/planning_with_ros2/src/planning/src/move_cmd
[1.076s] -- Configured cppcheck exclude dirs and/or files: 
[1.077s] -- Added test 'lint_cmake' to check CMake code style
[1.081s] -- Added test 'uncrustify' to check C / C++ code style
[1.081s] -- Configured uncrustify additional arguments: 
[1.082s] -- Added test 'xmllint' to check XML markup files
[1.083s] -- Configuring done (0.8s)
[1.154s] -- Generating done (0.1s)
[1.174s] -- Build files have been written to: /home/abc/planning_with_ros2/build/planning
[1.202s] [  5%] Built target obs_move_cmd
[1.202s] [ 11%] Built target config_reader
[1.204s] [ 17%] Built target decision_center
[1.204s] [ 25%] Built target mathlibs
[1.205s] [ 31%] Built target global_planner
[1.206s] [ 37%] Built target car_move_cmd
[1.207s] [ 45%] Built target pnc_map_creator
[1.208s] [ 54%] Built target planning_node
[1.211s] [ 57%] [32mBuilding CXX object src/vehicle_info/CMakeFiles/vehicle_info.dir/main_car/main_car_info.cpp.o[0m
[1.211s] [ 60%] [32mBuilding CXX object src/vehicle_info/CMakeFiles/vehicle_info.dir/obs_car/obs_car_info.cpp.o[0m
[1.218s] [ 65%] Built target global_path_server
[1.219s] [ 71%] Built target pnc_map_server
[1.220s] [ 88%] Built target local_planner
[1.223s] [ 97%] Built target reference_line
[3.830s] [100%] [32m[1mLinking CXX shared library libvehicle_info.so[0m
[3.917s] [100%] Built target vehicle_info
[3.920s] Invoked command in '/home/abc/planning_with_ros2/build/planning' returned '0': CMAKE_PREFIX_PATH=/home/abc/planning_with_ros2/install/base_msgs:/home/abc/planning_with_ros2/install/planning:/home/abc/planning_with_ros2/install/data_plot:/opt/ros/humble /usr/local/bin/cmake --build /home/abc/planning_with_ros2/build/planning -- -j12 -l12
[3.921s] Invoking command in '/home/abc/planning_with_ros2/build/planning': CMAKE_PREFIX_PATH=/home/abc/planning_with_ros2/install/base_msgs:/home/abc/planning_with_ros2/install/planning:/home/abc/planning_with_ros2/install/data_plot:/opt/ros/humble /usr/local/bin/cmake --install /home/abc/planning_with_ros2/build/planning
[3.923s] -- Install configuration: ""
[3.924s] -- Up-to-date: /home/abc/planning_with_ros2/install/planning/lib/libconfig_reader.so
[3.924s] -- Up-to-date: /home/abc/planning_with_ros2/install/planning/lib/libmathlibs.so
[3.924s] -- Up-to-date: /home/abc/planning_with_ros2/install/planning/lib/libdecision_center.so
[3.924s] -- Up-to-date: /home/abc/planning_with_ros2/install/planning/lib/libpnc_map_creator.so
[3.925s] -- Up-to-date: /home/abc/planning_with_ros2/install/planning/lib/planning/pnc_map_server
[3.925s] -- Up-to-date: /home/abc/planning_with_ros2/install/planning/lib/libglobal_planner.so
[3.925s] -- Up-to-date: /home/abc/planning_with_ros2/install/planning/lib/planning/global_path_server
[3.926s] -- Up-to-date: /home/abc/planning_with_ros2/install/planning/lib/liblocal_planner.so
[3.926s] -- Up-to-date: /home/abc/planning_with_ros2/install/planning/lib/planning/libreference_line.a
[3.926s] -- Installing: /home/abc/planning_with_ros2/install/planning/lib/libvehicle_info.so
[3.926s] -- Set non-toolchain portion of runtime path of "/home/abc/planning_with_ros2/install/planning/lib/libvehicle_info.so" to ""
[3.927s] -- Up-to-date: /home/abc/planning_with_ros2/install/planning/lib/planning/planning_node
[3.927s] -- Up-to-date: /home/abc/planning_with_ros2/install/planning/lib/planning/car_move_cmd
[3.927s] -- Up-to-date: /home/abc/planning_with_ros2/install/planning/lib/planning/obs_move_cmd
[3.927s] -- Up-to-date: /home/abc/planning_with_ros2/install/planning/share/planning/config
[3.928s] -- Up-to-date: /home/abc/planning_with_ros2/install/planning/share/planning/launch
[3.928s] -- Up-to-date: /home/abc/planning_with_ros2/install/planning/share/planning/urdf
[3.928s] -- Up-to-date: /home/abc/planning_with_ros2/install/planning/share/planning/urdf/main_car
[3.928s] -- Up-to-date: /home/abc/planning_with_ros2/install/planning/share/planning/urdf/obs_car
[3.928s] -- Up-to-date: /home/abc/planning_with_ros2/install/planning/share/planning/rviz
[3.928s] -- Up-to-date: /home/abc/planning_with_ros2/install/planning/share/ament_index/resource_index/package_run_dependencies/planning
[3.928s] -- Up-to-date: /home/abc/planning_with_ros2/install/planning/share/ament_index/resource_index/parent_prefix_path/planning
[3.928s] -- Up-to-date: /home/abc/planning_with_ros2/install/planning/share/planning/environment/ament_prefix_path.sh
[3.928s] -- Installing: /home/abc/planning_with_ros2/install/planning/share/planning/environment/ament_prefix_path.dsv
[3.928s] -- Up-to-date: /home/abc/planning_with_ros2/install/planning/share/planning/environment/path.sh
[3.928s] -- Installing: /home/abc/planning_with_ros2/install/planning/share/planning/environment/path.dsv
[3.928s] -- Up-to-date: /home/abc/planning_with_ros2/install/planning/share/planning/local_setup.bash
[3.928s] -- Up-to-date: /home/abc/planning_with_ros2/install/planning/share/planning/local_setup.sh
[3.929s] -- Up-to-date: /home/abc/planning_with_ros2/install/planning/share/planning/local_setup.zsh
[3.929s] -- Installing: /home/abc/planning_with_ros2/install/planning/share/planning/local_setup.dsv
[3.929s] -- Installing: /home/abc/planning_with_ros2/install/planning/share/planning/package.dsv
[3.929s] -- Up-to-date: /home/abc/planning_with_ros2/install/planning/share/ament_index/resource_index/packages/planning
[3.929s] -- Up-to-date: /home/abc/planning_with_ros2/install/planning/share/planning/cmake/planningConfig.cmake
[3.929s] -- Up-to-date: /home/abc/planning_with_ros2/install/planning/share/planning/cmake/planningConfig-version.cmake
[3.929s] -- Up-to-date: /home/abc/planning_with_ros2/install/planning/share/planning/package.xml
[3.930s] Invoked command in '/home/abc/planning_with_ros2/build/planning' returned '0': CMAKE_PREFIX_PATH=/home/abc/planning_with_ros2/install/base_msgs:/home/abc/planning_with_ros2/install/planning:/home/abc/planning_with_ros2/install/data_plot:/opt/ros/humble /usr/local/bin/cmake --install /home/abc/planning_with_ros2/build/planning
