[0.298s] Invoking command in '/home/abc/planning_with_ros2/build/planning': CMAKE_PREFIX_PATH=/home/abc/planning_with_ros2/install/base_msgs:/home/abc/planning_with_ros2/install/planning:/home/abc/planning_with_ros2/install/data_plot:/opt/ros/humble LD_LIBRARY_PATH=/home/abc/planning_with_ros2/install/base_msgs/lib:/home/abc/planning_with_ros2/install/planning/lib:/home/abc/planning_with_ros2/install/planning/lib:/home/abc/planning_with_ros2/install/planning/lib:/usr/lib/x86_64-linux-gnu/gazebo-11/plugins:/opt/ros/humble/opt/rviz_ogre_vendor/lib:/opt/ros/humble/lib/x86_64-linux-gnu:/opt/ros/humble/lib /usr/local/bin/cmake --build /home/abc/planning_with_ros2/build/planning -- -j12 -l12
[0.326s] [  8%] Built target pnc_map_creator
[0.326s] [ 14%] Built target config_reader
[0.327s] [ 22%] Built target mathlibs
[0.330s] [ 28%] Built target global_planner
[0.345s] [ 37%] Built target vehicle_info
[0.345s] [ 45%] Built target pnc_map_server
[0.345s] [ 48%] Built target global_path_server
[0.348s] [ 57%] Built target reference_line
[0.360s] [ 68%] Built target car_move_cmd
[0.361s] [ 68%] Built target decision_center
[0.362s] [ 74%] Built target obs_move_cmd
[0.381s] [ 91%] Built target local_planner
[0.399s] [ 94%] [32mBuilding CXX object src/planning_process/CMakeFiles/planning_process.dir/planning_process.cpp.o[0m
[4.470s] /home/abc/planning_with_ros2/src/planning/src/planning_process/planning_process.cpp: In instantiation of ‘[01m[Kbool Planning::PlanningProcess::connet_server(const T&) [with T = std::shared_ptr<rclcpp::Client<base_msgs::srv::PNCMapService> >][m[K’:
[4.470s] [01m[K/home/abc/planning_with_ros2/src/planning/src/planning_process/planning_process.cpp:31:27:[m[K   required from here
[4.470s] [01m[K/home/abc/planning_with_ros2/src/planning/src/planning_process/planning_process.cpp:77:26:[m[K [01;35m[Kwarning: [m[Kthe address of ‘[01m[Kbool rclcpp::ok(rclcpp::Context::SharedPtr)[m[K’ will never be NULL [[01;35m[K]8;;https://gcc.gnu.org/onlinedocs/gcc/Warning-Options.html#index-Waddress-Waddress]8;;[m[K]
[4.470s]    77 |             if (![01;35m[Krclcpp::ok[m[K)
[4.470s]       |                  [01;35m[K~~~~~~~~^~[m[K
[4.470s] /home/abc/planning_with_ros2/src/planning/src/planning_process/planning_process.cpp: In instantiation of ‘[01m[Kbool Planning::PlanningProcess::connet_server(const T&) [with T = std::shared_ptr<rclcpp::Client<base_msgs::srv::GlobalPathService> >][m[K’:
[4.470s] [01m[K/home/abc/planning_with_ros2/src/planning/src/planning_process/planning_process.cpp:43:27:[m[K   required from here
[4.470s] [01m[K/home/abc/planning_with_ros2/src/planning/src/planning_process/planning_process.cpp:77:26:[m[K [01;35m[Kwarning: [m[Kthe address of ‘[01m[Kbool rclcpp::ok(rclcpp::Context::SharedPtr)[m[K’ will never be NULL [[01;35m[K]8;;https://gcc.gnu.org/onlinedocs/gcc/Warning-Options.html#index-Waddress-Waddress]8;;[m[K]
[7.044s] [ 97%] [32m[1mLinking CXX executable planning_process[0m
[7.289s] [100%] Built target planning_process
[7.294s] Invoked command in '/home/abc/planning_with_ros2/build/planning' returned '0': CMAKE_PREFIX_PATH=/home/abc/planning_with_ros2/install/base_msgs:/home/abc/planning_with_ros2/install/planning:/home/abc/planning_with_ros2/install/data_plot:/opt/ros/humble LD_LIBRARY_PATH=/home/abc/planning_with_ros2/install/base_msgs/lib:/home/abc/planning_with_ros2/install/planning/lib:/home/abc/planning_with_ros2/install/planning/lib:/home/abc/planning_with_ros2/install/planning/lib:/usr/lib/x86_64-linux-gnu/gazebo-11/plugins:/opt/ros/humble/opt/rviz_ogre_vendor/lib:/opt/ros/humble/lib/x86_64-linux-gnu:/opt/ros/humble/lib /usr/local/bin/cmake --build /home/abc/planning_with_ros2/build/planning -- -j12 -l12
[7.295s] Invoking command in '/home/abc/planning_with_ros2/build/planning': CMAKE_PREFIX_PATH=/home/abc/planning_with_ros2/install/base_msgs:/home/abc/planning_with_ros2/install/planning:/home/abc/planning_with_ros2/install/data_plot:/opt/ros/humble LD_LIBRARY_PATH=/home/abc/planning_with_ros2/install/base_msgs/lib:/home/abc/planning_with_ros2/install/planning/lib:/home/abc/planning_with_ros2/install/planning/lib:/home/abc/planning_with_ros2/install/planning/lib:/usr/lib/x86_64-linux-gnu/gazebo-11/plugins:/opt/ros/humble/opt/rviz_ogre_vendor/lib:/opt/ros/humble/lib/x86_64-linux-gnu:/opt/ros/humble/lib /usr/local/bin/cmake --install /home/abc/planning_with_ros2/build/planning
[7.297s] -- Install configuration: ""
[7.298s] -- Up-to-date: /home/abc/planning_with_ros2/install/planning/lib/libconfig_reader.so
[7.298s] -- Up-to-date: /home/abc/planning_with_ros2/install/planning/lib/libmathlibs.so
[7.298s] -- Up-to-date: /home/abc/planning_with_ros2/install/planning/lib/libdecision_center.so
[7.299s] -- Up-to-date: /home/abc/planning_with_ros2/install/planning/lib/libpnc_map_creator.so
[7.299s] -- Up-to-date: /home/abc/planning_with_ros2/install/planning/lib/planning/pnc_map_server
[7.300s] -- Up-to-date: /home/abc/planning_with_ros2/install/planning/lib/libglobal_planner.so
[7.300s] -- Up-to-date: /home/abc/planning_with_ros2/install/planning/lib/planning/global_path_server
[7.301s] -- Up-to-date: /home/abc/planning_with_ros2/install/planning/lib/liblocal_planner.so
[7.301s] -- Up-to-date: /home/abc/planning_with_ros2/install/planning/lib/libreference_line.so
[7.301s] -- Up-to-date: /home/abc/planning_with_ros2/install/planning/lib/libvehicle_info.so
[7.302s] -- Installing: /home/abc/planning_with_ros2/install/planning/lib/planning/planning_process
[7.303s] -- Set non-toolchain portion of runtime path of "/home/abc/planning_with_ros2/install/planning/lib/planning/planning_process" to ""
[7.304s] -- Up-to-date: /home/abc/planning_with_ros2/install/planning/lib/planning/car_move_cmd
[7.304s] -- Up-to-date: /home/abc/planning_with_ros2/install/planning/lib/planning/obs_move_cmd
[7.304s] -- Up-to-date: /home/abc/planning_with_ros2/install/planning/share/planning/config
[7.304s] -- Up-to-date: /home/abc/planning_with_ros2/install/planning/share/planning/config/planning_static_obs_config.yaml
[7.304s] -- Up-to-date: /home/abc/planning_with_ros2/install/planning/share/planning/launch
[7.305s] -- Up-to-date: /home/abc/planning_with_ros2/install/planning/share/planning/launch/planning_launch.py
[7.305s] -- Up-to-date: /home/abc/planning_with_ros2/install/planning/share/planning/urdf
[7.305s] -- Up-to-date: /home/abc/planning_with_ros2/install/planning/share/planning/urdf/main_car
[7.305s] -- Up-to-date: /home/abc/planning_with_ros2/install/planning/share/planning/urdf/main_car/car_camera.xacro
[7.305s] -- Up-to-date: /home/abc/planning_with_ros2/install/planning/share/planning/urdf/main_car/car_base.xacro
[7.305s] -- Up-to-date: /home/abc/planning_with_ros2/install/planning/share/planning/urdf/main_car/car_radar.xacro
[7.305s] -- Up-to-date: /home/abc/planning_with_ros2/install/planning/share/planning/urdf/main_car/car.xacro
[7.305s] -- Up-to-date: /home/abc/planning_with_ros2/install/planning/share/planning/urdf/main_car/car_wheels.xacro
[7.306s] -- Up-to-date: /home/abc/planning_with_ros2/install/planning/share/planning/urdf/obs_car
[7.306s] -- Up-to-date: /home/abc/planning_with_ros2/install/planning/share/planning/rviz
[7.306s] -- Up-to-date: /home/abc/planning_with_ros2/install/planning/share/planning/rviz/planning.rviz
[7.306s] -- Up-to-date: /home/abc/planning_with_ros2/install/planning/share/ament_index/resource_index/package_run_dependencies/planning
[7.306s] -- Up-to-date: /home/abc/planning_with_ros2/install/planning/share/ament_index/resource_index/parent_prefix_path/planning
[7.306s] -- Up-to-date: /home/abc/planning_with_ros2/install/planning/share/planning/environment/ament_prefix_path.sh
[7.306s] -- Up-to-date: /home/abc/planning_with_ros2/install/planning/share/planning/environment/ament_prefix_path.dsv
[7.307s] -- Up-to-date: /home/abc/planning_with_ros2/install/planning/share/planning/environment/path.sh
[7.307s] -- Up-to-date: /home/abc/planning_with_ros2/install/planning/share/planning/environment/path.dsv
[7.308s] -- Up-to-date: /home/abc/planning_with_ros2/install/planning/share/planning/local_setup.bash
[7.308s] -- Up-to-date: /home/abc/planning_with_ros2/install/planning/share/planning/local_setup.sh
[7.308s] -- Up-to-date: /home/abc/planning_with_ros2/install/planning/share/planning/local_setup.zsh
[7.308s] -- Up-to-date: /home/abc/planning_with_ros2/install/planning/share/planning/local_setup.dsv
[7.308s] -- Installing: /home/abc/planning_with_ros2/install/planning/share/planning/package.dsv
[7.309s] -- Up-to-date: /home/abc/planning_with_ros2/install/planning/share/ament_index/resource_index/packages/planning
[7.309s] -- Up-to-date: /home/abc/planning_with_ros2/install/planning/share/planning/cmake/planningConfig.cmake
[7.309s] -- Up-to-date: /home/abc/planning_with_ros2/install/planning/share/planning/cmake/planningConfig-version.cmake
[7.309s] -- Up-to-date: /home/abc/planning_with_ros2/install/planning/share/planning/package.xml
[7.309s] Invoked command in '/home/abc/planning_with_ros2/build/planning' returned '0': CMAKE_PREFIX_PATH=/home/abc/planning_with_ros2/install/base_msgs:/home/abc/planning_with_ros2/install/planning:/home/abc/planning_with_ros2/install/data_plot:/opt/ros/humble LD_LIBRARY_PATH=/home/abc/planning_with_ros2/install/base_msgs/lib:/home/abc/planning_with_ros2/install/planning/lib:/home/abc/planning_with_ros2/install/planning/lib:/home/abc/planning_with_ros2/install/planning/lib:/usr/lib/x86_64-linux-gnu/gazebo-11/plugins:/opt/ros/humble/opt/rviz_ogre_vendor/lib:/opt/ros/humble/lib/x86_64-linux-gnu:/opt/ros/humble/lib /usr/local/bin/cmake --install /home/abc/planning_with_ros2/build/planning
