[0.290s] Invoking command in '/home/abc/planning_with_ros2/build/planning': CMAKE_PREFIX_PATH=/home/abc/planning_with_ros2/install/base_msgs:/home/abc/planning_with_ros2/install/planning:/home/abc/planning_with_ros2/install/data_plot:/opt/ros/humble LD_LIBRARY_PATH=/home/abc/planning_with_ros2/install/base_msgs/lib:/home/abc/planning_with_ros2/install/planning/lib:/home/abc/planning_with_ros2/install/planning/lib:/home/abc/planning_with_ros2/install/planning/lib:/usr/lib/x86_64-linux-gnu/gazebo-11/plugins:/opt/ros/humble/opt/rviz_ogre_vendor/lib:/opt/ros/humble/lib/x86_64-linux-gnu:/opt/ros/humble/lib /usr/local/bin/cmake --build /home/abc/planning_with_ros2/build/planning -- -j12 -l12
[0.319s] [  5%] Built target config_reader
[0.327s] [ 14%] Built target mathlibs
[0.337s] [ 20%] Built target global_planner
[0.341s] [ 28%] Built target pnc_map_creator
[0.343s] [ 37%] Built target vehicle_info
[0.362s] [ 54%] Built target global_path_server
[0.362s] [ 54%] Built target car_move_cmd
[0.362s] [ 54%] Built target decision_center
[0.362s] [ 60%] Built target obs_move_cmd
[0.362s] [ 65%] Built target pnc_map_server
[0.363s] [ 74%] Built target reference_line
[0.394s] [ 91%] Built target local_planner
[0.421s] [ 94%] [32mBuilding CXX object src/planning_process/CMakeFiles/planning_process.dir/planning_process.cpp.o[0m
[4.550s] [01m[K/home/abc/planning_with_ros2/src/planning/src/planning_process/planning_process.cpp:[m[K In member function ‘[01m[Kvoid Planning::PlanningProcess::get_location(const std::shared_ptr<Planning::VehicleBase>&)[m[K’:
[4.550s] [01m[K/home/abc/planning_with_ros2/src/planning/src/planning_process/planning_process.cpp:92:76:[m[K [01;35m[Kwarning: [m[Kunused parameter ‘[01m[Kvehicle[m[K’ [[01;35m[K]8;;https://gcc.gnu.org/onlinedocs/gcc/Warning-Options.html#index-Wunused-parameter-Wunused-parameter]8;;[m[K]
[4.550s]    92 |     void PlanningProcess::get_location([01;35m[Kconst std::shared_ptr<VehicleBase> &vehicle[m[K)
[4.550s]       |                                        [01;35m[K~~~~~~~~~~~~~~~~~~~~~~~~~~~~~~~~~~~~^~~~~~~[m[K
[13.316s] [ 97%] [32m[1mLinking CXX executable planning_process[0m
[14.032s] [100%] Built target planning_process
[14.036s] Invoked command in '/home/abc/planning_with_ros2/build/planning' returned '0': CMAKE_PREFIX_PATH=/home/abc/planning_with_ros2/install/base_msgs:/home/abc/planning_with_ros2/install/planning:/home/abc/planning_with_ros2/install/data_plot:/opt/ros/humble LD_LIBRARY_PATH=/home/abc/planning_with_ros2/install/base_msgs/lib:/home/abc/planning_with_ros2/install/planning/lib:/home/abc/planning_with_ros2/install/planning/lib:/home/abc/planning_with_ros2/install/planning/lib:/usr/lib/x86_64-linux-gnu/gazebo-11/plugins:/opt/ros/humble/opt/rviz_ogre_vendor/lib:/opt/ros/humble/lib/x86_64-linux-gnu:/opt/ros/humble/lib /usr/local/bin/cmake --build /home/abc/planning_with_ros2/build/planning -- -j12 -l12
[14.038s] Invoking command in '/home/abc/planning_with_ros2/build/planning': CMAKE_PREFIX_PATH=/home/abc/planning_with_ros2/install/base_msgs:/home/abc/planning_with_ros2/install/planning:/home/abc/planning_with_ros2/install/data_plot:/opt/ros/humble LD_LIBRARY_PATH=/home/abc/planning_with_ros2/install/base_msgs/lib:/home/abc/planning_with_ros2/install/planning/lib:/home/abc/planning_with_ros2/install/planning/lib:/home/abc/planning_with_ros2/install/planning/lib:/usr/lib/x86_64-linux-gnu/gazebo-11/plugins:/opt/ros/humble/opt/rviz_ogre_vendor/lib:/opt/ros/humble/lib/x86_64-linux-gnu:/opt/ros/humble/lib /usr/local/bin/cmake --install /home/abc/planning_with_ros2/build/planning
[14.039s] -- Install configuration: ""
[14.040s] -- Up-to-date: /home/abc/planning_with_ros2/install/planning/lib/libconfig_reader.so
[14.040s] -- Up-to-date: /home/abc/planning_with_ros2/install/planning/lib/libmathlibs.so
[14.040s] -- Up-to-date: /home/abc/planning_with_ros2/install/planning/lib/libdecision_center.so
[14.041s] -- Up-to-date: /home/abc/planning_with_ros2/install/planning/lib/libpnc_map_creator.so
[14.041s] -- Up-to-date: /home/abc/planning_with_ros2/install/planning/lib/planning/pnc_map_server
[14.042s] -- Up-to-date: /home/abc/planning_with_ros2/install/planning/lib/libglobal_planner.so
[14.042s] -- Up-to-date: /home/abc/planning_with_ros2/install/planning/lib/planning/global_path_server
[14.042s] -- Up-to-date: /home/abc/planning_with_ros2/install/planning/lib/liblocal_planner.so
[14.043s] -- Up-to-date: /home/abc/planning_with_ros2/install/planning/lib/libreference_line.so
[14.043s] -- Up-to-date: /home/abc/planning_with_ros2/install/planning/lib/libvehicle_info.so
[14.044s] -- Installing: /home/abc/planning_with_ros2/install/planning/lib/planning/planning_process
[14.048s] -- Set non-toolchain portion of runtime path of "/home/abc/planning_with_ros2/install/planning/lib/planning/planning_process" to ""
[14.048s] -- Up-to-date: /home/abc/planning_with_ros2/install/planning/lib/planning/car_move_cmd
[14.049s] -- Up-to-date: /home/abc/planning_with_ros2/install/planning/lib/planning/obs_move_cmd
[14.049s] -- Up-to-date: /home/abc/planning_with_ros2/install/planning/share/planning/config
[14.049s] -- Up-to-date: /home/abc/planning_with_ros2/install/planning/share/planning/config/planning_static_obs_config.yaml
[14.049s] -- Up-to-date: /home/abc/planning_with_ros2/install/planning/share/planning/launch
[14.049s] -- Up-to-date: /home/abc/planning_with_ros2/install/planning/share/planning/launch/planning_launch.py
[14.049s] -- Up-to-date: /home/abc/planning_with_ros2/install/planning/share/planning/urdf
[14.049s] -- Up-to-date: /home/abc/planning_with_ros2/install/planning/share/planning/urdf/main_car
[14.050s] -- Up-to-date: /home/abc/planning_with_ros2/install/planning/share/planning/urdf/main_car/car_camera.xacro
[14.050s] -- Up-to-date: /home/abc/planning_with_ros2/install/planning/share/planning/urdf/main_car/car_base.xacro
[14.050s] -- Up-to-date: /home/abc/planning_with_ros2/install/planning/share/planning/urdf/main_car/car_radar.xacro
[14.050s] -- Up-to-date: /home/abc/planning_with_ros2/install/planning/share/planning/urdf/main_car/car.xacro
[14.050s] -- Up-to-date: /home/abc/planning_with_ros2/install/planning/share/planning/urdf/main_car/car_wheels.xacro
[14.050s] -- Up-to-date: /home/abc/planning_with_ros2/install/planning/share/planning/urdf/obs_car
[14.050s] -- Up-to-date: /home/abc/planning_with_ros2/install/planning/share/planning/rviz
[14.050s] -- Up-to-date: /home/abc/planning_with_ros2/install/planning/share/planning/rviz/planning.rviz
[14.050s] -- Up-to-date: /home/abc/planning_with_ros2/install/planning/share/ament_index/resource_index/package_run_dependencies/planning
[14.050s] -- Up-to-date: /home/abc/planning_with_ros2/install/planning/share/ament_index/resource_index/parent_prefix_path/planning
[14.050s] -- Up-to-date: /home/abc/planning_with_ros2/install/planning/share/planning/environment/ament_prefix_path.sh
[14.050s] -- Up-to-date: /home/abc/planning_with_ros2/install/planning/share/planning/environment/ament_prefix_path.dsv
[14.050s] -- Up-to-date: /home/abc/planning_with_ros2/install/planning/share/planning/environment/path.sh
[14.051s] -- Up-to-date: /home/abc/planning_with_ros2/install/planning/share/planning/environment/path.dsv
[14.051s] -- Up-to-date: /home/abc/planning_with_ros2/install/planning/share/planning/local_setup.bash
[14.051s] -- Up-to-date: /home/abc/planning_with_ros2/install/planning/share/planning/local_setup.sh
[14.051s] -- Up-to-date: /home/abc/planning_with_ros2/install/planning/share/planning/local_setup.zsh
[14.051s] -- Up-to-date: /home/abc/planning_with_ros2/install/planning/share/planning/local_setup.dsv
[14.051s] -- Installing: /home/abc/planning_with_ros2/install/planning/share/planning/package.dsv
[14.051s] -- Up-to-date: /home/abc/planning_with_ros2/install/planning/share/ament_index/resource_index/packages/planning
[14.051s] -- Up-to-date: /home/abc/planning_with_ros2/install/planning/share/planning/cmake/planningConfig.cmake
[14.051s] -- Up-to-date: /home/abc/planning_with_ros2/install/planning/share/planning/cmake/planningConfig-version.cmake
[14.051s] -- Up-to-date: /home/abc/planning_with_ros2/install/planning/share/planning/package.xml
[14.052s] Invoked command in '/home/abc/planning_with_ros2/build/planning' returned '0': CMAKE_PREFIX_PATH=/home/abc/planning_with_ros2/install/base_msgs:/home/abc/planning_with_ros2/install/planning:/home/abc/planning_with_ros2/install/data_plot:/opt/ros/humble LD_LIBRARY_PATH=/home/abc/planning_with_ros2/install/base_msgs/lib:/home/abc/planning_with_ros2/install/planning/lib:/home/abc/planning_with_ros2/install/planning/lib:/home/abc/planning_with_ros2/install/planning/lib:/usr/lib/x86_64-linux-gnu/gazebo-11/plugins:/opt/ros/humble/opt/rviz_ogre_vendor/lib:/opt/ros/humble/lib/x86_64-linux-gnu:/opt/ros/humble/lib /usr/local/bin/cmake --install /home/abc/planning_with_ros2/build/planning
