[0.275s] Invoking command in '/home/abc/planning_with_ros2/build/planning': CMAKE_PREFIX_PATH=/home/abc/planning_with_ros2/install/base_msgs:/home/abc/planning_with_ros2/install/planning:/home/abc/planning_with_ros2/install/data_plot:/opt/ros/humble /usr/local/bin/cmake --build /home/abc/planning_with_ros2/build/planning -- -j12 -l12
[0.299s] [ 11%] Built target global_planner
[0.299s] [ 11%] Built target config_reader
[0.299s] [ 14%] [32mBuilding CXX object src/pnc_map_creator/CMakeFiles/pnc_map_creator.dir/pnc_map_straight/pnc_map_creator_straight.cpp.o[0m
[0.299s] [ 17%] [32mBuilding CXX object src/pnc_map_creator/CMakeFiles/pnc_map_creator.dir/pnc_map_sturn/pnc_map_creator_sturn.cpp.o[0m
[0.302s] [ 25%] Built target mathlibs
[0.312s] [ 31%] Built target global_path_server
[0.316s] [ 34%] [32mBuilding CXX object src/reference_line/CMakeFiles/reference_line.dir/reference_line_creator.cpp.o[0m
[0.317s] [ 42%] Built target vehicle_info
[0.317s] [ 45%] [32mBuilding CXX object src/reference_line/CMakeFiles/reference_line.dir/reference_line_smoother.cpp.o[0m
[0.331s] [ 51%] Built target car_move_cmd
[0.332s] [ 57%] Built target decision_center
[0.336s] [ 62%] Built target obs_move_cmd
[0.350s] [ 80%] Built target local_planner
[3.343s] [ 82%] [32m[1mLinking CXX shared library libpnc_map_creator.so[0m
[3.441s] [ 82%] Built target pnc_map_creator
[3.453s] [ 85%] [32mBuilding CXX object src/pnc_map_creator/CMakeFiles/pnc_map_server.dir/pnc_map_server.cpp.o[0m
[4.105s] [ 88%] [32m[1mLinking CXX shared library libreference_line.so[0m
[4.191s] [ 88%] Built target reference_line
[4.212s] [ 91%] [32mBuilding CXX object src/planning_process/CMakeFiles/planning_node.dir/planning_node.cpp.o[0m
[4.213s] [ 94%] [32mBuilding CXX object src/planning_process/CMakeFiles/planning_node.dir/planning_process.cpp.o[0m
[6.400s] [ 97%] [32m[1mLinking CXX executable pnc_map_server[0m
[6.509s] [ 97%] Built target pnc_map_server
[7.986s] [100%] [32m[1mLinking CXX executable planning_node[0m
[8.086s] [100%] Built target planning_node
[8.089s] Invoked command in '/home/abc/planning_with_ros2/build/planning' returned '0': CMAKE_PREFIX_PATH=/home/abc/planning_with_ros2/install/base_msgs:/home/abc/planning_with_ros2/install/planning:/home/abc/planning_with_ros2/install/data_plot:/opt/ros/humble /usr/local/bin/cmake --build /home/abc/planning_with_ros2/build/planning -- -j12 -l12
[8.090s] Invoking command in '/home/abc/planning_with_ros2/build/planning': CMAKE_PREFIX_PATH=/home/abc/planning_with_ros2/install/base_msgs:/home/abc/planning_with_ros2/install/planning:/home/abc/planning_with_ros2/install/data_plot:/opt/ros/humble /usr/local/bin/cmake --install /home/abc/planning_with_ros2/build/planning
[8.092s] -- Install configuration: ""
[8.092s] -- Up-to-date: /home/abc/planning_with_ros2/install/planning/lib/libconfig_reader.so
[8.092s] -- Up-to-date: /home/abc/planning_with_ros2/install/planning/lib/libmathlibs.so
[8.092s] -- Up-to-date: /home/abc/planning_with_ros2/install/planning/lib/libdecision_center.so
[8.093s] -- Installing: /home/abc/planning_with_ros2/install/planning/lib/libpnc_map_creator.so
[8.093s] -- Set non-toolchain portion of runtime path of "/home/abc/planning_with_ros2/install/planning/lib/libpnc_map_creator.so" to ""
[8.093s] -- Installing: /home/abc/planning_with_ros2/install/planning/lib/planning/pnc_map_server
[8.094s] -- Set non-toolchain portion of runtime path of "/home/abc/planning_with_ros2/install/planning/lib/planning/pnc_map_server" to ""
[8.094s] -- Up-to-date: /home/abc/planning_with_ros2/install/planning/lib/libglobal_planner.so
[8.094s] -- Up-to-date: /home/abc/planning_with_ros2/install/planning/lib/planning/global_path_server
[8.095s] -- Up-to-date: /home/abc/planning_with_ros2/install/planning/lib/liblocal_planner.so
[8.095s] -- Installing: /home/abc/planning_with_ros2/install/planning/lib/libreference_line.so
[8.095s] -- Set non-toolchain portion of runtime path of "/home/abc/planning_with_ros2/install/planning/lib/libreference_line.so" to ""
[8.095s] -- Up-to-date: /home/abc/planning_with_ros2/install/planning/lib/libvehicle_info.so
[8.096s] -- Installing: /home/abc/planning_with_ros2/install/planning/lib/planning/planning_node
[8.096s] -- Set non-toolchain portion of runtime path of "/home/abc/planning_with_ros2/install/planning/lib/planning/planning_node" to ""
[8.096s] -- Up-to-date: /home/abc/planning_with_ros2/install/planning/lib/planning/car_move_cmd
[8.097s] -- Up-to-date: /home/abc/planning_with_ros2/install/planning/lib/planning/obs_move_cmd
[8.097s] -- Up-to-date: /home/abc/planning_with_ros2/install/planning/share/planning/config
[8.097s] -- Up-to-date: /home/abc/planning_with_ros2/install/planning/share/planning/launch
[8.097s] -- Up-to-date: /home/abc/planning_with_ros2/install/planning/share/planning/urdf
[8.097s] -- Up-to-date: /home/abc/planning_with_ros2/install/planning/share/planning/urdf/main_car
[8.097s] -- Up-to-date: /home/abc/planning_with_ros2/install/planning/share/planning/urdf/obs_car
[8.097s] -- Up-to-date: /home/abc/planning_with_ros2/install/planning/share/planning/rviz
[8.097s] -- Up-to-date: /home/abc/planning_with_ros2/install/planning/share/ament_index/resource_index/package_run_dependencies/planning
[8.097s] -- Up-to-date: /home/abc/planning_with_ros2/install/planning/share/ament_index/resource_index/parent_prefix_path/planning
[8.097s] -- Up-to-date: /home/abc/planning_with_ros2/install/planning/share/planning/environment/ament_prefix_path.sh
[8.098s] -- Up-to-date: /home/abc/planning_with_ros2/install/planning/share/planning/environment/ament_prefix_path.dsv
[8.098s] -- Up-to-date: /home/abc/planning_with_ros2/install/planning/share/planning/environment/path.sh
[8.098s] -- Up-to-date: /home/abc/planning_with_ros2/install/planning/share/planning/environment/path.dsv
[8.098s] -- Up-to-date: /home/abc/planning_with_ros2/install/planning/share/planning/local_setup.bash
[8.098s] -- Up-to-date: /home/abc/planning_with_ros2/install/planning/share/planning/local_setup.sh
[8.098s] -- Up-to-date: /home/abc/planning_with_ros2/install/planning/share/planning/local_setup.zsh
[8.098s] -- Up-to-date: /home/abc/planning_with_ros2/install/planning/share/planning/local_setup.dsv
[8.098s] -- Installing: /home/abc/planning_with_ros2/install/planning/share/planning/package.dsv
[8.098s] -- Up-to-date: /home/abc/planning_with_ros2/install/planning/share/ament_index/resource_index/packages/planning
[8.098s] -- Up-to-date: /home/abc/planning_with_ros2/install/planning/share/planning/cmake/planningConfig.cmake
[8.098s] -- Up-to-date: /home/abc/planning_with_ros2/install/planning/share/planning/cmake/planningConfig-version.cmake
[8.098s] -- Up-to-date: /home/abc/planning_with_ros2/install/planning/share/planning/package.xml
[8.099s] Invoked command in '/home/abc/planning_with_ros2/build/planning' returned '0': CMAKE_PREFIX_PATH=/home/abc/planning_with_ros2/install/base_msgs:/home/abc/planning_with_ros2/install/planning:/home/abc/planning_with_ros2/install/data_plot:/opt/ros/humble /usr/local/bin/cmake --install /home/abc/planning_with_ros2/build/planning
