[0.105s] DEBUG:colcon:Command line arguments: ['/usr/bin/colcon', 'build']
[0.105s] DEBUG:colcon:Parsed command line arguments: Namespace(log_base=None, log_level=None, verb_name='build', build_base='build', install_base='install', merge_install=False, symlink_install=False, test_result_base=None, continue_on_error=False, executor='parallel', parallel_workers=12, event_handlers=None, ignore_user_meta=False, metas=['./colcon.meta'], base_paths=['.'], packages_ignore=None, packages_ignore_regex=None, paths=None, packages_up_to=None, packages_up_to_regex=None, packages_above=None, packages_above_and_dependencies=None, packages_above_depth=None, packages_select_by_dep=None, packages_skip_by_dep=None, packages_skip_up_to=None, packages_select_build_failed=False, packages_skip_build_finished=False, packages_select_test_failures=False, packages_skip_test_passed=False, packages_select=None, packages_skip=None, packages_select_regex=None, packages_skip_regex=None, packages_start=None, packages_end=None, allow_overriding=[], cmake_args=None, cmake_target=None, cmake_target_skip_unavailable=False, cmake_clean_cache=False, cmake_clean_first=False, cmake_force_configure=False, ament_cmake_args=None, catkin_cmake_args=None, catkin_skip_building_tests=False, verb_parser=<colcon_defaults.argument_parser.defaults.DefaultArgumentsDecorator object at 0x75a9fb064d30>, verb_extension=<colcon_core.verb.build.BuildVerb object at 0x75a9fb1d5420>, main=<bound method BuildVerb.main of <colcon_core.verb.build.BuildVerb object at 0x75a9fb1d5420>>)
[0.264s] Level 1:colcon.colcon_core.package_discovery:discover_packages(colcon_meta) check parameters
[0.264s] Level 1:colcon.colcon_core.package_discovery:discover_packages(recursive) check parameters
[0.264s] Level 1:colcon.colcon_core.package_discovery:discover_packages(ignore) check parameters
[0.264s] Level 1:colcon.colcon_core.package_discovery:discover_packages(path) check parameters
[0.264s] Level 1:colcon.colcon_core.package_discovery:discover_packages(colcon_meta) discover
[0.264s] Level 1:colcon.colcon_core.package_discovery:discover_packages(recursive) discover
[0.264s] INFO:colcon.colcon_core.package_discovery:Crawling recursively for packages in '/home/abc/planning_with_ros2'
[0.264s] Level 1:colcon.colcon_core.package_identification:_identify(.) by extensions ['ignore', 'ignore_ament_install']
[0.264s] Level 1:colcon.colcon_core.package_identification:_identify(.) by extension 'ignore'
[0.264s] Level 1:colcon.colcon_core.package_identification:_identify(.) by extension 'ignore_ament_install'
[0.264s] Level 1:colcon.colcon_core.package_identification:_identify(.) by extensions ['colcon_pkg']
[0.264s] Level 1:colcon.colcon_core.package_identification:_identify(.) by extension 'colcon_pkg'
[0.265s] Level 1:colcon.colcon_core.package_identification:_identify(.) by extensions ['colcon_meta']
[0.265s] Level 1:colcon.colcon_core.package_identification:_identify(.) by extension 'colcon_meta'
[0.265s] Level 1:colcon.colcon_core.package_identification:_identify(.) by extensions ['ros']
[0.265s] Level 1:colcon.colcon_core.package_identification:_identify(.) by extension 'ros'
[0.275s] Level 1:colcon.colcon_core.package_identification:_identify(.) by extensions ['cmake', 'python']
[0.275s] Level 1:colcon.colcon_core.package_identification:_identify(.) by extension 'cmake'
[0.275s] Level 1:colcon.colcon_core.package_identification:_identify(.) by extension 'python'
[0.275s] Level 1:colcon.colcon_core.package_identification:_identify(.) by extensions ['python_setup_py']
[0.275s] Level 1:colcon.colcon_core.package_identification:_identify(.) by extension 'python_setup_py'
[0.275s] Level 1:colcon.colcon_core.package_identification:_identify(build) by extensions ['ignore', 'ignore_ament_install']
[0.275s] Level 1:colcon.colcon_core.package_identification:_identify(build) by extension 'ignore'
[0.276s] Level 1:colcon.colcon_core.package_identification:_identify(build) ignored
[0.276s] Level 1:colcon.colcon_core.package_identification:_identify(doc) by extensions ['ignore', 'ignore_ament_install']
[0.276s] Level 1:colcon.colcon_core.package_identification:_identify(doc) by extension 'ignore'
[0.276s] Level 1:colcon.colcon_core.package_identification:_identify(doc) by extension 'ignore_ament_install'
[0.276s] Level 1:colcon.colcon_core.package_identification:_identify(doc) by extensions ['colcon_pkg']
[0.276s] Level 1:colcon.colcon_core.package_identification:_identify(doc) by extension 'colcon_pkg'
[0.276s] Level 1:colcon.colcon_core.package_identification:_identify(doc) by extensions ['colcon_meta']
[0.276s] Level 1:colcon.colcon_core.package_identification:_identify(doc) by extension 'colcon_meta'
[0.276s] Level 1:colcon.colcon_core.package_identification:_identify(doc) by extensions ['ros']
[0.276s] Level 1:colcon.colcon_core.package_identification:_identify(doc) by extension 'ros'
[0.276s] Level 1:colcon.colcon_core.package_identification:_identify(doc) by extensions ['cmake', 'python']
[0.276s] Level 1:colcon.colcon_core.package_identification:_identify(doc) by extension 'cmake'
[0.276s] Level 1:colcon.colcon_core.package_identification:_identify(doc) by extension 'python'
[0.277s] Level 1:colcon.colcon_core.package_identification:_identify(doc) by extensions ['python_setup_py']
[0.277s] Level 1:colcon.colcon_core.package_identification:_identify(doc) by extension 'python_setup_py'
[0.277s] Level 1:colcon.colcon_core.package_identification:_identify(install) by extensions ['ignore', 'ignore_ament_install']
[0.277s] Level 1:colcon.colcon_core.package_identification:_identify(install) by extension 'ignore'
[0.277s] Level 1:colcon.colcon_core.package_identification:_identify(install) ignored
[0.277s] Level 1:colcon.colcon_core.package_identification:_identify(log) by extensions ['ignore', 'ignore_ament_install']
[0.277s] Level 1:colcon.colcon_core.package_identification:_identify(log) by extension 'ignore'
[0.277s] Level 1:colcon.colcon_core.package_identification:_identify(log) ignored
[0.277s] Level 1:colcon.colcon_core.package_identification:_identify(src) by extensions ['ignore', 'ignore_ament_install']
[0.277s] Level 1:colcon.colcon_core.package_identification:_identify(src) by extension 'ignore'
[0.277s] Level 1:colcon.colcon_core.package_identification:_identify(src) by extension 'ignore_ament_install'
[0.278s] Level 1:colcon.colcon_core.package_identification:_identify(src) by extensions ['colcon_pkg']
[0.278s] Level 1:colcon.colcon_core.package_identification:_identify(src) by extension 'colcon_pkg'
[0.278s] Level 1:colcon.colcon_core.package_identification:_identify(src) by extensions ['colcon_meta']
[0.278s] Level 1:colcon.colcon_core.package_identification:_identify(src) by extension 'colcon_meta'
[0.278s] Level 1:colcon.colcon_core.package_identification:_identify(src) by extensions ['ros']
[0.278s] Level 1:colcon.colcon_core.package_identification:_identify(src) by extension 'ros'
[0.278s] Level 1:colcon.colcon_core.package_identification:_identify(src) by extensions ['cmake', 'python']
[0.278s] Level 1:colcon.colcon_core.package_identification:_identify(src) by extension 'cmake'
[0.278s] Level 1:colcon.colcon_core.package_identification:_identify(src) by extension 'python'
[0.278s] Level 1:colcon.colcon_core.package_identification:_identify(src) by extensions ['python_setup_py']
[0.278s] Level 1:colcon.colcon_core.package_identification:_identify(src) by extension 'python_setup_py'
[0.278s] Level 1:colcon.colcon_core.package_identification:_identify(src/base_msgs) by extensions ['ignore', 'ignore_ament_install']
[0.278s] Level 1:colcon.colcon_core.package_identification:_identify(src/base_msgs) by extension 'ignore'
[0.278s] Level 1:colcon.colcon_core.package_identification:_identify(src/base_msgs) by extension 'ignore_ament_install'
[0.279s] Level 1:colcon.colcon_core.package_identification:_identify(src/base_msgs) by extensions ['colcon_pkg']
[0.279s] Level 1:colcon.colcon_core.package_identification:_identify(src/base_msgs) by extension 'colcon_pkg'
[0.279s] Level 1:colcon.colcon_core.package_identification:_identify(src/base_msgs) by extensions ['colcon_meta']
[0.279s] Level 1:colcon.colcon_core.package_identification:_identify(src/base_msgs) by extension 'colcon_meta'
[0.279s] Level 1:colcon.colcon_core.package_identification:_identify(src/base_msgs) by extensions ['ros']
[0.279s] Level 1:colcon.colcon_core.package_identification:_identify(src/base_msgs) by extension 'ros'
[0.281s] DEBUG:colcon.colcon_core.package_identification:Package 'src/base_msgs' with type 'ros.ament_cmake' and name 'base_msgs'
[0.281s] Level 1:colcon.colcon_core.package_identification:_identify(src/data_plot) by extensions ['ignore', 'ignore_ament_install']
[0.282s] Level 1:colcon.colcon_core.package_identification:_identify(src/data_plot) by extension 'ignore'
[0.282s] Level 1:colcon.colcon_core.package_identification:_identify(src/data_plot) by extension 'ignore_ament_install'
[0.282s] Level 1:colcon.colcon_core.package_identification:_identify(src/data_plot) by extensions ['colcon_pkg']
[0.282s] Level 1:colcon.colcon_core.package_identification:_identify(src/data_plot) by extension 'colcon_pkg'
[0.282s] Level 1:colcon.colcon_core.package_identification:_identify(src/data_plot) by extensions ['colcon_meta']
[0.282s] Level 1:colcon.colcon_core.package_identification:_identify(src/data_plot) by extension 'colcon_meta'
[0.282s] Level 1:colcon.colcon_core.package_identification:_identify(src/data_plot) by extensions ['ros']
[0.282s] Level 1:colcon.colcon_core.package_identification:_identify(src/data_plot) by extension 'ros'
[0.283s] DEBUG:colcon.colcon_core.package_identification:Package 'src/data_plot' with type 'ros.ament_python' and name 'data_plot'
[0.283s] Level 1:colcon.colcon_core.package_identification:_identify(src/planning) by extensions ['ignore', 'ignore_ament_install']
[0.283s] Level 1:colcon.colcon_core.package_identification:_identify(src/planning) by extension 'ignore'
[0.283s] Level 1:colcon.colcon_core.package_identification:_identify(src/planning) by extension 'ignore_ament_install'
[0.283s] Level 1:colcon.colcon_core.package_identification:_identify(src/planning) by extensions ['colcon_pkg']
[0.283s] Level 1:colcon.colcon_core.package_identification:_identify(src/planning) by extension 'colcon_pkg'
[0.283s] Level 1:colcon.colcon_core.package_identification:_identify(src/planning) by extensions ['colcon_meta']
[0.283s] Level 1:colcon.colcon_core.package_identification:_identify(src/planning) by extension 'colcon_meta'
[0.283s] Level 1:colcon.colcon_core.package_identification:_identify(src/planning) by extensions ['ros']
[0.283s] Level 1:colcon.colcon_core.package_identification:_identify(src/planning) by extension 'ros'
[0.284s] DEBUG:colcon.colcon_core.package_identification:Package 'src/planning' with type 'ros.ament_cmake' and name 'planning'
[0.284s] Level 1:colcon.colcon_core.package_discovery:discover_packages(recursive) using defaults
[0.285s] Level 1:colcon.colcon_core.package_discovery:discover_packages(ignore) discover
[0.285s] Level 1:colcon.colcon_core.package_discovery:discover_packages(ignore) using defaults
[0.285s] Level 1:colcon.colcon_core.package_discovery:discover_packages(path) discover
[0.285s] Level 1:colcon.colcon_core.package_discovery:discover_packages(path) using defaults
[0.310s] Level 1:colcon.colcon_core.package_discovery:discover_packages(prefix_path) check parameters
[0.310s] Level 1:colcon.colcon_core.package_discovery:discover_packages(prefix_path) discover
[0.311s] WARNING:colcon.colcon_ros.prefix_path.ament:The path '/home/abc/planning_with_ros2/install/planning' in the environment variable AMENT_PREFIX_PATH doesn't exist
[0.311s] WARNING:colcon.colcon_ros.prefix_path.ament:The path '/home/abc/planning_with_ros2/install/data_plot' in the environment variable AMENT_PREFIX_PATH doesn't exist
[0.311s] WARNING:colcon.colcon_ros.prefix_path.ament:The path '/home/abc/planning_with_ros2/install/base_msgs' in the environment variable AMENT_PREFIX_PATH doesn't exist
[0.312s] WARNING:colcon.colcon_ros.prefix_path.catkin:The path '/home/abc/planning_with_ros2/install/planning' in the environment variable CMAKE_PREFIX_PATH doesn't exist
[0.312s] WARNING:colcon.colcon_ros.prefix_path.catkin:The path '/home/abc/planning_with_ros2/install/base_msgs' in the environment variable CMAKE_PREFIX_PATH doesn't exist
[0.312s] DEBUG:colcon.colcon_installed_package_information.package_discovery:Found 0 installed packages in /home/abc/planning_with_ros2/install
[0.313s] DEBUG:colcon.colcon_installed_package_information.package_discovery:Found 3 installed packages in /home/abc/perception_with_ros2/install
[0.314s] DEBUG:colcon.colcon_installed_package_information.package_discovery:Found 323 installed packages in /opt/ros/humble
[0.316s] Level 1:colcon.colcon_core.package_discovery:discover_packages(prefix_path) using defaults
[0.357s] Level 5:colcon.colcon_core.verb:set package 'base_msgs' build argument 'cmake_args' from command line to 'None'
[0.357s] Level 5:colcon.colcon_core.verb:set package 'base_msgs' build argument 'cmake_target' from command line to 'None'
[0.357s] Level 5:colcon.colcon_core.verb:set package 'base_msgs' build argument 'cmake_target_skip_unavailable' from command line to 'False'
[0.357s] Level 5:colcon.colcon_core.verb:set package 'base_msgs' build argument 'cmake_clean_cache' from command line to 'False'
[0.357s] Level 5:colcon.colcon_core.verb:set package 'base_msgs' build argument 'cmake_clean_first' from command line to 'False'
[0.357s] Level 5:colcon.colcon_core.verb:set package 'base_msgs' build argument 'cmake_force_configure' from command line to 'False'
[0.357s] Level 5:colcon.colcon_core.verb:set package 'base_msgs' build argument 'ament_cmake_args' from command line to 'None'
[0.357s] Level 5:colcon.colcon_core.verb:set package 'base_msgs' build argument 'catkin_cmake_args' from command line to 'None'
[0.357s] Level 5:colcon.colcon_core.verb:set package 'base_msgs' build argument 'catkin_skip_building_tests' from command line to 'False'
[0.357s] DEBUG:colcon.colcon_core.verb:Building package 'base_msgs' with the following arguments: {'ament_cmake_args': None, 'build_base': '/home/abc/planning_with_ros2/build/base_msgs', 'catkin_cmake_args': None, 'catkin_skip_building_tests': False, 'cmake_args': None, 'cmake_clean_cache': False, 'cmake_clean_first': False, 'cmake_force_configure': False, 'cmake_target': None, 'cmake_target_skip_unavailable': False, 'install_base': '/home/abc/planning_with_ros2/install/base_msgs', 'merge_install': False, 'path': '/home/abc/planning_with_ros2/src/base_msgs', 'symlink_install': False, 'test_result_base': None}
[0.358s] Level 5:colcon.colcon_core.verb:set package 'data_plot' build argument 'cmake_args' from command line to 'None'
[0.358s] Level 5:colcon.colcon_core.verb:set package 'data_plot' build argument 'cmake_target' from command line to 'None'
[0.358s] Level 5:colcon.colcon_core.verb:set package 'data_plot' build argument 'cmake_target_skip_unavailable' from command line to 'False'
[0.358s] Level 5:colcon.colcon_core.verb:set package 'data_plot' build argument 'cmake_clean_cache' from command line to 'False'
[0.358s] Level 5:colcon.colcon_core.verb:set package 'data_plot' build argument 'cmake_clean_first' from command line to 'False'
[0.358s] Level 5:colcon.colcon_core.verb:set package 'data_plot' build argument 'cmake_force_configure' from command line to 'False'
[0.358s] Level 5:colcon.colcon_core.verb:set package 'data_plot' build argument 'ament_cmake_args' from command line to 'None'
[0.358s] Level 5:colcon.colcon_core.verb:set package 'data_plot' build argument 'catkin_cmake_args' from command line to 'None'
[0.358s] Level 5:colcon.colcon_core.verb:set package 'data_plot' build argument 'catkin_skip_building_tests' from command line to 'False'
[0.358s] DEBUG:colcon.colcon_core.verb:Building package 'data_plot' with the following arguments: {'ament_cmake_args': None, 'build_base': '/home/abc/planning_with_ros2/build/data_plot', 'catkin_cmake_args': None, 'catkin_skip_building_tests': False, 'cmake_args': None, 'cmake_clean_cache': False, 'cmake_clean_first': False, 'cmake_force_configure': False, 'cmake_target': None, 'cmake_target_skip_unavailable': False, 'install_base': '/home/abc/planning_with_ros2/install/data_plot', 'merge_install': False, 'path': '/home/abc/planning_with_ros2/src/data_plot', 'symlink_install': False, 'test_result_base': None}
[0.359s] Level 5:colcon.colcon_core.verb:set package 'planning' build argument 'cmake_args' from command line to 'None'
[0.359s] Level 5:colcon.colcon_core.verb:set package 'planning' build argument 'cmake_target' from command line to 'None'
[0.359s] Level 5:colcon.colcon_core.verb:set package 'planning' build argument 'cmake_target_skip_unavailable' from command line to 'False'
[0.359s] Level 5:colcon.colcon_core.verb:set package 'planning' build argument 'cmake_clean_cache' from command line to 'False'
[0.359s] Level 5:colcon.colcon_core.verb:set package 'planning' build argument 'cmake_clean_first' from command line to 'False'
[0.359s] Level 5:colcon.colcon_core.verb:set package 'planning' build argument 'cmake_force_configure' from command line to 'False'
[0.359s] Level 5:colcon.colcon_core.verb:set package 'planning' build argument 'ament_cmake_args' from command line to 'None'
[0.359s] Level 5:colcon.colcon_core.verb:set package 'planning' build argument 'catkin_cmake_args' from command line to 'None'
[0.359s] Level 5:colcon.colcon_core.verb:set package 'planning' build argument 'catkin_skip_building_tests' from command line to 'False'
[0.359s] DEBUG:colcon.colcon_core.verb:Building package 'planning' with the following arguments: {'ament_cmake_args': None, 'build_base': '/home/abc/planning_with_ros2/build/planning', 'catkin_cmake_args': None, 'catkin_skip_building_tests': False, 'cmake_args': None, 'cmake_clean_cache': False, 'cmake_clean_first': False, 'cmake_force_configure': False, 'cmake_target': None, 'cmake_target_skip_unavailable': False, 'install_base': '/home/abc/planning_with_ros2/install/planning', 'merge_install': False, 'path': '/home/abc/planning_with_ros2/src/planning', 'symlink_install': False, 'test_result_base': None}
[0.359s] INFO:colcon.colcon_core.executor:Executing jobs using 'parallel' executor
[0.360s] DEBUG:colcon.colcon_parallel_executor.executor.parallel:run_until_complete
[0.360s] INFO:colcon.colcon_ros.task.ament_cmake.build:Building ROS package in '/home/abc/planning_with_ros2/src/base_msgs' with build type 'ament_cmake'
[0.360s] INFO:colcon.colcon_cmake.task.cmake.build:Building CMake package in '/home/abc/planning_with_ros2/src/base_msgs'
[0.362s] INFO:colcon.colcon_core.plugin_system:Skipping extension 'colcon_core.shell.bat': Not used on non-Windows systems
[0.362s] INFO:colcon.colcon_core.shell:Skip shell extension 'powershell' for command environment: Not usable outside of PowerShell
[0.362s] DEBUG:colcon.colcon_core.shell:Skip shell extension 'dsv' for command environment
[0.371s] DEBUG:colcon.colcon_core.event_handler.log_command:Invoking command in '/home/abc/planning_with_ros2/build/base_msgs': CMAKE_PREFIX_PATH=${CMAKE_PREFIX_PATH}:/home/abc/planning_with_ros2/install/data_plot:/home/abc/perception_with_ros2/install/data_plot_per:/opt/ros/humble /usr/local/bin/cmake /home/abc/planning_with_ros2/src/base_msgs -DCMAKE_INSTALL_PREFIX=/home/abc/planning_with_ros2/install/base_msgs
[3.268s] DEBUG:colcon.colcon_core.event_handler.log_command:Invoked command in '/home/abc/planning_with_ros2/build/base_msgs' returned '0': CMAKE_PREFIX_PATH=${CMAKE_PREFIX_PATH}:/home/abc/planning_with_ros2/install/data_plot:/home/abc/perception_with_ros2/install/data_plot_per:/opt/ros/humble /usr/local/bin/cmake /home/abc/planning_with_ros2/src/base_msgs -DCMAKE_INSTALL_PREFIX=/home/abc/planning_with_ros2/install/base_msgs
[3.268s] DEBUG:colcon.colcon_core.event_handler.log_command:Invoking command in '/home/abc/planning_with_ros2/build/base_msgs': CMAKE_PREFIX_PATH=${CMAKE_PREFIX_PATH}:/home/abc/planning_with_ros2/install/data_plot:/home/abc/perception_with_ros2/install/data_plot_per:/opt/ros/humble /usr/local/bin/cmake --build /home/abc/planning_with_ros2/build/base_msgs -- -j12 -l12
[11.988s] DEBUG:colcon.colcon_core.event_handler.log_command:Invoked command in '/home/abc/planning_with_ros2/build/base_msgs' returned '0': CMAKE_PREFIX_PATH=${CMAKE_PREFIX_PATH}:/home/abc/planning_with_ros2/install/data_plot:/home/abc/perception_with_ros2/install/data_plot_per:/opt/ros/humble /usr/local/bin/cmake --build /home/abc/planning_with_ros2/build/base_msgs -- -j12 -l12
[11.991s] DEBUG:colcon.colcon_core.event_handler.log_command:Invoking command in '/home/abc/planning_with_ros2/build/base_msgs': CMAKE_PREFIX_PATH=${CMAKE_PREFIX_PATH}:/home/abc/planning_with_ros2/install/data_plot:/home/abc/perception_with_ros2/install/data_plot_per:/opt/ros/humble /usr/local/bin/cmake --install /home/abc/planning_with_ros2/build/base_msgs
[12.078s] Level 1:colcon.colcon_core.environment:create_environment_scripts_only(base_msgs)
[12.078s] DEBUG:colcon.colcon_core.event_handler.log_command:Invoked command in '/home/abc/planning_with_ros2/build/base_msgs' returned '0': CMAKE_PREFIX_PATH=${CMAKE_PREFIX_PATH}:/home/abc/planning_with_ros2/install/data_plot:/home/abc/perception_with_ros2/install/data_plot_per:/opt/ros/humble /usr/local/bin/cmake --install /home/abc/planning_with_ros2/build/base_msgs
[12.080s] Level 1:colcon.colcon_core.environment:checking '/home/abc/planning_with_ros2/install/base_msgs' for CMake module files
[12.081s] Level 1:colcon.colcon_core.environment:checking '/home/abc/planning_with_ros2/install/base_msgs' for CMake config files
[12.081s] Level 1:colcon.colcon_core.shell:create_environment_hook('base_msgs', 'cmake_prefix_path')
[12.081s] INFO:colcon.colcon_core.shell:Creating environment hook '/home/abc/planning_with_ros2/install/base_msgs/share/base_msgs/hook/cmake_prefix_path.ps1'
[12.082s] INFO:colcon.colcon_core.shell:Creating environment descriptor '/home/abc/planning_with_ros2/install/base_msgs/share/base_msgs/hook/cmake_prefix_path.dsv'
[12.082s] INFO:colcon.colcon_core.shell:Creating environment hook '/home/abc/planning_with_ros2/install/base_msgs/share/base_msgs/hook/cmake_prefix_path.sh'
[12.083s] Level 1:colcon.colcon_core.environment:checking '/home/abc/planning_with_ros2/install/base_msgs/lib'
[12.083s] Level 1:colcon.colcon_core.shell:create_environment_hook('base_msgs', 'ld_library_path_lib')
[12.083s] INFO:colcon.colcon_core.shell:Creating environment hook '/home/abc/planning_with_ros2/install/base_msgs/share/base_msgs/hook/ld_library_path_lib.ps1'
[12.083s] INFO:colcon.colcon_core.shell:Creating environment descriptor '/home/abc/planning_with_ros2/install/base_msgs/share/base_msgs/hook/ld_library_path_lib.dsv'
[12.084s] INFO:colcon.colcon_core.shell:Creating environment hook '/home/abc/planning_with_ros2/install/base_msgs/share/base_msgs/hook/ld_library_path_lib.sh'
[12.084s] Level 1:colcon.colcon_core.environment:checking '/home/abc/planning_with_ros2/install/base_msgs/bin'
[12.084s] Level 1:colcon.colcon_core.environment:checking '/home/abc/planning_with_ros2/install/base_msgs/lib/pkgconfig/base_msgs.pc'
[12.084s] Level 1:colcon.colcon_core.environment:checking '/home/abc/planning_with_ros2/install/base_msgs/lib/python3.10/site-packages'
[12.085s] Level 1:colcon.colcon_core.environment:checking '/home/abc/planning_with_ros2/install/base_msgs/bin'
[12.085s] INFO:colcon.colcon_core.shell:Creating package script '/home/abc/planning_with_ros2/install/base_msgs/share/base_msgs/package.ps1'
[12.086s] INFO:colcon.colcon_core.shell:Creating package descriptor '/home/abc/planning_with_ros2/install/base_msgs/share/base_msgs/package.dsv'
[12.086s] INFO:colcon.colcon_core.shell:Creating package script '/home/abc/planning_with_ros2/install/base_msgs/share/base_msgs/package.sh'
[12.087s] INFO:colcon.colcon_core.shell:Creating package script '/home/abc/planning_with_ros2/install/base_msgs/share/base_msgs/package.bash'
[12.087s] INFO:colcon.colcon_core.shell:Creating package script '/home/abc/planning_with_ros2/install/base_msgs/share/base_msgs/package.zsh'
[12.088s] Level 1:colcon.colcon_core.environment:create_file_with_runtime_dependencies(/home/abc/planning_with_ros2/install/base_msgs/share/colcon-core/packages/base_msgs)
[12.088s] Level 1:colcon.colcon_core.environment:create_environment_scripts_only(base_msgs)
[12.089s] Level 1:colcon.colcon_core.environment:checking '/home/abc/planning_with_ros2/install/base_msgs' for CMake module files
[12.089s] Level 1:colcon.colcon_core.environment:checking '/home/abc/planning_with_ros2/install/base_msgs' for CMake config files
[12.089s] Level 1:colcon.colcon_core.shell:create_environment_hook('base_msgs', 'cmake_prefix_path')
[12.089s] INFO:colcon.colcon_core.shell:Creating environment hook '/home/abc/planning_with_ros2/install/base_msgs/share/base_msgs/hook/cmake_prefix_path.ps1'
[12.090s] INFO:colcon.colcon_core.shell:Creating environment descriptor '/home/abc/planning_with_ros2/install/base_msgs/share/base_msgs/hook/cmake_prefix_path.dsv'
[12.090s] INFO:colcon.colcon_core.shell:Creating environment hook '/home/abc/planning_with_ros2/install/base_msgs/share/base_msgs/hook/cmake_prefix_path.sh'
[12.091s] Level 1:colcon.colcon_core.environment:checking '/home/abc/planning_with_ros2/install/base_msgs/lib'
[12.091s] Level 1:colcon.colcon_core.shell:create_environment_hook('base_msgs', 'ld_library_path_lib')
[12.091s] INFO:colcon.colcon_core.shell:Creating environment hook '/home/abc/planning_with_ros2/install/base_msgs/share/base_msgs/hook/ld_library_path_lib.ps1'
[12.091s] INFO:colcon.colcon_core.shell:Creating environment descriptor '/home/abc/planning_with_ros2/install/base_msgs/share/base_msgs/hook/ld_library_path_lib.dsv'
[12.091s] INFO:colcon.colcon_core.shell:Creating environment hook '/home/abc/planning_with_ros2/install/base_msgs/share/base_msgs/hook/ld_library_path_lib.sh'
[12.092s] Level 1:colcon.colcon_core.environment:checking '/home/abc/planning_with_ros2/install/base_msgs/bin'
[12.092s] Level 1:colcon.colcon_core.environment:checking '/home/abc/planning_with_ros2/install/base_msgs/lib/pkgconfig/base_msgs.pc'
[12.092s] Level 1:colcon.colcon_core.environment:checking '/home/abc/planning_with_ros2/install/base_msgs/lib/python3.10/site-packages'
[12.092s] Level 1:colcon.colcon_core.environment:checking '/home/abc/planning_with_ros2/install/base_msgs/bin'
[12.093s] INFO:colcon.colcon_core.shell:Creating package script '/home/abc/planning_with_ros2/install/base_msgs/share/base_msgs/package.ps1'
[12.093s] INFO:colcon.colcon_core.shell:Creating package descriptor '/home/abc/planning_with_ros2/install/base_msgs/share/base_msgs/package.dsv'
[12.094s] INFO:colcon.colcon_core.shell:Creating package script '/home/abc/planning_with_ros2/install/base_msgs/share/base_msgs/package.sh'
[12.094s] INFO:colcon.colcon_core.shell:Creating package script '/home/abc/planning_with_ros2/install/base_msgs/share/base_msgs/package.bash'
[12.095s] INFO:colcon.colcon_core.shell:Creating package script '/home/abc/planning_with_ros2/install/base_msgs/share/base_msgs/package.zsh'
[12.095s] Level 1:colcon.colcon_core.environment:create_file_with_runtime_dependencies(/home/abc/planning_with_ros2/install/base_msgs/share/colcon-core/packages/base_msgs)
[12.095s] INFO:colcon.colcon_ros.task.ament_python.build:Building ROS package in '/home/abc/planning_with_ros2/src/data_plot' with build type 'ament_python'
[12.095s] Level 1:colcon.colcon_core.shell:create_environment_hook('data_plot', 'ament_prefix_path')
[12.096s] INFO:colcon.colcon_core.shell:Creating environment hook '/home/abc/planning_with_ros2/install/data_plot/share/data_plot/hook/ament_prefix_path.ps1'
[12.096s] INFO:colcon.colcon_core.shell:Creating environment descriptor '/home/abc/planning_with_ros2/install/data_plot/share/data_plot/hook/ament_prefix_path.dsv'
[12.096s] INFO:colcon.colcon_core.shell:Creating environment hook '/home/abc/planning_with_ros2/install/data_plot/share/data_plot/hook/ament_prefix_path.sh'
[12.097s] INFO:colcon.colcon_core.shell:Skip shell extension 'powershell' for command environment: Not usable outside of PowerShell
[12.097s] DEBUG:colcon.colcon_core.shell:Skip shell extension 'dsv' for command environment
[12.100s] INFO:colcon.colcon_ros.task.ament_cmake.build:Building ROS package in '/home/abc/planning_with_ros2/src/planning' with build type 'ament_cmake'
[12.100s] INFO:colcon.colcon_cmake.task.cmake.build:Building CMake package in '/home/abc/planning_with_ros2/src/planning'
[12.101s] INFO:colcon.colcon_core.shell:Skip shell extension 'powershell' for command environment: Not usable outside of PowerShell
[12.101s] DEBUG:colcon.colcon_core.shell:Skip shell extension 'dsv' for command environment
[12.367s] INFO:colcon.colcon_core.task.python.build:Building Python package in '/home/abc/planning_with_ros2/src/data_plot'
[12.367s] INFO:colcon.colcon_core.shell:Skip shell extension 'powershell' for command environment: Not usable outside of PowerShell
[12.367s] DEBUG:colcon.colcon_core.shell:Skip shell extension 'dsv' for command environment
[12.373s] DEBUG:colcon.colcon_core.event_handler.log_command:Invoking command in '/home/abc/planning_with_ros2/build/planning': CMAKE_PREFIX_PATH=/home/abc/planning_with_ros2/install/base_msgs:/home/abc/planning_with_ros2/install/planning:/home/abc/perception_with_ros2/install/perception:/home/abc/perception_with_ros2/install/base_msgs_per:/home/abc/planning_with_ros2/install/data_plot:/home/abc/perception_with_ros2/install/data_plot_per:/opt/ros/humble LD_LIBRARY_PATH=/home/abc/planning_with_ros2/install/base_msgs/lib:/usr/local/cuda-11.8/lib64:/home/abc/planning_with_ros2/install/planning/lib:/usr/local/cuda-11.8/lib64:/home/abc/planning_with_ros2/install/planning/lib:/home/abc/planning_with_ros2/install/planning/lib:/home/abc/perception_with_ros2/install/perception/lib:/home/abc/perception_with_ros2/install/base_msgs_per/lib:/usr/lib/x86_64-linux-gnu/gazebo-11/plugins:/opt/ros/humble/opt/rviz_ogre_vendor/lib:/opt/ros/humble/lib/x86_64-linux-gnu:/opt/ros/humble/lib:/home/abc/TensorRT-8.6/lib:/home/abc/TensorRT-8.6/lib /usr/local/bin/cmake /home/abc/planning_with_ros2/src/planning -DCMAKE_INSTALL_PREFIX=/home/abc/planning_with_ros2/install/planning
[12.713s] DEBUG:colcon.colcon_core.event_handler.log_command:Invoking command in '/home/abc/planning_with_ros2/src/data_plot': CMAKE_PREFIX_PATH=/home/abc/planning_with_ros2/install/base_msgs:/home/abc/planning_with_ros2/install/planning:/home/abc/perception_with_ros2/install/perception:/home/abc/perception_with_ros2/install/base_msgs_per LD_LIBRARY_PATH=/home/abc/planning_with_ros2/install/base_msgs/lib:/usr/local/cuda-11.8/lib64:/home/abc/planning_with_ros2/install/planning/lib:/usr/local/cuda-11.8/lib64:/home/abc/planning_with_ros2/install/planning/lib:/home/abc/planning_with_ros2/install/planning/lib:/home/abc/perception_with_ros2/install/perception/lib:/home/abc/perception_with_ros2/install/base_msgs_per/lib:/usr/lib/x86_64-linux-gnu/gazebo-11/plugins:/opt/ros/humble/opt/rviz_ogre_vendor/lib:/opt/ros/humble/lib/x86_64-linux-gnu:/opt/ros/humble/lib:/home/abc/TensorRT-8.6/lib:/home/abc/TensorRT-8.6/lib PYTHONPATH=/home/abc/planning_with_ros2/build/data_plot/prefix_override:/usr/lib/python3/dist-packages/colcon_core/task/python/colcon_distutils_commands:/home/abc/planning_with_ros2/install/data_plot/lib/python3.10/site-packages:${PYTHONPATH} /usr/bin/python3 -W ignore:setup.py install is deprecated -W ignore:easy_install command is deprecated setup.py egg_info --egg-base ../../build/data_plot build --build-base /home/abc/planning_with_ros2/build/data_plot/build install --record /home/abc/planning_with_ros2/build/data_plot/install.log --single-version-externally-managed install_data
[13.029s] Level 1:colcon.colcon_core.environment:checking '/home/abc/planning_with_ros2/install/data_plot' for CMake module files
[13.030s] DEBUG:colcon.colcon_core.event_handler.log_command:Invoked command in '/home/abc/planning_with_ros2/src/data_plot' returned '0': CMAKE_PREFIX_PATH=/home/abc/planning_with_ros2/install/base_msgs:/home/abc/planning_with_ros2/install/planning:/home/abc/perception_with_ros2/install/perception:/home/abc/perception_with_ros2/install/base_msgs_per LD_LIBRARY_PATH=/home/abc/planning_with_ros2/install/base_msgs/lib:/usr/local/cuda-11.8/lib64:/home/abc/planning_with_ros2/install/planning/lib:/usr/local/cuda-11.8/lib64:/home/abc/planning_with_ros2/install/planning/lib:/home/abc/planning_with_ros2/install/planning/lib:/home/abc/perception_with_ros2/install/perception/lib:/home/abc/perception_with_ros2/install/base_msgs_per/lib:/usr/lib/x86_64-linux-gnu/gazebo-11/plugins:/opt/ros/humble/opt/rviz_ogre_vendor/lib:/opt/ros/humble/lib/x86_64-linux-gnu:/opt/ros/humble/lib:/home/abc/TensorRT-8.6/lib:/home/abc/TensorRT-8.6/lib PYTHONPATH=/home/abc/planning_with_ros2/build/data_plot/prefix_override:/usr/lib/python3/dist-packages/colcon_core/task/python/colcon_distutils_commands:/home/abc/planning_with_ros2/install/data_plot/lib/python3.10/site-packages:${PYTHONPATH} /usr/bin/python3 -W ignore:setup.py install is deprecated -W ignore:easy_install command is deprecated setup.py egg_info --egg-base ../../build/data_plot build --build-base /home/abc/planning_with_ros2/build/data_plot/build install --record /home/abc/planning_with_ros2/build/data_plot/install.log --single-version-externally-managed install_data
[13.031s] Level 1:colcon.colcon_core.environment:checking '/home/abc/planning_with_ros2/install/data_plot' for CMake config files
[13.031s] Level 1:colcon.colcon_core.environment:checking '/home/abc/planning_with_ros2/install/data_plot/lib'
[13.031s] Level 1:colcon.colcon_core.environment:checking '/home/abc/planning_with_ros2/install/data_plot/bin'
[13.031s] Level 1:colcon.colcon_core.environment:checking '/home/abc/planning_with_ros2/install/data_plot/lib/pkgconfig/data_plot.pc'
[13.031s] Level 1:colcon.colcon_core.environment:checking '/home/abc/planning_with_ros2/install/data_plot/lib/python3.10/site-packages'
[13.031s] Level 1:colcon.colcon_core.shell:create_environment_hook('data_plot', 'pythonpath')
[13.032s] INFO:colcon.colcon_core.shell:Creating environment hook '/home/abc/planning_with_ros2/install/data_plot/share/data_plot/hook/pythonpath.ps1'
[13.032s] INFO:colcon.colcon_core.shell:Creating environment descriptor '/home/abc/planning_with_ros2/install/data_plot/share/data_plot/hook/pythonpath.dsv'
[13.032s] INFO:colcon.colcon_core.shell:Creating environment hook '/home/abc/planning_with_ros2/install/data_plot/share/data_plot/hook/pythonpath.sh'
[13.033s] Level 1:colcon.colcon_core.environment:checking '/home/abc/planning_with_ros2/install/data_plot/bin'
[13.033s] Level 1:colcon.colcon_core.environment:create_environment_scripts_only(data_plot)
[13.033s] INFO:colcon.colcon_core.shell:Creating package script '/home/abc/planning_with_ros2/install/data_plot/share/data_plot/package.ps1'
[13.034s] INFO:colcon.colcon_core.shell:Creating package descriptor '/home/abc/planning_with_ros2/install/data_plot/share/data_plot/package.dsv'
[13.034s] INFO:colcon.colcon_core.shell:Creating package script '/home/abc/planning_with_ros2/install/data_plot/share/data_plot/package.sh'
[13.034s] INFO:colcon.colcon_core.shell:Creating package script '/home/abc/planning_with_ros2/install/data_plot/share/data_plot/package.bash'
[13.035s] INFO:colcon.colcon_core.shell:Creating package script '/home/abc/planning_with_ros2/install/data_plot/share/data_plot/package.zsh'
[13.035s] Level 1:colcon.colcon_core.environment:create_file_with_runtime_dependencies(/home/abc/planning_with_ros2/install/data_plot/share/colcon-core/packages/data_plot)
[13.922s] DEBUG:colcon.colcon_core.event_handler.log_command:Invoked command in '/home/abc/planning_with_ros2/build/planning' returned '0': CMAKE_PREFIX_PATH=/home/abc/planning_with_ros2/install/base_msgs:/home/abc/planning_with_ros2/install/planning:/home/abc/perception_with_ros2/install/perception:/home/abc/perception_with_ros2/install/base_msgs_per:/home/abc/planning_with_ros2/install/data_plot:/home/abc/perception_with_ros2/install/data_plot_per:/opt/ros/humble LD_LIBRARY_PATH=/home/abc/planning_with_ros2/install/base_msgs/lib:/usr/local/cuda-11.8/lib64:/home/abc/planning_with_ros2/install/planning/lib:/usr/local/cuda-11.8/lib64:/home/abc/planning_with_ros2/install/planning/lib:/home/abc/planning_with_ros2/install/planning/lib:/home/abc/perception_with_ros2/install/perception/lib:/home/abc/perception_with_ros2/install/base_msgs_per/lib:/usr/lib/x86_64-linux-gnu/gazebo-11/plugins:/opt/ros/humble/opt/rviz_ogre_vendor/lib:/opt/ros/humble/lib/x86_64-linux-gnu:/opt/ros/humble/lib:/home/abc/TensorRT-8.6/lib:/home/abc/TensorRT-8.6/lib /usr/local/bin/cmake /home/abc/planning_with_ros2/src/planning -DCMAKE_INSTALL_PREFIX=/home/abc/planning_with_ros2/install/planning
[13.923s] DEBUG:colcon.colcon_core.event_handler.log_command:Invoking command in '/home/abc/planning_with_ros2/build/planning': CMAKE_PREFIX_PATH=/home/abc/planning_with_ros2/install/base_msgs:/home/abc/planning_with_ros2/install/planning:/home/abc/perception_with_ros2/install/perception:/home/abc/perception_with_ros2/install/base_msgs_per:/home/abc/planning_with_ros2/install/data_plot:/home/abc/perception_with_ros2/install/data_plot_per:/opt/ros/humble LD_LIBRARY_PATH=/home/abc/planning_with_ros2/install/base_msgs/lib:/usr/local/cuda-11.8/lib64:/home/abc/planning_with_ros2/install/planning/lib:/usr/local/cuda-11.8/lib64:/home/abc/planning_with_ros2/install/planning/lib:/home/abc/planning_with_ros2/install/planning/lib:/home/abc/perception_with_ros2/install/perception/lib:/home/abc/perception_with_ros2/install/base_msgs_per/lib:/usr/lib/x86_64-linux-gnu/gazebo-11/plugins:/opt/ros/humble/opt/rviz_ogre_vendor/lib:/opt/ros/humble/lib/x86_64-linux-gnu:/opt/ros/humble/lib:/home/abc/TensorRT-8.6/lib:/home/abc/TensorRT-8.6/lib /usr/local/bin/cmake --build /home/abc/planning_with_ros2/build/planning -- -j12 -l12
[39.100s] DEBUG:colcon.colcon_core.event_handler.log_command:Invoked command in '/home/abc/planning_with_ros2/build/planning' returned '2': CMAKE_PREFIX_PATH=/home/abc/planning_with_ros2/install/base_msgs:/home/abc/planning_with_ros2/install/planning:/home/abc/perception_with_ros2/install/perception:/home/abc/perception_with_ros2/install/base_msgs_per:/home/abc/planning_with_ros2/install/data_plot:/home/abc/perception_with_ros2/install/data_plot_per:/opt/ros/humble LD_LIBRARY_PATH=/home/abc/planning_with_ros2/install/base_msgs/lib:/usr/local/cuda-11.8/lib64:/home/abc/planning_with_ros2/install/planning/lib:/usr/local/cuda-11.8/lib64:/home/abc/planning_with_ros2/install/planning/lib:/home/abc/planning_with_ros2/install/planning/lib:/home/abc/perception_with_ros2/install/perception/lib:/home/abc/perception_with_ros2/install/base_msgs_per/lib:/usr/lib/x86_64-linux-gnu/gazebo-11/plugins:/opt/ros/humble/opt/rviz_ogre_vendor/lib:/opt/ros/humble/lib/x86_64-linux-gnu:/opt/ros/humble/lib:/home/abc/TensorRT-8.6/lib:/home/abc/TensorRT-8.6/lib /usr/local/bin/cmake --build /home/abc/planning_with_ros2/build/planning -- -j12 -l12
[39.100s] Level 1:colcon.colcon_core.environment:create_environment_scripts_only(planning)
[39.100s] Level 1:colcon.colcon_core.environment:checking '/home/abc/planning_with_ros2/install/planning' for CMake module files
[39.101s] Level 1:colcon.colcon_core.environment:checking '/home/abc/planning_with_ros2/install/planning' for CMake config files
[39.101s] Level 1:colcon.colcon_core.environment:checking '/home/abc/planning_with_ros2/install/planning/bin'
[39.101s] Level 1:colcon.colcon_core.environment:checking '/home/abc/planning_with_ros2/install/planning/lib/pkgconfig/planning.pc'
[39.101s] Level 1:colcon.colcon_core.environment:checking '/home/abc/planning_with_ros2/install/planning/lib/python3.10/site-packages'
[39.102s] Level 1:colcon.colcon_core.environment:checking '/home/abc/planning_with_ros2/install/planning/bin'
[39.102s] INFO:colcon.colcon_core.shell:Creating package script '/home/abc/planning_with_ros2/install/planning/share/planning/package.ps1'
[39.103s] INFO:colcon.colcon_core.shell:Creating package descriptor '/home/abc/planning_with_ros2/install/planning/share/planning/package.dsv'
[39.103s] INFO:colcon.colcon_core.shell:Creating package script '/home/abc/planning_with_ros2/install/planning/share/planning/package.sh'
[39.103s] INFO:colcon.colcon_core.shell:Creating package script '/home/abc/planning_with_ros2/install/planning/share/planning/package.bash'
[39.104s] INFO:colcon.colcon_core.shell:Creating package script '/home/abc/planning_with_ros2/install/planning/share/planning/package.zsh'
[39.104s] Level 1:colcon.colcon_core.environment:create_file_with_runtime_dependencies(/home/abc/planning_with_ros2/install/planning/share/colcon-core/packages/planning)
[39.115s] DEBUG:colcon.colcon_parallel_executor.executor.parallel:closing loop
[39.115s] DEBUG:colcon.colcon_parallel_executor.executor.parallel:loop closed
[39.115s] DEBUG:colcon.colcon_parallel_executor.executor.parallel:run_until_complete finished with '2'
[39.115s] DEBUG:colcon.colcon_core.event_reactor:joining thread
[39.120s] INFO:colcon.colcon_core.plugin_system:Skipping extension 'colcon_notification.desktop_notification.terminal_notifier': Not used on non-Darwin systems
[39.120s] INFO:colcon.colcon_core.plugin_system:Skipping extension 'colcon_notification.desktop_notification.win32': Not used on non-Windows systems
[39.120s] INFO:colcon.colcon_notification.desktop_notification:Sending desktop notification using 'notify2'
[39.130s] DEBUG:colcon.colcon_core.event_reactor:joined thread
[39.130s] INFO:colcon.colcon_core.shell:Creating prefix script '/home/abc/planning_with_ros2/install/local_setup.ps1'
[39.131s] INFO:colcon.colcon_core.shell:Creating prefix util module '/home/abc/planning_with_ros2/install/_local_setup_util_ps1.py'
[39.133s] INFO:colcon.colcon_core.shell:Creating prefix chain script '/home/abc/planning_with_ros2/install/setup.ps1'
[39.134s] INFO:colcon.colcon_core.shell:Creating prefix script '/home/abc/planning_with_ros2/install/local_setup.sh'
[39.135s] INFO:colcon.colcon_core.shell:Creating prefix util module '/home/abc/planning_with_ros2/install/_local_setup_util_sh.py'
[39.135s] INFO:colcon.colcon_core.shell:Creating prefix chain script '/home/abc/planning_with_ros2/install/setup.sh'
[39.136s] INFO:colcon.colcon_core.shell:Creating prefix script '/home/abc/planning_with_ros2/install/local_setup.bash'
[39.137s] INFO:colcon.colcon_core.shell:Creating prefix chain script '/home/abc/planning_with_ros2/install/setup.bash'
[39.138s] INFO:colcon.colcon_core.shell:Creating prefix script '/home/abc/planning_with_ros2/install/local_setup.zsh'
[39.138s] INFO:colcon.colcon_core.shell:Creating prefix chain script '/home/abc/planning_with_ros2/install/setup.zsh'
