[0.282s] Invoking command in '/home/abc/planning_with_ros2/build/planning': CMAKE_PREFIX_PATH=/home/abc/planning_with_ros2/install/base_msgs:/home/abc/planning_with_ros2/install/planning:/home/abc/planning_with_ros2/install/data_plot:/opt/ros/humble LD_LIBRARY_PATH=/home/abc/planning_with_ros2/install/base_msgs/lib:/home/abc/planning_with_ros2/install/planning/lib:/home/abc/planning_with_ros2/install/planning/lib:/home/abc/planning_with_ros2/install/planning/lib:/usr/lib/x86_64-linux-gnu/gazebo-11/plugins:/opt/ros/humble/opt/rviz_ogre_vendor/lib:/opt/ros/humble/lib/x86_64-linux-gnu:/opt/ros/humble/lib /usr/local/bin/cmake --build /home/abc/planning_with_ros2/build/planning -- -j12 -l12
[0.308s] [  5%] Built target config_reader
[0.311s] [ 14%] Built target mathlibs
[0.324s] [ 20%] Built target global_planner
[0.324s] [ 28%] Built target pnc_map_creator
[0.328s] [ 37%] Built target vehicle_info
[0.338s] [ 45%] Built target reference_line
[0.341s] [ 51%] Built target pnc_map_server
[0.341s] [ 57%] Built target global_path_server
[0.343s] [ 62%] Built target decision_center
[0.346s] [ 68%] Built target obs_move_cmd
[0.348s] [ 74%] Built target car_move_cmd
[0.366s] [ 91%] Built target local_planner
[0.395s] [ 94%] [32mBuilding CXX object src/planning_process/CMakeFiles/planning_process.dir/planning_process.cpp.o[0m
[14.019s] [ 97%] [32m[1mLinking CXX executable planning_process[0m
[14.730s] [100%] Built target planning_process
[14.735s] Invoked command in '/home/abc/planning_with_ros2/build/planning' returned '0': CMAKE_PREFIX_PATH=/home/abc/planning_with_ros2/install/base_msgs:/home/abc/planning_with_ros2/install/planning:/home/abc/planning_with_ros2/install/data_plot:/opt/ros/humble LD_LIBRARY_PATH=/home/abc/planning_with_ros2/install/base_msgs/lib:/home/abc/planning_with_ros2/install/planning/lib:/home/abc/planning_with_ros2/install/planning/lib:/home/abc/planning_with_ros2/install/planning/lib:/usr/lib/x86_64-linux-gnu/gazebo-11/plugins:/opt/ros/humble/opt/rviz_ogre_vendor/lib:/opt/ros/humble/lib/x86_64-linux-gnu:/opt/ros/humble/lib /usr/local/bin/cmake --build /home/abc/planning_with_ros2/build/planning -- -j12 -l12
[14.737s] Invoking command in '/home/abc/planning_with_ros2/build/planning': CMAKE_PREFIX_PATH=/home/abc/planning_with_ros2/install/base_msgs:/home/abc/planning_with_ros2/install/planning:/home/abc/planning_with_ros2/install/data_plot:/opt/ros/humble LD_LIBRARY_PATH=/home/abc/planning_with_ros2/install/base_msgs/lib:/home/abc/planning_with_ros2/install/planning/lib:/home/abc/planning_with_ros2/install/planning/lib:/home/abc/planning_with_ros2/install/planning/lib:/usr/lib/x86_64-linux-gnu/gazebo-11/plugins:/opt/ros/humble/opt/rviz_ogre_vendor/lib:/opt/ros/humble/lib/x86_64-linux-gnu:/opt/ros/humble/lib /usr/local/bin/cmake --install /home/abc/planning_with_ros2/build/planning
[14.738s] -- Install configuration: ""
[14.739s] -- Up-to-date: /home/abc/planning_with_ros2/install/planning/lib/libconfig_reader.so
[14.739s] -- Up-to-date: /home/abc/planning_with_ros2/install/planning/lib/libmathlibs.so
[14.740s] -- Up-to-date: /home/abc/planning_with_ros2/install/planning/lib/libdecision_center.so
[14.740s] -- Up-to-date: /home/abc/planning_with_ros2/install/planning/lib/libpnc_map_creator.so
[14.740s] -- Up-to-date: /home/abc/planning_with_ros2/install/planning/lib/planning/pnc_map_server
[14.741s] -- Up-to-date: /home/abc/planning_with_ros2/install/planning/lib/libglobal_planner.so
[14.741s] -- Up-to-date: /home/abc/planning_with_ros2/install/planning/lib/planning/global_path_server
[14.741s] -- Up-to-date: /home/abc/planning_with_ros2/install/planning/lib/liblocal_planner.so
[14.742s] -- Up-to-date: /home/abc/planning_with_ros2/install/planning/lib/libreference_line.so
[14.742s] -- Up-to-date: /home/abc/planning_with_ros2/install/planning/lib/libvehicle_info.so
[14.743s] -- Installing: /home/abc/planning_with_ros2/install/planning/lib/planning/planning_process
[14.747s] -- Set non-toolchain portion of runtime path of "/home/abc/planning_with_ros2/install/planning/lib/planning/planning_process" to ""
[14.748s] -- Up-to-date: /home/abc/planning_with_ros2/install/planning/lib/planning/car_move_cmd
[14.748s] -- Up-to-date: /home/abc/planning_with_ros2/install/planning/lib/planning/obs_move_cmd
[14.748s] -- Up-to-date: /home/abc/planning_with_ros2/install/planning/share/planning/config
[14.748s] -- Up-to-date: /home/abc/planning_with_ros2/install/planning/share/planning/config/planning_static_obs_config.yaml
[14.748s] -- Up-to-date: /home/abc/planning_with_ros2/install/planning/share/planning/launch
[14.748s] -- Up-to-date: /home/abc/planning_with_ros2/install/planning/share/planning/launch/planning_launch.py
[14.749s] -- Up-to-date: /home/abc/planning_with_ros2/install/planning/share/planning/urdf
[14.749s] -- Up-to-date: /home/abc/planning_with_ros2/install/planning/share/planning/urdf/main_car
[14.749s] -- Up-to-date: /home/abc/planning_with_ros2/install/planning/share/planning/urdf/main_car/car_camera.xacro
[14.749s] -- Up-to-date: /home/abc/planning_with_ros2/install/planning/share/planning/urdf/main_car/car_base.xacro
[14.749s] -- Up-to-date: /home/abc/planning_with_ros2/install/planning/share/planning/urdf/main_car/car_radar.xacro
[14.749s] -- Up-to-date: /home/abc/planning_with_ros2/install/planning/share/planning/urdf/main_car/car.xacro
[14.749s] -- Up-to-date: /home/abc/planning_with_ros2/install/planning/share/planning/urdf/main_car/car_wheels.xacro
[14.749s] -- Up-to-date: /home/abc/planning_with_ros2/install/planning/share/planning/urdf/obs_car
[14.749s] -- Up-to-date: /home/abc/planning_with_ros2/install/planning/share/planning/rviz
[14.749s] -- Up-to-date: /home/abc/planning_with_ros2/install/planning/share/planning/rviz/planning.rviz
[14.750s] -- Up-to-date: /home/abc/planning_with_ros2/install/planning/share/ament_index/resource_index/package_run_dependencies/planning
[14.750s] -- Up-to-date: /home/abc/planning_with_ros2/install/planning/share/ament_index/resource_index/parent_prefix_path/planning
[14.750s] -- Up-to-date: /home/abc/planning_with_ros2/install/planning/share/planning/environment/ament_prefix_path.sh
[14.750s] -- Up-to-date: /home/abc/planning_with_ros2/install/planning/share/planning/environment/ament_prefix_path.dsv
[14.750s] -- Up-to-date: /home/abc/planning_with_ros2/install/planning/share/planning/environment/path.sh
[14.750s] -- Up-to-date: /home/abc/planning_with_ros2/install/planning/share/planning/environment/path.dsv
[14.750s] -- Up-to-date: /home/abc/planning_with_ros2/install/planning/share/planning/local_setup.bash
[14.750s] -- Up-to-date: /home/abc/planning_with_ros2/install/planning/share/planning/local_setup.sh
[14.750s] -- Up-to-date: /home/abc/planning_with_ros2/install/planning/share/planning/local_setup.zsh
[14.750s] -- Up-to-date: /home/abc/planning_with_ros2/install/planning/share/planning/local_setup.dsv
[14.750s] -- Installing: /home/abc/planning_with_ros2/install/planning/share/planning/package.dsv
[14.750s] -- Up-to-date: /home/abc/planning_with_ros2/install/planning/share/ament_index/resource_index/packages/planning
[14.751s] -- Up-to-date: /home/abc/planning_with_ros2/install/planning/share/planning/cmake/planningConfig.cmake
[14.751s] -- Up-to-date: /home/abc/planning_with_ros2/install/planning/share/planning/cmake/planningConfig-version.cmake
[14.751s] -- Up-to-date: /home/abc/planning_with_ros2/install/planning/share/planning/package.xml
[14.752s] Invoked command in '/home/abc/planning_with_ros2/build/planning' returned '0': CMAKE_PREFIX_PATH=/home/abc/planning_with_ros2/install/base_msgs:/home/abc/planning_with_ros2/install/planning:/home/abc/planning_with_ros2/install/data_plot:/opt/ros/humble LD_LIBRARY_PATH=/home/abc/planning_with_ros2/install/base_msgs/lib:/home/abc/planning_with_ros2/install/planning/lib:/home/abc/planning_with_ros2/install/planning/lib:/home/abc/planning_with_ros2/install/planning/lib:/usr/lib/x86_64-linux-gnu/gazebo-11/plugins:/opt/ros/humble/opt/rviz_ogre_vendor/lib:/opt/ros/humble/lib/x86_64-linux-gnu:/opt/ros/humble/lib /usr/local/bin/cmake --install /home/abc/planning_with_ros2/build/planning
