[0.642s] Invoking command in '/home/abc/planning_with_ros2/src/data_plot': CMAKE_PREFIX_PATH=/home/abc/planning_with_ros2/install/base_msgs:/home/abc/planning_with_ros2/install/planning PYTHONPATH=/home/abc/planning_with_ros2/build/data_plot/prefix_override:/usr/lib/python3/dist-packages/colcon_core/task/python/colcon_distutils_commands:/home/abc/planning_with_ros2/install/data_plot/lib/python3.10/site-packages:${PYTHONPATH} /usr/bin/python3 -W ignore:setup.py install is deprecated -W ignore:easy_install command is deprecated setup.py egg_info --egg-base ../../build/data_plot build --build-base /home/abc/planning_with_ros2/build/data_plot/build install --record /home/abc/planning_with_ros2/build/data_plot/install.log --single-version-externally-managed install_data
[0.873s] running egg_info
[0.874s] writing ../../build/data_plot/data_plot.egg-info/PKG-INFO
[0.874s] writing dependency_links to ../../build/data_plot/data_plot.egg-info/dependency_links.txt
[0.874s] writing entry points to ../../build/data_plot/data_plot.egg-info/entry_points.txt
[0.875s] writing requirements to ../../build/data_plot/data_plot.egg-info/requires.txt
[0.875s] writing top-level names to ../../build/data_plot/data_plot.egg-info/top_level.txt
[0.877s] reading manifest file '../../build/data_plot/data_plot.egg-info/SOURCES.txt'
[0.878s] writing manifest file '../../build/data_plot/data_plot.egg-info/SOURCES.txt'
[0.878s] running build
[0.878s] running build_py
[0.878s] running install
[0.879s] running install_lib
[0.881s] running install_data
[0.881s] running install_egg_info
[0.882s] removing '/home/abc/planning_with_ros2/install/data_plot/lib/python3.10/site-packages/data_plot-0.0.0-py3.10.egg-info' (and everything under it)
[0.883s] Copying ../../build/data_plot/data_plot.egg-info to /home/abc/planning_with_ros2/install/data_plot/lib/python3.10/site-packages/data_plot-0.0.0-py3.10.egg-info
[0.884s] running install_scripts
[0.904s] Installing data_plot script to /home/abc/planning_with_ros2/install/data_plot/lib/data_plot
[0.905s] writing list of installed files to '/home/abc/planning_with_ros2/build/data_plot/install.log'
[0.936s] Invoked command in '/home/abc/planning_with_ros2/src/data_plot' returned '0': CMAKE_PREFIX_PATH=/home/abc/planning_with_ros2/install/base_msgs:/home/abc/planning_with_ros2/install/planning PYTHONPATH=/home/abc/planning_with_ros2/build/data_plot/prefix_override:/usr/lib/python3/dist-packages/colcon_core/task/python/colcon_distutils_commands:/home/abc/planning_with_ros2/install/data_plot/lib/python3.10/site-packages:${PYTHONPATH} /usr/bin/python3 -W ignore:setup.py install is deprecated -W ignore:easy_install command is deprecated setup.py egg_info --egg-base ../../build/data_plot build --build-base /home/abc/planning_with_ros2/build/data_plot/build install --record /home/abc/planning_with_ros2/build/data_plot/install.log --single-version-externally-managed install_data
