[ 33%] [32mBuilding CXX object src/planning_process/CMakeFiles/planning_node.dir/planning_node.cpp.o[0m
[ 66%] [32mBuilding CXX object src/planning_process/CMakeFiles/planning_node.dir/planning_process.cpp.o[0m
[100%] [32m[1mLinking CXX executable planning_node[0m
[100%] Built target planning_node
-- Install configuration: ""
-- Installing: /home/abc/planning_with_ros2/install/planning/lib/planning/planning_node
-- Set non-toolchain portion of runtime path of "/home/abc/planning_with_ros2/install/planning/lib/planning/planning_node" to ""
-- Up-to-date: /home/abc/planning_with_ros2/install/planning/share/planning/config
-- Up-to-date: /home/abc/planning_with_ros2/install/planning/share/planning/launch
-- Up-to-date: /home/abc/planning_with_ros2/install/planning/share/planning/urdf
-- Up-to-date: /home/abc/planning_with_ros2/install/planning/share/planning/urdf/main_car
-- Up-to-date: /home/abc/planning_with_ros2/install/planning/share/planning/urdf/obs_car
-- Up-to-date: /home/abc/planning_with_ros2/install/planning/share/planning/rviz
-- Up-to-date: /home/abc/planning_with_ros2/install/planning/share/ament_index/resource_index/package_run_dependencies/planning
-- Up-to-date: /home/abc/planning_with_ros2/install/planning/share/ament_index/resource_index/parent_prefix_path/planning
-- Up-to-date: /home/abc/planning_with_ros2/install/planning/share/planning/environment/ament_prefix_path.sh
-- Up-to-date: /home/abc/planning_with_ros2/install/planning/share/planning/environment/ament_prefix_path.dsv
-- Up-to-date: /home/abc/planning_with_ros2/install/planning/share/planning/environment/path.sh
-- Up-to-date: /home/abc/planning_with_ros2/install/planning/share/planning/environment/path.dsv
-- Up-to-date: /home/abc/planning_with_ros2/install/planning/share/planning/local_setup.bash
-- Up-to-date: /home/abc/planning_with_ros2/install/planning/share/planning/local_setup.sh
-- Up-to-date: /home/abc/planning_with_ros2/install/planning/share/planning/local_setup.zsh
-- Up-to-date: /home/abc/planning_with_ros2/install/planning/share/planning/local_setup.dsv
-- Installing: /home/abc/planning_with_ros2/install/planning/share/planning/package.dsv
-- Up-to-date: /home/abc/planning_with_ros2/install/planning/share/ament_index/resource_index/packages/planning
-- Up-to-date: /home/abc/planning_with_ros2/install/planning/share/planning/cmake/planningConfig.cmake
-- Up-to-date: /home/abc/planning_with_ros2/install/planning/share/planning/cmake/planningConfig-version.cmake
-- Up-to-date: /home/abc/planning_with_ros2/install/planning/share/planning/package.xml
